/users/Xuran/hash_rt/build/hash_rt --num_threads=16 --str_key_size=8 --str_value_size=100 --num_ops=1000000 --first_mode=true --work_usec=0
Harness starting.
 /users/Xuran/hash_rt/build/hash_rt --num_threads=16 --str_key_size=8 --str_value_size=100 --num_ops=1000000 --first_mode=true --work_usec=0 --seed 3188425752
Init time:881879009
scheduler_cores: 8
Adding work to queue: nuzqftd
Adding work to queue: nzavfng
Adding work to queue: gioddyb
Adding work to queue: rqbncij
Adding work to queue: dhydacm
Adding work to queue: nrxiwmz
Adding work to queue: wuuonwc
Adding work to queue: rklghik
Adding work to queue: yhuaiob
Adding work to queue: tnvlshf
Adding work to queue: wiqkidi
Adding work to queue: xgpreoz
Adding work to queue: mtlisdp
Adding work to queue: ghrucjd
Adding work to queue: ejuafhp
Adding work to queue: mbddrfb
Adding work to queue: bmnhefb
Adding work to queue: iazrpfn
Adding work to queue: fkefmyf
Adding work to queue: kfixrpr
Adding work to queue: rhvzydy
Processing batch, queue size: 21
Adding work to queue: nwxwmpk
Adding work to queue: epcddkj
Adding work to queue: cbejhyh
Adding work to queue: nfdaxmg
Adding work to queue: zxsmnnb
Adding work to queue: gaxpojp
Adding work to queue: nntbnjd
Adding work to queue: ammgjld
Adding work to queue: iufrimw
Adding work to queue: hxpgpeq
Adding work to queue: hiwqrrq
Adding work to queue: tcwplvw
Adding work to queue: tgseemz
Adding work to queue: adymkct
Adding work to queue: ayemoko
Adding work to queue: noouogi
Adding work to queue: awiwrqy
Adding work to queue: ddeyckq
Adding work to queue: tlquawf
Adding work to queue: recfbkh
Adding work to queue: lwigtbo
Processing batch, queue size: 21
Adding work to queue: buyxssi
Adding work to queue: jmuhysu
Adding work to queue: dguvdrc
Adding work to queue: qjljzme
Adding work to queue: auwnbpn
Adding work to queue: limqtpp
Adding work to queue: dqxzzzo
Processing batch, queue size: 7
Adding work to queue: tbfudrw
Adding work to queue: thqbkbg
Processing batch, queue size: 2
Adding work to queue: phfarhv
Processing batch, queue size: 1
Adding work to queue: xbzpnjp
Adding work to queue: ijnfejh
Adding work to queue: pyagidu
Adding work to queue: zbxxtbd
Adding work to queue: cuersbs
Adding work to queue: jtaurvg
Adding work to queue: htbskxd
Adding work to queue: qhirhrw
Adding work to queue: ohpljma
Processing batch, queue size: 9
Adding work to queue: ptscpav
Adding work to queue: qujlldr
Adding work to queue: apbhywn
Adding work to queue: rxtzuvg
Adding work to queue: xzjilqa
Adding work to queue: rxbqjjn
Adding work to queue: agmyvlp
Adding work to queue: ofytkns
Adding work to queue: yxhnrck
Adding work to queue: rfvztug
Adding work to queue: nkyxgvs
Processing batch, queue size: 11
Adding work to queue: qkkgcgf
Adding work to queue: bjsdwgr
Adding work to queue: rgpjscy
Adding work to queue: pddgnmh
Processing batch, queue size: 4
Adding work to queue: kxxkvnx
Processing batch, queue size: 1
Adding work to queue: imqewvl
Adding work to queue: zfgorux
Adding work to queue: kcfejjj
Adding work to queue: ivfctxe
Adding work to queue: hmtcgyo
Adding work to queue: xvehmud
Adding work to queue: drzdgfw
Adding work to queue: megmcre
Adding work to queue: doteixd
Adding work to queue: oxjizoe
Adding work to queue: agdwzjr
Adding work to queue: ltxdepp
Adding work to queue: ckrgmrd
Adding work to queue: cpvppoc
Adding work to queue: ryndeld
Adding work to queue: rfbulnj
Adding work to queue: czqchpu
Adding work to queue: qoiokpv
Adding work to queue: emgxijs
Adding work to queue: xgmxtzh
Adding work to queue: czewhku
Adding work to queue: zyjuugx
Adding work to queue: bqnetjr
Adding work to queue: kumtkon
Adding work to queue: vbozply
Processing batch, queue size: 25
Adding work to queue: gkmlvee
Adding work to queue: eknviqf
Adding work to queue: lvauhhs
Adding work to queue: uuofweb
Adding work to queue: rsfszti
Adding work to queue: gudtbsc
Adding work to queue: isgghra
Adding work to queue: zmuhnxh
Adding work to queue: ydmuayi
Adding work to queue: rvlicza
Adding work to queue: kirjiui
Adding work to queue: oirqyci
Adding work to queue: gwogqmy
Adding work to queue: puygwph
Adding work to queue: vzwldvn
Adding work to queue: evwnjsj
Adding work to queue: awgrbwy
Adding work to queue: vuybhoo
Adding work to queue: aiwoxln
Adding work to queue: xxrurxw
Adding work to queue: vnldofw
Adding work to queue: aijcflv
Adding work to queue: dlugrxe
Adding work to queue: ezwayek
Adding work to queue: ilugjvo
Adding work to queue: vdgprlw
Adding work to queue: cxebxtx
Adding work to queue: ivodvrf
Processing batch, queue size: 28
Adding work to queue: zwfnlxm
Adding work to queue: ggsqtuw
Adding work to queue: ltwclxm
Adding work to queue: ztymihw
Adding work to queue: ifwvqxx
Adding work to queue: equhnrw
Adding work to queue: wlzlgnk
Adding work to queue: bbdnkgx
Adding work to queue: qvgfjci
Adding work to queue: pfcpqbj
Adding work to queue: typndwx
Adding work to queue: gyxbzqn
Adding work to queue: uuhaqmm
Adding work to queue: jmqfjnz
Adding work to queue: stxtxfr
Adding work to queue: cvrerio
Adding work to queue: ifdsaij
Adding work to queue: eulhyki
Adding work to queue: nzwprii
Adding work to queue: lgsbqug
Adding work to queue: bpglbpv
Adding work to queue: jdgyiev
Adding work to queue: myvhayq
Adding work to queue: opwbuib
Adding work to queue: uxuudvy
Adding work to queue: zushbsa
Adding work to queue: rzfdxqf
Adding work to queue: lzwggnf
Adding work to queue: nzijfjc
Adding work to queue: fqueswz
Adding work to queue: ozypbge
Adding work to queue: eqgjory
Adding work to queue: dlgxlna
Adding work to queue: wwdrnzl
Adding work to queue: mttseol
Adding work to queue: gebybni
Adding work to queue: snorwpm
Adding work to queue: hshqntu
Adding work to queue: mptgurr
Adding work to queue: qrywrfm
Adding work to queue: bbkqcbb
Adding work to queue: xgudclj
Adding work to queue: tknqpbf
Adding work to queue: mmhbnvm
Adding work to queue: htsersl
Adding work to queue: margpmm
Adding work to queue: hhjzrtx
Adding work to queue: bjtmfrf
Adding work to queue: kpvgwaq
Adding work to queue: bvyfdof
Adding work to queue: suyghkn
Processing batch, queue size: 51
Adding work to queue: oqlsary
Adding work to queue: sszfmbe
Adding work to queue: pxqtnqd
Adding work to queue: qltwrrx
Adding work to queue: efdwmsw
Adding work to queue: vgtjnrp
Adding work to queue: rekdjfy
Adding work to queue: pefxcsp
Adding work to queue: vaqpbrj
Adding work to queue: ahvcotv
Adding work to queue: ppcfvbs
Processing batch, queue size: 30
Adding work to queue: dyeiudp
Adding work to queue: qhomkwu
Adding work to queue: kiayqfx
Adding work to queue: wkjkuao
Adding work to queue: fpadxiq
Adding work to queue: tnvejqh
Adding work to queue: djjrlkc
Adding work to queue: vwjfrrf
Adding work to queue: gophvji
Adding work to queue: serzncm
Adding work to queue: qanaphe
Adding work to queue: xlgkszo
Adding work to queue: yagxnoy
Adding work to queue: pocdlyb
Adding work to queue: udewclw
Adding work to queue: cmocvmy
Adding work to queue: ngtquzo
Processing batch, queue size: 17
Adding work to queue: ldtkigy
Adding work to queue: jpmsfed
Adding work to queue: mbywdbn
Adding work to queue: eqkagta
Adding work to queue: uyytorw
Adding work to queue: vaaanii
Adding work to queue: nwrulqz
Processing batch, queue size: 7
Adding work to queue: kpjneki
Adding work to queue: rwurdxy
Adding work to queue: wbuvmuo
Processing batch, queue size: 3
Adding work to queue: shnaqyl
Adding work to queue: ykoogzk
Adding work to queue: xgfqxvf
Adding work to queue: sqpgsbg
Adding work to queue: psrhuzz
Adding work to queue: iyvzyou
Adding work to queue: cpbljab
Adding work to queue: xcdmsrf
Adding work to queue: htrxwnz
Adding work to queue: bkdgwit
Adding work to queue: mwhyknt
Adding work to queue: nuykkde
Adding work to queue: bvulfpa
Adding work to queue: cjttzuj
Adding work to queue: axzkpbk
Adding work to queue: rejdfmi
Adding work to queue: plyyagk
Adding work to queue: jrlanlj
Adding work to queue: rdmthzu
Adding work to queue: cemoeix
Adding work to queue: plowowu
Adding work to queue: wckhyvd
Adding work to queue: bcnhyhm
Adding work to queue: yatxbxn
Adding work to queue: boolhna
Adding work to queue: dgslvot
Adding work to queue: jvgbnlg
Processing batch, queue size: 27
Adding work to queue: rpgavly
Adding work to queue: mykleht
Adding work to queue: cwfauhw
Adding work to queue: exaewwu
Adding work to queue: ekwqfvw
Adding work to queue: ebddgsd
Adding work to queue: vzobybt
Adding work to queue: neoolfk
Adding work to queue: updyyqt
Adding work to queue: yrpqbwl
Adding work to queue: vcxiupc
Processing batch, queue size: 11
Adding work to queue: pvbpulp
Adding work to queue: trtsykf
Adding work to queue: nkahzju
Adding work to queue: zbquhpz
Adding work to queue: mvsoiom
Processing batch, queue size: 5
Adding work to queue: qwcloep
Adding work to queue: fcbcpzj
Adding work to queue: avcbpmf
Processing batch, queue size: 3
Adding work to queue: jywgtjw
Processing batch, queue size: 1
Adding work to queue: vpuamby
Adding work to queue: eovrsqo
Adding work to queue: xtyvouu
Adding work to queue: ynikacw
Adding work to queue: chffegl
Adding work to queue: ndipmmq
Adding work to queue: aywdzcq
Adding work to queue: edefodr
Adding work to queue: nsbutkx
Adding work to queue: boclykt
Adding work to queue: mvatkfz
Adding work to queue: ivbeaqr
Adding work to queue: uwmpbtd
Adding work to queue: eefpmwq
Adding work to queue: dpgbzbb
Adding work to queue: diafzss
Adding work to queue: oatcyqx
Adding work to queue: hjwgsgb
Adding work to queue: eijsgxp
Adding work to queue: yiuumyd
Adding work to queue: rfnxzuw
Adding work to queue: wnfrgos
Adding work to queue: gbgdpdz
Adding work to queue: gawddpb
Adding work to queue: gtyfffo
Adding work to queue: qoqpgqu
Adding work to queue: susydcd
Adding work to queue: ejumhky
Adding work to queue: gilgxmt
Processing batch, queue size: 29
Adding work to queue: jffccbj
Adding work to queue: jjetibp
Adding work to queue: sroltof
Adding work to queue: ndamdka
Adding work to queue: rtfopuw
Adding work to queue: qpnditk
Adding work to queue: mqmhtqz
Adding work to queue: jdfhtsp
Adding work to queue: rdujdro
Adding work to queue: rtaztiw
Adding work to queue: zpxodui
Adding work to queue: kqvjqxk
Adding work to queue: ltfxxan
Adding work to queue: jxikmyv
Adding work to queue: cwwprwo
Adding work to queue: vbeutjk
Adding work to queue: oubkztf
Adding work to queue: bytgwyl
Adding work to queue: rfxmkbq
Adding work to queue: pmvluke
Adding work to queue: fhqhmut
Adding work to queue: xlxkbdz
Adding work to queue: gapkaat
Adding work to queue: tclnnch
Processing batch, queue size: 24
Adding work to queue: nppsixa
Adding work to queue: fqilgbl
Adding work to queue: lyzslti
Adding work to queue: gwnihnq
Adding work to queue: lvojjsg
Adding work to queue: zmoyceq
Adding work to queue: izmagqa
Adding work to queue: armrlam
Processing batch, queue size: 8
Adding work to queue: jsujhcr
Adding work to queue: wvialoh
Adding work to queue: hmjqpqw
Adding work to queue: hgfzenm
Processing batch, queue size: 4
Adding work to queue: szkownc
Processing batch, queue size: 1
Adding work to queue: zsjrojt
Adding work to queue: rziosrb
Adding work to queue: fsapbzb
Adding work to queue: qghtmdo
Adding work to queue: qwtlall
Adding work to queue: qdiltrt
Adding work to queue: mubysqy
Adding work to queue: xcugxls
Adding work to queue: zshyxpy
Adding work to queue: usvmcmw
Adding work to queue: cxlxaek
Adding work to queue: upccuyz
Adding work to queue: tckibrg
Adding work to queue: evvagse
Adding work to queue: rombphd
Adding work to queue: tolhssr
Adding work to queue: tnoprjt
Adding work to queue: dlaflmd
Adding work to queue: izhvaxo
Adding work to queue: dmmewgs
Adding work to queue: odcrctb
Adding work to queue: sjzlrtv
Adding work to queue: ddmacel
Adding work to queue: eywzbfb
Adding work to queue: qnkhpvj
Adding work to queue: kennpru
Adding work to queue: ppdinyf
Adding work to queue: oopzlcs
Adding work to queue: vftrhfk
Adding work to queue: nxnmirf
Adding work to queue: dnrvvug
Adding work to queue: yquyuqk
Processing batch, queue size: 32
Adding work to queue: sqmlfqv
Adding work to queue: tymfrby
Adding work to queue: cgjrten
Adding work to queue: hlosipx
Adding work to queue: agxdtqz
Adding work to queue: ojmysxf
Adding work to queue: krncbcm
Adding work to queue: yrmkitw
Adding work to queue: hfpwrnr
Adding work to queue: idqvqlr
Adding work to queue: hiocleu
Adding work to queue: nohpotn
Adding work to queue: colelkm
Adding work to queue: jbhucyl
Adding work to queue: xnfuahv
Adding work to queue: ynnrafd
Adding work to queue: mggblza
Adding work to queue: cshioxf
Adding work to queue: nonbozu
Adding work to queue: gxlfvrd
Adding work to queue: afhcwob
Adding work to queue: omtzadi
Adding work to queue: eqlqlas
Adding work to queue: gmutbqr
Adding work to queue: vpouedx
Adding work to queue: arcopcm
Adding work to queue: anbtxhy
Adding work to queue: awcghlm
Adding work to queue: sxlfqfu
Adding work to queue: uurkqxp
Processing batch, queue size: 30
Adding work to queue: dmrbckz
Adding work to queue: kdnbctd
Adding work to queue: emirlkq
Adding work to queue: rtsymgo
Adding work to queue: beefihu
Adding work to queue: sxuwuup
Adding work to queue: zemzuni
Adding work to queue: damcovl
Adding work to queue: hcpmotj
Adding work to queue: xeepqkw
Adding work to queue: svopcas
Adding work to queue: ixntahq
Processing batch, queue size: 12
Adding work to queue: fudiyat
Adding work to queue: tkaqtlr
Adding work to queue: fgegelg
Adding work to queue: fxcemmf
Adding work to queue: cpnxuph
Adding work to queue: tudrubz
Adding work to queue: yuaklyi
Adding work to queue: tqyuire
Adding work to queue: sbjjhmp
Adding work to queue: utzugpd
Adding work to queue: hihsayf
Adding work to queue: sopqzfb
Adding work to queue: ytqvmtc
Adding work to queue: hbgvxte
Adding work to queue: pxzhwww
Adding work to queue: cjeyolm
Adding work to queue: jknovgt
Adding work to queue: uscyfyl
Adding work to queue: srjdvjl
Adding work to queue: wxwgjqf
Adding work to queue: rkxhyzn
Adding work to queue: yjrznjf
Adding work to queue: toucunz
Adding work to queue: sgtrijv
Adding work to queue: mskykxg
Adding work to queue: mrcuwqz
Adding work to queue: utslqtc
Adding work to queue: grrenwp
Adding work to queue: aclrjfs
Adding work to queue: ghpmdfz
Adding work to queue: cznepjj
Adding work to queue: rlyfczp
Adding work to queue: wuicwfu
Adding work to queue: nejlgvf
Adding work to queue: hagoxta
Adding work to queue: hgodfht
Adding work to queue: rmfdydv
Adding work to queue: cmqeiet
Adding work to queue: kvligzx
Adding work to queue: gybattx
Adding work to queue: pcnorju
Adding work to queue: hifblui
Adding work to queue: lyneelv
Adding work to queue: fbtqllm
Adding work to queue: hyranpr
Adding work to queue: lgpymtu
Adding work to queue: pueqmpi
Adding work to queue: qxoxhbj
Adding work to queue: salhzjy
Processing batch, queue size: 49
Adding work to queue: zgfsyjz
Adding work to queue: qmgktgg
Adding work to queue: wpgrvub
Adding work to queue: xnhqwdy
Adding work to queue: epvzhef
Adding work to queue: aahzxmq
Adding work to queue: iwsxjcw
Adding work to queue: bwitunf
Adding work to queue: amlltge
Adding work to queue: ooxzvxi
Adding work to queue: tybenwt
Adding work to queue: outnvyt
Adding work to queue: zfyiyix
Adding work to queue: jrkrsev
Adding work to queue: vjpvtfq
Adding work to queue: qqweffe
Adding work to queue: ypqceso
Adding work to queue: faohsxn
Adding work to queue: jodjtwq
Adding work to queue: yvjotit
Adding work to queue: vwiqyma
Adding work to queue: ztctbxn
Adding work to queue: spmsvcj
Adding work to queue: glpbhhr
Adding work to queue: oqulbjw
Adding work to queue: rxnqvxd
Adding work to queue: yqficxq
Adding work to queue: aadhlkx
Adding work to queue: eawikei
Adding work to queue: dzjrkqw
Adding work to queue: yevufnv
Adding work to queue: pcorqxr
Adding work to queue: pqnaehu
Adding work to queue: lfdnrhc
Adding work to queue: vzcauml
Adding work to queue: hjdrvbh
Adding work to queue: wrojrfh
Adding work to queue: xadsfkb
Adding work to queue: vfbysxs
Processing batch, queue size: 56
Adding work to queue: bybabbz
Adding work to queue: zwuzfvr
Adding work to queue: huernwl
Adding work to queue: ehklkuh
Adding work to queue: gungpjy
Adding work to queue: zgtuqtr
Adding work to queue: gtlzcxo
Adding work to queue: ydekjsa
Adding work to queue: tozcbay
Adding work to queue: nmutoge
Adding work to queue: rsrzamb
Adding work to queue: jqrfpqi
Adding work to queue: tdlcssi
Adding work to queue: twjkrmz
Adding work to queue: mlcoglh
Adding work to queue: vhgtjwx
Adding work to queue: fvbnvdx
Adding work to queue: beptclz
Adding work to queue: liuhujk
Adding work to queue: rtfsraq
Adding work to queue: haerihe
Adding work to queue: ledtovd
Processing batch, queue size: 46
Adding work to queue: mqqrdpq
Adding work to queue: aafpaxr
Adding work to queue: ysopqxz
Adding work to queue: rtyncmm
Adding work to queue: avnxbnq
Adding work to queue: vvhugky
Adding work to queue: poezhzo
Adding work to queue: rzrkayx
Adding work to queue: knsnfzq
Adding work to queue: zooeuyo
Adding work to queue: wsweirw
Adding work to queue: koztxcl
Adding work to queue: bjhyvwo
Adding work to queue: ilfvsiq
Adding work to queue: dwvukno
Processing batch, queue size: 29
Adding work to queue: wlovbsk
Adding work to queue: jdijktw
Adding work to queue: ecsljiy
Adding work to queue: zqgvvil
Adding work to queue: ovsbinz
Adding work to queue: nazdfyp
Adding work to queue: twlklgf
Adding work to queue: oofilwz
Adding work to queue: nqmbmel
Adding work to queue: bttskbg
Adding work to queue: bkvljvi
Adding work to queue: pqomqld
Adding work to queue: xvrvtxq
Adding work to queue: rvjphba
Adding work to queue: juwqrnk
Adding work to queue: aksnzhp
Adding work to queue: xaktkzc
Adding work to queue: ljiwjyk
Adding work to queue: zwatnfz
Adding work to queue: mqtqfff
Adding work to queue: fgkqizx
Adding work to queue: uvnfwul
Adding work to queue: xkeyzdr
Adding work to queue: hexnllj
Adding work to queue: kctufcq
Adding work to queue: yrtmvar
Adding work to queue: kbdhiqk
Adding work to queue: yvokgfz
Adding work to queue: eowcvrw
Adding work to queue: aefhxvm
Adding work to queue: xhzmzff
Processing batch, queue size: 31
Adding work to queue: thbpkhe
Adding work to queue: mblhdzu
Adding work to queue: eqqlyen
Adding work to queue: mkmcrna
Adding work to queue: hjbeeht
Adding work to queue: upypocj
Adding work to queue: ihmzrdo
Adding work to queue: niwxrvb
Adding work to queue: pnyiggi
Adding work to queue: udgduvx
Adding work to queue: fobnpln
Adding work to queue: sazsfnv
Adding work to queue: iwdurfz
Adding work to queue: mowpqea
Adding work to queue: wsxjkxv
Adding work to queue: nmtkdbd
Adding work to queue: lzafmhu
Adding work to queue: nojcoaz
Adding work to queue: bjeuybz
Adding work to queue: uwvasea
Adding work to queue: ofrjdtl
Adding work to queue: lfvvkfa
Adding work to queue: ysowzyr
Adding work to queue: qxmypds
Adding work to queue: umowlqx
Adding work to queue: yhagmzu
Adding work to queue: dappqhw
Adding work to queue: cbhnblk
Adding work to queue: chpssez
Adding work to queue: kznryms
Adding work to queue: qdtzeeh
Adding work to queue: tfhshdf
Adding work to queue: vlveypw
Adding work to queue: ttrooqh
Adding work to queue: vavarxi
Adding work to queue: voczifl
Adding work to queue: gikgvyr
Adding work to queue: bgmcydi
Adding work to queue: rwzzoyr
Processing batch, queue size: 39
Adding work to queue: jzfzqzy
Adding work to queue: suvptmq
Adding work to queue: awukcmq
Adding work to queue: zhtbidn
Adding work to queue: eivsvgd
Adding work to queue: lwvkcsl
Adding work to queue: cxkahmu
Adding work to queue: hafnqyk
Adding work to queue: ohbeynw
Adding work to queue: fhpbzaf
Adding work to queue: bxbtdap
Adding work to queue: hxflask
Adding work to queue: ifvtnwp
Adding work to queue: rxoqxbh
Adding work to queue: kogfbaw
Adding work to queue: vywhsyl
Adding work to queue: aqadqlc
Adding work to queue: abhrjts
Processing batch, queue size: 25
Adding work to queue: qczvdvn
Adding work to queue: ggjbvbt
Adding work to queue: hacbwrv
Adding work to queue: mwyqnxw
Adding work to queue: lyfrbcd
Adding work to queue: rudvaeh
Adding work to queue: kyoazgj
Adding work to queue: kjfoife
Adding work to queue: xcowcjy
Adding work to queue: bajxbaw
Processing batch, queue size: 10
Adding work to queue: svsrfmk
Adding work to queue: iodeeha
Adding work to queue: xbhvfzt
Adding work to queue: eqpllbd
Adding work to queue: tkostvh
Adding work to queue: kzwxguu
Adding work to queue: auofkdg
Adding work to queue: gsjmfgo
Adding work to queue: dgrhdhd
Adding work to queue: vkezdsh
Adding work to queue: irvrvkt
Adding work to queue: qroukkl
Adding work to queue: buyfbap
Adding work to queue: rlvvcyz
Adding work to queue: fqnegak
Adding work to queue: gctihvs
Adding work to queue: rqnkija
Adding work to queue: ltpmuld
Adding work to queue: vbilsgd
Adding work to queue: klglpnb
Adding work to queue: bpqrhiz
Adding work to queue: giuzkqo
Adding work to queue: nvoscyr
Adding work to queue: hyruebx
Adding work to queue: gyigbgt
Adding work to queue: nuzyxsa
Adding work to queue: grymbyn
Processing batch, queue size: 27
Adding work to queue: dktkoyj
Adding work to queue: mvljksj
Adding work to queue: ybgidbz
Adding work to queue: ubhkqdq
Adding work to queue: njvoqhz
Adding work to queue: jibpqkb
Adding work to queue: ydxolpy
Adding work to queue: ovqqnau
Adding work to queue: qutcbxw
Adding work to queue: gykybfp
Processing batch, queue size: 10
Adding work to queue: vitwqgj
Adding work to queue: qijmpdd
Adding work to queue: vbopaya
Adding work to queue: ljhmcbg
Adding work to queue: cquxinc
Processing batch, queue size: 5
Adding work to queue: wxpqizz
Adding work to queue: anedmlq
Processing batch, queue size: 2
Adding work to queue: ljjnlex
Adding work to queue: zyprlhk
Adding work to queue: tmbtrdc
Adding work to queue: sruobhh
Adding work to queue: fpdmcor
Adding work to queue: jbroonq
Adding work to queue: jfkipmf
Adding work to queue: xzsilde
Adding work to queue: rwmmgbv
Adding work to queue: cqinltj
Adding work to queue: wdzzxcu
Adding work to queue: ratragp
Adding work to queue: favoykb
Adding work to queue: lazmwns
Adding work to queue: sexzemx
Processing batch, queue size: 15
Adding work to queue: hvbezgb
Adding work to queue: mrrifsj
Adding work to queue: rbmvbby
Adding work to queue: owndrwk
Adding work to queue: gpfdajr
Adding work to queue: nznmpqa
Adding work to queue: tgkcedd
Adding work to queue: ubmtxae
Adding work to queue: friczxe
Adding work to queue: ekrsejv
Adding work to queue: pdzrumz
Adding work to queue: zrxgcjj
Processing batch, queue size: 12
Adding work to queue: mbcenjc
Adding work to queue: yjggsmz
Adding work to queue: hhqupyf
Adding work to queue: fzfwkes
Adding work to queue: ycaatej
Adding work to queue: xatpdwv
Adding work to queue: vnvvecn
Adding work to queue: tmtcwga
Adding work to queue: yfpermj
Adding work to queue: igzlild
Adding work to queue: adslcwu
Adding work to queue: vdonqex
Adding work to queue: kwklsfs
Adding work to queue: lqfxzmr
Adding work to queue: nfjtfwl
Adding work to queue: dgfbhwb
Adding work to queue: pioudas
Adding work to queue: zmsxxjz
Adding work to queue: zppwynj
Adding work to queue: rpbqztz
Adding work to queue: mciexfs
Adding work to queue: bybuocc
Adding work to queue: nnemkfi
Adding work to queue: ihhiddt
Adding work to queue: gwoyovb
Adding work to queue: qwhtnyd
Adding work to queue: lwjrzfc
Adding work to queue: ssfbgso
Adding work to queue: vmqvhid
Processing batch, queue size: 29
Adding work to queue: rnhndpj
Adding work to queue: ekdvigf
Adding work to queue: eyfphcb
Adding work to queue: atkxheh
Adding work to queue: vnwhgvs
Adding work to queue: zxeglrj
Adding work to queue: jfzuwxt
Adding work to queue: lyhdcdy
Adding work to queue: aqwjauj
Adding work to queue: lmaatdn
Adding work to queue: wzpkndx
Processing batch, queue size: 11
Adding work to queue: yzuvzvz
Adding work to queue: idvhtwo
Adding work to queue: gljmfzv
Adding work to queue: bljvdko
Processing batch, queue size: 4
Adding work to queue: yapdyof
Processing batch, queue size: 1
Adding work to queue: wmgjsyj
Adding work to queue: cbcboig
Adding work to queue: jyjvgyu
Adding work to queue: upxtuxw
Adding work to queue: vzncbfx
Adding work to queue: ydmiaov
Adding work to queue: uhsgibt
Processing batch, queue size: 7
Adding work to queue: atffopq
Adding work to queue: rftsxut
Adding work to queue: nrktwjv
Adding work to queue: ffsahfx
Adding work to queue: drlcllu
Adding work to queue: nqzoydd
Adding work to queue: fmdxwcc
Adding work to queue: udngxfq
Adding work to queue: kdxmvmr
Adding work to queue: nfqmkpy
Adding work to queue: omtqlel
Adding work to queue: jicucox
Adding work to queue: kjmaabj
Adding work to queue: aopxmsv
Adding work to queue: pllxvvf
Adding work to queue: xauxpkr
Processing batch, queue size: 16
Adding work to queue: nwgncnp
Adding work to queue: bbtmojn
Adding work to queue: bebcdfm
Adding work to queue: favkmkp
Adding work to queue: cpdfrgt
Adding work to queue: xjsrrvl
Processing batch, queue size: 6
Adding work to queue: uyuccci
Adding work to queue: uzjtaay
Adding work to queue: hpyesuh
Adding work to queue: dqocakf
Adding work to queue: lekoxrq
Adding work to queue: kzprxng
Adding work to queue: xcrmpgi
Adding work to queue: ihvzcum
Adding work to queue: anvbfqo
Adding work to queue: oiumcju
Adding work to queue: wejjdaa
Adding work to queue: esugikj
Adding work to queue: rugliid
Adding work to queue: enwmfln
Adding work to queue: qqvyqlf
Adding work to queue: ahoqyco
Adding work to queue: gwgtcqd
Adding work to queue: dzsrbgu
Adding work to queue: gjzhrzg
Adding work to queue: caljwgp
Adding work to queue: xhcmyrl
Adding work to queue: khjwgnv
Adding work to queue: cumjqoq
Adding work to queue: awsqkxl
Adding work to queue: zwkexvr
Adding work to queue: ukhfcyj
Adding work to queue: wyrjtri
Adding work to queue: jewfnks
Adding work to queue: kyjqvwp
Adding work to queue: heklddz
Adding work to queue: afpeuiu
Adding work to queue: egaetqu
Adding work to queue: zescppq
Adding work to queue: tfpuhbb
Adding work to queue: leawrjn
Adding work to queue: lppzrzb
Adding work to queue: tpryqhh
Adding work to queue: afpnjax
Adding work to queue: vzohehb
Adding work to queue: kodqvvq
Adding work to queue: smbohjs
Adding work to queue: hyfweez
Adding work to queue: onmiofg
Adding work to queue: lmvsmhl
Adding work to queue: rqouyhf
Adding work to queue: cgkglat
Processing batch, queue size: 46
Adding work to queue: mbvecxh
Adding work to queue: apvmqis
Adding work to queue: vlvrdda
Adding work to queue: mluwgbj
Adding work to queue: mebyejl
Adding work to queue: tyofmib
Adding work to queue: wyayeic
Adding work to queue: babhjai
Adding work to queue: litzhar
Adding work to queue: fnrevuo
Adding work to queue: pcpkadj
Adding work to queue: fifuwgt
Processing batch, queue size: 26
Adding work to queue: ewdgzzg
Adding work to queue: dgneorp
Adding work to queue: zqprirp
Adding work to queue: xlwgjci
Adding work to queue: psufped
Adding work to queue: mskekbs
Adding work to queue: czmxhxx
Adding work to queue: tjqjhtx
Adding work to queue: ckopspv
Adding work to queue: jyudbbo
Adding work to queue: gwfxweu
Adding work to queue: ocitfsy
Adding work to queue: amvdbos
Adding work to queue: aztfclu
Adding work to queue: doadcvr
Adding work to queue: pfylrwz
Adding work to queue: afrpfck
Adding work to queue: lbirvdq
Adding work to queue: reybudj
Adding work to queue: avyqbov
Adding work to queue: uggpboz
Adding work to queue: spxsjui
Adding work to queue: oyukopt
Adding work to queue: vqkwpue
Adding work to queue: ptsosvm
Adding work to queue: ixjliqw
Processing batch, queue size: 26
Adding work to queue: ypaghoh
Adding work to queue: nxhzxvi
Adding work to queue: dzydszp
Adding work to queue: myldham
Adding work to queue: yijutrf
Adding work to queue: loqrsce
Adding work to queue: wlxtexi
Adding work to queue: vhsyeub
Adding work to queue: ehxqhcu
Adding work to queue: mgaiesb
Adding work to queue: jkqxxvd
Adding work to queue: mhcgzvj
Adding work to queue: yarxgpk
Adding work to queue: psihxoy
Adding work to queue: nzcjybe
Adding work to queue: spozkly
Processing batch, queue size: 16
Adding work to queue: klqgpfs
Adding work to queue: bipwfcm
Adding work to queue: ncxidzy
Adding work to queue: tifpfin
Adding work to queue: aqcwhwo
Adding work to queue: mufexge
Adding work to queue: ovrktpk
Processing batch, queue size: 7
Adding work to queue: ujnbjcn
Adding work to queue: zoiweid
Adding work to queue: sdlbvfm
Processing batch, queue size: 3
Adding work to queue: ugzhdsg
Adding work to queue: kypbxgr
Adding work to queue: rhqgqyz
Adding work to queue: hvfpueo
Adding work to queue: mzqbgxt
Adding work to queue: ovhcksp
Adding work to queue: euivrni
Adding work to queue: heejror
Adding work to queue: ewionug
Adding work to queue: bvvpizr
Adding work to queue: sbngznx
Adding work to queue: kjehkju
Adding work to queue: jpbrdok
Adding work to queue: yoajsgk
Processing batch, queue size: 14
Adding work to queue: gnsgtkp
Adding work to queue: skbuxkf
Adding work to queue: eswqasx
Adding work to queue: wtcepuz
Adding work to queue: pbcwncb
Adding work to queue: avyrjcr
Processing batch, queue size: 6
Adding work to queue: zdvsgrq
Adding work to queue: njtsytu
Adding work to queue: vrdeqzc
Adding work to queue: ijnjzwl
Adding work to queue: nregufk
Adding work to queue: wjfvoui
Adding work to queue: srevawk
Adding work to queue: nixnlql
Adding work to queue: jrddyxz
Adding work to queue: deoqoxk
Adding work to queue: xrppzyp
Processing batch, queue size: 11
Adding work to queue: hvjlyey
Adding work to queue: dmtcdrl
Adding work to queue: nxgryhh
Adding work to queue: ykncjbx
Adding work to queue: vnfaqqi
Adding work to queue: szawfxq
Adding work to queue: zojzlad
Adding work to queue: pkkzwul
Adding work to queue: nxyyfbd
Adding work to queue: vfaqpqz
Adding work to queue: stxyjzd
Adding work to queue: zhqnvgi
Adding work to queue: ehpbwck
Adding work to queue: iewisfx
Adding work to queue: qcwfbtw
Adding work to queue: rikhske
Adding work to queue: xunrzuv
Adding work to queue: btrzhzy
Adding work to queue: wikhulr
Adding work to queue: cliromc
Adding work to queue: ljiiaaj
Adding work to queue: rjnwvya
Adding work to queue: iblqqdv
Adding work to queue: hlyqqdw
Adding work to queue: jlgezet
Adding work to queue: lcntuwj
Adding work to queue: liishuq
Adding work to queue: ryhtjhm
Adding work to queue: jhayapj
Adding work to queue: jlbcbjx
Adding work to queue: gaejgju
Adding work to queue: hspirgj
Adding work to queue: uoegswx
Adding work to queue: kroxvwv
Adding work to queue: qigbucb
Adding work to queue: lelrlqm
Adding work to queue: luyfasr
Adding work to queue: tadgaah
Adding work to queue: aefgdvy
Adding work to queue: zzujinu
Adding work to queue: glslfgi
Adding work to queue: avtdoer
Adding work to queue: ckzaels
Adding work to queue: pfngjml
Adding work to queue: bxzlwgu
Adding work to queue: airktiy
Adding work to queue: muphaur
Adding work to queue: shhgmdy
Processing batch, queue size: 48
Adding work to queue: xthublt
Adding work to queue: wpqtjfw
Adding work to queue: wvawuuj
Adding work to queue: sucvrnc
Adding work to queue: phkkpmv
Adding work to queue: bednguc
Adding work to queue: odkinhq
Adding work to queue: aftkdui
Adding work to queue: rifxsgo
Adding work to queue: tvlitjw
Adding work to queue: zsyhury
Adding work to queue: qdovecu
Adding work to queue: mwfuflo
Adding work to queue: hlxzbmn
Adding work to queue: rtyibhx
Adding work to queue: torowwn
Adding work to queue: jjsyflh
Adding work to queue: wccglvo
Adding work to queue: icnwrwx
Adding work to queue: anrbuxo
Adding work to queue: aioqjus
Adding work to queue: yiffnmv
Adding work to queue: oemkqgj
Adding work to queue: wqfdspg
Processing batch, queue size: 40
Adding work to queue: kntvidg
Adding work to queue: koaouqa
Adding work to queue: rcwcqjl
Adding work to queue: kzqkyfi
Adding work to queue: upfissg
Adding work to queue: sadbnsd
Adding work to queue: gmdgwbs
Adding work to queue: snimiad
Adding work to queue: agaggdu
Adding work to queue: ahfysel
Adding work to queue: rkpkagc
Adding work to queue: kbkjoqn
Adding work to queue: hglmmjy
Adding work to queue: mdgtvsa
Adding work to queue: uxcmluw
Adding work to queue: dllzzzj
Adding work to queue: ioblora
Adding work to queue: ftonyge
Adding work to queue: cfjbcdn
Adding work to queue: ddbneyh
Adding work to queue: gtdmoah
Adding work to queue: lsgrknx
Adding work to queue: gvinoqx
Adding work to queue: qrsiube
Adding work to queue: hsihnpl
Adding work to queue: oavocoj
Adding work to queue: xssalup
Adding work to queue: oborqwk
Adding work to queue: spytsst
Adding work to queue: ztferpq
Adding work to queue: fewadbb
Adding work to queue: qaifzen
Adding work to queue: wtbqobn
Adding work to queue: rjousig
Adding work to queue: zxgkocm
Adding work to queue: oojcert
Adding work to queue: wvaxbby
Adding work to queue: uwkdvbt
Adding work to queue: ysmcrwl
Adding work to queue: lzpgevl
Adding work to queue: vyjulzb
Adding work to queue: garagqz
Adding work to queue: avpeejd
Adding work to queue: yuszmsj
Adding work to queue: ogsqsda
Adding work to queue: skbfkqh
Adding work to queue: mavpniw
Adding work to queue: rlzmbat
Adding work to queue: kwdsiea
Adding work to queue: xhvgleb
Adding work to queue: ujmvpqu
Adding work to queue: iykrvxj
Adding work to queue: mwhlglm
Adding work to queue: agvkwtz
Adding work to queue: fowhedx
Adding work to queue: wlmuvsy
Adding work to queue: lqnazyp
Adding work to queue: zpnkqes
Adding work to queue: xjqtwfe
Adding work to queue: zmcpunx
Adding work to queue: yurcqeh
Adding work to queue: qxzhxmh
Adding work to queue: ovpsokt
Adding work to queue: tqjwpzg
Processing batch, queue size: 72
Adding work to queue: ubsyhpk
Adding work to queue: nyzwxnz
Adding work to queue: hspankw
Adding work to queue: ihachna
Adding work to queue: jdcllur
Adding work to queue: snosnnv
Adding work to queue: yfkllrk
Adding work to queue: ewbbvra
Adding work to queue: yuilcxt
Adding work to queue: rgjqyfy
Adding work to queue: ydjzzrl
Adding work to queue: wrkapnh
Adding work to queue: gmdaaiy
Adding work to queue: mjciyjk
Adding work to queue: iituuez
Adding work to queue: lokqwnh
Adding work to queue: dxeqkeq
Adding work to queue: cpncxao
Adding work to queue: hbcabys
Adding work to queue: knxixkj
Adding work to queue: nckomxz
Adding work to queue: ohgdjtj
Adding work to queue: cufhrlr
Adding work to queue: iyjkrmx
Adding work to queue: rxhmclf
Adding work to queue: kfeivja
Adding work to queue: dgdxozc
Adding work to queue: dixakjd
Processing batch, queue size: 68
Adding work to queue: aobuojj
Adding work to queue: bgtjpvv
Adding work to queue: aqzextx
Adding work to queue: ikobdmk
Adding work to queue: zpnakjx
Adding work to queue: rqijrqj
Adding work to queue: jbbfrvo
Adding work to queue: fvfpavn
Adding work to queue: vvsvywx
Adding work to queue: dpkdvdb
Adding work to queue: wyvwqpn
Adding work to queue: hmpusvq
Adding work to queue: kluqjkn
Adding work to queue: pklxwxu
Adding work to queue: hcvadbv
Adding work to queue: zedftni
Adding work to queue: fuqkhyf
Processing batch, queue size: 53
Adding work to queue: lkxanya
Adding work to queue: mqhnstl
Adding work to queue: veprvmi
Adding work to queue: xxojftc
Adding work to queue: ovlxpcl
Adding work to queue: ojqnvfh
Adding work to queue: zpftbra
Adding work to queue: jgjdmup
Adding work to queue: cggzbvz
Adding work to queue: jdjosiw
Adding work to queue: njwsbnq
Adding work to queue: rjyzdul
Adding work to queue: wsxjigb
Adding work to queue: sikxblq
Adding work to queue: sjsatbr
Adding work to queue: ygbpiph
Processing batch, queue size: 37
Adding work to queue: istankd
Adding work to queue: fpnczyl
Adding work to queue: rhylseq
Adding work to queue: epfnpsh
Adding work to queue: vxkypxq
Adding work to queue: ekbdhwx
Adding work to queue: msnthqd
Adding work to queue: ihklxhs
Adding work to queue: waywjvu
Adding work to queue: cujaour
Adding work to queue: orodynf
Adding work to queue: szcubfz
Adding work to queue: fvevlnz
Adding work to queue: oxdimmr
Adding work to queue: mlujyke
Adding work to queue: ufqlhfn
Adding work to queue: ryxiefp
Processing batch, queue size: 22
Adding work to queue: pnsdomw
Adding work to queue: woobprk
Adding work to queue: yyvldzf
Adding work to queue: auedpyd
Adding work to queue: embwecj
Adding work to queue: yyamthk
Adding work to queue: dragxpm
Adding work to queue: xzsykme
Adding work to queue: pnxflgv
Adding work to queue: tjjmiir
Adding work to queue: hgkplod
Adding work to queue: vvvhkqj
Adding work to queue: dclbtws
Adding work to queue: cfjtqka
Processing batch, queue size: 14
Adding work to queue: wgdfxqg
Adding work to queue: bktriis
Adding work to queue: gpqxmqt
Adding work to queue: mpbhnby
Adding work to queue: vszsduw
Adding work to queue: vplijlq
Adding work to queue: ibgrrrj
Adding work to queue: hijykzz
Adding work to queue: foqozpy
Adding work to queue: sckpwqm
Adding work to queue: clqptfh
Adding work to queue: nkzjcml
Adding work to queue: zozymzh
Adding work to queue: gckdour
Adding work to queue: mmydbod
Adding work to queue: wdcntav
Adding work to queue: zyynabs
Adding work to queue: huhpfcg
Adding work to queue: xrahrij
Adding work to queue: angjwkl
Adding work to queue: ekexvft
Adding work to queue: wxajhwb
Adding work to queue: awmkxow
Adding work to queue: ztanugp
Adding work to queue: hguklgp
Adding work to queue: pwvzsmw
Adding work to queue: fzxsppr
Adding work to queue: nxptuxq
Adding work to queue: tqbwybv
Adding work to queue: hoqjaxt
Adding work to queue: yzxsiuf
Adding work to queue: qnksbbn
Adding work to queue: wgsgiag
Adding work to queue: ceivbmb
Adding work to queue: vwqkaav
Adding work to queue: bgdtftb
Adding work to queue: fjzrspq
Adding work to queue: mkgfmge
Adding work to queue: xhtbeel
Adding work to queue: chbqqxd
Adding work to queue: jbvizkc
Adding work to queue: edjngzt
Adding work to queue: gnnmlzd
Adding work to queue: lqazjnq
Adding work to queue: ygnthop
Adding work to queue: evkutee
Adding work to queue: rcytumr
Adding work to queue: boxbfab
Adding work to queue: spaprrt
Adding work to queue: fmvsfou
Adding work to queue: vztcsyz
Adding work to queue: rgetccf
Adding work to queue: mtcsdzt
Processing batch, queue size: 53
Adding work to queue: uzinuil
Adding work to queue: ktpwnbl
Adding work to queue: iblqxyq
Adding work to queue: tudyvkb
Adding work to queue: rwbiljx
Adding work to queue: dvqbqxj
Adding work to queue: qruzceo
Adding work to queue: qlkbgxp
Adding work to queue: schobye
Adding work to queue: ckwbkjx
Adding work to queue: jhrlxid
Adding work to queue: pglrpai
Adding work to queue: bfdpsvq
Adding work to queue: hjphevb
Adding work to queue: quidrwk
Adding work to queue: vxtidbc
Adding work to queue: uljrsas
Adding work to queue: wqedjzz
Adding work to queue: xryhvjh
Adding work to queue: irshelo
Adding work to queue: zjnkmhe
Adding work to queue: umjesof
Adding work to queue: jfepwnt
Adding work to queue: rgjozmw
Adding work to queue: vnxklpl
Adding work to queue: wdnfesp
Adding work to queue: pestmif
Adding work to queue: otefxwr
Adding work to queue: hyfdwst
Adding work to queue: qegdctm
Adding work to queue: jvoiiln
Adding work to queue: fzzgzdt
Adding work to queue: vztzhev
Adding work to queue: nafniug
Adding work to queue: shoshey
Adding work to queue: jciryvl
Adding work to queue: aszsjgi
Adding work to queue: eepmbfk
Adding work to queue: gldysox
Adding work to queue: gwknffs
Adding work to queue: xqbxlsy
Adding work to queue: ecetbnv
Adding work to queue: agcpljd
Adding work to queue: lulvidh
Adding work to queue: vfqulsq
Adding work to queue: bnkirhe
Adding work to queue: nbmjdlg
Adding work to queue: rfjpgxr
Adding work to queue: rbzhkqm
Adding work to queue: nuzbonc
Adding work to queue: mtlxljs
Adding work to queue: btwakig
Adding work to queue: hjajsst
Adding work to queue: ionedxd
Adding work to queue: hvzjlld
Adding work to queue: zrzwkbk
Adding work to queue: dkrlbrs
Adding work to queue: rpmpmgq
Adding work to queue: ytbwyop
Adding work to queue: acvgsmp
Adding work to queue: hqwlqkq
Adding work to queue: apoipit
Adding work to queue: uzwvpqw
Adding work to queue: tbzmjeo
Adding work to queue: xvybwid
Adding work to queue: pfsfcdl
Adding work to queue: rysouyz
Adding work to queue: ougwxmi
Teardown: all threads stopped
Adding work to queue: hkhbzkn
Adding work to queue: aipmsze
Adding work to queue: rsowxac
Adding work to queue: simgciu
Adding work to queue: tllmuqx
Adding work to queue: ifeepkn
Adding work to queue: vjxbgya
Adding work to queue: emkccwj
Adding work to queue: bqavjwi
Adding work to queue: lmiozip
Adding work to queue: cukdfpn
Adding work to queue: gzqmzjt
Adding work to queue: vwvhbum
Adding work to queue: fqrjvsp
Teardown: all threads stopped
Run behaviours time:Adding work to queue: xxmfboj
13273491Adding work to queue: cgixxkt

Adding work to queue: kgosrlh
Adding work to queue: hpngzpo
[report]: Adding work to queue: insert_overall_duration_ns : 13273491
covavtp
[report]: insert_overall_operation_numberAdding work to queue: ldsvqdn
 : 1175
Processing batch, queue size: 109
Adding work to queue: csribxx
[report]: insert_overall_throughput : 75338130.714821
Adding work to queue: completed_ops: 