/mnt/nvme0/home/gxr/Myhash_boc/Hash_rt/build/hash_rt --num_threads_client=8 --num_threads_worker=1 --str_key_size=8 --str_value_size=100 --num_ops=100 --first_mode=true --work_usec=0 --batch_size=32
Set fair: 1
Init runtime
Scheduler Thread created
Runtime initialised
Init time:116299487
Prepare phase duration: 180
Acquire phase duration: 230
Exchange duration: 150
Release phase duration: 40
Process phase duration: 140
Resolve phase duration: 320
Prepare phase duration: 40
Acquire phase duration: 280
Exchange duration: 210
Release phase duration: 30
Process phase duration: 40
Resolve phase duration: 150
Prepare phase duration: 40
Acquire phase duration: 130
Exchange duration: 70
Release phase duration: 30
Process phase duration: 40
Resolve phase duration: 40
Prepare phase duration: 30
Acquire phase duration: 210
Exchange duration: 150
Release phase duration: 30
Process phase duration: 40
Resolve phase duration: 40
Prepare phase duration: 40
Acquire phase duration: 360
Exchange duration: 310
Release phase duration: 30
Process phase duration: 30
Resolve phase duration: 50
Prepare phase duration: 30
Acquire phase duration: 620
Exchange duration: 560
Release phase duration: 30
Process phase duration: 30
Resolve phase duration: 30
Prepare phase duration: 30
Acquire phase duration: 210
Exchange duration: 140
Release phase duration: 30
Process phase duration: 30
Resolve phase duration: 30
Prepare phase duration: 30
Acquire phase duration: 290
Exchange duration: 230
Release phase duration: 30
Process phase duration: 40
Resolve phase duration: 30
Prepare phase duration: 30
Acquire phase duration: 220
Exchange duration: 160
Release phase duration: 30
Process phase duration: 30
Resolve phase duration: 30
Prepare phase duration: 30
Acquire phase duration: 220
Exchange duration: 160
Release phase duration: 30
Process phase duration: 30
Resolve phase duration: 110
Prepare phase duration: 30
Acquire phase duration: 130
Exchange duration: 70
Release phase duration: 30
Process phase duration: 40
Resolve phase duration: 30
Prepare phase duration: 30
Acquire phase duration: 250
Exchange duration: 190
Release phase duration: 30
Process phase duration: 30
Resolve phase duration: 320
Prepare phase duration: 40
Acquire phase duration: 260
Exchange duration: 200
Release phase duration: 30
Process phase duration: 40
Resolve phase duration: 50
Prepare phase duration: 30
Acquire phase duration: 200
Exchange duration: 150
Release phase duration: 20
Process phase duration: 30
Resolve phase duration: 30
Prepare phase duration: 30
Acquire phase duration: 200
Exchange duration: 140
Release phase duration: 30
Process phase duration: 30
Resolve phase duration: 50
Prepare phase duration: 40
Acquire phase duration: 220
Exchange duration: 160
Release phase duration: 30
Process phase duration: 40
Resolve phase duration: 50
Prepare phase duration: 40
Acquire phase duration: 150
Exchange duration: 90
Release phase duration: 30
Process phase duration: 30
Resolve phase duration: 30
Prepare phase duration: 40
Acquire phase duration: 190
Exchange duration: 140
Release phase duration: 30
Process phase duration: 40
Resolve phase duration: 40
Prepare phase duration: 30
Acquire phase duration: 310
Exchange duration: 240
Release phase duration: 30
Process phase duration: 40
Resolve phase duration: 50
Prepare phase duration: 30
Acquire phase duration: 200
Exchange duration: 140
Release phase duration: 30
Process phase duration: 40
Resolve phase duration: 50
Prepare phase duration: 30
Acquire phase duration: 360
Exchange duration: 300
Release phase duration: 30
Process phase duration: 40
Resolve phase duration: 50
Prepare phase duration: 30
Acquire phase duration: 330
Exchange duration: 270
Release phase duration: 30
Process phase duration: 30
Resolve phase duration: 50
Prepare phase duration: 40
Acquire phase duration: 190
Exchange duration: 130
Release phase duration: 30
Process phase duration: 30
Resolve phase duration: 50
Prepare phase duration: 40
Acquire phase duration: 120
Exchange duration: 60
Release phase duration: 30
Process phase duration: 40
Resolve phase duration: 100
Prepare phase duration: 30
Acquire phase duration: 260
Exchange duration: 200
Release phase duration: 30
Process phase duration: 30
Resolve phase duration: 40
Prepare phase duration: 30
Acquire phase duration: 200
Exchange duration: 140
Release phase duration: 30
Process phase duration: 30
Resolve phase duration: 40
Prepare phase duration: 30
Acquire phase duration: 200
Exchange duration: 140
Release phase duration: 30
Process phase duration: 30
Resolve phase duration: 30
Prepare phase duration: 40
Acquire phase duration: 360
Exchange duration: 300
Release phase duration: 30
Process phase duration: 40
Resolve phase duration: 50
Prepare phase duration: 30
Acquire phase duration: 120
Exchange duration: 60
Release phase duration: 30
Process phase duration: 30
Resolve phase duration: 40
Prepare phase duration: 30
Acquire phase duration: 190
Exchange duration: 130
Release phase duration: 30
Process phase duration: 40
Resolve phase duration: 30
Prepare phase duration: 30
Acquire phase duration: 210
Exchange duration: 150
Release phase duration: 30
Process phase duration: 30
Resolve phase duration: 40
Prepare phase duration: 30
Acquire phase duration: 320
Exchange duration: 260
Release phase duration: 40
Process phase duration: 30
Resolve phase duration: 60
Prepare phase duration: 40
Acquire phase duration: 190
Exchange duration: 120
Release phase duration: 30
Process phase duration: 30
Resolve phase duration: 230
Prepare phase duration: 40
Acquire phase duration: 190
Exchange duration: 130
Release phase duration: 30
Process phase duration: 40
Resolve phase duration: 50
Prepare phase duration: 40
Acquire phase duration: 260
Exchange duration: 200
Release phase duration: 30
Process phase duration: 30
Resolve phase duration: 30
Prepare phase duration: 40
Acquire phase duration: 280
Exchange duration: 220
Release phase duration: 30
Process phase duration: 40
Resolve phase duration: 40
Prepare phase duration: 40
Acquire phase duration: 210
Exchange duration: 150
Release phase duration: 30
Process phase duration: 30
Resolve phase duration: 30
Prepare phase duration: 30
Acquire phase duration: 260
Exchange duration: 200
Release phase duration: 30
Process phase duration: 40
Resolve phase duration: 30
Prepare phase duration: 30
Acquire phase duration: 130
Exchange duration: 70
Release phase duration: 30
Process phase duration: 30
Resolve phase duration: 30
Prepare phase duration: 30
Acquire phase duration: 210
Exchange duration: 150
Release phase duration: 30
Process phase duration: 30
Resolve phase duration: 40
Prepare phase duration: 30
Acquire phase duration: 200
Exchange duration: 150
Release phase duration: 30
Process phase duration: 40
Resolve phase duration: 30
Prepare phase duration: 40
Acquire phase duration: 190
Exchange duration: 130
Release phase duration: 20
Process phase duration: 30
Resolve phase duration: 30
Prepare phase duration: 40
Acquire phase duration: 190
Exchange duration: 130
Release phase duration: 30
Process phase duration: 30
Resolve phase duration: 40
Prepare phase duration: 30
Acquire phase duration: 180
Exchange duration: 120
Release phase duration: 30
Process phase duration: 30
Resolve phase duration: 70
Prepare phase duration: 30
Acquire phase duration: 190
Exchange duration: 130
Release phase duration: 30
Process phase duration: 30
Resolve phase duration: 50
Prepare phase duration: 30
Acquire phase duration: 120
Exchange duration: 70
Release phase duration: 30
Process phase duration: 40
Resolve phase duration: 340
Prepare phase duration: 30
Acquire phase duration: 190
Exchange duration: 130
Release phase duration: 30
Process phase duration: 40
Resolve phase duration: 30
Prepare phase duration: 30
Acquire phase duration: 120
Exchange duration: 50
Release phase duration: 30
Process phase duration: 40
Resolve phase duration: 50
Prepare phase duration: 30
Acquire phase duration: 490
Exchange duration: 430
Release phase duration: 30
Process phase duration: 30
Resolve phase duration: 40
Prepare phase duration: 40
Acquire phase duration: 190
Exchange duration: 130
Release phase duration: 30
Process phase duration: 40
Resolve phase duration: 40
Prepare phase duration: 30
Acquire phase duration: 210
Exchange duration: 150
Release phase duration: 30
Process phase duration: 40
Resolve phase duration: 50
Prepare phase duration: 40
Acquire phase duration: 190
Exchange duration: 130
Release phase duration: 30
Process phase duration: 30
Resolve phase duration: 50
Prepare phase duration: 40
Acquire phase duration: 210
Exchange duration: 150
Release phase duration: 30
Starting all threads
Process phase duration: 30
Resolve phase duration: 50
Prepare phase duration: 40
Acquire phase duration: 200
Exchange duration: 140
Release phase duration: 30
Process phase duration: 40
Resolve phase duration: 110
Prepare phase duration: 40
Acquire phase duration: 200
Exchange duration: 140
Release phase duration: 30
Process phase duration: 30
Resolve phase duration: 40
Prepare phase duration: 30
Acquire phase duration: 180
Exchange duration: 130
Release phase duration: 30
Process phase duration: 30
Resolve phase duration: 30
Prepare phase duration: 30
Acquire phase duration: 180
Exchange duration: 120
Release phase duration: 30
Process phase duration: 40
Resolve phase duration: 40
Prepare phase duration: 30
Acquire phase duration: 230
Exchange duration: 170
Release phase duration: 30
Process phase duration: 30
Resolve phase duration: 40
Prepare phase duration: 30
Acquire phase duration: 120
Exchange duration: 60
Release phase duration: 30
Process phase duration: 30
Resolve phase duration: 40
Prepare phase duration: 40
Acquire phase duration: 300
Exchange duration: 240
Release phase duration: 30
Process phase duration: 40
Resolve phase duration: 40
Prepare phase duration: 40
Acquire phase duration: 190
Exchange duration: 130
Release phase duration: 30
Process phase duration: 30
Resolve phase duration: 30
Prepare phase duration: 30
Acquire phase duration: 190
Exchange duration: 130
Release phase duration: 30
Process phase duration: 40
Resolve phase duration: 40
Prepare phase duration: 30
Acquire phase duration: 190
Exchange duration: 130
Release phase duration: 30
Process phase duration: 40
Resolve phase duration: 40
Prepare phase duration: 30
Acquire phase duration: 190
Exchange duration: 130
Release phase duration: 30
Process phase duration: 40
Resolve phase duration: 130
Prepare phase duration: 40
Acquire phase duration: 180
Exchange duration: 130
Release phase duration: 30
Process phase duration: 30
Resolve phase duration: 40
Prepare phase duration: 30
Acquire phase duration: 130
Exchange duration: 80
Release phase duration: 20
Process phase duration: 40
Resolve phase duration: 30
Prepare phase duration: 30
Acquire phase duration: 130
Exchange duration: 60
Release phase duration: 30
Process phase duration: 30
Resolve phase duration: 40
Prepare phase duration: 40
Acquire phase duration: 120
Exchange duration: 60
Release phase duration: 30
Process phase duration: 40
Resolve phase duration: 30
Prepare phase duration: 30
Acquire phase duration: 180
Exchange duration: 120
Release phase duration: 30
Process phase duration: 40
Resolve phase duration: 30
Prepare phase duration: 30
Acquire phase duration: 170
Exchange duration: 110
Release phase duration: 30
Process phase duration: 30
Resolve phase duration: 40
Prepare phase duration: 30
Acquire phase duration: 260
Exchange duration: 200
Release phase duration: 30
Process phase duration: 30
Resolve phase duration: 50
Prepare phase duration: 30
Acquire phase duration: 200
Exchange duration: 140
Release phase duration: 30
Process phase duration: 30
Resolve phase duration: 50
Prepare phase duration: 30
Acquire phase duration: 280
Exchange duration: 220
Release phase duration: 40
Process phase duration: 40
Resolve phase duration: 50
Prepare phase duration: 30
Acquire phase duration: 190
Exchange duration: 130
Release phase duration: 30
Process phase duration: 40
Resolve phase duration: 40
Prepare phase duration: 40
Acquire phase duration: 120
Exchange duration: 60
Release phase duration: 30
Process phase duration: 30
Resolve phase duration: 60
Prepare phase duration: 30
Acquire phase duration: 200
Exchange duration: 140
Release phase duration: 30
Process phase duration: 30
Resolve phase duration: 30
Prepare phase duration: 30
Acquire phase duration: 240
Exchange duration: 120
Release phase duration: 30
Process phase duration: 40
Resolve phase duration: 40
Prepare phase duration: 40
Acquire phase duration: 480
Exchange duration: 420
Release phase duration: 30
Process phase duration: 30
Resolve phase duration: 50
Prepare phase duration: 30
Acquire phase duration: 200
Exchange duration: 140
Release phase duration: 20
Process phase duration: 30
Resolve phase duration: 40
Prepare phase duration: 40
Acquire phase duration: 180
Exchange duration: 120
Release phase duration: 30
Process phase duration: 30
Resolve phase duration: 30
Prepare phase duration: 30
Acquire phase duration: 300
Exchange duration: 250
Release phase duration: 30
Process phase duration: 40
Resolve phase duration: 3320
Prepare phase duration: 30
Acquire phase duration: 200
Exchange duration: 140
Release phase duration: 30
Process phase duration: 30
Resolve phase duration: 2000
Prepare phase duration: 30
Acquire phase duration: 190
Exchange duration: 130
Release phase duration: 30
Process phase duration: 40
Resolve phase duration: 60
Prepare phase duration: 30
Acquire phase duration: 270
Exchange duration: 210
Release phase duration: 30
Process phase duration: 30
Resolve phase duration: 30
Prepare phase duration: 30
Acquire phase duration: 120
Exchange duration: 60
Release phase duration: 30
Process phase duration: 40
Resolve phase duration: 40
Prepare phase duration: 30
Acquire phase duration: 250
Exchange duration: 190
Release phase duration: 30
Process phase duration: 30
Resolve phase duration: 50
Prepare phase duration: 30
Acquire phase duration: 290
Exchange duration: 220
Release phase duration: 20
Process phase duration: 30
Resolve phase duration: 30
Prepare phase duration: 30
Acquire phase duration: 270
Exchange duration: 220
Release phase duration: 30
Process phase duration: 30
Resolve phase duration: 40
Prepare phase duration: 40
Acquire phase duration: 190
Exchange duration: 120
Release phase duration: 30
Process phase duration: 40
Resolve phase duration: 30
Prepare phase duration: 40
Acquire phase duration: 190
Exchange duration: 130
Release phase duration: 30
Process phase duration: 30
Resolve phase duration: 40
Prepare phase duration: 30
Acquire phase duration: 190
Exchange duration: 120
Release phase duration: 30
Process phase duration: 40
Resolve phase duration: 40
Prepare phase duration: 30
Acquire phase duration: 120
Exchange duration: 60
Release phase duration: 30
Process phase duration: 40
Resolve phase duration: 50
Prepare phase duration: 40
Acquire phase duration: 270
Exchange duration: 210
Release phase duration: 30
Process phase duration: 30
Resolve phase duration: 30
Prepare phase duration: 30
Acquire phase duration: 270
Exchange duration: 210
Release phase duration: 30
Process phase duration: 40
Resolve phase duration: 40
Prepare phase duration: 40
Acquire phase duration: 190
Exchange duration: 130
Release phase duration: 30
Process phase duration: 40
Resolve phase duration: 40
Prepare phase duration: 30
Acquire phase duration: 190
Exchange duration: 130
Release phase duration: 30
Process phase duration: 40
Resolve phase duration: 50
Prepare phase duration: 30
Acquire phase duration: 110
Exchange duration: 50
Release phase duration: 30
Process phase duration: 40
Resolve phase duration: 40
Prepare phase duration: 30
Acquire phase duration: 210
Exchange duration: 150
Release phase duration: 30
Process phase duration: 30
Resolve phase duration: 40
Prepare phase duration: 30
Acquire phase duration: 260
Exchange duration: 210
Release phase duration: 30
Process phase duration: 30
Resolve phase duration: 30
Prepare phase duration: 40
Acquire phase duration: 120
Exchange duration: 60
Release phase duration: 30
Process phase duration: 30
Resolve phase duration: 30
Prepare phase duration: 40
Acquire phase duration: 190
Exchange duration: 130
Release phase duration: 30
Process phase duration: 30
Resolve phase duration: 50
Prepare phase duration: 40
Acquire phase duration: 180
Exchange duration: 120
Release phase duration: 30
Process phase duration: 30
Resolve phase duration: 50
Prepare phase duration: 40
Acquire phase duration: 180
Exchange duration: 120
Release phase duration: 30
Process phase duration: 30
Resolve phase duration: 50
Prepare phase duration: 30
Acquire phase duration: 280
Exchange duration: 220
Release phase duration: 30
Process phase duration: 40
Resolve phase duration: 40
Prepare phase duration: 40
Acquire phase duration: 280
Exchange duration: 210
Release phase duration: 30
Process phase duration: 40
Resolve phase duration: 40
Prepare phase duration: 30
Acquire phase duration: 200
Exchange duration: 140
Release phase duration: 30
Process phase duration: 40
Resolve phase duration: 50
Prepare phase duration: 40
Acquire phase duration: 190
Exchange duration: 130
Release phase duration: 30
Process phase duration: 40
Resolve phase duration: 40
Prepare phase duration: 40
Acquire phase duration: 130
Exchange duration: 70
Release phase duration: 30
Process phase duration: 30
Resolve phase duration: 30
Prepare phase duration: 30
Acquire phase duration: 200
Exchange duration: 140
Release phase duration: 30
Process phase duration: 30
Resolve phase duration: 40
Prepare phase duration: 40
Acquire phase duration: 190
Exchange duration: 130
Release phase duration: 30
Process phase duration: 30
Resolve phase duration: 50
Prepare phase duration: 40
Acquire phase duration: 180
Exchange duration: 120
Release phase duration: 30
Process phase duration: 30
Resolve phase duration: 40
Prepare phase duration: 30
Acquire phase duration: 270
Exchange duration: 210
Release phase duration: 20
Process phase duration: 30
Resolve phase duration: 30
Prepare phase duration: 30
Acquire phase duration: 190
Exchange duration: 130
Release phase duration: 30
Process phase duration: 40
Resolve phase duration: 50
Prepare phase duration: 40
Acquire phase duration: 180
Exchange duration: 120
Release phase duration: 30
Process phase duration: 30
Resolve phase duration: 50
Prepare phase duration: 40
Acquire phase duration: 110
Exchange duration: 60
Release phase duration: 30
Process phase duration: 30
Resolve phase duration: 40
Prepare phase duration: 40
Acquire phase duration: 260
Exchange duration: 210
Release phase duration: 30
Process phase duration: 30
Resolve phase duration: 30
Prepare phase duration: 40
Acquire phase duration: 210
Exchange duration: 140
Release phase duration: 30
Process phase duration: 30
Resolve phase duration: 30
Prepare phase duration: 40
Acquire phase duration: 200
Exchange duration: 140
Release phase duration: 30
Process phase duration: 40
Resolve phase duration: 40
Prepare phase duration: 30
Acquire phase duration: 120
Exchange duration: 60
Release phase duration: 30
Process phase duration: 40
Resolve phase duration: 30
Prepare phase duration: 30
Acquire phase duration: 180
Exchange duration: 120
Release phase duration: 30
Process phase duration: 40
Resolve phase duration: 30
Prepare phase duration: 30
Acquire phase duration: 200
Exchange duration: 130
Release phase duration: 30
Process phase duration: 40
Resolve phase duration: 40
Prepare phase duration: 30
Acquire phase duration: 110
Exchange duration: 50
Release phase duration: 30
Process phase duration: 30
Resolve phase duration: 40
Prepare phase duration: 30
Acquire phase duration: 110
Exchange duration: 50
Release phase duration: 30
Process phase duration: 30
Resolve phase duration: 40
Prepare phase duration: 40
Acquire phase duration: 190
Exchange duration: 120
Release phase duration: 30
Process phase duration: 30
Resolve phase duration: 50
Prepare phase duration: 40
Acquire phase duration: 120
Exchange duration: 60
Release phase duration: 30
Process phase duration: 30
Resolve phase duration: 40
Prepare phase duration: 30
Acquire phase duration: 270
Exchange duration: 210
Release phase duration: 20
Process phase duration: 30
Resolve phase duration: 30
Prepare phase duration: 30
Acquire phase duration: 200
Exchange duration: 140
Release phase duration: 30
Process phase duration: 40
Resolve phase duration: 50
Prepare phase duration: 40
Acquire phase duration: 310
Exchange duration: 250
Release phase duration: 30
Process phase duration: 40
Resolve phase duration: 50
scheduler loop time: 1074637
Time taken for compare_exchange_strong: 40 ns
Time taken for compare_exchange_strong: 40 ns
Time taken for compare_exchange_strong: 30 ns
Time taken for compare_exchange_strong: 40 ns
Time taken for compare_exchange_strong: 30 ns
Time taken for compare_exchange_strong: 30 ns
Time taken for compare_exchange_strong: 40 ns
Time taken for compare_exchange_strong: 40 ns
Time taken for compare_exchange_strong: 40 ns
Time taken for compare_exchange_strong: 30 ns
Time taken for compare_exchange_strong: 40 ns
Time taken for compare_exchange_strong: 30 ns
Time taken for compare_exchange_strong: 30 ns
Time taken for compare_exchange_strong: 30 ns
Time taken for compare_exchange_strong: 40 ns
Time taken for compare_exchange_strong: 30 ns
Time taken for compare_exchange_strong: 30 ns
Time taken for compare_exchange_strong: 30 ns
Time taken for compare_exchange_strong: 30 ns
Time taken for compare_exchange_strong: 30 ns
Time taken for compare_exchange_strong: 40 ns
Time taken for compare_exchange_strong: 40 ns
Time taken for compare_exchange_strong: 30 ns
Time taken for compare_exchange_strong: 30 ns
Time taken for compare_exchange_strong: 30 ns
Time taken for compare_exchange_strong: 30 ns
Time taken for compare_exchange_strong: 40 ns
Time taken for compare_exchange_strong: 30 ns
Time taken for compare_exchange_strong: 30 ns
Time taken for compare_exchange_strong: 30 ns
Time taken for compare_exchange_strong: 30 ns
Time taken for compare_exchange_strong: 30 ns
Time taken for compare_exchange_strong: 40 ns
Time taken for compare_exchange_strong: 30 ns
Time taken for compare_exchange_strong: 30 ns
Time taken for compare_exchange_strong: 30 ns
Time taken for compare_exchange_strong: 30 ns
Time taken for compare_exchange_strong: 30 ns
Time taken for compare_exchange_strong: 30 ns
Time taken for compare_exchange_strong: 30 ns
Time taken for compare_exchange_strong: 30 ns
Time taken for compare_exchange_strong: 30 ns
Time taken for compare_exchange_strong: 30 ns
Time taken for compare_exchange_strong: 30 ns
Time taken for compare_exchange_strong: 30 ns
Time taken for compare_exchange_strong: 30 ns
Time taken for compare_exchange_strong: 30 ns
Time taken for compare_exchange_strong: 30 ns
Time taken for compare_exchange_strong: 40 ns
Time taken for compare_exchange_strong: 40 ns
Time taken for compare_exchange_strong: 30 ns
Time taken for compare_exchange_strong: 30 ns
Time taken for compare_exchange_strong: 30 ns
Time taken for compare_exchange_strong: 40 ns
Time taken for compare_exchange_strong: 40 ns
Time taken for compare_exchange_strong: 30 ns
Time taken for compare_exchange_strong: 30 ns
Time taken for compare_exchange_strong: 30 ns
Time taken for compare_exchange_strong: 30 ns
Time taken for compare_exchange_strong: 30 ns
Time taken for compare_exchange_strong: 30 ns
Time taken for compare_exchange_strong: 40 ns
Time taken for compare_exchange_strong: 30 ns
Time taken for compare_exchange_strong: 30 ns
Time taken for compare_exchange_strong: 30 ns
Time taken for compare_exchange_strong: 40 ns
Time taken for compare_exchange_strong: 40 ns
Time taken for compare_exchange_strong: 30 ns
Time taken for compare_exchange_strong: 40 ns
Time taken for compare_exchange_strong: 30 ns
Time taken for compare_exchange_strong: 40 ns
Time taken for compare_exchange_strong: 30 ns
Time taken for compare_exchange_strong: 30 ns
Time taken for compare_exchange_strong: 30 ns
Time taken for compare_exchange_strong: 30 ns
Time taken for compare_exchange_strong: 30 ns
Time taken for compare_exchange_strong: 30 ns
Time taken for compare_exchange_strong: 30 ns
Time taken for compare_exchange_strong: 30 ns
Time taken for compare_exchange_strong: 30 ns
Time taken for compare_exchange_strong: 40 ns
Time taken for compare_exchange_strong: 30 ns
Time taken for compare_exchange_strong: 30 ns
Time taken for compare_exchange_strong: 40 ns
Time taken for compare_exchange_strong: 30 ns
Time taken for compare_exchange_strong: 40 ns
Time taken for compare_exchange_strong: 30 ns
Time taken for compare_exchange_strong: 30 ns
Time taken for compare_exchange_strong: 30 ns
Time taken for compare_exchange_strong: 30 ns
Time taken for compare_exchange_strong: 30 ns
Time taken for compare_exchange_strong: 30 ns
Time taken for compare_exchange_strong: 30 ns
Time taken for compare_exchange_strong: 30 ns
Time taken for compare_exchange_strong: 30 ns
Time taken for compare_exchange_strong: 40 ns
Time taken for compare_exchange_strong: 30 ns
Time taken for compare_exchange_strong: 30 ns
Time taken for compare_exchange_strong: 30 ns
Time taken for compare_exchange_strong: 30 ns
Time taken for compare_exchange_strong: 30 ns
Time taken for compare_exchange_strong: 30 ns
Time taken for compare_exchange_strong: 30 ns
Time taken for compare_exchange_strong: 40 ns
Time taken for compare_exchange_strong: 30 ns
Time taken for compare_exchange_strong: 30 ns
Time taken for compare_exchange_strong: 30 ns
Time taken for compare_exchange_strong: 30 ns
Time taken for compare_exchange_strong: 40 ns
Time taken for compare_exchange_strong: 40 ns
Time taken for compare_exchange_strong: 30 ns
Time taken for compare_exchange_strong: 30 ns
Time taken for compare_exchange_strong: 30 ns
Time taken for compare_exchange_strong: 30 ns
Time taken for compare_exchange_strong: 30 ns
Time taken for compare_exchange_strong: 40 ns
Time taken for compare_exchange_strong: 30 ns
Time taken for compare_exchange_strong: 30 ns
Time taken for compare_exchange_strong: 30 ns
Time taken for compare_exchange_strong: 30 ns
Time taken for compare_exchange_strong: 40 ns
Time taken for compare_exchange_strong: 30 ns
Time taken for compare_exchange_strong: 30 ns
Time taken for compare_exchange_strong: 30 ns
Time taken for compare_exchange_strong: 40 ns
Time taken for compare_exchange_strong: 30 ns
Time taken for compare_exchange_strong: 30 ns
Time taken for compare_exchange_strong: 30 ns
No pending work!
Locking Scheduler.
Locking Scheduler done
Teardown beginning
Teardown: all threads stopped
cv_notify_all() for teardown
Unlock Scheduler lock
Pending unpause
Teardown: all threads beginning teardown
Destroying core 1
All threads stopped
All threads deallocated
