GNU gdb (Ubuntu 12.1-0ubuntu1~22.04) 12.1
Copyright (C) 2022 Free Software Foundation, Inc.
License GPLv3+: GNU GPL version 3 or later <http://gnu.org/licenses/gpl.html>
This is free software: you are free to change and redistribute it.
There is NO WARRANTY, to the extent permitted by law.
Type "show copying" and "show warranty" for details.
This GDB was configured as "x86_64-linux-gnu".
Type "show configuration" for configuration details.
For bug reporting instructions, please see:
<https://www.gnu.org/software/gdb/bugs/>.
Find the GDB manual and other documentation resources online at:
    <http://www.gnu.org/software/gdb/documentation/>.

For help, type "help".
Type "apropos word" to search for commands related to "word"...
Reading symbols from ./hash_rt...
[?2004h(gdb) 
[?2004l[?2004h(gdb) r
[?2004lStarting program: /mnt/nvme0/home/gxr/Myhash_boc/Hash_rt/build/hash_rt 
[Thread debugging using libthread_db enabled]
Using host libthread_db library "/lib/x86_64-linux-gnu/libthread_db.so.1".
Set fair: 1
Init runtime
Scheduler Thread created
Scheduler Thread created
Runtime initialised
Init time:1822697250
[New Thread 0x7fbfdf3e8640 (LWP 1090616)]
Starting all threads
[New Thread 0x7fbfd73e5640 (LWP 1090617)]
[New Thread 0x7fbfd6be4640 (LWP 1090618)]
[New Thread 0x7fbfd63e3640 (LWP 1090619)]
BehaviourCore::schedule_many1
Prepare phase duration: 1000
Acquire phase duration: 680
Exchange duration: 380
Release phase duration: 80
Process phase duration: 620
BehaviourCore::schedule_many1
Prepare phase duration: 150
Acquire phase duration: 500
Exchange duration: 380
Release phase duration: 50
Process phase duration: 170
BehaviourCore::schedule_many1
Prepare phase duration: 130
Acquire phase duration: 420
Exchange duration: 280
Release phase duration: 50
Process phase duration: 140
BehaviourCore::schedule_many1
Prepare phase duration: 140
Acquire phase duration: 400
Exchange duration: 260
Release phase duration: 40
Process phase duration: 160
BehaviourCore::schedule_many1
Prepare phase duration: 130
Acquire phase duration: 430
Exchange duration: 250
Release phase duration: 40
Process phase duration: 130
BehaviourCore::schedule_many1
Prepare phase duration: 140
Acquire phase duration: 540
Exchange duration: 380
Release phase duration: 50
Process phase duration: 150
BehaviourCore::schedule_many1
Prepare phase duration: 150
Acquire phase duration: 520
Exchange duration: 390
Release phase duration: 40
Process phase duration: 170
BehaviourCore::schedule_many1
Prepare phase duration: 160
Acquire phase duration: 420
Exchange duration: 290
Release phase duration: 40
Process phase duration: 140
BehaviourCore::schedule_many1
Prepare phase duration: 130
Acquire phase duration: 490
Exchange duration: 370
Release phase duration: 50
Process phase duration: 150
BehaviourCore::schedule_many1
Prepare phase duration: 140
Acquire phase duration: 520
Exchange duration: 380
Release phase duration: 50
Process phase duration: 140
BehaviourCore::schedule_many1
Prepare phase duration: 130
Acquire phase duration: 370
Exchange duration: 240
Release phase duration: 50
Process phase duration: 140
BehaviourCore::schedule_many1
Prepare phase duration: 140
Acquire phase duration: 370
Exchange duration: 250
Release phase duration: 40
Process phase duration: 160
BehaviourCore::schedule_many1
Prepare phase duration: 130
Acquire phase duration: 490
Exchange duration: 380
Release phase duration: 40
Process phase duration: 140
BehaviourCore::schedule_many1
Prepare phase duration: 130
Acquire phase duration: 540
Exchange duration: 400
Release phase duration: 60
Process phase duration: 160
BehaviourCore::schedule_many1
Prepare phase duration: 130
Acquire phase duration: 480
Exchange duration: 360
Release phase duration: 40
Process phase duration: 130
BehaviourCore::schedule_many1
Prepare phase duration: 130
Acquire phase duration: 390
Exchange duration: 260
Release phase duration: 50
Process phase duration: 140
BehaviourCore::schedule_many1
Prepare phase duration: 120
Acquire phase duration: 380
Exchange duration: 250
Release phase duration: 40
Process phase duration: 150
BehaviourCore::schedule_many1
Prepare phase duration: 130
Acquire phase duration: 370
Exchange duration: 250
Release phase duration: 40
Process phase duration: 190
BehaviourCore::schedule_many1
Prepare phase duration: 130
Acquire phase duration: 380
Exchange duration: 260
Release phase duration: 40
Process phase duration: 150
BehaviourCore::schedule_many1
Prepare phase duration: 140
Acquire phase duration: 470
Exchange duration: 360
Release phase duration: 50
Process phase duration: 130
BehaviourCore::schedule_many1
Prepare phase duration: 130
Acquire phase duration: 380
Exchange duration: 250
Release phase duration: 40
Process phase duration: 130
BehaviourCore::schedule_many1
Prepare phase duration: 140
Acquire phase duration: 380
Exchange duration: 270
Release phase duration: 40
Process phase duration: 130
BehaviourCore::schedule_many1
Prepare phase duration: 170
Acquire phase duration: 420
Exchange duration: 250
Release phase duration: 40
Process phase duration: 160
BehaviourCore::schedule_many1
Prepare phase duration: 150
Acquire phase duration: 380
Exchange duration: 260
Release phase duration: 50
Process phase duration: 130
BehaviourCore::schedule_many1
Prepare phase duration: 140
Acquire phase duration: 360
Exchange duration: 250
Release phase duration: 40
Process phase duration: 140
BehaviourCore::schedule_many1
Prepare phase duration: 140
Acquire phase duration: 370
Exchange duration: 260
Release phase duration: 40
Process phase duration: 140
BehaviourCore::schedule_many1
Prepare phase duration: 130
Acquire phase duration: 390
Exchange duration: 290
Release phase duration: 40
Process phase duration: 140
BehaviourCore::schedule_many1
Prepare phase duration: 150
Acquire phase duration: 370
Exchange duration: 240
Release phase duration: 40
Process phase duration: 130
BehaviourCore::schedule_many1
Prepare phase duration: 130
Acquire phase duration: 390
Exchange duration: 260
Release phase duration: 60
Process phase duration: 140
BehaviourCore::schedule_many1
Prepare phase duration: 140
Acquire phase duration: 540
Exchange duration: 400
Release phase duration: 50
Process phase duration: 140
BehaviourCore::schedule_many1
Prepare phase duration: 140
Acquire phase duration: 400
Exchange duration: 280
Release phase duration: 40
Process phase duration: 140
BehaviourCore::schedule_many1
Prepare phase duration: 130
Acquire phase duration: 390
Exchange duration: 280
Release phase duration: 50
Process phase duration: 150
BehaviourCore::schedule_many1
Prepare phase duration: 130
Acquire phase duration: 360
Exchange duration: 250
Release phase duration: 40
Process phase duration: 140
BehaviourCore::schedule_many1
Prepare phase duration: 140
Acquire phase duration: 360
Exchange duration: 240
Release phase duration: 40
Process phase duration: 210
BehaviourCore::schedule_many1
Prepare phase duration: 140
Acquire phase duration: 390
Exchange duration: 240
Release phase duration: 40
Process phase duration: 140
BehaviourCore::schedule_many1
Prepare phase duration: 130
Acquire phase duration: 370
Exchange duration: 250
Release phase duration: 40
Process phase duration: 150
BehaviourCore::schedule_many1
Prepare phase duration: 130
Acquire phase duration: 470
Exchange duration: 360
Release phase duration: 50
Process phase duration: 140
BehaviourCore::schedule_many1
Prepare phase duration: 150
Acquire phase duration: 360
Exchange duration: 240
Release phase duration: 50
Process phase duration: 140
BehaviourCore::schedule_many1
Prepare phase duration: 130
Acquire phase duration: 410
Exchange duration: 280
Release phase duration: 40
Process phase duration: 130
BehaviourCore::schedule_many1
Prepare phase duration: 160
Acquire phase duration: 410
Exchange duration: 280
Release phase duration: 40
Process phase duration: 140
BehaviourCore::schedule_many1
Prepare phase duration: 130
Acquire phase duration: 380
Exchange duration: 260
Release phase duration: 50
Process phase duration: 140
BehaviourCore::schedule_many1
Prepare phase duration: 140
Acquire phase duration: 380
Exchange duration: 270
Release phase duration: 60
Process phase duration: 140
BehaviourCore::schedule_many1
Prepare phase duration: 160
Acquire phase duration: 400
Exchange duration: 280
Release phase duration: 40
Process phase duration: 150
BehaviourCore::schedule_many1
Prepare phase duration: 140
Acquire phase duration: 400
Exchange duration: 290
Release phase duration: 40
Process phase duration: 190
BehaviourCore::schedule_many1
Prepare phase duration: 140
Acquire phase duration: 409
Exchange duration: 269
Release phase duration: 40
Process phase duration: 140
BehaviourCore::schedule_many1
Prepare phase duration: 130
Acquire phase duration: 400
Exchange duration: 280
Release phase duration: 60
Process phase duration: 160
BehaviourCore::schedule_many1
Prepare phase duration: 130
Acquire phase duration: 390
Exchange duration: 280
Release phase duration: 40
Process phase duration: 140
BehaviourCore::schedule_many1
Prepare phase duration: 150
Acquire phase duration: 420
Exchange duration: 270
Release phase duration: 40
Process phase duration: 130
BehaviourCore::schedule_many1
Prepare phase duration: 150
Acquire phase duration: 380
Exchange duration: 240
Release phase duration: 40
Process phase duration: 130
BehaviourCore::schedule_many1
Prepare phase duration: 130
Acquire phase duration: 380
Exchange duration: 260
Release phase duration: 40
Process phase duration: 130
BehaviourCore::schedule_many1
Prepare phase duration: 130
Acquire phase duration: 390
Exchange duration: 280
Release phase duration: 50
Process phase duration: 140
BehaviourCore::schedule_many1
Prepare phase duration: 150
Acquire phase duration: 380
Exchange duration: 260
Release phase duration: 40
Process phase duration: 140
BehaviourCore::schedule_many1
Prepare phase duration: 150
Acquire phase duration: 420
Exchange duration: 280
Release phase duration: 40
Process phase duration: 140
BehaviourCore::schedule_many1
Prepare phase duration: 140
Acquire phase duration: 360
Exchange duration: 230
Release phase duration: 40
Process phase duration: 130
BehaviourCore::schedule_many1
Prepare phase duration: 130
Acquire phase duration: 400
Exchange duration: 250
Release phase duration: 50
Process phase duration: 140
BehaviourCore::schedule_many1
Prepare phase duration: 130
Acquire phase duration: 360
Exchange duration: 230
Release phase duration: 40
Process phase duration: 160
BehaviourCore::schedule_many1
Prepare phase duration: 140
Acquire phase duration: 390
Exchange duration: 240
Release phase duration: 50
Process phase duration: 160
BehaviourCore::schedule_many1
Prepare phase duration: 130
Acquire phase duration: 410
Exchange duration: 260
Release phase duration: 40
Process phase duration: 130
BehaviourCore::schedule_many1
Prepare phase duration: 130
Acquire phase duration: 350
Exchange duration: 240
Release phase duration: 40
Process phase duration: 160
BehaviourCore::schedule_many1
Prepare phase duration: 130
Acquire phase duration: 380
Exchange duration: 260
Release phase duration: 40
Process phase duration: 140
BehaviourCore::schedule_many1
Prepare phase duration: 130
Acquire phase duration: 370
Exchange duration: 260
Release phase duration: 50
Process phase duration: 140
BehaviourCore::schedule_many1
Prepare phase duration: 130
Acquire phase duration: 370
Exchange duration: 240
Release phase duration: 40
Process phase duration: 140
BehaviourCore::schedule_many1
Prepare phase duration: 130
Acquire phase duration: 400
Exchange duration: 280
Release phase duration: 40
Process phase duration: 150
BehaviourCore::schedule_many1
Prepare phase duration: 170
Acquire phase duration: 400
Exchange duration: 280
Release phase duration: 40
Process phase duration: 220
BehaviourCore::schedule_many1
Prepare phase duration: 160
Acquire phase duration: 390
Exchange duration: 260
Release phase duration: 40
Process phase duration: 140
BehaviourCore::schedule_many1
Prepare phase duration: 130
Acquire phase duration: 410
Exchange duration: 280
Release phase duration: 40
Process phase duration: 140
BehaviourCore::schedule_many1
Prepare phase duration: 130
Acquire phase duration: 410
Exchange duration: 290
Release phase duration: 40
Process phase duration: 140
BehaviourCore::schedule_many1
Prepare phase duration: 130
Acquire phase duration: 390
Exchange duration: 270
Release phase duration: 40
Process phase duration: 140
BehaviourCore::schedule_many1
Prepare phase duration: 130
Acquire phase duration: 360
Exchange duration: 240
Release phase duration: 40
Process phase duration: 140
BehaviourCore::schedule_many1
Prepare phase duration: 140
Acquire phase duration: 410
Exchange duration: 260
Release phase duration: 40
Process phase duration: 130
BehaviourCore::schedule_many1
Prepare phase duration: 130
Acquire phase duration: 360
Exchange duration: 250
Release phase duration: 40
Process phase duration: 140
BehaviourCore::schedule_many1
Prepare phase duration: 140
Acquire phase duration: 400
Exchange duration: 250
Release phase duration: 40
Process phase duration: 140
BehaviourCore::schedule_many1
Prepare phase duration: 150
Acquire phase duration: 410
Exchange duration: 290
Release phase duration: 40
Process phase duration: 140
BehaviourCore::schedule_many1
Prepare phase duration: 120
Acquire phase duration: 400
Exchange duration: 280
Release phase duration: 40
Process phase duration: 150
BehaviourCore::schedule_many1
Prepare phase duration: 130
Acquire phase duration: 390
Exchange duration: 260
Release phase duration: 360
get work duration: 3380
Process phase duration: 130
BehaviourCore::schedule_many1
get work duration: 3430
Prepare phase duration: 130
Acquire phase duration: 550
thread id: 1 Schedule work 0x7fbfe03ed7a0
Exchange duration: 390
Release phase duration: 50
Process phase duration: 160
BehaviourCore::schedule_many1
Prepare phase duration: 150
Acquire phase duration: 400
Exchange duration: 280
Release phase duration: 50
Process phase duration: 140
BehaviourCore::schedule_many1
Prepare phase duration: 130
Acquire phase duration: 390
Exchange duration: 260
Release phase duration: 40
Process phase duration: 140
BehaviourCore::schedule_many1
Prepare phase duration: 150
Acquire phase duration: 370
Exchange duration: 270
Release phase duration: 40
Process phase duration: 170
BehaviourCore::schedule_many1
Prepare phase duration: 140
Acquire phase duration: 430
Exchange duration: 330
Release phase duration: 50
Process phase duration: 170
BehaviourCore::schedule_many1
Prepare phase duration: 130
Acquire phase duration: 390
Exchange duration: 250
Release phase duration: 40
Process phase duration: 130
BehaviourCore::schedule_many1
Prepare phase duration: 150
Acquire phase duration: 290
Exchange duration: 150
Release phase duration: 50
Process phase duration: 150
BehaviourCore::schedule_many1
Prepare phase duration: 130
Acquire phase duration: 360
Exchange duration: 240
Release phase duration: 40
Process phase duration: 140
BehaviourCore::schedule_many1
Prepare phase duration: 130
Acquire phase duration: 380
Exchange duration: 250
Release phase duration: 40
Process phase duration: 140
BehaviourCore::schedule_many1
Prepare phase duration: 130
Acquire phase duration: 400
Exchange duration: 290
Release phase duration: 40
Process phase duration: 140
BehaviourCore::schedule_many1
Prepare phase duration: 140
Acquire phase duration: 410
Exchange duration: 300
Release phase duration: 40
Process phase duration: 140
BehaviourCore::schedule_many1
Prepare phase duration: 140
Acquire phase duration: 390
Exchange duration: 280
Release phase duration: 50
Process phase duration: 140
BehaviourCore::schedule_many1
Prepare phase duration: 140
Acquire phase duration: 390
Exchange duration: 280
Release phase duration: 50
Process phase duration: 190
BehaviourCore::schedule_many1
Prepare phase duration: 130
Acquire phase duration: 390
Exchange duration: 270
Release phase duration: 40
Process phase duration: 140
BehaviourCore::schedule_many1
Prepare phase duration: 130
Acquire phase duration: 360
Exchange duration: 260
thread id: 1 work duration: 116839
Release phase duration: 50
completed_count_last_batch: 63
get work duration: 870
thread id: 1 Schedule work 0x7fbfe03ee0a0
Process phase duration: 150
thread id: 1 work duration: 2610
completed_count_last_batch: 62
get work duration: 440
BehaviourCore::schedule_many1
thread id: 1 Schedule work 0x7fbfe03edfe0
Prepare phase duration: 150
thread id: 1 work duration: 3170
completed_count_last_batch: 61
get work duration: 850
thread id: 1 Schedule work 0x7fbfe03ee160
thread id: 1 work duration: 9710
completed_count_last_batch: 60
get work duration: 1010
thread id: 1 Schedule work 0x7fbfe03edf20
thread id: 1 work duration: 2380
completed_count_last_batch: 59
get work duration: 480
thread id: 1 Schedule work 0x7fbfe03ede60
thread id: 1 work duration: 2970
completed_count_last_batch: 58
get work duration: 450
thread id: 1 Schedule work 0x7fbfe03edda0
Acquire phase duration: 410
thread id: 1 work duration: 2240
Exchange duration: 240
completed_count_last_batch: 57
get work duration: 460
thread id: 1 Schedule work 0x7fbfe03edce0
Release phase duration: 70
Process phase duration: 200
BehaviourCore::schedule_many1
thread id: 2 Schedule work 0x7fbfe03ed740
Prepare phase duration: 170
thread id: 1 work duration: 1960
completed_count_last_batch: 56
get work duration: 460
thread id: 1 Schedule work 0x7fbfe03edc20
thread id: 1 work duration: 2320
Acquire phase duration: 390
completed_count_last_batch: 55
Exchange duration: 260
Release phase duration: 40
get work duration: 450
thread id: 2 work duration: 36000
Process phase duration: 450
thread id: 1 Schedule work 0x7fbfe03edb60
BehaviourCore::schedule_many1
thread id: 1 work duration: 2830
completed_count_last_batch: 54
Prepare phase duration: 160
Acquire phase duration: 700
get work duration: 740
thread id: 1 Schedule work 0x7fbfe03ee220
Exchange duration: 240
completed_count_last_batch: 53
Release phase duration: 70
Process phase duration: 140
BehaviourCore::schedule_many1
Prepare phase duration: 140
Acquire phase duration: 730
get work duration: 1010
thread id: 1 work duration: 1470
Exchange duration: 280
Release phase duration: 40
Process phase duration: 140
BehaviourCore::schedule_many1
thread id: 2 Schedule work 0x7fbfe03ee280
Prepare phase duration: 130
Acquire phase duration: 370
thread id: 2 work duration: 2860
completed_count_last_batch: 51
Exchange duration: 280
completed_count_last_batch: 52
Release phase duration: 50
Process phase duration: 140
BehaviourCore::schedule_many1
get work duration: 490
get work duration: 440
thread id: 1 Schedule work 0x7fbfe03ee2e0
Prepare phase duration: 140
Acquire phase duration: 410
Exchange duration: 290
thread id: 2 Schedule work 0x7fbfe03ee1c0
thread id: 1 work duration: 1980
thread id: 2 work duration: 2030
completed_count_last_batch: 50
completed_count_last_batch: 49
Release phase duration: 40
get work duration: 110
Process phase duration: 150
get work duration: 460
BehaviourCore::schedule_many1
Prepare phase duration: 160
thread id: 2 Schedule work 0x7fbfe03ee340
thread id: 1 Schedule work 0x7fbfe03edaa0
Acquire phase duration: 580
Exchange duration: 440
Release phase duration: 50
Process phase duration: 160
thread id: 1 work duration: 1980
completed_count_last_batch: 48
BehaviourCore::schedule_many1
get work duration: 760
thread id: 2 work duration: 4710
Prepare phase duration: 140
completed_count_last_batch: 47
Acquire phase duration: 710
Exchange duration: 280
Release phase duration: 70
Process phase duration: 130
BehaviourCore::schedule_many1
thread id: 1 Schedule work 0x7fbfe03ee3a0
Prepare phase duration: 160
Acquire phase duration: 410
Exchange duration: 290
Release phase duration: 40
Process phase duration: 150
BehaviourCore::schedule_many1
Prepare phase duration: 140
thread id: 1 work duration: 1670
completed_count_last_batch: 46
get work duration: 720
thread id: 1 Schedule work 0x7fbfe03ee460
thread id: 1 work duration: 1880
completed_count_last_batch: 45
get work duration: 770
get work duration: 830
thread id: 1 Schedule work 0x7fbfe03ed9e0
thread id: 1 work duration: 1970
thread id: 2 Schedule work 0x7fbfe03ee4c0
completed_count_last_batch: 44
thread id: 2 work duration: 1650
Acquire phase duration: 380
Exchange duration: 240
Release phase duration: 730
Process phase duration: 140
BehaviourCore::schedule_many1
completed_count_last_batch: 43
get work duration: 440
Prepare phase duration: 160
thread id: 1 Schedule work 0x7fbfe03ed920
get work duration: 440
thread id: 2 Schedule work 0x7fbfe03ee400
thread id: 1 work duration: 1810
Acquire phase duration: 520
Exchange duration: 380
Release phase duration: 40
Process phase duration: 140
completed_count_last_batch: 42
thread id: 2 work duration: 1700
completed_count_last_batch: 41
get work duration: 740
thread id: 1 Schedule work 0x7fbfe03ee520
get work duration: 730
thread id: 2 Schedule work 0x7fbfe03ee580
BehaviourCore::schedule_many1
thread id: 1 work duration: 1480
thread id: 2 work duration: 1930
Prepare phase duration: 190
Acquire phase duration: 370
Exchange duration: 250
completed_count_last_batch: 40
completed_count_last_batch: 39
get work duration: 490
Release phase duration: 60
Process phase duration: 160
BehaviourCore::schedule_many1
get work duration: 510
thread id: 2 Schedule work 0x7fbfe03ee100
Prepare phase duration: 170
thread id: 1 Schedule work 0x7fbfe03ed860
Acquire phase duration: 940
thread id: 1 work duration: 1990
Exchange duration: 280
thread id: 2 work duration: 2290
completed_count_last_batch: 38
Release phase duration: 340
completed_count_last_batch: 37
Process phase duration: 140
get work duration: 810
get work duration: 1080
thread id: 1 Schedule work 0x7fbfe03ee5e0
thread id: 2 Schedule work 0x7fbfe03ee640
thread id: 1 work duration: 1920
BehaviourCore::schedule_many1
thread id: 2 work duration: 1590
completed_count_last_batch: 36
completed_count_last_batch: 35
get work duration: 480
Prepare phase duration: 500
thread id: 1 Schedule work 0x7fbfe03ed6e0
Acquire phase duration: 390
get work duration: 140
thread id: 1 work duration: 1740
thread id: 2 Schedule work 0x7fbfe03ee040
thread id: 2 work duration: 1590
completed_count_last_batch: 33
completed_count_last_batch: 34
get work duration: 120
thread id: 2 Schedule work 0x7fbfe03edf80
thread id: 2 work duration: 1700
completed_count_last_batch: 32
get work duration: 120
thread id: 2 Schedule work 0x7fbfe03edec0
Exchange duration: 270
get work duration: 860
thread id: 2 work duration: 1390
Release phase duration: 40
Process phase duration: 160
BehaviourCore::schedule_many1
completed_count_last_batch: 31
Prepare phase duration: 150
Acquire phase duration: 390
get work duration: 780
Exchange duration: 270
thread id: 1 Schedule work 0x7fbfe03ed620
thread id: 2 Schedule work 0x7fbfe03ede00
thread id: 2 work duration: 1570
completed_count_last_batch: 30
thread id: 1 work duration: 2250
Release phase duration: 620
get work duration: 420
Process phase duration: 429
thread id: 2 Schedule work 0x7fbfe03edd40
completed_count_last_batch: 29
thread id: 2 work duration: 1490
completed_count_last_batch: 28
get work duration: 420
thread id: 2 Schedule work 0x7fbfe03edc80
get work duration: 780
BehaviourCore::schedule_many1
thread id: 2 work duration: 1940
completed_count_last_batch: 27
Prepare phase duration: 150
get work duration: 480
thread id: 1 Schedule work 0x7fbfe03ee6a0
thread id: 2 Schedule work 0x7fbfe03ee700
thread id: 1 work duration: 1810
completed_count_last_batch: 26
get work duration: 460
thread id: 1 Schedule work 0x7fbfe03ed560
thread id: 2 work duration: 1950
completed_count_last_batch: 25
thread id: 1 work duration: 1910
completed_count_last_batch: 24
get work duration: 470
get work duration: 420
thread id: 1 Schedule work 0x7fbfe03ed4a0
Acquire phase duration: 380
thread id: 2 Schedule work 0x7fbfe03edbc0
Exchange duration: 260
Release phase duration: 40
thread id: 2 work duration: 2220
completed_count_last_batch: 23
get work duration: 420
thread id: 2 Schedule work 0x7fbfe03edb00
thread id: 2 work duration: 1460
completed_count_last_batch: 22
Process phase duration: 140
get work duration: 400
thread id: 1 work duration: 1850
completed_count_last_batch: 21
thread id: 2 Schedule work 0x7fbfe03eda40
BehaviourCore::schedule_many1
thread id: 2 work duration: 1950
Prepare phase duration: 140
Acquire phase duration: 400
get work duration: 760
Exchange duration: 280
thread id: 1 Schedule work 0x7fbfe03ee760
Release phase duration: 40
Process phase duration: 140
completed_count_last_batch: 20
BehaviourCore::schedule_many1
Prepare phase duration: 140
get work duration: 1110
thread id: 1 work duration: 1980
completed_count_last_batch: 19
Acquire phase duration: 580
thread id: 2 Schedule work 0x7fbfe03ee7c0
thread id: 2 work duration: 1400
completed_count_last_batch: 18
get work duration: 450
get work duration: 420
thread id: 2 Schedule work 0x7fbfe03ed980
thread id: 1 Schedule work 0x7fbfe03ed3e0
Exchange duration: 440
Release phase duration: 360
thread id: 1 work duration: 2010
completed_count_last_batch: 17
Process phase duration: 190
thread id: 2 work duration: 1530
completed_count_last_batch: 16
get work duration: 810
get work duration: 440
thread id: 1 Schedule work 0x7fbfe03ed320
thread id: 2 Schedule work 0x7fbfe03ed8c0
thread id: 2 work duration: 1440
thread id: 1 work duration: 1960
completed_count_last_batch: 15
get work duration: 140
completed_count_last_batch: 14
thread id: 2 Schedule work 0x7fbfe03ed800
get work duration: 470
thread id: 1 Schedule work 0x7fbfe03ed260
BehaviourCore::schedule_many1
thread id: 2 work duration: 1940
thread id: 1 work duration: 2020
Prepare phase duration: 140
completed_count_last_batch: 12
completed_count_last_batch: 12
get work duration: 790
thread id: 1 Schedule work 0x7fbfe03ee820
get work duration: 770
Acquire phase duration: 740
thread id: 1 work duration: 1440
completed_count_last_batch: 11
thread id: 2 Schedule work 0x7fbfe03ed680
Exchange duration: 280
get work duration: 440
thread id: 2 work duration: 1590
completed_count_last_batch: 10
thread id: 1 Schedule work 0x7fbfe03ed1a0
get work duration: 420
thread id: 2 Schedule work 0x7fbfe03ed5c0
thread id: 2 work duration: 1820
completed_count_last_batch: 9
get work duration: 430
thread id: 2 Schedule work 0x7fbfe03ed500
thread id: 1 work duration: 1890
thread id: 2 work duration: 1440
completed_count_last_batch: 8
completed_count_last_batch: 7
Release phase duration: 40
get work duration: 450
get work duration: 480
thread id: 1 Schedule work 0x7fbfe03ed0e0
thread id: 2 Schedule work 0x7fbfe03ed440
thread id: 1 work duration: 1960
Process phase duration: 150
completed_count_last_batch: 6
thread id: 2 work duration: 1500
BehaviourCore::schedule_many1
get work duration: 810
thread id: 1 Schedule work 0x7fbfe03ed020
Prepare phase duration: 160
completed_count_last_batch: 5
Acquire phase duration: 290
Exchange duration: 170
Release phase duration: 40
Process phase duration: 150
BehaviourCore::schedule_many1
Prepare phase duration: 150
Acquire phase duration: 400
Exchange duration: 280
Release phase duration: 50
Process phase duration: 140
get work duration: 800
thread id: 1 work duration: 1850
thread id: 2 Schedule work 0x7fbfe03ee880
completed_count_last_batch: 4
BehaviourCore::schedule_many1
get work duration: 470
Prepare phase duration: 150
thread id: 2 work duration: 1820
thread id: 1 Schedule work 0x7fbfe03ee8e0
Acquire phase duration: 389
completed_count_last_batch: 3
get work duration: 780
thread id: 2 Schedule work 0x7fbfe03ee940
thread id: 2 work duration: 2010
completed_count_last_batch: 2
Exchange duration: 270
thread id: 1 work duration: 1540
completed_count_last_batch: 1
get work duration: 420
get work duration: 430
thread id: 2 Schedule work 0x7fbfe03ed380
thread id: 1 Schedule work 0x7fbfe03ecf60
thread id: 2 work duration: 1490
thread id: 1 work duration: 2290
completed_count_last_batch: 0
completed_count_last_batch: 18446744073709551615
get work duration: 460
thread id: 1 Schedule work 0x7fbfe03ecea0
get work duration: 430
thread id: 1 work duration: 4770
thread id: 2 Schedule work 0x7fbfe03ed2c0
completed_count_last_batch: 18446744073709551614
thread id: 2 work duration: 1550
Release phase duration: 50
Process phase duration: 170
get work duration: 480
BehaviourCore::schedule_many1
thread id: 1 Schedule work 0x7fbfe03ecde0
thread id: 1 work duration: 1940
completed_count_last_batch: 18446744073709551613
get work duration: 790
completed_count_last_batch: 18446744073709551612
thread id: 1 Schedule work 0x7fbfe03ee9a0
thread id: 1 work duration: 1450
Prepare phase duration: 150
get work duration: 1140
thread id: 2 Schedule work 0x7fbfe03ed200
completed_count_last_batch: 18446744073709551611
Acquire phase duration: 370
Exchange duration: 250
Release phase duration: 50
thread id: 2 work duration: 2170
get work duration: 820
thread id: 1 Schedule work 0x7fbfe03ecd20
thread id: 1 work duration: 2000
completed_count_last_batch: 18446744073709551609
Process phase duration: 170
get work duration: 420
thread id: 1 Schedule work 0x7fbfe03ecc60
thread id: 1 work duration: 1910
completed_count_last_batch: 18446744073709551608
BehaviourCore::schedule_many1
Prepare phase duration: 150
Acquire phase duration: 400
Exchange duration: 260
get work duration: 450
completed_count_last_batch: 18446744073709551610
thread id: 1 Schedule work 0x7fbfe03ecba0
get work duration: 850
Release phase duration: 500
thread id: 2 Schedule work 0x7fbfe03eea00
Process phase duration: 150
thread id: 1 work duration: 1860
completed_count_last_batch: 18446744073709551607
thread id: 2 work duration: 1920
get work duration: 450
completed_count_last_batch: 18446744073709551606
thread id: 1 Schedule work 0x7fbfe03ecae0
thread id: 1 work duration: 1820
completed_count_last_batch: 18446744073709551605
get work duration: 780
thread id: 2 Schedule work 0x7fbfe03ed140
thread id: 2 work duration: 1450
completed_count_last_batch: 18446744073709551604
BehaviourCore::schedule_many1
get work duration: 800
get work duration: 1080
thread id: 1 Schedule work 0x7fbfe03eca20
Prepare phase duration: 150
thread id: 2 Schedule work 0x7fbfe03ed080
thread id: 2 work duration: 1490
completed_count_last_batch: 18446744073709551603
Acquire phase duration: 420
get work duration: 430
thread id: 2 Schedule work 0x7fbfe03ecfc0
thread id: 1 work duration: 1980
completed_count_last_batch: 18446744073709551602
get work duration: 760
thread id: 1 Schedule work 0x7fbfe03eea60
Exchange duration: 270
Release phase duration: 40
Process phase duration: 150
thread id: 2 work duration: 4090
BehaviourCore::schedule_many1
Prepare phase duration: 150
completed_count_last_batch: 18446744073709551601
thread id: 1 work duration: 1850
get work duration: 780
thread id: 2 Schedule work 0x7fbfe03eeac0
completed_count_last_batch: 18446744073709551600
thread id: 2 work duration: 1520
get work duration: 470
thread id: 1 Schedule work 0x7fbfe03ec960
Acquire phase duration: 370
completed_count_last_batch: 18446744073709551599
Exchange duration: 240
Release phase duration: 60
Process phase duration: 140
get work duration: 430
thread id: 2 Schedule work 0x7fbfe03ecf00
thread id: 1 work duration: 1930
BehaviourCore::schedule_many1
thread id: 2 work duration: 1610
completed_count_last_batch: 18446744073709551598
completed_count_last_batch: 18446744073709551597
Prepare phase duration: 160
get work duration: 820
thread id: 1 Schedule work 0x7fbfe03eeb20
Acquire phase duration: 400
get work duration: 1140
thread id: 2 Schedule work 0x7fbfe03ece40
thread id: 1 work duration: 1430
Exchange duration: 270
Release phase duration: 350
Process phase duration: 140
BehaviourCore::schedule_many1
completed_count_last_batch: 18446744073709551596
thread id: 2 work duration: 1630
get work duration: 440
thread id: 1 Schedule work 0x7fbfe03ec8a0
Prepare phase duration: 180
Acquire phase duration: 360
Exchange duration: 240
Release phase duration: 40
thread id: 1 work duration: 1810
Process phase duration: 140
completed_count_last_batch: 18446744073709551595
completed_count_last_batch: 18446744073709551594
BehaviourCore::schedule_many1
get work duration: 780
thread id: 1 Schedule work 0x7fbfe03eebe0
Prepare phase duration: 150
get work duration: 780
thread id: 2 Schedule work 0x7fbfe03eeb80
thread id: 1 work duration: 1900
completed_count_last_batch: 18446744073709551593
get work duration: 420
thread id: 1 Schedule work 0x7fbfe03ec7e0
Acquire phase duration: 370
thread id: 1 work duration: 1830
thread id: 2 work duration: 1760
completed_count_last_batch: 18446744073709551592
get work duration: 440
thread id: 2 Schedule work 0x7fbfe03ecd80
Exchange duration: 230
completed_count_last_batch: 18446744073709551591
thread id: 2 work duration: 1480
completed_count_last_batch: 18446744073709551590
get work duration: 860
Release phase duration: 350
thread id: 1 Schedule work 0x7fbfe03ec720
get work duration: 450
thread id: 1 work duration: 2230
completed_count_last_batch: 18446744073709551589
get work duration: 420
thread id: 1 Schedule work 0x7fbfe03ec660
Process phase duration: 160
thread id: 2 Schedule work 0x7fbfe03eccc0
BehaviourCore::schedule_many1
thread id: 1 work duration: 1990
completed_count_last_batch: 18446744073709551588
thread id: 2 work duration: 1690
completed_count_last_batch: 18446744073709551587
get work duration: 500
Prepare phase duration: 160
thread id: 1 Schedule work 0x7fbfe03ec5a0
Acquire phase duration: 910
get work duration: 520
thread id: 1 work duration: 2120
thread id: 2 Schedule work 0x7fbfe03eec40
thread id: 2 work duration: 1630
completed_count_last_batch: 18446744073709551586
completed_count_last_batch: 18446744073709551585
get work duration: 450
thread id: 2 Schedule work 0x7fbfe03ecc00
get work duration: 430
Exchange duration: 490
Release phase duration: 330
Process phase duration: 150
thread id: 1 Schedule work 0x7fbfe03ec4e0
BehaviourCore::schedule_many1
thread id: 2 work duration: 1540
thread id: 1 work duration: 2050
completed_count_last_batch: 18446744073709551584
get work duration: 760
completed_count_last_batch: 18446744073709551583
Prepare phase duration: 150
get work duration: 860
Acquire phase duration: 880
Exchange duration: 260
thread id: 2 Schedule work 0x7fbfe03ecb40
thread id: 1 Schedule work 0x7fbfe03eeca0
Release phase duration: 40
thread id: 2 work duration: 1930
thread id: 1 work duration: 1660
completed_count_last_batch: 18446744073709551582
completed_count_last_batch: 18446744073709551581
Process phase duration: 170
get work duration: 440
get work duration: 820
BehaviourCore::schedule_many1
Prepare phase duration: 150
Acquire phase duration: 290
Exchange duration: 160
thread id: 2 Schedule work 0x7fbfe03eca80
thread id: 2 work duration: 1530
completed_count_last_batch: 18446744073709551580
Release phase duration: 40
Process phase duration: 140
thread id: 1 Schedule work 0x7fbfe03ec420
BehaviourCore::schedule_many1
thread id: 1 work duration: 1810
completed_count_last_batch: 18446744073709551579
Prepare phase duration: 150
get work duration: 460
thread id: 2 Schedule work 0x7fbfe03eed00
get work duration: 790
thread id: 2 work duration: 1760
completed_count_last_batch: 18446744073709551578
thread id: 1 Schedule work 0x7fbfe03eed60
Acquire phase duration: 380
Exchange duration: 260
thread id: 1 work duration: 1920
completed_count_last_batch: 18446744073709551577
Release phase duration: 80
Process phase duration: 450
get work duration: 1100
thread id: 2 Schedule work 0x7fbfe03ec9c0
get work duration: 450
BehaviourCore::schedule_many1
thread id: 2 work duration: 1460
completed_count_last_batch: 18446744073709551576
Prepare phase duration: 160
thread id: 1 Schedule work 0x7fbfe03ec360
get work duration: 470
thread id: 1 work duration: 2020
completed_count_last_batch: 18446744073709551575
get work duration: 500
thread id: 2 Schedule work 0x7fbfe03eedc0
thread id: 1 Schedule work 0x7fbfe03ec2a0
thread id: 1 work duration: 1830
thread id: 2 work duration: 1590
completed_count_last_batch: 18446744073709551573
completed_count_last_batch: 18446744073709551574
get work duration: 450
thread id: 2 Schedule work 0x7fbfe03ec900
thread id: 2 work duration: 1370
completed_count_last_batch: 18446744073709551572
get work duration: 520
get work duration: 440
thread id: 1 Schedule work 0x7fbfe03ec1e0
Acquire phase duration: 480
thread id: 1 work duration: 1940
Exchange duration: 280
thread id: 2 Schedule work 0x7fbfe03ec840
Release phase duration: 50
completed_count_last_batch: 18446744073709551571
thread id: 2 work duration: 1500
completed_count_last_batch: 18446744073709551570
get work duration: 500
get work duration: 1110
thread id: 1 Schedule work 0x7fbfe03ec120
thread id: 2 Schedule work 0x7fbfe03ec780
thread id: 1 work duration: 1860
Process phase duration: 160
completed_count_last_batch: 18446744073709551569
BehaviourCore::schedule_many1
thread id: 2 work duration: 2140
completed_count_last_batch: 18446744073709551568
get work duration: 809
get work duration: 1129
thread id: 1 Schedule work 0x7fbfe03eee20
Prepare phase duration: 140
Acquire phase duration: 390
Exchange duration: 250
Release phase duration: 50
Process phase duration: 140
BehaviourCore::schedule_many1
Prepare phase duration: 160
Acquire phase duration: 370
Exchange duration: 240
thread id: 2 Schedule work 0x7fbfe03ec6c0
thread id: 1 work duration: 1590
thread id: 2 work duration: 1570
completed_count_last_batch: 18446744073709551567
completed_count_last_batch: 18446744073709551566
Release phase duration: 520
get work duration: 460
thread id: 2 Schedule work 0x7fbfe03eee80
Process phase duration: 190
thread id: 2 work duration: 1750
get work duration: 440
thread id: 1 Schedule work 0x7fbfe03ec060
completed_count_last_batch: 18446744073709551565
thread id: 1 work duration: 1990
BehaviourCore::schedule_many1
get work duration: 420
completed_count_last_batch: 18446744073709551564
Prepare phase duration: 150
thread id: 2 Schedule work 0x7fbfe03ec600
Acquire phase duration: 930
get work duration: 750
Exchange duration: 270
Release phase duration: 50
Process phase duration: 140
thread id: 1 Schedule work 0x7fbfe03eeee0
BehaviourCore::schedule_many1
thread id: 2 work duration: 1730
completed_count_last_batch: 18446744073709551563
Prepare phase duration: 140
get work duration: 420
thread id: 2 Schedule work 0x7fbfe03eef40
Acquire phase duration: 1160
thread id: 1 work duration: 2160
thread id: 2 work duration: 2180
completed_count_last_batch: 18446744073709551562
get work duration: 800
completed_count_last_batch: 18446744073709551561
thread id: 2 Schedule work 0x7fbfe03ec540
thread id: 2 work duration: 1480
completed_count_last_batch: 18446744073709551560
Exchange duration: 500
Release phase duration: 50
Process phase duration: 190
get work duration: 470
thread id: 1 Schedule work 0x7fbfe03eefa0
get work duration: 1120
thread id: 1 work duration: 1460
completed_count_last_batch: 18446744073709551559
thread id: 2 Schedule work 0x7fbfe03ec480
thread id: 2 work duration: 1460
completed_count_last_batch: 18446744073709551558
get work duration: 400
thread id: 2 Schedule work 0x7fbfe03ec3c0
thread id: 2 work duration: 1420
completed_count_last_batch: 18446744073709551557
get work duration: 450
thread id: 2 Schedule work 0x7fbfe03ec300
thread id: 2 work duration: 1460
completed_count_last_batch: 18446744073709551556
get work duration: 480
thread id: 2 Schedule work 0x7fbfe03ec240
thread id: 2 work duration: 1500
completed_count_last_batch: 18446744073709551555
get work duration: 420
thread id: 2 Schedule work 0x7fbfe03ec180
thread id: 2 work duration: 1440
completed_count_last_batch: 18446744073709551554
get work duration: 400
thread id: 2 Schedule work 0x7fbfe03ec0c0
thread id: 2 work duration: 1430
completed_count_last_batch: 18446744073709551553
get work duration: 420
thread id: 2 Schedule work 0x7fbfe03ec000
thread id: 2 work duration: 1770
completed_count_last_batch: 18446744073709551552

Thread 1 "hash_rt" received signal SIGINT, Interrupt.
__futex_abstimed_wait_common64 (private=128, cancel=true, abstime=0x0, op=265, expected=1090618, futex_word=0x7fbfd6be4910) at ./nptl/futex-internal.c:57
57	./nptl/futex-internal.c: No such file or directory.
[?2004h[?2004l[?2004h(gdb) 