/users/Xuran/hash_rt/build/hash_rt --num_threads=20 --str_key_size=8 --str_value_size=100 --num_ops=5000000 --first_mode=true --work_usec=0 --batch_size=80
Harness starting.
 /users/Xuran/hash_rt/build/hash_rt --num_threads=20 --str_key_size=8 --str_value_size=100 --num_ops=5000000 --first_mode=true --work_usec=0 --batch_size=80 --seed 4233490252
Init time:1276822620
Scheduler cores: 11
External thread 0 is running on core 11
External thread 1 is running on core 12
External thread 2 is running on core 13
External thread 3 is running on core 14
External thread 4 is running on core 15
External thread 5 is running on core 16
External thread 6 is running on core 17
External thread 7 is running on core 18
External thread 8 is running on core 19
Total scheduler time:15494744402
Pausing: active threads: 11
Pausing: active threads: 10
Pausing: active threads: 9
Pausing: active threads: 8
Pausing: active threads: 7
Pausing: active threads: 6
Pausing: active threads: 5
Pausing: active threads: 4
Pausing: active threads: 3
Pausing: active threads: 2
Pausing: active threads: 1
Teardown: all threads stopped
[report]: insert_run_time_ns : 45071277298
[report]: scheduler_total_when_schedules : 5000000
[report]: scheduler_total_when_time_ns : 13798650529
Teardown: all threads stopped
[report]: insert_overall_operation_number : 4482255
[report]: insert_overall_throughput : 99448.146773
[report]: scheduler_avg_when_time_ns : 2759.730106
[report]: insert_avg_insert_time_ns : 10055.000000
/users/Xuran/hash_rt/build/hash_rt --num_threads=21 --str_key_size=8 --str_value_size=100 --num_ops=5000000 --first_mode=true --work_usec=0 --batch_size=80
Harness starting.
 /users/Xuran/hash_rt/build/hash_rt --num_threads=21 --str_key_size=8 --str_value_size=100 --num_ops=5000000 --first_mode=true --work_usec=0 --batch_size=80 --seed 3805275748
Init time:68927904039
Scheduler cores: 12
External thread 0 is running on core 12
External thread 1 is running on core 13
External thread 2 is running on core 14
External thread 3 is running on core 15
External thread 4 is running on core 16
External thread 5 is running on core 17
External thread 6 is running on core 18
External thread 7 is running on core 19
External thread 8 is running on core 20
Total scheduler time:28555657082
Pausing: active threads: 12
Pausing: active threads: 11
Pausing: active threads: 10
Pausing: active threads: 9
Pausing: active threads: 8
Pausing: active threads: 7
Pausing: active threads: 6
Pausing: active threads: 5
Pausing: active threads: 4
Pausing: active threads: 3
Pausing: active threads: 2
Pausing: active threads: 1
Teardown: all threads stopped
[report]: insert_run_time_ns : 129552613863
[report]: scheduler_total_when_schedules : 5000000
[report]: scheduler_total_when_time_ns : 11436206692
Teardown: all threads stopped
[report]: insert_overall_operation_number : 4481655
[report]: insert_overall_throughput : 34593.319782
[report]: scheduler_avg_when_time_ns : 2287.241338
[report]: insert_avg_insert_time_ns : 28907.000000
