/users/Xuran/hash_rt/build/hash_rt --num_threads=18 --str_key_size=8 --str_value_size=100 --num_ops=5000000 --first_mode=true --work_usec=0 --batch_size=80
Harness starting.
 /users/Xuran/hash_rt/build/hash_rt --num_threads=18 --str_key_size=8 --str_value_size=100 --num_ops=5000000 --first_mode=true --work_usec=0 --batch_size=80 --seed 4251091746
Init time:1257072566
Scheduler cores: 9
External thread 0 is running on core 9
External thread 1 is running on core 10
External thread 2 is running on core 11
External thread 3 is running on core 12
External thread 4 is running on core 13
External thread 5 is running on core 14
External thread 6 is running on core 15
External thread 7 is running on core 16
External thread 8 is running on core 17
Total scheduler time:8558364491
Pausing: active threads: 9
Pausing: active threads: 8
Pausing: active threads: 7
Pausing: active threads: 6
Pausing: active threads: 5
Pausing: active threads: 4
Pausing: active threads: 3
Pausing: active threads: 2
Pausing: active threads: 1
Teardown: all threads stopped
[report]: insert_run_time_ns : 12773086101
[report]: scheduler_total_when_schedules : 5000000
[report]: scheduler_total_when_time_ns : 7056216003
Teardown: all threads stopped
[report]: insert_overall_operation_number : 4480310
[report]: insert_overall_throughput : 350761.747363
[report]: scheduler_avg_when_time_ns : 1411.243201
[report]: insert_avg_insert_time_ns : 2850.000000
/users/Xuran/hash_rt/build/hash_rt --num_threads=19 --str_key_size=8 --str_value_size=100 --num_ops=5000000 --first_mode=true --work_usec=0 --batch_size=80
Harness starting.
 /users/Xuran/hash_rt/build/hash_rt --num_threads=19 --str_key_size=8 --str_value_size=100 --num_ops=5000000 --first_mode=true --work_usec=0 --batch_size=80 --seed 2930005826
Init time:1253278676
Scheduler cores: 10
External thread 0 is running on core 10
External thread 1 is running on core 11
External thread 2 is running on core 12
External thread 3 is running on core 13
External thread 4 is running on core 14
External thread 5 is running on core 15
External thread 6 is running on core 16
External thread 7 is running on core 17
External thread 8 is running on core 18
Total scheduler time:15048308525
Pausing: active threads: 10
Pausing: active threads: 9
Pausing: active threads: 8
Pausing: active threads: 7
Pausing: active threads: 6
Pausing: active threads: 5
Pausing: active threads: 4
Pausing: active threads: 3
Pausing: active threads: 2
Pausing: active threads: 1
Teardown: all threads stopped
[report]: insert_run_time_ns : 17845620510
[report]: scheduler_total_when_schedules : 5000000
[report]: scheduler_total_when_time_ns : 13131162353
Teardown: all threads stopped
[report]: insert_overall_operation_number : 4482422
[report]: insert_overall_throughput : 251177.704776
[report]: scheduler_avg_when_time_ns : 2626.232471
[report]: insert_avg_insert_time_ns : 3981.000000
