/users/Xuran/hash_rt/build/hash_rt --num_threads=17 --str_key_size=8 --str_value_size=100 --num_ops=5000000 --first_mode=true --work_usec=0 --batch_size=80
Harness starting.
 /users/Xuran/hash_rt/build/hash_rt --num_threads=17 --str_key_size=8 --str_value_size=100 --num_ops=5000000 --first_mode=true --work_usec=0 --batch_size=80 --seed 3451687582
Init time:2357146835
Scheduler cores: 8
External thread 0 is running on core 8
External thread 1 is running on core 9
External thread 2 is running on core 10External thread 3 is running on core 11

External thread 4 is running on core 12
External thread 5 is running on core 13
External thread 6 is running on core 14
External thread 7 is running on core 15
External thread 8 is running on core 16
When schedules during sleep: 4761857
Pausing: active threads: 8
Pausing: active threads: 7
Pausing: active threads: 6
Pausing: active threads: 5
Pausing: active threads: 4
Pausing: active threads: 3
Pausing: active threads: 2
Pausing: active threads: 1
Teardown: all threads stopped
[report]: insert_run_time_ns : 531673979
[report]: scheduler_total_when_schedules : 4775211
[report]: scheduler_total_when_time_ns : 3187512821
Teardown: all threads stopped
[report]: insert_overall_operation_number : 4631024
[report]: insert_overall_throughput : 8710270.171037
[report]: scheduler_avg_when_time_ns : 667.512456
[report]: insert_avg_insert_time_ns : 114.000000
