/users/Xuran/hash_rt/build/hash_rt --num_threads=12 --str_key_size=8 --str_value_size=100 --num_ops=5000000 --first_mode=true --work_usec=0 --batch_size=80
Harness starting.
 /users/Xuran/hash_rt/build/hash_rt --num_threads=12 --str_key_size=8 --str_value_size=100 --num_ops=5000000 --first_mode=true --work_usec=0 --batch_size=80 --seed 3623019766
Init time:2335945919
Scheduler cores: 3
External thread 0 is running on core 3
External thread 1 is running on core 4
External thread 2 is running on core 5
External thread 3 is running on core 6
External thread 4 is running on core 7
External thread 5 is running on core 8
External thread 6 is running on core 9
External thread 7 is running on core 10
External thread 8 is running on core 11
Total scheduler time:3513857877
When schedules during sleep: 4999660
Pausing: active threads: 3
Pausing: active threads: 2
Pausing: active threads: 1
Teardown: all threads stopped
[report]: insert_run_time_ns : 1383804767
[report]: scheduler_total_when_schedules : 5000000
[report]: scheduler_total_when_time_ns : 2853512565
Teardown: all threads stopped
[report]: insert_overall_operation_number : 4835827
[report]: insert_overall_throughput : 3494587.614757
[report]: scheduler_avg_when_time_ns : 570.702513
[report]: insert_avg_insert_time_ns : 286.000000
