/users/Xuran/hash_rt/build/hash_rt --num_threads=29 --str_key_size=8 --str_value_size=100 --num_ops=5000000 --first_mode=true --work_usec=0 --batch_size=80
Harness starting.
 /users/Xuran/hash_rt/build/hash_rt --num_threads=29 --str_key_size=8 --str_value_size=100 --num_ops=5000000 --first_mode=true --work_usec=0 --batch_size=80 --seed 3501556550
Init time:2364162306
Scheduler cores: 20
External thread 0 is running on core 20
External thread 1 is running on core 21
External thread 2 is running on core 22
External thread 3 is running on core 23
External thread 4 is running on core 24
External thread 5 is running on core 25
External thread 6 is running on core 26
External thread 7 is running on core 27
External thread 8 is running on core 28
Total scheduler time:3276780862
When schedules during sleep: 4999674
Pausing: active threads: 20
Pausing: active threads: 19
Pausing: active threads: 18
Pausing: active threads: 17
Pausing: active threads: 16
Pausing: active threads: 15
Pausing: active threads: 14
Pausing: active threads: 13
Pausing: active threads: 12
Pausing: active threads: 11
Pausing: active threads: 10
Pausing: active threads: 9
Pausing: active threads: 8
Pausing: active threads: 7
Pausing: active threads: 6
Pausing: active threads: 5
Pausing: active threads: 4
Pausing: active threads: 3
Pausing: active threads: 2
Pausing: active threads: 1
Teardown: all threads stopped
[report]: insert_run_time_ns : 965029809
[report]: scheduler_total_when_schedules : 5000000
[report]: scheduler_total_when_time_ns : 2888882734
Teardown: all threads stopped
[report]: insert_overall_operation_number : 4836290
[report]: insert_overall_throughput : 5011544.674471
[report]: scheduler_avg_when_time_ns : 577.776547
[report]: insert_avg_insert_time_ns : 199.000000
