/users/Xuran/hash_rt/build/hash_rt --num_threads=22 --str_key_size=8 --str_value_size=100 --num_ops=5000000 --first_mode=true --work_usec=0 --batch_size=80
Harness starting.
 /users/Xuran/hash_rt/build/hash_rt --num_threads=22 --str_key_size=8 --str_value_size=100 --num_ops=5000000 --first_mode=true --work_usec=0 --batch_size=80 --seed 3453533426
Init time:2345452228
Scheduler cores: 13
External thread 0 is running on core 13
External thread 1 is running on core 14
External thread 2 is running on core 15
External thread 3 is running on core 16
External thread 4 is running on core 17
External thread 5 is running on core 18
External thread 6 is running on core 19
External thread 7 is running on core 20
External thread 8 is running on core 21
When schedules during sleep: 3421213
Pausing: active threads: 13
Pausing: active threads: 12
Pausing: active threads: 11
Pausing: active threads: 10
Pausing: active threads: 9
Pausing: active threads: 8
Pausing: active threads: 7
Pausing: active threads: 6
Pausing: active threads: 5
Pausing: active threads: 4
Pausing: active threads: 3
Pausing: active threads: 2
Pausing: active threads: 1
Teardown: all threads stopped
[report]: insert_run_time_ns : 384608526
[report]: scheduler_total_when_schedules : 3425249
[report]: scheduler_total_when_time_ns : 3897474370
Teardown: all threads stopped
[report]: insert_overall_operation_number : 3368343
[report]: insert_overall_throughput : 8757847.973448
[report]: scheduler_avg_when_time_ns : 1137.865997
[report]: insert_avg_insert_time_ns : 114.000000
