/users/Xuran/hash_rt/build/hash_rt --num_threads=6 --str_key_size=8 --str_value_size=100 --num_ops=1000000 --first_mode=true --work_usec=0
Harness starting.
 /users/Xuran/hash_rt/build/hash_rt --num_threads=6 --str_key_size=8 --str_value_size=100 --num_ops=1000000 --first_mode=true --work_usec=0 --seed 617394386
Init time:896382863
Scheduler cores: 3
Pending when ops: 0, Queue size: 7
Processing batch, queue size: 13
Pending when ops: 0, Queue size: 82
Processing batch, queue size: 83
Pending when ops: 0, Queue size: 117
Processing batch, queue size: 120
Pending when ops: 0, Queue size: 181
Processing batch, queue size: 184
Pending when ops: 0, Queue size: 260
Processing batch, queue size: 262
Pending when ops: 0, Queue size: 408
Processing batch, queue size: 410
Pending when ops: 0, Queue size: 590
Processing batch, queue size: 591
Pending when ops: 0, Queue size: 885
Processing batch, queue size: 887
Pending when ops: 0, Queue size: 1275
Processing batch, queue size: 1279
Pending when ops: 0, Queue size: 1792
Processing batch, queue size: 1793
Pending when ops: 0, Queue size: 2155
Processing batch, queue size: 2157
Pending when ops: 0, Queue size: 2659
Processing batch, queue size: 2662
Pending when ops: 0, Queue size: 3165
Processing batch, queue size: 3167
Pending when ops: 0, Queue size: 3672
Processing batch, queue size: 3673
Pending when ops: 0, Queue size: 4096
Processing batch, queue size: 4128
Pending when ops: 0, Queue size: 4669
Processing batch, queue size: 4670
Pending when ops: 0, Queue size: 5194
Processing batch, queue size: 5195
Pending when ops: 0, Queue size: 5685
Processing batch, queue size: 5687
Pending when ops: 0, Queue size: 6170
Processing batch, queue size: 6172
Pending when ops: 0, Queue size: 6674
Processing batch, queue size: 6675
Pending when ops: 0, Queue size: 7174
Processing batch, queue size: 7175
Pending when ops: 0, Queue size: 7666
Processing batch, queue size: 7667
Pending when ops: 0, Queue size: 8138
Processing batch, queue size: 8140
Pending when ops: 0, Queue size: 8192
Processing batch, queue size: 8204
Pending when ops: 0, Queue size: 8754
Processing batch, queue size: 8755
Pending when ops: 0, Queue size: 9232
Processing batch, queue size: 9235
Pending when ops: 0, Queue size: 9717
Processing batch, queue size: 9718
Pending when ops: 0, Queue size: 10200
Processing batch, queue size: 10201
Pending when ops: 0, Queue size: 10680
Processing batch, queue size: 10681
Pending when ops: 0, Queue size: 11171
Processing batch, queue size: 11173
Pending when ops: 0, Queue size: 11657
Processing batch, queue size: 11658
Pending when ops: 0, Queue size: 12119
Processing batch, queue size: 12121
Pending when ops: 0, Queue size: 12631
Processing batch, queue size: 12634
Pending when ops: 0, Queue size: 13103
Processing batch, queue size: 13105
Pending when ops: 0, Queue size: 13622
Processing batch, queue size: 13623
Pending when ops: 0, Queue size: 14127
Processing batch, queue size: 14130
Pending when ops: 0, Queue size: 14637
Processing batch, queue size: 14639
Pending when ops: 0, Queue size: 15115
Processing batch, queue size: 15117
Pending when ops: 0, Queue size: 15580
Processing batch, queue size: 15580
Pending when ops: 0, Queue size: 16074
Processing batch, queue size: 16076
Pending when ops: 0, Queue size: 16384
Processing batch, queue size: 16405
Pending when ops: 0, Queue size: 16860
Processing batch, queue size: 16863
Pending when ops: 0, Queue size: 17314
Processing batch, queue size: 17315
Pending when ops: 0, Queue size: 17803
Processing batch, queue size: 17805
Pending when ops: 0, Queue size: 18260
Processing batch, queue size: 18261
Pending when ops: 0, Queue size: 18662
Processing batch, queue size: 18664
Pending when ops: 0, Queue size: 19115
Processing batch, queue size: 19118
Pending when ops: 0, Queue size: 19563
Processing batch, queue size: 19565
Pending when ops: 0, Queue size: 20008
Processing batch, queue size: 20008
Pending when ops: 0, Queue size: 20464
Processing batch, queue size: 20465
Pending when ops: 0, Queue size: 20896
Processing batch, queue size: 20897
Pending when ops: 0, Queue size: 21354
Processing batch, queue size: 21356
Pending when ops: 0, Queue size: 21815
Processing batch, queue size: 21817
Pending when ops: 0, Queue size: 22255
Processing batch, queue size: 22255
Pending when ops: 0, Queue size: 22697
Processing batch, queue size: 22697
Pending when ops: 0, Queue size: 23137
Processing batch, queue size: 23138
Pending when ops: 0, Queue size: 23584
Processing batch, queue size: 23585
Pending when ops: 0, Queue size: 24050
Processing batch, queue size: 24053
Pending when ops: 0, Queue size: 24471
Processing batch, queue size: 24475
Pending when ops: 0, Queue size: 24929
Processing batch, queue size: 24930
Pending when ops: 0, Queue size: 25353
Processing batch, queue size: 25355
Pending when ops: 0, Queue size: 25788
Processing batch, queue size: 25789
Pending when ops: 0, Queue size: 26233
Processing batch, queue size: 26235
Pending when ops: 0, Queue size: 26660
Processing batch, queue size: 26662
Pending when ops: 0, Queue size: 27090
Processing batch, queue size: 27093
Pending when ops: 0, Queue size: 27512
Processing batch, queue size: 27513
Pending when ops: 0, Queue size: 27957
Processing batch, queue size: 27958
Pending when ops: 0, Queue size: 28399
Processing batch, queue size: 28401
Pending when ops: 0, Queue size: 28893
Processing batch, queue size: 28895
Pending when ops: 0, Queue size: 29344
Processing batch, queue size: 29344
Pending when ops: 0, Queue size: 29779
Processing batch, queue size: 29781
Pending when ops: 0, Queue size: 30217
Processing batch, queue size: 30218
Pending when ops: 0, Queue size: 30687
Processing batch, queue size: 30689
Pending when ops: 0, Queue size: 31110
Processing batch, queue size: 31111
Pending when ops: 0, Queue size: 31534
Processing batch, queue size: 31536
Pending when ops: 0, Queue size: 31965
Processing batch, queue size: 31966
Pending when ops: 0, Queue size: 32393
Processing batch, queue size: 32394
Pending when ops: 0, Queue size: 32768
Processing batch, queue size: 32788
Pending when ops: 0, Queue size: 33220
Processing batch, queue size: 33222
Pending when ops: 0, Queue size: 33653
Processing batch, queue size: 33655
Pending when ops: 0, Queue size: 34111
Processing batch, queue size: 34112
Pending when ops: 0, Queue size: 34568
Processing batch, queue size: 34568
Pending when ops: 0, Queue size: 34997
Processing batch, queue size: 34999
Pending when ops: 0, Queue size: 35438
Processing batch, queue size: 35441
Pending when ops: 0, Queue size: 35880
Processing batch, queue size: 35882
Pending when ops: 0, Queue size: 36323
Processing batch, queue size: 36326
Pending when ops: 0, Queue size: 36760
Processing batch, queue size: 36761
Pending when ops: 0, Queue size: 37192
Processing batch, queue size: 37195
Pending when ops: 0, Queue size: 37659
Processing batch, queue size: 37661
Pending when ops: 0, Queue size: 38115
Processing batch, queue size: 38119
Pending when ops: 0, Queue size: 38556
Processing batch, queue size: 38557
Pending when ops: 0, Queue size: 39007
Processing batch, queue size: 39008
Pending when ops: 0, Queue size: 39455
Processing batch, queue size: 39456
Pending when ops: 0, Queue size: 39884
Processing batch, queue size: 39887
Pending when ops: 0, Queue size: 40351
Processing batch, queue size: 40353
Pending when ops: 0, Queue size: 40802
Processing batch, queue size: 40803
Pending when ops: 0, Queue size: 41247
Processing batch, queue size: 41248
Pending when ops: 0, Queue size: 41675
Processing batch, queue size: 41676
Pending when ops: 0, Queue size: 42112
Processing batch, queue size: 42113
Pending when ops: 0, Queue size: 42620
Processing batch, queue size: 42622
Pending when ops: 0, Queue size: 43065
Processing batch, queue size: 43067
Pending when ops: 0, Queue size: 43496
Processing batch, queue size: 43497
Pending when ops: 0, Queue size: 43924
Processing batch, queue size: 43926
Pending when ops: 0, Queue size: 44369
Processing batch, queue size: 44370
Pending when ops: 0, Queue size: 44783
Processing batch, queue size: 44785
Pending when ops: 0, Queue size: 45233
Processing batch, queue size: 45236
Pending when ops: 0, Queue size: 45678
Processing batch, queue size: 45680
Pending when ops: 0, Queue size: 46106
Processing batch, queue size: 46109
Pending when ops: 0, Queue size: 46556
Processing batch, queue size: 46556
Pending when ops: 0, Queue size: 46994
Processing batch, queue size: 46996
Pending when ops: 0, Queue size: 47431
Processing batch, queue size: 47433
Pending when ops: 0, Queue size: 47856
Processing batch, queue size: 47857
Pending when ops: 0, Queue size: 48299
Processing batch, queue size: 48302
Pending when ops: 0, Queue size: 48746
Processing batch, queue size: 48747
Pending when ops: 0, Queue size: 49197
Processing batch, queue size: 49198
Pending when ops: 0, Queue size: 49663
Processing batch, queue size: 49670
Pending when ops: 0, Queue size: 50135
Processing batch, queue size: 50136
Pending when ops: 0, Queue size: 50573
Processing batch, queue size: 50574
Pending when ops: 0, Queue size: 51011
Processing batch, queue size: 51013
Pending when ops: 0, Queue size: 51455
Processing batch, queue size: 51456
Pending when ops: 0, Queue size: 51902
Processing batch, queue size: 51910
Pending when ops: 0, Queue size: 52328
Processing batch, queue size: 52329
Pending when ops: 0, Queue size: 52767
Processing batch, queue size: 52768
Pending when ops: 0, Queue size: 53213
Processing batch, queue size: 53213
Pending when ops: 0, Queue size: 53628
Processing batch, queue size: 53630
Pending when ops: 0, Queue size: 54101
Processing batch, queue size: 54103
Pending when ops: 0, Queue size: 54559
Processing batch, queue size: 54560
Pending when ops: 0, Queue size: 55008
Processing batch, queue size: 55010
Pending when ops: 0, Queue size: 55442
Processing batch, queue size: 55442
Pending when ops: 0, Queue size: 55921
Processing batch, queue size: 55924
Pending when ops: 0, Queue size: 56362
Processing batch, queue size: 56364
Pending when ops: 0, Queue size: 56759
Processing batch, queue size: 56761
Pending when ops: 0, Queue size: 57211
Processing batch, queue size: 57212
Pending when ops: 0, Queue size: 57634
Processing batch, queue size: 57637
Pending when ops: 0, Queue size: 58096
Processing batch, queue size: 58096
Pending when ops: 0, Queue size: 58541
Processing batch, queue size: 58545
Pending when ops: 0, Queue size: 58989
Processing batch, queue size: 58991
Pending when ops: 0, Queue size: 59430
Processing batch, queue size: 59431
Pending when ops: 0, Queue size: 59829
Processing batch, queue size: 59829
Pending when ops: 0, Queue size: 60286
Processing batch, queue size: 60287
Pending when ops: 0, Queue size: 60726
Processing batch, queue size: 60726
Pending when ops: 0, Queue size: 61191
Processing batch, queue size: 61193
Pending when ops: 0, Queue size: 61641
Processing batch, queue size: 61643
Pending when ops: 0, Queue size: 62059
Processing batch, queue size: 62060
Pending when ops: 0, Queue size: 62495
Processing batch, queue size: 62496
Pending when ops: 0, Queue size: 62928
Processing batch, queue size: 62929
Pending when ops: 0, Queue size: 63375
Processing batch, queue size: 63377
Pending when ops: 0, Queue size: 63792
Processing batch, queue size: 63794
Pending when ops: 0, Queue size: 64255
Processing batch, queue size: 64256
Pending when ops: 0, Queue size: 64699
Processing batch, queue size: 64700
Pending when ops: 0, Queue size: 65119
Processing batch, queue size: 65120
Pending when ops: 0, Queue size: 65536
Processing batch, queue size: 65555
Pending when ops: 0, Queue size: 66016
Processing batch, queue size: 66018
Pending when ops: 0, Queue size: 66495
Processing batch, queue size: 66497
Pending when ops: 0, Queue size: 66954
Processing batch, queue size: 66956
Pending when ops: 0, Queue size: 67505
Processing batch, queue size: 67507
Pending when ops: 0, Queue size: 67939
Processing batch, queue size: 67940
Pending when ops: 0, Queue size: 68410
Processing batch, queue size: 68411
Pending when ops: 0, Queue size: 68846
Processing batch, queue size: 68847
Pending when ops: 0, Queue size: 69288
Processing batch, queue size: 69289
Pending when ops: 0, Queue size: 69746
Processing batch, queue size: 69748
Pending when ops: 0, Queue size: 70196
Processing batch, queue size: 70196
Pending when ops: 0, Queue size: 70667
Processing batch, queue size: 70669
Pending when ops: 0, Queue size: 71121
Processing batch, queue size: 71121
Pending when ops: 0, Queue size: 71585
Processing batch, queue size: 71588
Pending when ops: 0, Queue size: 72045
Processing batch, queue size: 72047
Pending when ops: 0, Queue size: 72496
Processing batch, queue size: 72498
Pending when ops: 0, Queue size: 72929
Processing batch, queue size: 72932
Pending when ops: 0, Queue size: 73363
Processing batch, queue size: 73365
Pending when ops: 0, Queue size: 73807
Processing batch, queue size: 73808
Pending when ops: 0, Queue size: 74265
Processing batch, queue size: 74266
Pending when ops: 0, Queue size: 74695
Processing batch, queue size: 74697
Pending when ops: 0, Queue size: 75162
Processing batch, queue size: 75164
Pending when ops: 0, Queue size: 75633
Processing batch, queue size: 75635
Pending when ops: 0, Queue size: 76117
Processing batch, queue size: 76119
Pending when ops: 0, Queue size: 76565
Processing batch, queue size: 76566
Pending when ops: 0, Queue size: 77015
Processing batch, queue size: 77017
Pending when ops: 0, Queue size: 77473
Processing batch, queue size: 77476
Pending when ops: 0, Queue size: 77922
Processing batch, queue size: 77924
Pending when ops: 0, Queue size: 78392
Processing batch, queue size: 78392
Pending when ops: 0, Queue size: 78841
Processing batch, queue size: 78841
Pending when ops: 0, Queue size: 79283
Processing batch, queue size: 79285
Pending when ops: 0, Queue size: 79711
Processing batch, queue size: 79712
Pending when ops: 0, Queue size: 80202
Processing batch, queue size: 80205
Pending when ops: 0, Queue size: 80696
Processing batch, queue size: 80697
Pending when ops: 0, Queue size: 81173
Processing batch, queue size: 81174
Pending when ops: 0, Queue size: 81662
Processing batch, queue size: 81663
Pending when ops: 0, Queue size: 82103
Processing batch, queue size: 82105
Pending when ops: 0, Queue size: 82568
Processing batch, queue size: 82569
Pending when ops: 0, Queue size: 83032
Processing batch, queue size: 83033
Pending when ops: 0, Queue size: 83467
Processing batch, queue size: 83468
Pending when ops: 0, Queue size: 83875
Processing batch, queue size: 83877
Pending when ops: 0, Queue size: 84352
Processing batch, queue size: 84354
Pending when ops: 0, Queue size: 84831
Processing batch, queue size: 84833
Pending when ops: 0, Queue size: 85279
Processing batch, queue size: 85280
Pending when ops: 0, Queue size: 85728
Processing batch, queue size: 85729
Pending when ops: 0, Queue size: 86169
Processing batch, queue size: 86170
Pending when ops: 0, Queue size: 86618
Processing batch, queue size: 86620
Pending when ops: 0, Queue size: 87069
Processing batch, queue size: 87076
Pending when ops: 0, Queue size: 87509
Processing batch, queue size: 87511
Pending when ops: 0, Queue size: 87959
Processing batch, queue size: 87961
Pending when ops: 0, Queue size: 88415
Processing batch, queue size: 88422
Pending when ops: 0, Queue size: 88867
Processing batch, queue size: 88869
Pending when ops: 0, Queue size: 89318
Processing batch, queue size: 89320
Pending when ops: 0, Queue size: 89747
Processing batch, queue size: 89749
Pending when ops: 0, Queue size: 90183
Processing batch, queue size: 90184
Pending when ops: 0, Queue size: 90621
Processing batch, queue size: 90621
Pending when ops: 0, Queue size: 91055
Processing batch, queue size: 91057
Pending when ops: 0, Queue size: 91538
Processing batch, queue size: 91540
Pending when ops: 0, Queue size: 91976
Processing batch, queue size: 91979
Pending when ops: 0, Queue size: 92477
Processing batch, queue size: 92479
Pending when ops: 0, Queue size: 92917
Processing batch, queue size: 92918
Pending when ops: 0, Queue size: 93387
Processing batch, queue size: 93388
Pending when ops: 0, Queue size: 93833
Processing batch, queue size: 93835
Pending when ops: 0, Queue size: 94282
Processing batch, queue size: 94283
Pending when ops: 0, Queue size: 94734
Processing batch, queue size: 94737
Pending when ops: 0, Queue size: 95178
Processing batch, queue size: 95179
Pending when ops: 0, Queue size: 95613
Processing batch, queue size: 95614
Pending when ops: 0, Queue size: 96065
Processing batch, queue size: 96067
Pending when ops: 0, Queue size: 96524
Processing batch, queue size: 96525
Pending when ops: 0, Queue size: 96979
Processing batch, queue size: 96981
Pending when ops: 0, Queue size: 97454
Processing batch, queue size: 97457
Pending when ops: 0, Queue size: 97974
Processing batch, queue size: 97975
Pending when ops: 0, Queue size: 98457
Processing batch, queue size: 98460
Pending when ops: 0, Queue size: 98909
Processing batch, queue size: 98911
Pending when ops: 0, Queue size: 99360
Processing batch, queue size: 99363
Pending when ops: 0, Queue size: 99808
Processing batch, queue size: 99809
Pending when ops: 0, Queue size: 100255
Processing batch, queue size: 100256
Pending when ops: 0, Queue size: 100704
Processing batch, queue size: 100706
Pending when ops: 0, Queue size: 101169
Processing batch, queue size: 101171
Pending when ops: 0, Queue size: 101658
Processing batch, queue size: 101660
Pending when ops: 0, Queue size: 102075
Processing batch, queue size: 102077
Pending when ops: 0, Queue size: 102554
Processing batch, queue size: 102556
Pending when ops: 0, Queue size: 103011
Processing batch, queue size: 103013
Pending when ops: 0, Queue size: 103461
Processing batch, queue size: 103462
Pending when ops: 0, Queue size: 103946
Processing batch, queue size: 103947
Pending when ops: 0, Queue size: 104383
Processing batch, queue size: 104384
Pending when ops: 0, Queue size: 104807
Processing batch, queue size: 104808
Pending when ops: 0, Queue size: 105258
Processing batch, queue size: 105259
Pending when ops: 0, Queue size: 105716
Processing batch, queue size: 105719
Pending when ops: 0, Queue size: 106175
Processing batch, queue size: 106180
Pending when ops: 0, Queue size: 106648
Processing batch, queue size: 106649
Pending when ops: 0, Queue size: 107106
Processing batch, queue size: 107108
Pending when ops: 0, Queue size: 107554
Processing batch, queue size: 107555
Pending when ops: 0, Queue size: 107980
Processing batch, queue size: 107983
Pending when ops: 0, Queue size: 108433
Processing batch, queue size: 108436
Pending when ops: 0, Queue size: 108881
Processing batch, queue size: 108882
Pending when ops: 0, Queue size: 109327
Processing batch, queue size: 109329
Pending when ops: 0, Queue size: 109797
Processing batch, queue size: 109799
Pending when ops: 0, Queue size: 110248
Processing batch, queue size: 110250
Pending when ops: 0, Queue size: 110713
Processing batch, queue size: 110714
Pending when ops: 0, Queue size: 111163
Processing batch, queue size: 111166
Pending when ops: 0, Queue size: 111607
Processing batch, queue size: 111609
Pending when ops: 0, Queue size: 112073
Processing batch, queue size: 112074
Pending when ops: 0, Queue size: 112517
Processing batch, queue size: 112518
Pending when ops: 0, Queue size: 112986
Processing batch, queue size: 112987
Pending when ops: 0, Queue size: 113456
Processing batch, queue size: 113458
Pending when ops: 0, Queue size: 113909
Processing batch, queue size: 113910
Pending when ops: 0, Queue size: 114346
Processing batch, queue size: 114347
Pending when ops: 0, Queue size: 114814
Processing batch, queue size: 114815
Pending when ops: 0, Queue size: 115262
Processing batch, queue size: 115263
Pending when ops: 0, Queue size: 115719
Processing batch, queue size: 115722
Pending when ops: 0, Queue size: 116183
Processing batch, queue size: 116185
Pending when ops: 0, Queue size: 116658
Processing batch, queue size: 116659
Pending when ops: 0, Queue size: 117086
Processing batch, queue size: 117092
Pending when ops: 0, Queue size: 117583
Processing batch, queue size: 117584
Pending when ops: 0, Queue size: 118018
Processing batch, queue size: 118019
Pending when ops: 0, Queue size: 118495
Processing batch, queue size: 118496
Pending when ops: 0, Queue size: 118977
Processing batch, queue size: 118985
Pending when ops: 0, Queue size: 119458
Processing batch, queue size: 119460
Pending when ops: 0, Queue size: 119915
Processing batch, queue size: 119917
Pending when ops: 0, Queue size: 120381
Processing batch, queue size: 120382
Pending when ops: 0, Queue size: 120859
Processing batch, queue size: 120861
Pending when ops: 0, Queue size: 121325
Processing batch, queue size: 121326
Pending when ops: 0, Queue size: 121796
Processing batch, queue size: 121796
Pending when ops: 0, Queue size: 122252
Processing batch, queue size: 122254
Pending when ops: 0, Queue size: 122730
Processing batch, queue size: 122733
Pending when ops: 0, Queue size: 123178
Processing batch, queue size: 123180
Pending when ops: 0, Queue size: 123655
Processing batch, queue size: 123657
Pending when ops: 0, Queue size: 124113
Processing batch, queue size: 124116
Pending when ops: 0, Queue size: 124581
Processing batch, queue size: 124582
Pending when ops: 0, Queue size: 125024
Processing batch, queue size: 125025
Pending when ops: 0, Queue size: 125410
Processing batch, queue size: 125411
Pending when ops: 0, Queue size: 125534
Processing batch, queue size: 125534
Pending when ops: 0, Queue size: 126388
Processing batch, queue size: 126389
Pending when ops: 0, Queue size: 127847
Processing batch, queue size: 127848
Pending when ops: 0, Queue size: 131072
Processing batch, queue size: 131095
Pending when ops: 0, Queue size: 135741
Processing batch, queue size: 135741
Pending when ops: 0, Queue size: 136859
Processing batch, queue size: 136859
Pending when ops: 0, Queue size: 138375
Processing batch, queue size: 138377
Pending when ops: 0, Queue size: 139885
Processing batch, queue size: 139886
Pending when ops: 0, Queue size: 141180
Processing batch, queue size: 141182
Pending when ops: 0, Queue size: 141843
Processing batch, queue size: 141843
Pending when ops: 0, Queue size: 143392
Processing batch, queue size: 143393
Pending when ops: 0, Queue size: 144888
Processing batch, queue size: 144889
Pending when ops: 0, Queue size: 146163
Processing batch, queue size: 146164
Pending when ops: 0, Queue size: 146780
Processing batch, queue size: 146781
Pending when ops: 0, Queue size: 148304
Processing batch, queue size: 148307
Pending when ops: 0, Queue size: 149826
Processing batch, queue size: 149830
Pending when ops: 0, Queue size: 151189
Processing batch, queue size: 151190
Pending when ops: 0, Queue size: 151804
Processing batch, queue size: 151805
Pending when ops: 0, Queue size: 153378
Processing batch, queue size: 153380
Pending when ops: 0, Queue size: 154881
Processing batch, queue size: 154882
Pending when ops: 0, Queue size: 156232
Processing batch, queue size: 156232
Pending when ops: 0, Queue size: 156863
Processing batch, queue size: 156863
Pending when ops: 0, Queue size: 158340
Processing batch, queue size: 158343
Pending when ops: 0, Queue size: 159527
Processing batch, queue size: 159529
Pending when ops: 0, Queue size: 161106
Processing batch, queue size: 161109
Pending when ops: 0, Queue size: 162358
Processing batch, queue size: 162358
Pending when ops: 0, Queue size: 162957
Processing batch, queue size: 162960
Pausing: active threads: 3
Pausing: active threads: 2
Pausing: active threads: 1
Teardown: all threads stopped
[report]: scheduler_run_time_ns : 248409027
[report]: scheduler_total_when_schedules : 303591
[report]: scheduler_total_when_time_ns : 182184325711568
Teardown: all threads stopped
[report]: insert_overall_operation_number : 298586
[report]: insert_overall_throughput : 1201993.355902
[report]: scheduler_avg_when_time_ns : 600097913.678495
[report]: insert_avg_insert_time_ns : 831.000000
corrupted size vs. prev_size while consolidating
