GNU gdb (Ubuntu 12.1-0ubuntu1~22.04) 12.1
Copyright (C) 2022 Free Software Foundation, Inc.
License GPLv3+: GNU GPL version 3 or later <http://gnu.org/licenses/gpl.html>
This is free software: you are free to change and redistribute it.
There is NO WARRANTY, to the extent permitted by law.
Type "show copying" and "show warranty" for details.
This GDB was configured as "x86_64-linux-gnu".
Type "show configuration" for configuration details.
For bug reporting instructions, please see:
<https://www.gnu.org/software/gdb/bugs/>.
Find the GDB manual and other documentation resources online at:
    <http://www.gnu.org/software/gdb/documentation/>.

For help, type "help".
Type "apropos word" to search for commands related to "word"...
Reading symbols from ./hash_rt...
[?2004h(gdb) 
[?2004l[?2004h(gdb) r
[?2004lStarting program: /mnt/nvme0/home/gxr/Myhash_boc/Hash_rt/build/hash_rt 
[Thread debugging using libthread_db enabled]
Using host libthread_db library "/lib/x86_64-linux-gnu/libthread_db.so.1".
Init time:1793814858
[New Thread 0x7fbfdf3e8640 (LWP 1231753)]
[New Thread 0x7fbfd73e5640 (LWP 1231754)]
[New Thread 0x7fbfd6be4640 (LWP 1231755)]
this thread id: 140462060897856 completed_count_last_batch: 0
this thread id: 140462060897856 completed_count_last_batch: 0
this thread id: 3 producer start0
this thread id: 3 producer start1
this thread id: 3 completed_count_last_batch: 4
[New Thread 0x7fbfd63e3640 (LWP 1231756)]
this thread id: 2 completed_count_last_batch: 3
[New Thread 0x7fbfd5be2640 (LWP 1231757)]
the total count of insert: the total count of insert: 01

this thread id: 2 completed_count_last_batch: 2
this thread id: 3 completed_count_last_batch: 1
this thread id: 140462060897856 completed_count_last_batch: 0
this thread id: 140462060897856 completed_count_last_batch: 0
this thread id: 1 producer start0the total count of insert: 
2
this thread id: 1 producer start1
this thread id: 2 producer startthis thread id: 1 completed_count_last_batch: 14

this thread id: the total count of insert: 2 producer start1
this thread id: 2 completed_count_last_batch: 3
3
this thread id: 3 completed_count_last_batch: 2
the total count of insert: 4
the total count of insert: this thread id: 25 completed_count_last_batch: 
this thread id: 140462060897856 completed_count_last_batch: 0
this thread id: 140462060897856 completed_count_last_batch: 0
this thread id: 3 producer start0
this thread id: 3 producer start1
1
this thread id: 3 completed_count_last_batch: 4
the total count of insert: 6
the total count of insert: 7
this thread id: 3 completed_count_last_batch: 2
this thread id: 2 completed_count_last_batch: 3
the total count of insert: the total count of insert: 98
this thread id: 2 completed_count_last_batch: 1

the total count of insert: 10
this thread id: 140462060897856 completed_count_last_batch: 0
this thread id: 140462060897856 completed_count_last_batch: 0
this thread id: this thread id: 23 producer start producer start00

this thread id: 2 producer start1
this thread id: this thread id: 2 completed_count_last_batch: 4
this thread id: 3this thread id:  producer start21
 completed_count_last_batch: this thread id: 3 completed_count_last_batch: 2
3
the total count of insert: 111
this thread id: 3 completed_count_last_batch: the total count of insert: 1
 producer startthis thread id: 140462060897856 completed_count_last_batch: 0
120

the total count of insert: this thread id: 2 producer start1
this thread id: 2this thread id:  producer start1
131this thread id: this thread id:  producer start1404620608978561

this thread id: 3 completed_count_last_batch: 3
2 completed_count_last_batch: 4this thread id: 
1 completed_count_last_batch: 1
 completed_count_last_batch: the total count of insert: 14
this thread id: 0
the total count of insert: 15
3 completed_count_last_batch: 2
this thread id: 140462060897856 completed_count_last_batch: 0
this thread id: 140462060897856 completed_count_last_batch: 0
this thread id: 3 producer start0
this thread id: this thread id: 3 producer startthis thread id: 1
this thread id: 3 completed_count_last_batch: 4
2 producer start1
this thread id: the total count of insert: 2 producer start161

1 producer start1
this thread id: 2 completed_count_last_batch: 2
this thread id: 3 completed_count_last_batch: 3this thread id: 
the total count of insert: 17
1this thread id:  producer start20 completed_count_last_batch: 
this thread id: the total count of insert: 1
18
140462060897856the total count of insert:  completed_count_last_batch: 19
0
this thread id: this thread id: this thread id: 2 producer start0
this thread id: 3 producer start0
this thread id: 3 producer start1
this thread id: 3 completed_count_last_batch: 4
this thread id: 1404620608978561the total count of insert:  producer start1
this thread id: 21 producer start1
20this thread id: 1 completed_count_last_batch: 3

 completed_count_last_batch: the total count of insert:  producer start21
this thread id: 1this thread id:  completed_count_last_batch: 3 completed_count_last_batch: 1
1
0
2
the total count of insert: 22
this thread id: 140462060897856 completed_count_last_batch: 0
this thread id: 140462060897856 completed_count_last_batch: 0
this thread id: 2 producer start0
this thread id: this thread id: 2 producer start1
this thread id: 1 producer start1
3 producer startthis thread id: 1
this thread id: 2 completed_count_last_batch: 4
1 producer start1
this thread id: 1this thread id:  completed_count_last_batch: 3
the total count of insert: 23
this thread id: 2 completed_count_last_batch: 2
3 producer start0
this thread id: 3 completed_count_last_batch: 1
the total count of insert: the total count of insert: 24
the total count of insert: 25
26
this thread id: 140462060897856 completed_count_last_batch: 0
this thread id: 140462060897856 completed_count_last_batch: 0
this thread id: 2 producer start0
this thread id: 2 producer start1
this thread id: 2 completed_count_last_batch: this thread id: 41
 producer start1
this thread id: 1 producer start1
this thread id: 1 completed_count_last_batch: 3
this thread id: 3 producer start1the total count of insert: 
the total count of insert: this thread id: 3 producer start1
27this thread id: 3 completed_count_last_batch: 
228
this thread id: 2 completed_count_last_batch: 1

this thread id: the total count of insert: 29
140462060897856 completed_count_last_batch: 0
this thread id: this thread id: 1404620608978562the total count of insert:  completed_count_last_batch: 30
 producer start0
this thread id: 1 producer startthis thread id: 12
 producer startthis thread id: 3 producer start1
this thread id: 0this thread id: 31 producer start

1scheduler loop time:  producer start1
this thread id: this thread id: 1 completed_count_last_batch: 3
1
the total count of insert: 31
2this thread id: 11759047 completed_count_last_batch: 1
this thread id:  completed_count_last_batch: 4
3 completed_count_last_batch: 2
the total count of insert: 32

the total count of insert: 33
[Thread 0x7fbfd6be4640 (LWP 1231755) exited]
[Thread 0x7fbfd73e5640 (LWP 1231754) exited]
[Thread 0x7fbfdf3e8640 (LWP 1231753) exited]

Thread 1 "hash_rt" received signal SIGINT, Interrupt.
__futex_abstimed_wait_common64 (private=128, cancel=true, abstime=0x0, op=265, expected=1231756, futex_word=0x7fbfd63e3910) at ./nptl/futex-internal.c:57
57	./nptl/futex-internal.c: No such file or directory.
[?2004h[?2004l[?2004h(gdb) q
[?2004l[?2004hA debugging session is active.

	Inferior 1 [process 1231746] will be killed.

Quit anyway? (y or n) y
[?2004l