Set fair: 1
Init runtime
Scheduler Thread created
Scheduler Thread created
Scheduler Thread created
Scheduler Thread created
Runtime initialised
Init time:1821778367
BehaviourCore::schedule_many1
Prepare phase duration: 830
Acquire phase duration: 730
Exchange duration: 400
Release phase duration: 130
Process phase duration: 850
Starting all threads
BehaviourCore::schedule_many1
Prepare phase duration: 300
Acquire phase duration: 600
Exchange duration: 410
Release phase duration: 70
Process phase duration: 200
BehaviourCore::schedule_many1
Prepare phase duration: 180
Acquire phase duration: 560
Exchange duration: 410
Release phase duration: 70
Process phase duration: 190
BehaviourCore::schedule_many1
Prepare phase duration: 190
Acquire phase duration: 470
Exchange duration: 280
Release phase duration: 60
Process phase duration: 160
BehaviourCore::schedule_many1
Prepare phase duration: 190
Acquire phase duration: 420
Exchange duration: 260
Release phase duration: 70
Process phase duration: 210
BehaviourCore::schedule_many1
Prepare phase duration: 160
Acquire phase duration: 560
Exchange duration: 420
Release phase duration: 70
Process phase duration: 180
BehaviourCore::schedule_many1
Prepare phase duration: 230
Acquire phase duration: 440
Exchange duration: 290
Release phase duration: 70
Process phase duration: 220
BehaviourCore::schedule_many1
Prepare phase duration: 220
Acquire phase duration: 430
Exchange duration: 300
Release phase duration: 40
Process phase duration: 190
BehaviourCore::schedule_many1
Prepare phase duration: 220
Acquire phase duration: 610
Exchange duration: 450
Release phase duration: 70
Process phase duration: 2560
BehaviourCore::schedule_many1
Prepare phase duration: 170
Acquire phase duration: 430
Exchange duration: 290
Release phase duration: 60
Process phase duration: 210
BehaviourCore::schedule_many1
Prepare phase duration: 180
Acquire phase duration: 550
Exchange duration: 380
Release phase duration: 70
Process phase duration: 510
BehaviourCore::schedule_many1
Prepare phase duration: 200
Acquire phase duration: 400
Exchange duration: 290
Release phase duration: 70
Process phase duration: 160
BehaviourCore::schedule_many1
Prepare phase duration: 180
Acquire phase duration: 380
Exchange duration: 250
Release phase duration: 60
Process phase duration: 210
BehaviourCore::schedule_many1
Prepare phase duration: 170
Acquire phase duration: 420
Exchange duration: 290
Release phase duration: 50
Process phase duration: 220
BehaviourCore::schedule_many1
Prepare phase duration: 190
Acquire phase duration: 520
Exchange duration: 380
Release phase duration: 50
Process phase duration: 170
BehaviourCore::schedule_many1
Prepare phase duration: 160
Acquire phase duration: 270
Exchange duration: 130
Release phase duration: 40
Process phase duration: 160
BehaviourCore::schedule_many1
Prepare phase duration: 180
Acquire phase duration: 450
Exchange duration: 280
Release phase duration: 50
Process phase duration: 180
BehaviourCore::schedule_many1
Prepare phase duration: 170
Acquire phase duration: 420
Exchange duration: 280
Release phase duration: 40
Process phase duration: 160
BehaviourCore::schedule_many1
Prepare phase duration: 150
Acquire phase duration: 420
Exchange duration: 280
Release phase duration: 50
Process phase duration: 180
BehaviourCore::schedule_many1
Prepare phase duration: 190
Acquire phase duration: 460
Exchange duration: 280
Release phase duration: 50
Process phase duration: 210
BehaviourCore::schedule_many1
Prepare phase duration: 190
Acquire phase duration: 550
Exchange duration: 400
Release phase duration: 60
Process phase duration: 190
BehaviourCore::schedule_many1
Prepare phase duration: 190
Acquire phase duration: 410
Exchange duration: 260
Release phase duration: 70
Process phase duration: 210
BehaviourCore::schedule_many1
Prepare phase duration: 180
Acquire phase duration: 450
Exchange duration: 290
Release phase duration: 60
Process phase duration: 150
BehaviourCore::schedule_many1
Prepare phase duration: 160
Acquire phase duration: 440
Exchange duration: 310
Release phase duration: 70
Process phase duration: 200
BehaviourCore::schedule_many1
Prepare phase duration: 160
Acquire phase duration: 550
Exchange duration: 410
Release phase duration: 40
Process phase duration: 130
BehaviourCore::schedule_many1
Prepare phase duration: 160
Acquire phase duration: 450
Exchange duration: 280
Release phase duration: 50
Process phase duration: 170
BehaviourCore::schedule_many1
Prepare phase duration: 170
Acquire phase duration: 430
Exchange duration: 290
Release phase duration: 40
Process phase duration: 180
BehaviourCore::schedule_many1
Prepare phase duration: 180
Acquire phase duration: 440
Exchange duration: 290
Release phase duration: 50
Process phase duration: 160
BehaviourCore::schedule_many1
Prepare phase duration: 180
Acquire phase duration: 400
Exchange duration: 270
Release phase duration: 50
Process phase duration: 180
BehaviourCore::schedule_many1
Prepare phase duration: 210
Acquire phase duration: 400
Exchange duration: 270
Release phase duration: 40
Process phase duration: 160
BehaviourCore::schedule_many1
Prepare phase duration: 190
Acquire phase duration: 420
Exchange duration: 280
Release phase duration: 50
Process phase duration: 180
BehaviourCore::schedule_many1
Prepare phase duration: 170
Acquire phase duration: 420
Exchange duration: 290
Release phase duration: 50
Process phase duration: 200
scheduler loop time: 5913070
Destroying core 1
No pending work!
Locking Scheduler.
Locking Scheduler done
Pausing
Add to list of waiters
Unlock Scheduler lock
Sleep
No pending work!
Locking Scheduler.
Locking Scheduler done
Pausing
Add to list of waiters
Unlock Scheduler lock
Sleep
No pending work!
Locking Scheduler.
Locking Scheduler done
Pausing
Add to list of waiters
Unlock Scheduler lock
Sleep
