/users/Xuran/hash_rt/build/hash_rt --num_threads=16 --str_key_size=8 --str_value_size=100 --num_ops=1000000 --first_mode=true --work_usec=0
Harness starting.
 /users/Xuran/hash_rt/build/hash_rt --num_threads=16 --str_key_size=8 --str_value_size=100 --num_ops=1000000 --first_mode=true --work_usec=0 --seed 2285336578
Init time:893747939
scheduler_cores: 8
Adding work to queue: sqtheip
Adding work to queue: xdtkumu
Adding work to queue: omqzecw
Adding work to queue: dcxooxs
Adding work to queue: uticibf
Adding work to queue: eeecksy
Adding work to queue: qgqbxde
Adding work to queue: jjivzzg
Adding work to queue: gkwiuxr
Adding work to queue: hckqiqf
Adding work to queue: gwnmhvi
Adding work to queue: dwwvvkh
Pending when ops: 0Adding work to queue: hblfekw
, Queue size: 13
Adding work to queue: mihnntj
Adding work to queue: yskdpos
Adding work to queue: djkykbz
Adding work to queue: iwwobje
Adding work to queue: bpzpcac
Adding work to queue: irgwauq
Processing batch, queue size: 19
Adding work to queue: cojiqnn
Adding work to queue: trlwlrc
Adding work to queue: jfwiyhc
Adding work to queue: kxetclo
Adding work to queue: hpobtbj
Adding work to queue: fsphtyy
Adding work to queue: jqsngqj
Adding work to queue: eixsozp
Adding work to queue: hvrenyp
Adding work to queue: qvlatzq
Adding work to queue: nxvtctq
Adding work to queue: sfvlmoj
Adding work to queue: rbiioud
Adding work to queue: rmyubmv
Adding work to queue: erwgtzf
Adding work to queue: dbkargy
Adding work to queue: qldtfpl
Adding work to queue: zovwtct
Adding work to queue: nyielkf
Adding work to queue: esxdebb
Adding work to queue: vcesowd
Adding work to queue: isxtoes
Adding work to queue: rwcuhfn
Adding work to queue: kpnvxpo
Adding work to queue: gkoxmef
Adding work to queue: yxzrqjm
Adding work to queue: lbbkstt
Adding work to queue: tpemjey
Adding work to queue: iwoupef
Pending when ops: 0, Queue size: 29Adding work to queue: mqeosdi

Adding work to queue: dohzorb
Adding work to queue: cngogew
Adding work to queue: qkixbsq
Adding work to queue: gdlkcby
Adding work to queue: uxuigkz
Adding work to queue: oapuhbl
Adding work to queue: aynpced
Processing batch, queue size: 37
Adding work to queue: boujzdo
Adding work to queue: lyblkgi
Adding work to queue: rnjqevh
Adding work to queue: bsrjwdb
Adding work to queue: qlipkny
Adding work to queue: ellyqsn
Adding work to queue: arfasip
Adding work to queue: sitspwv
Adding work to queue: anegwfl
Adding work to queue: qxsjxkg
Adding work to queue: dmmbpwu
Pending when ops: 0, Queue size: 11
Adding work to queue: fehovck
Adding work to queue: twkchff
Adding work to queue: sflehjc
Adding work to queue: fggsjkk
Adding work to queue: htussyn
Adding work to queue: jxupbkd
Adding work to queue: qnyelsi
Processing batch, queue size: 18
Adding work to queue: pfbadee
Adding work to queue: woiygeu
Adding work to queue: lrxwviw
Adding work to queue: ribnnnw
Adding work to queue: qiepncf
Adding work to queue: lgpssuv
Pending when ops: Adding work to queue: xmzbgbr
0, Queue size: 7
Adding work to queue: waxequs
Adding work to queue: jqdjspv
Adding work to queue: bvvbnbb
Adding work to queue: eplsqsk
Adding work to queue: tkwuzuw
Adding work to queue: rtcmixk
Adding work to queue: pprmpfv
Adding work to queue: hqstvfx
Adding work to queue: vqoheos
Adding work to queue: cupxnyl
Adding work to queue: zkvzlhv
Adding work to queue: cggvzgx
Adding work to queue: dmrjbxo
Adding work to queue: wumfsgv
Adding work to queue: ojfbihl
Adding work to queue: ccaacbj
Adding work to queue: scusfpa
Adding work to queue: rlyrfyr
Adding work to queue: xsyoljv
Processing batch, queue size: 26
Adding work to queue: cjrbgmb
Adding work to queue: stdxgqn
Adding work to queue: anuhfgv
Adding work to queue: opfwbin
Adding work to queue: mrlapbk
Adding work to queue: hbejyrh
Adding work to queue: haxbzpn
Adding work to queue: xxckdlx
Adding work to queue: zwrkaqm
Pending when ops: 0, Queue size: 9
Adding work to queue: ahoblex
Adding work to queue: smaapcy
Adding work to queue: pghrkxd
Adding work to queue: xtnebmm
Adding work to queue: xfjvzqp
Adding work to queue: qumxtls
Adding work to queue: hvdnpio
Adding work to queue: gwmhyll
Adding work to queue: jwmpdnu
Adding work to queue: tnuxwpp
Adding work to queue: pldwbao
Adding work to queue: zqokhdj
Adding work to queue: exdjxbr
Adding work to queue: yqxcyhs
Adding work to queue: jqzysub
Adding work to queue: ozupdlh
Adding work to queue: khmmdiw
Adding work to queue: thgmabi
Adding work to queue: rgilvsj
Adding work to queue: hlsrucd
Adding work to queue: lntxuat
Adding work to queue: foslacj
Adding work to queue: mzuodjj
Adding work to queue: zdoslqi
Adding work to queue: vhhibfs
Adding work to queue: vfpspzu
Adding work to queue: wilwrsf
Adding work to queue: lanefwj
Adding work to queue: sxhnytd
Adding work to queue: utctiqx
Adding work to queue: uimkira
Adding work to queue: ohodeke
Adding work to queue: rhnkfvr
Adding work to queue: uelffzx
Adding work to queue: rhtdict
Adding work to queue: ozvvnfo
Adding work to queue: lhmiqle
Adding work to queue: rpcuyvg
Adding work to queue: ldzrppx
Adding work to queue: wysarvz
Adding work to queue: ahmibpp
Adding work to queue: clbspqx
Adding work to queue: hasazbe
Adding work to queue: pfiwyod
Adding work to queue: nhwaxnz
Adding work to queue: ywgdfff
Adding work to queue: qotvwfa
Adding work to queue: ycefrkc
Adding work to queue: cntncho
Adding work to queue: qcjdraz
Adding work to queue: gzydfjg
Adding work to queue: xcjxpbh
Adding work to queue: djzthvm
Adding work to queue: jcvpotp
Adding work to queue: alhtczy
Adding work to queue: odfpimw
Adding work to queue: escfxfu
Adding work to queue: bpfcjbj
Adding work to queue: ygkzzea
Adding work to queue: feutyyy
Adding work to queue: xgorhdn
Adding work to queue: sfbbwrx
Adding work to queue: ygjlmku
Adding work to queue: xagsefi
Adding work to queue: ofntwvr
Adding work to queue: eyzxvdy
Adding work to queue: mfkeeso
Adding work to queue: wrsuxut
Adding work to queue: mzdgjfv
Adding work to queue: zrcizsa
Adding work to queue: vjwdkhq
Adding work to queue: jylbiez
Adding work to queue: kttaqhb
Adding work to queue: jlsjzli
Adding work to queue: fplofni
Adding work to queue: gsfvuus
Processing batch, queue size: 85
Adding work to queue: ccejkqd
Adding work to queue: qcnppqe
Adding work to queue: qwfoain
Adding work to queue: newlwix
Adding work to queue: ipazdzb
Adding work to queue: dxvddhw
Adding work to queue: ghtehlu
Adding work to queue: gvkskfp
Adding work to queue: diktpvi
Adding work to queue: vsvrazg
Adding work to queue: rupcknh
Adding work to queue: dqekwqs
Adding work to queue: ungooac
Adding work to queue: bgawkdi
Adding work to queue: vzikeil
Adding work to queue: tjezimo
Adding work to queue: ffskhjr
Adding work to queue: lwzcior
Adding work to queue: luxzqbh
Adding work to queue: brykgzh
Adding work to queue: qcraxor
Adding work to queue: cetdtyd
Adding work to queue: dzibjsk
Adding work to queue: pszjkkn
Adding work to queue: dpqqvrv
Adding work to queue: ryvzuak
Adding work to queue: onjzbbt
Adding work to queue: ouaqzrk
Adding work to queue: cemjett
Adding work to queue: mmiekdz
Adding work to queue: jsrxvkw
Adding work to queue: qptinnx
Adding work to queue: ztpwvbc
Adding work to queue: bmsxwiv
Adding work to queue: hhmweiy
Adding work to queue: ctdfwvn
Adding work to queue: tufzxwd
Adding work to queue: bupyczh
Adding work to queue: daqwjbp
Adding work to queue: nmqwgek
Adding work to queue: xuatjbw
Adding work to queue: emxqspw
Adding work to queue: rqhqiyq
Adding work to queue: xlugddi
Adding work to queue: wlndojm
Adding work to queue: ryazdma
Adding work to queue: nmejlbc
Adding work to queue: srwatld
Adding work to queue: srjsbnu
Adding work to queue: qfciorf
Adding work to queue: jjwxlax
Adding work to queue: mddrhfq
Adding work to queue: cpbrjnr
Adding work to queue: kudllix
Pending when ops: 0, Queue size: 54
Adding work to queue: vnutszx
Adding work to queue: lvcmfad
Adding work to queue: gkuxwng
Adding work to queue: dlvpczc
Adding work to queue: cqwosvq
Adding work to queue: atsnlbj
Adding work to queue: densuwf
Adding work to queue: dwpqshz
Adding work to queue: rajtksc
Adding work to queue: yhozpkl
Adding work to queue: qnnwnfd
Adding work to queue: vugoluy
Adding work to queue: terrbdy
Adding work to queue: xymtxhl
Adding work to queue: bjcthsp
Adding work to queue: rtzawfd
Adding work to queue: ugnfiyn
Processing batch, queue size: 71
Adding work to queue: ifktfrd
Adding work to queue: qesgqqk
Adding work to queue: swoyxkn
Adding work to queue: lwadbtg
Adding work to queue: sjldzib
Adding work to queue: uqjjngw
Adding work to queue: angkfuk
Adding work to queue: vtcfdet
Adding work to queue: llpyjjw
Adding work to queue: fdiotns
Adding work to queue: rgcmhek
Adding work to queue: oegmemd
Adding work to queue: nnsukyi
Adding work to queue: fvqsdht
Adding work to queue: vzqvubr
Adding work to queue: biiykkj
Adding work to queue: luofozn
Adding work to queue: mkzhorz
Adding work to queue: chwxeea
Adding work to queue: xpgbpko
Adding work to queue: tmlryxq
Adding work to queue: nqobbzq
Adding work to queue: doiujvb
Adding work to queue: nsskigb
Pending when ops: 0, Queue size: Adding work to queue: inhjgur
24
Adding work to queue: ksjitrt
Adding work to queue: yykpoqm
Adding work to queue: xxnewat
Adding work to queue: opjtcfd
Adding work to queue: wmtfnel
Adding work to queue: sstvtyw
Adding work to queue: irspwit
Adding work to queue: mnvdypq
Adding work to queue: wvxnuzd
Adding work to queue: yirtkbo
Adding work to queue: mlktojv
Adding work to queue: zclfgsw
Adding work to queue: tbpwplr
Adding work to queue: qoadzde
Adding work to queue: xafslvy
Adding work to queue: vnajckx
Adding work to queue: smajvfc
Adding work to queue: ahvhffk
Adding work to queue: awqvpqz
Adding work to queue: mfqldjj
Adding work to queue: ekwthbu
Adding work to queue: wyeluwd
Adding work to queue: geydonw
Adding work to queue: hbgfhhy
Adding work to queue: rqbqijy
Adding work to queue: zaieavh
Adding work to queue: xlahztu
Adding work to queue: smhfwrh
Adding work to queue: juehpoo
Adding work to queue: gfufsqb
Adding work to queue: dazvljf
Adding work to queue: rvupago
Adding work to queue: gggpfwv
Adding work to queue: osejmaw
Adding work to queue: fypvauk
Adding work to queue: fvarkdm
Adding work to queue: pngywsv
Adding work to queue: phsaezn
Adding work to queue: deojmoi
Adding work to queue: lgwuyiu
Adding work to queue: zyreour
Adding work to queue: aydbrps
Adding work to queue: kjtxwyu
Adding work to queue: etjsaok
Adding work to queue: saknwdv
Adding work to queue: djdudtz
Adding work to queue: hgkqabi
Adding work to queue: atasawq
Adding work to queue: xmjydfu
Adding work to queue: kpeiekd
Adding work to queue: twvonug
Adding work to queue: othyody
Adding work to queue: lyszequ
Adding work to queue: bstjttc
Adding work to queue: dqbcruh
Adding work to queue: khxuhcx
Adding work to queue: dwghggp
Adding work to queue: cvrwuew
Adding work to queue: fjlidwa
Adding work to queue: pypzvep
Adding work to queue: gwdbhux
Adding work to queue: jrezipq
Adding work to queue: pofugtx
Adding work to queue: xzowpap
Adding work to queue: uaqqlwb
Adding work to queue: kpcpyaf
Adding work to queue: atlvkiw
Adding work to queue: xlkmtal
Adding work to queue: aggjrvl
Adding work to queue: cbjbjce
Adding work to queue: scqkjdc
Adding work to queue: npkjohl
Adding work to queue: tzxhbac
Adding work to queue: rhyvlua
Adding work to queue: foyezyk
Adding work to queue: xjavaep
Adding work to queue: uhfnumi
Processing batch, queue size: 102
Adding work to queue: rnrvnxh
Adding work to queue: pblpvnb
Adding work to queue: augfkwl
Adding work to queue: syujdrw
Adding work to queue: etcsrff
Adding work to queue: qkojloz
Adding work to queue: tibzlys
Adding work to queue: ptqsyxl
Adding work to queue: iwqoqsy
Adding work to queue: qssgstk
Adding work to queue: hpatbxo
Adding work to queue: ldbynix
Adding work to queue: gerdqmt
Adding work to queue: jaeapmq
Adding work to queue: pzdclme
Adding work to queue: zidserr
Adding work to queue: quvijtt
Adding work to queue: btvklma
Adding work to queue: lrwktdc
Adding work to queue: fdzwhcm
Adding work to queue: yisirgh
Adding work to queue: tfpyrpc
Adding work to queue: gaiojwv
Adding work to queue: greokws
Adding work to queue: xqenmuk
Adding work to queue: gtoxxvp
Adding work to queue: tdlhyti
Adding work to queue: wedlrkz
Adding work to queue: ycaphic
Adding work to queue: lyxltfi
Adding work to queue: chhgzeb
Adding work to queue: sqvtmqm
Adding work to queue: aijexwx
Adding work to queue: xiwhavm
Adding work to queue: godshjp
Adding work to queue: ymrqlne
Adding work to queue: ezoaqla
Adding work to queue: drztpxr
Adding work to queue: iyobwae
Adding work to queue: hlezxim
Adding work to queue: hwkoxgw
Adding work to queue: xuzvuip
Adding work to queue: wnojncg
Pending when ops: 0, Queue size: 43Adding work to queue: xxdcybg

Adding work to queue: auqhypk
Processing batch, queue size: 45
Adding work to queue: pgjrasi
Adding work to queue: jkooyou
Adding work to queue: zjjxzma
Adding work to queue: liyuirc
Adding work to queue: psbzjps
Adding work to queue: nswfyim
Adding work to queue: xwztfjh
Adding work to queue: mnkekjf
Adding work to queue: uuijqsj
Adding work to queue: rdysasn
Adding work to queue: ffrywiu
Adding work to queue: ppnbtor
Adding work to queue: gzuhmmw
Adding work to queue: fwxkfhs
Adding work to queue: draifrd
Adding work to queue: npnydlm
Pending when ops: 0, Queue size: 16
Adding work to queue: bmnfqkz
Adding work to queue: kvyfngj
Adding work to queue: qnnxfiz
Adding work to queue: qcyrtgh
Adding work to queue: hcyprof
Adding work to queue: gcftnjt
Adding work to queue: eybxslp
Adding work to queue: rbhrxhv
Adding work to queue: saubegs
Adding work to queue: yiyqjyp
Adding work to queue: tpqzpwm
Adding work to queue: wdijcms
Adding work to queue: svjhzoq
Adding work to queue: gvkzvnb
Adding work to queue: ofxpmqi
Adding work to queue: entyaet
Adding work to queue: glzgxoy
Adding work to queue: hjzlaew
Adding work to queue: bfpmgxp
Adding work to queue: ckcllzn
Adding work to queue: ivvpfde
Adding work to queue: wmwkbwq
Adding work to queue: zwnkxsc
Adding work to queue: vuoobbq
Adding work to queue: opucuur
Adding work to queue: encgpbh
Adding work to queue: vvaxnrm
Adding work to queue: ouyftwa
Adding work to queue: lesfozf
Adding work to queue: gdsabhb
Adding work to queue: bhgowcb
Adding work to queue: hdyggni
Adding work to queue: szdkhuj
Adding work to queue: ylxkhsq
Adding work to queue: fkurtrq
Adding work to queue: fartflt
Adding work to queue: ycgnnxg
Adding work to queue: xotqdqk
Adding work to queue: svqcdei
Adding work to queue: srgofzd
Adding work to queue: kilsexw
Adding work to queue: wxineom
Adding work to queue: eodgnid
Adding work to queue: dlhbgza
Adding work to queue: hifanuc
Adding work to queue: jrrbsmh
Adding work to queue: rysvtpl
Adding work to queue: dbwixju
Adding work to queue: mvctxkg
Adding work to queue: imgbrxz
Adding work to queue: sptdzrl
Adding work to queue: xepltlh
Adding work to queue: arzimbx
Adding work to queue: pdknktl
Adding work to queue: etcytav
Adding work to queue: yrmwzcf
Adding work to queue: lbinfww
Adding work to queue: vijlakx
Adding work to queue: mgzdgqu
Adding work to queue: bnadwmy
Adding work to queue: wjulsvo
Adding work to queue: dzlrggj
Adding work to queue: znnuyii
Adding work to queue: skulxxk
Adding work to queue: bptlfil
Adding work to queue: smohlfz
Adding work to queue: lmckywj
Adding work to queue: adgcxql
Processing batch, queue size: 84
Adding work to queue: hizdsbh
Adding work to queue: duabvzd
Adding work to queue: ypuoivq
Adding work to queue: qtluanv
Adding work to queue: cfrlciy
Adding work to queue: jdweiuo
Adding work to queue: ckdekrr
Adding work to queue: fnmxcck
Adding work to queue: ikjlyfu
Adding work to queue: frfodbg
Adding work to queue: cuhzety
Adding work to queue: gaklumi
Adding work to queue: iibfbvp
Adding work to queue: olnyucl
Adding work to queue: diyuhqa
Adding work to queue: dqbivuu
Adding work to queue: btslufr
Adding work to queue: cgilpme
Adding work to queue: whcacyx
Adding work to queue: ewobkji
Adding work to queue: omceaiz
Adding work to queue: lfpvemi
Adding work to queue: riwrzlq
Adding work to queue: gtakfwi
Adding work to queue: gzbwrtg
Adding work to queue: jpmtuhz
Adding work to queue: turjsyy
Adding work to queue: ieqbxqt
Adding work to queue: lkgmswz
Adding work to queue: nlwdgyx
Adding work to queue: raejits
Adding work to queue: zefpovx
Adding work to queue: xltjezs
Pending when ops: 0, Queue size: 33
Adding work to queue: musinst
Adding work to queue: yyjdbqk
Adding work to queue: svobmpm
Adding work to queue: qxngrov
Adding work to queue: cepyqpu
Adding work to queue: zkcihro
Adding work to queue: jahhjwf
Adding work to queue: ngusakt
Adding work to queue: vzhucvy
Adding work to queue: kyornds
Adding work to queue: tfsdmch
Adding work to queue: wrocaco
Adding work to queue: drepnij
Adding work to queue: zjxkfcl
Adding work to queue: eczufxx
Adding work to queue: ydjcvwj
Adding work to queue: fbxxzwl
Adding work to queue: yzuygwt
Adding work to queue: izbxmpj
Adding work to queue: dyfvouq
Adding work to queue: flfqqzj
Adding work to queue: vdyjqem
Adding work to queue: ecxczvo
Adding work to queue: cqgyssr
Adding work to queue: qsnwwvh
Adding work to queue: bkwhczw
Adding work to queue: klbfojm
Adding work to queue: uyddaez
Adding work to queue: rtxvfnf
Adding work to queue: xdxphpl
Adding work to queue: rjyttqd
Adding work to queue: xsjmlty
Adding work to queue: janlebd
Adding work to queue: baduong
Adding work to queue: ljcxfom
Adding work to queue: ulpugpw
Adding work to queue: pqmysvh
Adding work to queue: fudnnwx
Adding work to queue: eaesisw
Adding work to queue: ebdmgau
Adding work to queue: qxptraw
Adding work to queue: wsxkgac
Adding work to queue: trfnwiz
Adding work to queue: mdskqvz
Adding work to queue: rtafapj
Adding work to queue: eiwpuym
Adding work to queue: knieeya
Adding work to queue: wqjaugo
Adding work to queue: kmvelrm
Adding work to queue: colphcy
Adding work to queue: dwbhoiv
Adding work to queue: iuhpcve
Adding work to queue: aaaosjf
Adding work to queue: iikrxzm
Adding work to queue: jyxuzgc
Adding work to queue: doysepl
Adding work to queue: bqiipdf
Adding work to queue: tskxwhc
Adding work to queue: trkncxj
Adding work to queue: rdfkmim
Adding work to queue: utuuazw
Adding work to queue: oxufbsh
Adding work to queue: mzepabd
Adding work to queue: tjekgil
Adding work to queue: qqiseoh
Adding work to queue: bcqoxrq
Adding work to queue: pewoluq
Adding work to queue: lnkubfq
Adding work to queue: qvnzbae
Adding work to queue: pyxxevd
Adding work to queue: ruslflc
Adding work to queue: vagcitv
Adding work to queue: bgkwmst
Adding work to queue: ybbfapu
Adding work to queue: wixoscm
Adding work to queue: bpunadi
Adding work to queue: hzawzqy
Adding work to queue: gvuwynw
Adding work to queue: ccwpzie
Adding work to queue: zklamfu
Processing batch, queue size: 113
Adding work to queue: ysfbsfh
Adding work to queue: jhrydtv
Adding work to queue: dqrtthp
Adding work to queue: pmlgpys
Adding work to queue: rasbbkm
Adding work to queue: xmecvlk
Adding work to queue: cqgyulg
Adding work to queue: vadsoib
Adding work to queue: lmzcavd
Adding work to queue: zjfbjgx
Adding work to queue: foeccfn
Adding work to queue: sbzwzws
Adding work to queue: tyckbrb
Adding work to queue: aculcmn
Adding work to queue: mwtlcoq
Adding work to queue: plioojk
Adding work to queue: qsfmjqb
Adding work to queue: erybnjb
Adding work to queue: hlintfx
Adding work to queue: vwrhhco
Adding work to queue: nrvcdty
Adding work to queue: ihbokyg
Adding work to queue: surtgac
Adding work to queue: ctvpzjt
Adding work to queue: nmlfxeb
Adding work to queue: jyfqgfg
Adding work to queue: okttszz
Adding work to queue: twrlhlf
Adding work to queue: tltatjl
Adding work to queue: ufogpdu
Adding work to queue: nroiyvf
Adding work to queue: vpnoasl
Adding work to queue: fokdsae
Adding work to queue: kxwiuup
Adding work to queue: plelncz
Adding work to queue: irwlexc
Adding work to queue: opjxeed
Adding work to queue: otqmylx
Adding work to queue: mkqbapn
Adding work to queue: zvcjpxj
Adding work to queue: xnqbcgx
Adding work to queue: sahgxip
Adding work to queue: yjqrazy
Adding work to queue: zktaeht
Adding work to queue: hetogof
Adding work to queue: gvnufnj
Adding work to queue: pyeswae
Adding work to queue: rvplalh
Adding work to queue: aykansn
Adding work to queue: aldfoid
Adding work to queue: dsdsevt
Adding work to queue: gpufyqz
Adding work to queue: jrmpqbg
Adding work to queue: gzwwxgs
Adding work to queue: sjlvhkw
Adding work to queue: ffemgwa
Adding work to queue: ppiymsm
Adding work to queue: drxairt
Adding work to queue: hztshqk
Adding work to queue: juvyase
Adding work to queue: vduhfoq
Pending when ops: Adding work to queue: 0, Queue size: 61
iruzuau
Processing batch, queue size: 62
Adding work to queue: owaxzea
Adding work to queue: mtezwro
Adding work to queue: dxzmuda
Adding work to queue: eoeodja
Adding work to queue: bkwsldc
Adding work to queue: pjdzqau
Adding work to queue: iziykoh
Adding work to queue: uguwynw
Adding work to queue: dpqjfap
Adding work to queue: afszgol
Adding work to queue: erpxbbt
Adding work to queue: snbcobq
Adding work to queue: yjnhzwi
Adding work to queue: zymiwyh
Adding work to queue: slqxxig
Adding work to queue: ujpdqfl
Adding work to queue: vakvrnz
Adding work to queue: hwotuty
Adding work to queue: chrpkcm
Adding work to queue: clflbkr
Adding work to queue: nvhxnep
Adding work to queue: hxsmhem
Adding work to queue: atlvlxa
Pending when ops: 0Adding work to queue: guxukhc
, Queue size: 24
Adding work to queue: eoaethk
Adding work to queue: dsifxkz
Adding work to queue: jpvkffe
Adding work to queue: tjrjfcn
Adding work to queue: jixrftz
Adding work to queue: hsbtztn
Adding work to queue: uqkyluo
Adding work to queue: mwyucua
Adding work to queue: swysztp
Adding work to queue: qdpnnkb
Adding work to queue: nhjcxvn
Adding work to queue: uydyygg
Adding work to queue: lhdujlf
Adding work to queue: cjmycxn
Adding work to queue: hxfrmuu
Adding work to queue: tbgzzxo
Adding work to queue: galopdr
Adding work to queue: sgltbyr
Adding work to queue: bcvsvut
Adding work to queue: nqphzfu
Adding work to queue: uuowaqs
Adding work to queue: wvadgqb
Adding work to queue: bzgyfbu
Adding work to queue: bosxosq
Adding work to queue: muxiilc
Adding work to queue: dvdyizx
Adding work to queue: pbtnupa
Adding work to queue: zrsxdmo
Adding work to queue: fzzspvn
Adding work to queue: vdondqc
Adding work to queue: lrfouzy
Adding work to queue: ohmyfnx
Adding work to queue: cqfdhoz
Adding work to queue: upqfivr
Adding work to queue: kmuwzaa
Adding work to queue: zgsxadw
Adding work to queue: vdsdbyz
Adding work to queue: sqbmrik
Adding work to queue: fndqrqw
Adding work to queue: qsatndw
Adding work to queue: fztqwzx
Adding work to queue: rwmtbwj
Adding work to queue: wvyrsox
Adding work to queue: oawvnrg
Adding work to queue: krwiqqf
Adding work to queue: cjhlnxz
Adding work to queue: fusljwz
Adding work to queue: adopqle
Adding work to queue: zdoeqyh
Adding work to queue: woystxd
Adding work to queue: glqagkb
Adding work to queue: zpqnkdz
Processing batch, queue size: 76
Adding work to queue: wusmljk
Adding work to queue: pdnjxfb
Adding work to queue: zseqcvv
Adding work to queue: izzzutm
Adding work to queue: gyjuloo
Adding work to queue: cerdvki
Adding work to queue: lbwljzz
Adding work to queue: yplrimm
Adding work to queue: mrtahuq
Adding work to queue: tshaeoq
Adding work to queue: kclxdbp
Adding work to queue: frqzicu
Adding work to queue: ffxditp
Adding work to queue: qolwqfi
Adding work to queue: kpztjou
Adding work to queue: fthponr
Adding work to queue: wkvkclu
Adding work to queue: dtkjwis
Adding work to queue: mjkblsm
Adding work to queue: xutctui
Adding work to queue: pnrkgsa
Adding work to queue: prkowlh
Adding work to queue: cbejhvw
Adding work to queue: zjffktt
Adding work to queue: amegszt
Adding work to queue: mxrdkyk
Adding work to queue: ayqgbcj
Pending when ops: 0, Queue size: Adding work to queue: baljekd
27Adding work to queue: suavxsw

Processing batch, queue size: 29
Adding work to queue: whcgmfa
Adding work to queue: qvrkyus
Adding work to queue: qhdzwnk
Adding work to queue: pdwcmag
Adding work to queue: uiqiypt
Adding work to queue: ppkciph
Adding work to queue: irtnyig
Adding work to queue: hfqfzps
Adding work to queue: iwvukii
Pending when ops: Adding work to queue: geziquz
0, Queue size: Adding work to queue: aupftoz
10
Adding work to queue: vjtlzet
Adding work to queue: egtglni
Adding work to queue: mlhkunj
Adding work to queue: pofcqra
Adding work to queue: xqxydsj
Adding work to queue: furnerj
Adding work to queue: qfuypmv
Adding work to queue: tkqkjyu
Adding work to queue: rfwmcmm
Adding work to queue: akztfbn
Adding work to queue: prdjnjv
Adding work to queue: rumjdla
Adding work to queue: dbtvlsg
Adding work to queue: rgezjtv
Adding work to queue: psyypsy
Adding work to queue: qccbfcy
Adding work to queue: kbvsrdl
Adding work to queue: ybcopzx
Adding work to queue: xvolfet
Adding work to queue: hrwctuf
Adding work to queue: arjdikp
Adding work to queue: htlmotd
Adding work to queue: tgjepco
Adding work to queue: icthgcb
Adding work to queue: vhqqouz
Adding work to queue: ecvspwr
Adding work to queue: ufyxfte
Adding work to queue: yhsnbxz
Adding work to queue: pkyqjub
Adding work to queue: twtrllb
Adding work to queue: swfijck
Adding work to queue: aguhlze
Adding work to queue: gnepwic
Adding work to queue: lfsaaal
Adding work to queue: yxgpvpq
Adding work to queue: tfcpbqh
Adding work to queue: nfjgpvm
Adding work to queue: edsnswk
Adding work to queue: idelquo
Adding work to queue: ldilmkm
Adding work to queue: pnktdwm
Adding work to queue: iheicnx
Adding work to queue: bhwpzfg
Adding work to queue: brczqge
Adding work to queue: cwgkgcr
Adding work to queue: nuyrfok
Adding work to queue: ygnttky
Adding work to queue: gpkeksi
Adding work to queue: qozjziy
Adding work to queue: bszmoxo
Adding work to queue: sxbhaex
Adding work to queue: qtqvpyy
Adding work to queue: myhzkbo
Adding work to queue: meknlyw
Adding work to queue: tvrlcyg
Adding work to queue: fjxlcoe
Adding work to queue: zqefiek
Adding work to queue: ggtynqk
Adding work to queue: eadjxpz
Adding work to queue: yfjszrp
Adding work to queue: ljvfqeh
Adding work to queue: dxuoxmt
Adding work to queue: dowwaww
Adding work to queue: icvcmxl
Adding work to queue: mdeohrq
Adding work to queue: kpalpvc
Adding work to queue: kelkytd
Adding work to queue: zloolie
Adding work to queue: cmacjfl
Adding work to queue: jhwjaig
Adding work to queue: fnpkazy
Adding work to queue: iqbemsa
Adding work to queue: nrvehzt
Adding work to queue: jaoebmi
Adding work to queue: kjfkicn
Processing batch, queue size: 86
Adding work to queue: aoxfxnn
Adding work to queue: dnproht
Adding work to queue: gtupfjv
Adding work to queue: xnzgrnj
Adding work to queue: xqfqccz
Adding work to queue: maxnvna
Adding work to queue: jkoqcko
Adding work to queue: ocrbvqx
Adding work to queue: bcryzmw
Adding work to queue: wwijzzc
Adding work to queue: eqkhzxp
Adding work to queue: glpcshv
Adding work to queue: cpkfzth
Adding work to queue: aiktjzs
Adding work to queue: mmurjez
Adding work to queue: bqyxmjv
Adding work to queue: buoceub
Adding work to queue: bmwjpjb
Adding work to queue: pgegcdm
Adding work to queue: qzsgbdq
Adding work to queue: numbnjs
Adding work to queue: zmsviie
Adding work to queue: eiezwyo
Adding work to queue: kbcenbc
Adding work to queue: bxkpiru
Adding work to queue: ykatiye
Adding work to queue: zvtthvw
Adding work to queue: sioxlpk
Adding work to queue: ulolyzd
Adding work to queue: ebrofrp
Adding work to queue: cwzounr
Adding work to queue: umpumiw
Adding work to queue: uknkxwv
Adding work to queue: mbgdzac
Adding work to queue: ixezmbg
Adding work to queue: kviqxxy
Pending when ops: 0, Queue size: 36
Processing batch, queue size: 36
Adding work to queue: eukbabu
Adding work to queue: lxulvuv
Adding work to queue: nejroqi
Adding work to queue: dkhtnjh
Adding work to queue: iludjpd
Adding work to queue: waipuoi
Adding work to queue: qhmxkcz
Adding work to queue: pxhhnts
Adding work to queue: qlhokse
Adding work to queue: yuzgknk
Adding work to queue: fslrpsg
Adding work to queue: lzwyqcv
Adding work to queue: ejhoavq
Pending when ops: 0, Queue size: 13Adding work to queue: maipovj

Processing batch, queue size: 14
Adding work to queue: taxqeqr
Adding work to queue: dfcmjhh
Adding work to queue: ouyyeyv
Adding work to queue: kuvhpxi
Pending when ops: 0, Queue size: 4Adding work to queue: ggpbnxk

Processing batch, queue size: 5
Adding work to queue: jwavoss
Pending when ops: 0, Queue size: 1
Adding work to queue: htdsaeo
Adding work to queue: hvdtbzi
Adding work to queue: hnqjcqj
Adding work to queue: fixghei
Adding work to queue: piscknk
Processing batch, queue size: 6
Adding work to queue: dkzwlmb
Pending when ops: 0, Queue size: 1
Adding work to queue: jhuicji
Processing batch, queue size: 2
Adding work to queue: qmbrlov
Pending when ops: 0, Queue size: 1
Adding work to queue: evzfynt
Adding work to queue: tjndnxe
Adding work to queue: kmrhour
Adding work to queue: wfhnnsv
Adding work to queue: ehevpcs
Adding work to queue: utazhar
Adding work to queue: kzhktrh
Adding work to queue: kccvnnf
Processing batch, queue size: 9
Adding work to queue: osndvev
Adding work to queue: jgsluse
Adding work to queue: bnkmfdd
Adding work to queue: qejcriy
Adding work to queue: ugijlfe
Pending when ops: Adding work to queue: qgrzhfd
0, Queue size: 6
Adding work to queue: mdgrglb
Adding work to queue: evkwyot
Processing batch, queue size: 8
Adding work to queue: mnnmpwu
Adding work to queue: zqbmusfPending when ops: 0, Queue size: 1

Adding work to queue: cpqatew
Adding work to queue: fqgjohi
Adding work to queue: lqjlhcv
Adding work to queue: pkhlkdl
Adding work to queue: mnbutmx
Adding work to queue: kphdivp
Adding work to queue: sxehapg
Adding work to queue: qrwcwtj
Adding work to queue: wohrnwf
Adding work to queue: ehsihdt
Adding work to queue: bwaddhk
Adding work to queue: pqnwwip
Adding work to queue: atunvpc
Adding work to queue: bhhrtdv
Adding work to queue: fazrbxm
Adding work to queue: ucykwbs
Adding work to queue: dxdslfo
Adding work to queue: vbbaqxg
Adding work to queue: uqpmziz
Adding work to queue: elkessg
Adding work to queue: eqsznoq
Adding work to queue: npowewm
Adding work to queue: lzanbkl
Adding work to queue: zzzmvzq
Adding work to queue: mfpmntl
Adding work to queue: wfroxtv
Adding work to queue: torupic
Adding work to queue: jhhhcee
Adding work to queue: iaxbnko
Adding work to queue: qhixxrl
Adding work to queue: yjintje
Adding work to queue: aqkomzf
Adding work to queue: ejacari
Adding work to queue: utkyrlb
Adding work to queue: ycxbkzc
Adding work to queue: erzxiso
Adding work to queue: xkgvltx
Adding work to queue: defmuzh
Adding work to queue: iznxsmf
Adding work to queue: ptjnxca
Adding work to queue: rphdqiy
Adding work to queue: hodllah
Adding work to queue: vqljqab
Adding work to queue: vbteqge
Adding work to queue: iuxhdkx
Adding work to queue: healqbr
Adding work to queue: aywrdns
Adding work to queue: mznbplx
Adding work to queue: lmwtbrk
Adding work to queue: ktojoqe
Adding work to queue: uvruepk
Adding work to queue: htocgkx
Adding work to queue: aqcfewe
Adding work to queue: yafidvf
Adding work to queue: dmedthi
Adding work to queue: qzihqtn
Adding work to queue: kuymclv
Adding work to queue: xrewvwi
Adding work to queue: fssjfue
Adding work to queue: shzouva
Adding work to queue: enumdxc
Adding work to queue: lafxwzw
Adding work to queue: culnnkk
Adding work to queue: evavdhj
Adding work to queue: tdbndeq
Adding work to queue: qjttaye
Adding work to queue: gudnwrb
Adding work to queue: twfczzw
Adding work to queue: cnijkrl
Adding work to queue: txgmjrf
Adding work to queue: aqvbsef
Adding work to queue: pqznhrf
Adding work to queue: eeylfbj
Adding work to queue: ysruwsf
Adding work to queue: lhgaaau
Adding work to queue: nydqqep
Adding work to queue: trvaqfa
Adding work to queue: idcbxdh
Adding work to queue: eiuhecr
Adding work to queue: ivsddco
Adding work to queue: fmyshxk
Adding work to queue: ykbltje
Adding work to queue: lugbarr
Adding work to queue: jdstuek
Adding work to queue: xktzbzs
Adding work to queue: okyhhdw
Adding work to queue: vhgixck
Adding work to queue: ftwuxlc
Pausing: active threads: 8
Adding work to queue: ewzkzco
Adding work to queue: pdejxdl
Adding work to queue: tnlrnlx
Adding work to queue: ywfshfv
Adding work to queue: xxazuur
Adding work to queue: Pausing: active threads: 7
revdtgc
Pausing: active threads: Adding work to queue: 6
zeuknqy
Adding work to queue: pqoyijmPausing: active threads: 5

Adding work to queue: dwuigvx
Adding work to queue: qznsxjw
Adding work to queue: mlsmejg
Adding work to queue: ejtkfvp
Adding work to queue: eyutcwh
Adding work to queue: trotrgy
Adding work to queue: yznlfvc
Adding work to queue: uizpsgl
Adding work to queue: tfxzlpd
Adding work to queue: krbncgf
Adding work to queue: vvlcnrv
Adding work to queue: hkgqazo
Adding work to queue: qdlukgw
Adding work to queue: tbdwlja
Adding work to queue: pxefbhq
Adding work to queue: hkyiout
Adding work to queue: pkmulyr
Adding work to queue: jbiuart
Adding work to queue: nzviobr
Adding work to queue: dmuwjeb
Adding work to queue: qvmcuzd
Adding work to queue: sfdrleg
Adding work to queue: jcfptgy
Adding work to queue: axpbtuf
Adding work to queue: vqzmqfb
Adding work to queue: jtafxby
Adding work to queue: kfxghoh
Adding work to queue: hwuxjxo
Adding work to queue: sxxpkbt
Adding work to queue: lrqkfzb
Adding work to queue: ufmpzds
Adding work to queue: pnqrgye
Adding work to queue: cpchjid
Adding work to queue: stubiff
Adding work to queue: dbyocnk
Adding work to queue: eihgrmk
Adding work to queue: gztzljc
Adding work to queue: ldsrcjd
Adding work to queue: sikifqe
Adding work to queue: zlzgork
Pausing: active threads: 4
Adding work to queue: pepjshf
Adding work to queue: qlrvbtx
Adding work to queue: Pausing: active threads: 3
Pausing: active threads: 2
spdbtwm
Adding work to queue: lihmxxr
Adding work to queue: bmnksou
Adding work to queue: xqkrrie
Adding work to queue: upkylpu
Pausing: active threads: 1
Teardown: all threads stopped
Adding work to queue: yzsvblb
Adding work to queue: zscpcmo
Adding work to queue: hqcizfj
Adding work to queue: hhhojan
Adding work to queue: dmbmjda
Adding work to queue: meoizcp
Adding work to queue: njsvkex
Adding work to queue: upxohcc
Adding work to queue: kngyjtb
Adding work to queue: rnvaryz
Adding work to queue: lktbbec
Adding work to queue: nlmmtbf
Adding work to queue: bbgghmx
Adding work to queue: stczrws
Adding work to queue: jpfmaib
Adding work to queue: etjfhhq
Adding work to queue: tfngwqv
Adding work to queue: zlmdjsf
Adding work to queue: eseovxc
Teardown: all threads stopped
Run behaviours time:Adding work to queue: xvabdtu
10574752
Adding work to queue: vrshmfz[report]: 
Adding work to queue: elnkalp
insert_overall_duration_ns : 10574752
[report]: insert_overall_operation_number : 933
Adding work to queue: wxzhssb
Adding work to queue: pytlunc
Adding work to queue: twufnwh
Adding work to queue: [report]: insert_overall_throughput : 94564865.445544
zbpqbfw
completed_ops: 933
Adding work to queue: eyobkbn
Adding work to queue: rkfqbjc
Processing batch, queue size: 173
hash_rt: pthread_mutex_lock.c:438: __pthread_mutex_lock_full: Assertion `e != ESRCH || !robust' failed.
Adding work to queue: dffuiuc
