/users/Xuran/hash_rt/build/hash_rt --num_threads=16 --str_key_size=8 --str_value_size=100 --num_ops=5000000 --first_mode=true --work_usec=0 --batch_size=80
Harness starting.
 /users/Xuran/hash_rt/build/hash_rt --num_threads=16 --str_key_size=8 --str_value_size=100 --num_ops=5000000 --first_mode=true --work_usec=0 --batch_size=80 --seed 3497748806
Init time:2331210972
Scheduler cores: 7
External thread 0 is running on core 7
External thread 1 is running on core 8
External thread 2 is running on core 9
External thread 3 is running on core 10
External thread 4 is running on core 11
External thread 5 is running on core 12
External thread 6 is running on core 13
External thread 7 is running on core 14
External thread 8 is running on core 15
Pausing: active threads: 7
Pausing: active threads: 6
Pausing: active threads: 5
Pausing: active threads: 4
Pausing: active threads: 3
Pausing: active threads: 2
Pausing: active threads: 1
Teardown: all threads stopped
[report]: insert_run_time_ns : 584592156
[report]: scheduler_total_when_schedules : 4945227
[report]: scheduler_total_when_time_ns : 3365490673
Teardown: all threads stopped
[report]: insert_overall_operation_number : 4786768
[report]: insert_overall_throughput : 8188217.975337
[report]: scheduler_avg_when_time_ns : 680.553324
[report]: insert_avg_insert_time_ns : 122.000000
/users/Xuran/hash_rt/build/hash_rt --num_threads=17 --str_key_size=8 --str_value_size=100 --num_ops=5000000 --first_mode=true --work_usec=0 --batch_size=80
Harness starting.
 /users/Xuran/hash_rt/build/hash_rt --num_threads=17 --str_key_size=8 --str_value_size=100 --num_ops=5000000 --first_mode=true --work_usec=0 --batch_size=80 --seed 1776432368
Init time:2341855314
Scheduler cores: 8
External thread 0 is running on core 8
External thread 1 is running on core 9
External thread 2 is running on core 10
External thread 3 is running on core 11
External thread 4 is running on core 12
External thread 5 is running on core 13
External thread 6 is running on core 14
External thread 7 is running on core 15
External thread 8 is running on core 16
Pausing: active threads: 8
Pausing: active threads: 7
Pausing: active threads: 6
Pausing: active threads: 5
Pausing: active threads: 4
Pausing: active threads: 3
Pausing: active threads: 2
Pausing: active threads: 1
Teardown: all threads stopped
[report]: insert_run_time_ns : 523593653
[report]: scheduler_total_when_schedules : 4808585
[report]: scheduler_total_when_time_ns : 3163027500
Teardown: all threads stopped
[report]: insert_overall_operation_number : 4661675
[report]: insert_overall_throughput : 8903230.536295
[report]: scheduler_avg_when_time_ns : 657.787582
[report]: insert_avg_insert_time_ns : 112.000000
