/users/Xuran/hash_rt/build/hash_rt --num_threads=18 --str_key_size=8 --str_value_size=100 --num_ops=5000000 --first_mode=true --work_usec=0 --batch_size=80
Harness starting.
 /users/Xuran/hash_rt/build/hash_rt --num_threads=18 --str_key_size=8 --str_value_size=100 --num_ops=5000000 --first_mode=true --work_usec=0 --batch_size=80 --seed 4276885066
Init time:2339984284
Scheduler cores: 9
External thread 0 is running on core 9
External thread 1 is running on core 10External thread 2 is running on core 11

External thread 3 is running on core 12
External thread 4 is running on core 13
External thread 5 is running on core 14
External thread 6 is running on core 15
External thread 7 is running on core 16
External thread 8 is running on core 17
Total scheduler time:3249335200
Pausing: active threads: 9
Pausing: active threads: 8
Pausing: active threads: 7
Pausing: active threads: 6
Pausing: active threads: 5
Pausing: active threads: 4
Pausing: active threads: 3
Pausing: active threads: 2
Pausing: active threads: 1
Teardown: all threads stopped
[report]: insert_run_time_ns : 890364511
[report]: scheduler_total_when_schedules : 5000000
[report]: scheduler_total_when_time_ns : 2857542197
Teardown: all threads stopped
[report]: insert_overall_operation_number : 4836393
[report]: insert_overall_throughput : 5431924.723244
[report]: scheduler_avg_when_time_ns : 571.508439
[report]: insert_avg_insert_time_ns : 184.000000
/users/Xuran/hash_rt/build/hash_rt --num_threads=19 --str_key_size=8 --str_value_size=100 --num_ops=5000000 --first_mode=true --work_usec=0 --batch_size=80
Harness starting.
 /users/Xuran/hash_rt/build/hash_rt --num_threads=19 --str_key_size=8 --str_value_size=100 --num_ops=5000000 --first_mode=true --work_usec=0 --batch_size=80 --seed 3581720736
Init time:2349976347
Scheduler cores: 10
External thread 0 is running on core 10
External thread 1 is running on core 11
External thread 2 is running on core 12
External thread 4 is running on core 14
External thread 5 is running on core 15
External thread 6 is running on core 16
External thread 7 is running on core 17
External thread 8 is running on core 18
External thread 3 is running on core 13
Pausing: active threads: 10
Pausing: active threads: 9
Pausing: active threads: 8
Pausing: active threads: 7
Pausing: active threads: 6
Pausing: active threads: 5
Pausing: active threads: 4
Pausing: active threads: 3
Pausing: active threads: 2
Pausing: active threads: 1
Teardown: all threads stopped
[report]: insert_run_time_ns : 419187315
[report]: scheduler_total_when_schedules : 3746127
[report]: scheduler_total_when_time_ns : 4103065209
Teardown: all threads stopped
[report]: insert_overall_operation_number : 3673485
[report]: insert_overall_throughput : 8763349.625692
[report]: scheduler_avg_when_time_ns : 1095.281930
[report]: insert_avg_insert_time_ns : 114.000000
