/users/Xuran/hash_rt/build/hash_rt --num_threads=24 --str_key_size=8 --str_value_size=100 --num_ops=5000000 --first_mode=true --work_usec=0 --batch_size=80
Harness starting.
 /users/Xuran/hash_rt/build/hash_rt --num_threads=24 --str_key_size=8 --str_value_size=100 --num_ops=5000000 --first_mode=true --work_usec=0 --batch_size=80 --seed 3363610696
Init time:2355421768
Scheduler cores: 15
External thread 0 is running on core 15
External thread 1 is running on core 16
External thread 2 is running on core 17
External thread 3 is running on core 18
External thread 4 is running on core 19
External thread 5 is running on core 20
External thread 6 is running on core 21
External thread 7 is running on core 22
External thread 8 is running on core 23
Pausing: active threads: 15
Pausing: active threads: 14
Pausing: active threads: 13
Pausing: active threads: 12
Pausing: active threads: 11
Pausing: active threads: 10
Pausing: active threads: 9
Pausing: active threads: 8
Pausing: active threads: 7
Pausing: active threads: 6
Pausing: active threads: 5
Pausing: active threads: 4
Pausing: active threads: 3
Pausing: active threads: 2
Pausing: active threads: 1
Teardown: all threads stopped
[report]: insert_run_time_ns : 327005191
[report]: scheduler_total_when_schedules : 3307420
[report]: scheduler_total_when_time_ns : 3751129743
Teardown: all threads stopped
[report]: insert_overall_operation_number : 3256124
[report]: insert_overall_throughput : 9957407.679195
[report]: scheduler_avg_when_time_ns : 1134.155850
[report]: insert_avg_insert_time_ns : 100.000000
/users/Xuran/hash_rt/build/hash_rt --num_threads=25 --str_key_size=8 --str_value_size=100 --num_ops=5000000 --first_mode=true --work_usec=0 --batch_size=80
Harness starting.
 /users/Xuran/hash_rt/build/hash_rt --num_threads=25 --str_key_size=8 --str_value_size=100 --num_ops=5000000 --first_mode=true --work_usec=0 --batch_size=80 --seed 1239275886
Init time:2354835633
Scheduler cores: 16
External thread 0 is running on core 16
External thread 1 is running on core 17
External thread 2 is running on core 18
External thread 3 is running on core 19
External thread 4 is running on core 20
External thread 5 is running on core 21
External thread 6 is running on core 22
External thread 7 is running on core 23
External thread 8 is running on core 24
Pausing: active threads: 16
Pausing: active threads: 15
Pausing: active threads: 14
Pausing: active threads: 13
Pausing: active threads: 12
Pausing: active threads: 11
Pausing: active threads: 10
Pausing: active threads: 9
Pausing: active threads: 8
Pausing: active threads: 7
Pausing: active threads: 6
Pausing: active threads: 5
Pausing: active threads: 4
Pausing: active threads: 3
Pausing: active threads: 2
Pausing: active threads: 1
Teardown: all threads stopped
[report]: insert_run_time_ns : 359977983
[report]: scheduler_total_when_schedules : 3686735
[report]: scheduler_total_when_time_ns : 3823016081
Teardown: all threads stopped
[report]: insert_overall_operation_number : 3617378
[report]: insert_overall_throughput : 10048886.795390
[report]: scheduler_avg_when_time_ns : 1036.965250
[report]: insert_avg_insert_time_ns : 99.000000
