/users/Xuran/hash_rt/build/hash_rt --num_threads=8 --str_key_size=8 --str_value_size=100 --num_ops=1000000 --first_mode=true --work_usec=0
Running with 8 cores
Init time:2355411239
Init scheduler time:43079
Schedule behaviours time:791704148
[report]: insert_sched_avg_time : 791.000000
Pausing: active threads: 8
Pausing: active threads: 7
Pausing: active threads: 6
Pausing: active threads: 5
Pausing: active threads: 4
Pausing: active threads: 3
Pausing: active threads: 2
Pausing: active threads: 1
Teardown: all threads stopped
Run behaviours time:52590960
[report]: insert_run_avg_time : 52.000000
[report]: insert_overall_duration_ns : 52590960
[report]: insert_overall_operation_number : 1000000
[report]: insert_overall_throughput : 19014674.765397
