GNU gdb (Ubuntu 12.1-0ubuntu1~22.04) 12.1
Copyright (C) 2022 Free Software Foundation, Inc.
License GPLv3+: GNU GPL version 3 or later <http://gnu.org/licenses/gpl.html>
This is free software: you are free to change and redistribute it.
There is NO WARRANTY, to the extent permitted by law.
Type "show copying" and "show warranty" for details.
This GDB was configured as "x86_64-linux-gnu".
Type "show configuration" for configuration details.
For bug reporting instructions, please see:
<https://www.gnu.org/software/gdb/bugs/>.
Find the GDB manual and other documentation resources online at:
    <http://www.gnu.org/software/gdb/documentation/>.

For help, type "help".
Type "apropos word" to search for commands related to "word"...
Reading symbols from ./hash_rt...
[?2004h(gdb) 
[?2004l[?2004h(gdb) r
[?2004lStarting program: /mnt/nvme0/home/gxr/Myhash_boc/Hash_rt/build/hash_rt 
[Thread debugging using libthread_db enabled]
Using host libthread_db library "/lib/x86_64-linux-gnu/libthread_db.so.1".
Set fair: 1
Init runtime
Scheduler Thread created
Scheduler Thread created
Runtime initialised
Init time:1835089605
[New Thread 0x7fbfdf3e8640 (LWP 1119214)]
Starting all threads
[New Thread 0x7fbfdebe7640 (LWP 1119215)]
[New Thread 0x7fbfde3e6640 (LWP 1119216)]
BehaviourCore::schedule_many1
Prepare phase duration: 960
Acquire phase duration: 670
Exchange duration: 340
Release phase duration: 100
Process phase duration: 690
BehaviourCore::schedule_many1
Prepare phase duration: 180
Acquire phase duration: 380
Exchange duration: 240
Release phase duration: 50
Process phase duration: 160
BehaviourCore::schedule_many1
Prepare phase duration: 130
Acquire phase duration: 290
Exchange duration: 170
Release phase duration: 50
Process phase duration: 140
BehaviourCore::schedule_many1
Prepare phase duration: 150
Acquire phase duration: 250
Exchange duration: 150
Release phase duration: 60
Process phase duration: 140
BehaviourCore::schedule_many1
Prepare phase duration: 140
Acquire phase duration: 360
Exchange duration: 230
Release phase duration: 50
Process phase duration: 450
BehaviourCore::schedule_many1
Prepare phase duration: 130
Acquire phase duration: 350
Exchange duration: 240
Release phase duration: 40
Process phase duration: 160
BehaviourCore::schedule_many1
Prepare phase duration: 140
Acquire phase duration: 260
Exchange duration: 170
Release phase duration: 40
Process phase duration: 140
BehaviourCore::schedule_many1
Prepare phase duration: 130
Acquire phase duration: 340
Exchange duration: 240
Release phase duration: 40
Process phase duration: 170
[New Thread 0x7fbfddbe5640 (LWP 1119217)]
get work duration: 4510
get work duration: 1240
thread id: 2 Schedule work 0x7fbfe03ec0c0
thread id: 1 Schedule work 0x7fbfe03ec2a0
the total count of insert: 1
the total count of insert: 2
thread id: 1 work duration: 117269
thread id: 2 work duration: 114509
thread id: 1 completed_count_last_batch: 3
thread id: 2 completed_count_last_batch: 2
get work duration: 530
get work duration: 260
thread id: 2 Schedule work 0x7fbfe03ec240
the total count of insert: 3
thread id: 1 Schedule work 0x7fbfe03ec1e0
the total count of insert: 4
thread id: 2 work duration: 3840
thread id: 1 work duration: 5400
thread id: 1 completed_count_last_batch: 0
thread id: 2 completed_count_last_batch: 1
get work duration: 220
thread id: 1 Schedule work 0x7fbfe03ec120
get work duration: 520
thread id: 2 Schedule work 0x7fbfe03ec180
the total count of insert: 5
BehaviourCore::schedule_many1
the total count of insert: 6
thread id: 2 work duration: 11190
thread id: 2 completed_count_last_batch: 3
thread id: 1 work duration: 16720
thread id: 1 completed_count_last_batch: 2
get work duration: 460
get work duration: 470
Prepare phase duration: 170
thread id: 2 Schedule work 0x7fbfe03ec000
Acquire phase duration: 390
the total count of insert: 7
Exchange duration: 260
thread id: 1 Schedule work 0x7fbfe03ec060
thread id: 2 work duration: 6910
Release phase duration: 60
Process phase duration: 170
BehaviourCore::schedule_many1
the total count of insert: 8
Prepare phase duration: 130
Acquire phase duration: 200
Exchange duration: 80
Release phase duration: 60
Process phase duration: 160
thread id: 2 completed_count_last_batch: 1
BehaviourCore::schedule_many1
Prepare phase duration: 140
get work duration: 470
thread id: 1 work duration: 26080
thread id: 1 completed_count_last_batch: 0
thread id: 2 Schedule work 0x7fbfe03ec300
Acquire phase duration: 330
Exchange duration: 160
Release phase duration: 40
Process phase duration: 160
the total count of insert: 9
BehaviourCore::schedule_many1
Prepare phase duration: 150
Acquire phase duration: 360
Exchange duration: 260
Release phase duration: 40
Process phase duration: 160
get work duration: 1170
thread id: 1 Schedule work 0x7fbfe03ec420
BehaviourCore::schedule_many1
thread id: 2 work duration: 31250
thread id: 2 completed_count_last_batch: 3
Prepare phase duration: 140
Acquire phase duration: 410
Exchange duration: 250
the total count of insert: 10
get work duration: 500
thread id: 2 Schedule work 0x7fbfe03ec3c0
the total count of insert: 11
thread id: 2 work duration: 3140
thread id: 1 work duration: 25840
thread id: 1 completed_count_last_batch: 2
thread id: 2 completed_count_last_batch: 1
get work duration: 130
thread id: 1 Schedule work 0x7fbfe03ec360
the total count of insert: 12
Release phase duration: 70
thread id: 1 work duration: 2920
Process phase duration: 480
get work duration: 470
thread id: 2 Schedule work 0x7fbfe03ec480
thread id: 1 completed_count_last_batch: 0
the total count of insert: 13
thread id: 2 work duration: 3270
thread id: 2 completed_count_last_batch: 18446744073709551615
BehaviourCore::schedule_many1
Prepare phase duration: 490
Acquire phase duration: 270
Exchange duration: 160
Release phase duration: 40
Process phase duration: 170
get work duration: 930
BehaviourCore::schedule_many1
thread id: 1 Schedule work 0x7fbfe03ec4e0
the total count of insert: 14
thread id: 1 work duration: 2340
Prepare phase duration: 170
Acquire phase duration: 180
Exchange duration: 70
Release phase duration: 70
thread id: 1 completed_count_last_batch: 18446744073709551614
Process phase duration: 140
get work duration: 480
BehaviourCore::schedule_many1
Prepare phase duration: 150
Acquire phase duration: 280
thread id: 2 Schedule work 0x7fbfe03ec540
Exchange duration: 160
Release phase duration: 40
Process phase duration: 150
the total count of insert: 15
get work duration: 470
thread id: 1 Schedule work 0x7fbfe03ec5a0
the total count of insert: 16
thread id: 2 work duration: 5990
thread id: 2 completed_count_last_batch: 18446744073709551613
thread id: 1 work duration: 3890
thread id: 1 completed_count_last_batch: 18446744073709551612

Thread 1 "hash_rt" received signal SIGINT, Interrupt.
__futex_abstimed_wait_common64 (private=128, cancel=true, abstime=0x0, op=265, expected=1119216, futex_word=0x7fbfde3e6910) at ./nptl/futex-internal.c:57
57	./nptl/futex-internal.c: No such file or directory.
[?2004h[?2004l[?2004h(gdb) q
[?2004l[?2004hA debugging session is active.

	Inferior 1 [process 1119181] will be killed.

Quit anyway? (y or n) y
[?2004l