/users/Xuran/hash_rt/build/hash_rt --num_threads=30 --str_key_size=8 --str_value_size=100 --num_ops=1000000 --first_mode=true --work_usec=0
Harness starting.
 /users/Xuran/hash_rt/build/hash_rt --num_threads=30 --str_key_size=8 --str_value_size=100 --num_ops=1000000 --first_mode=true --work_usec=0 --seed 659546522
Init time:893984716
Scheduler cores: 15
Pending when ops: 0, Queue size: 46
Processing batch, queue size: 53
Pending when ops: 0, Queue size: 170
Processing batch, queue size: 174
Pending when ops: 0, Queue size: 329
Processing batch, queue size: 356
Pending when ops: 0, Queue size: 701
Processing batch, queue size: 702
Pending when ops: 0, Queue size: 1461
Processing batch, queue size: 1498
Pending when ops: 0, Queue size: 2463
Processing batch, queue size: 2466
Pending when ops: 0, Queue size: 3679
Processing batch, queue size: 3680
Pending when ops: 0, Queue size: 4419
Processing batch, queue size: 4437
Pending when ops: 0, Queue size: 5684
Processing batch, queue size: 5686
Pending when ops: 0, Queue size: 6877
Processing batch, queue size: 6905
Pending when ops: 0, Queue size: 8059
Processing batch, queue size: 8061
Pending when ops: 0, Queue size: 8372
Processing batch, queue size: 8374
Pending when ops: 0, Queue size: 9560
Processing batch, queue size: 9562
Pending when ops: 0, Queue size: 10700
Processing batch, queue size: 10716
Pending when ops: 0, Queue size: 11884
Processing batch, queue size: 11899
Pending when ops: 0, Queue size: 13082
Processing batch, queue size: 13098
Pending when ops: 0, Queue size: 14240
Processing batch, queue size: 14243
Pending when ops: 0, Queue size: 15434
Processing batch, queue size: 15436
Pending when ops: 0, Queue size: 16384
Processing batch, queue size: 16491
Pending when ops: 0, Queue size: 17515
Processing batch, queue size: 17517
Pending when ops: 0, Queue size: 18678
Processing batch, queue size: 18703
Pending when ops: 0, Queue size: 19851
Processing batch, queue size: 19854
Pending when ops: 0, Queue size: 21087
Processing batch, queue size: 21089
Pending when ops: 0, Queue size: 22186
Processing batch, queue size: 22188
Pending when ops: 0, Queue size: 23382
Processing batch, queue size: 23387
Pending when ops: 0, Queue size: 24514
Processing batch, queue size: 24517
Pending when ops: 0, Queue size: 25617
Processing batch, queue size: 25622
Pending when ops: 0, Queue size: 26757
Processing batch, queue size: 26768
Pending when ops: 0, Queue size: 27935
Processing batch, queue size: 27963
Pending when ops: 0, Queue size: 29146
Processing batch, queue size: 29159
Pending when ops: 0, Queue size: 30295
Processing batch, queue size: 30307
Pending when ops: 0, Queue size: 31440
Processing batch, queue size: 31450
Pending when ops: 0, Queue size: 32607
Processing batch, queue size: 32623
Pending when ops: 0, Queue size: 32768
Processing batch, queue size: 32812
Pending when ops: 0, Queue size: 33791
Processing batch, queue size: 33793
Pending when ops: 0, Queue size: 34936
Processing batch, queue size: 34957
Pending when ops: 0, Queue size: 36017
Processing batch, queue size: 36057
Pending when ops: 0, Queue size: 37241
Processing batch, queue size: 37270
Pending when ops: 0, Queue size: 38455
Processing batch, queue size: 38477
Pending when ops: 0, Queue size: 39641
Processing batch, queue size: 39645
Pending when ops: 0, Queue size: 40902
Processing batch, queue size: 40905
Pending when ops: 0, Queue size: 42147
Processing batch, queue size: 42179
Pending when ops: 0, Queue size: 43410
Processing batch, queue size: 43425
Pending when ops: 0, Queue size: 44492
Processing batch, queue size: 44494
Pending when ops: 0, Queue size: 45744
Processing batch, queue size: 45784
Pending when ops: 0, Queue size: 46930
Processing batch, queue size: 46966
Pending when ops: 0, Queue size: 48220
Processing batch, queue size: 48240
Pending when ops: 0, Queue size: 49346
Processing batch, queue size: 49353
Pending when ops: 0, Queue size: 50650
Processing batch, queue size: 50653
Pending when ops: 0, Queue size: 51842
Processing batch, queue size: 51854
Pending when ops: 0, Queue size: 53087
Processing batch, queue size: 53121
Pending when ops: 0, Queue size: 54334
Processing batch, queue size: 54354
Pending when ops: 0, Queue size: 55605
Processing batch, queue size: 55609
Pending when ops: 0, Queue size: 56818
Processing batch, queue size: 56821
Pending when ops: 0, Queue size: 58014
Processing batch, queue size: 58063
Pending when ops: 0, Queue size: 59236
Processing batch, queue size: 59240
Pending when ops: 0, Queue size: 60454
Processing batch, queue size: 60471
Pending when ops: 0, Queue size: 61646
Processing batch, queue size: 61649
Pending when ops: 0, Queue size: 62847
Processing batch, queue size: 62849
Pending when ops: 0, Queue size: 64021
Processing batch, queue size: 64067
Pending when ops: 0, Queue size: 65311
Processing batch, queue size: 65347
Pending when ops: 0, Queue size: 65536
Processing batch, queue size: 65650
Pending when ops: 0, Queue size: 66757
Processing batch, queue size: 66800
Pending when ops: 0, Queue size: 68031
Processing batch, queue size: 68032
Pending when ops: 0, Queue size: 69245
Processing batch, queue size: 69247
Pending when ops: 0, Queue size: 70566
Processing batch, queue size: 70569
Pending when ops: 0, Queue size: 71787
Processing batch, queue size: 71803
Pending when ops: 0, Queue size: 73057
Processing batch, queue size: 73059
Pending when ops: 0, Queue size: 74227
Processing batch, queue size: 74268
Pending when ops: 0, Queue size: 75516
Processing batch, queue size: 75518
Pending when ops: 0, Queue size: 76708
Processing batch, queue size: 76711
Pending when ops: 0, Queue size: 77966
Processing batch, queue size: 77976
Pending when ops: 0, Queue size: 79206
Processing batch, queue size: 79208
Pending when ops: 0, Queue size: 80486
Processing batch, queue size: 80523
Pending when ops: 0, Queue size: 81675
Processing batch, queue size: 81695
Pending when ops: 0, Queue size: 82963
Processing batch, queue size: 82990
Pending when ops: 0, Queue size: 84170
Processing batch, queue size: 84208
Pending when ops: 0, Queue size: 85407
Processing batch, queue size: 85410
Pending when ops: 0, Queue size: 86621
Processing batch, queue size: 86624
Pending when ops: 0, Queue size: 87886
Processing batch, queue size: 87889
Pending when ops: 0, Queue size: 89084
Processing batch, queue size: 89102
Pending when ops: 0, Queue size: 90304
Processing batch, queue size: 90309
Pending when ops: 0, Queue size: 91507
Processing batch, queue size: 91517
Pending when ops: 0, Queue size: 92726
Processing batch, queue size: 92732
Pending when ops: 0, Queue size: 93917
Processing batch, queue size: 93931
Pending when ops: 0, Queue size: 95146
Processing batch, queue size: 95171
Pending when ops: 0, Queue size: 96420
Processing batch, queue size: 96421
Pending when ops: 0, Queue size: 97583
Processing batch, queue size: 97585
Pending when ops: 0, Queue size: 98816
Processing batch, queue size: 98820
Pending when ops: 0, Queue size: 99999
Processing batch, queue size: 100001
Pending when ops: 0, Queue size: 101207
Processing batch, queue size: 101214
Pending when ops: 0, Queue size: 102403
Processing batch, queue size: 102427
Pending when ops: 0, Queue size: 103620
Processing batch, queue size: 103640
Pending when ops: 0, Queue size: 104863
Processing batch, queue size: 104889
Pending when ops: 0, Queue size: 106158
Processing batch, queue size: 106172
Pending when ops: 0, Queue size: 107389
Processing batch, queue size: 107412
Pending when ops: 0, Queue size: 108640
Processing batch, queue size: 108643
Pending when ops: 0, Queue size: 109823
Processing batch, queue size: 109846
Pending when ops: 0, Queue size: 111094
Processing batch, queue size: 111097
Pending when ops: 0, Queue size: 112286
Processing batch, queue size: 112302
Pending when ops: 0, Queue size: 113450
Processing batch, queue size: 113452
Pending when ops: 0, Queue size: 114685
Processing batch, queue size: 114720
Pending when ops: 0, Queue size: 115935
Processing batch, queue size: 115951
Pending when ops: 0, Queue size: 117097
Processing batch, queue size: 117099
Pending when ops: 0, Queue size: 118314
Processing batch, queue size: 118330
Pending when ops: 0, Queue size: 119516
Processing batch, queue size: 119519
Pending when ops: 0, Queue size: 120740
Processing batch, queue size: 120769
Pending when ops: 0, Queue size: 122037
Processing batch, queue size: 122051
Pending when ops: 0, Queue size: 123252
Processing batch, queue size: 123257
Pending when ops: 0, Queue size: 124468
Processing batch, queue size: 124470
Pending when ops: 0, Queue size: 125649
Processing batch, queue size: 125692
Pending when ops: 0, Queue size: 126904
Processing batch, queue size: 126981
Pending when ops: 0, Queue size: 128167
Processing batch, queue size: 128172
Pending when ops: 0, Queue size: 129400
Processing batch, queue size: 129422
Pending when ops: 0, Queue size: 130684
Processing batch, queue size: 130717
Pending when ops: 0, Queue size: 131072
Processing batch, queue size: 131169
Pending when ops: 0, Queue size: 132304
Processing batch, queue size: 132306
Pending when ops: 0, Queue size: 133649
Processing batch, queue size: 133652
Pending when ops: 0, Queue size: 134911
Processing batch, queue size: 134927
Pending when ops: 0, Queue size: 136271
Processing batch, queue size: 136273
Pending when ops: 0, Queue size: 137526
Processing batch, queue size: 137531
Pending when ops: 0, Queue size: 138785
Processing batch, queue size: 138829
Pending when ops: 0, Queue size: 140056
Processing batch, queue size: 140118
Pending when ops: 0, Queue size: 141368
Processing batch, queue size: 141380
Pending when ops: 0, Queue size: 142596
Processing batch, queue size: 142599
Pending when ops: 0, Queue size: 143860
Processing batch, queue size: 143863
Pending when ops: 0, Queue size: 145088
Processing batch, queue size: 145139
Pending when ops: 0, Queue size: 146458
Processing batch, queue size: 146462
Pending when ops: 0, Queue size: 147683
Processing batch, queue size: 147685
Pending when ops: 0, Queue size: 148941
Processing batch, queue size: 148943
Pending when ops: 0, Queue size: 150147
Processing batch, queue size: 150153
Pending when ops: 0, Queue size: 151426
Processing batch, queue size: 151429
Pending when ops: 0, Queue size: 152744
Processing batch, queue size: 152747
Pending when ops: 0, Queue size: 154051
Processing batch, queue size: 154055
Pending when ops: 0, Queue size: 155371
Processing batch, queue size: 155378
Pending when ops: 0, Queue size: 156639
Processing batch, queue size: 156663
Pending when ops: 0, Queue size: 157983
Processing batch, queue size: 157998
Pending when ops: 0, Queue size: 159293
Processing batch, queue size: 159313
Pending when ops: 0, Queue size: 160600
Processing batch, queue size: 160603
Pending when ops: 0, Queue size: 161913
Processing batch, queue size: 161928
Pending when ops: 0, Queue size: 163244
Processing batch, queue size: 163247
Pending when ops: 0, Queue size: 164535
Processing batch, queue size: 164537
Pending when ops: 0, Queue size: 165855
Processing batch, queue size: 165856
Pending when ops: 0, Queue size: 167174
Processing batch, queue size: 167177
Pending when ops: 0, Queue size: 168478
Processing batch, queue size: 168482
Pending when ops: 0, Queue size: 169777
Processing batch, queue size: 169780
Pending when ops: 0, Queue size: 171063
Processing batch, queue size: 171077
Pending when ops: 0, Queue size: 172392
Processing batch, queue size: 172420
Pending when ops: 0, Queue size: 173730
Processing batch, queue size: 173733
Pending when ops: 0, Queue size: 175036
Processing batch, queue size: 175039
Pending when ops: 0, Queue size: 176337
Processing batch, queue size: 176343
Pending when ops: 0, Queue size: 177623
Processing batch, queue size: 177629
Pending when ops: 0, Queue size: 179197
Processing batch, queue size: 179213
Pending when ops: 0, Queue size: 180553
Processing batch, queue size: 180607
Pending when ops: 0, Queue size: 181943
Processing batch, queue size: 181946
Pending when ops: 0, Queue size: 183286
Processing batch, queue size: 183289
Pending when ops: 0, Queue size: 184585
Processing batch, queue size: 184587
Pending when ops: 0, Queue size: 185955
Processing batch, queue size: 185965
Pending when ops: 0, Queue size: 187328
Processing batch, queue size: 187334
Pending when ops: 0, Queue size: 188716
Processing batch, queue size: 188723
Pending when ops: 0, Queue size: 190071
Processing batch, queue size: 190079
Pending when ops: 0, Queue size: 191493
Processing batch, queue size: 191517
Pending when ops: 0, Queue size: 192831
Processing batch, queue size: 192848
Pending when ops: 0, Queue size: 194180
Processing batch, queue size: 194185
Pending when ops: 0, Queue size: 195564
Processing batch, queue size: 195572
Pending when ops: 0, Queue size: 197042
Processing batch, queue size: 197074
Pending when ops: 0, Queue size: 198527
Processing batch, queue size: 198532
Pending when ops: 0, Queue size: 199946
Processing batch, queue size: 199948
Pending when ops: 0, Queue size: 201343
Processing batch, queue size: 201346
Pending when ops: 0, Queue size: 202708
Processing batch, queue size: 202712
Pending when ops: 0, Queue size: 204051
Processing batch, queue size: 204054
Pending when ops: 0, Queue size: 205497
Processing batch, queue size: 205517
Pending when ops: 0, Queue size: 206911
Processing batch, queue size: 206942
Pending when ops: 0, Queue size: 208303
Processing batch, queue size: 208307
Pending when ops: 0, Queue size: 209728
Processing batch, queue size: 209743
Pending when ops: 0, Queue size: 211122
Processing batch, queue size: 211191
Pending when ops: 0, Queue size: 212545
Processing batch, queue size: 212551
Pending when ops: 0, Queue size: 213926
Processing batch, queue size: 213929
Pending when ops: 0, Queue size: 215295
Processing batch, queue size: 215298
Pending when ops: 0, Queue size: 216686
Processing batch, queue size: 216696
Pending when ops: 0, Queue size: 218086
Processing batch, queue size: 218092
Pending when ops: 0, Queue size: 219492
Processing batch, queue size: 219494
Pending when ops: 0, Queue size: 220889
Processing batch, queue size: 220892
Pending when ops: 0, Queue size: 222298
Processing batch, queue size: 222300
Pending when ops: 0, Queue size: 223679
Processing batch, queue size: 223682
Pending when ops: 0, Queue size: 225119
Processing batch, queue size: 225122
Pending when ops: 0, Queue size: 226513
Processing batch, queue size: 226522
Pending when ops: 0, Queue size: 227843
Processing batch, queue size: 227863
Pending when ops: 0, Queue size: 229292
Processing batch, queue size: 229294
Pending when ops: 0, Queue size: 230703
Processing batch, queue size: 230711
Pending when ops: 0, Queue size: 232136
Processing batch, queue size: 232143
Pending when ops: 0, Queue size: 233535
Processing batch, queue size: 233561
Pending when ops: 0, Queue size: 234970
Processing batch, queue size: 234985
Pending when ops: 0, Queue size: 236368
Processing batch, queue size: 236373
Pending when ops: 0, Queue size: 237797
Processing batch, queue size: 237815
Pending when ops: 0, Queue size: 239225
Processing batch, queue size: 239229
Pending when ops: 0, Queue size: 240649
Processing batch, queue size: 240654
Pending when ops: 0, Queue size: 242016
Processing batch, queue size: 242021
Pending when ops: 0, Queue size: 243908
Processing batch, queue size: 243911
Pausing: active threads: 15
Pausing: active threads: 14
Pausing: active threads: 13
Pausing: active threads: 12
Pausing: active threads: 11
Pausing: active threads: 10
Pausing: active threads: 9
Pausing: active threads: 8
Pausing: active threads: 7
Pausing: active threads: 6
Pausing: active threads: 5
Pausing: active threads: 4
Pausing: active threads: 3
Pausing: active threads: 2
Pausing: active threads: 1
Teardown: all threads stopped
[report]: scheduler_run_time_ns : 47707407
[report]: scheduler_total_when_schedules : 195551
[report]: scheduler_total_when_time_ns : 117188956460428
Teardown: all threads stopped
[report]: insert_overall_operation_number : 194459
[report]: insert_overall_throughput : 4076075.650056
[report]: scheduler_avg_when_time_ns : 599275669.571764
[report]: insert_avg_insert_time_ns : 245.000000
completed_ops: 194459
