GNU gdb (Ubuntu 12.1-0ubuntu1~22.04) 12.1
Copyright (C) 2022 Free Software Foundation, Inc.
License GPLv3+: GNU GPL version 3 or later <http://gnu.org/licenses/gpl.html>
This is free software: you are free to change and redistribute it.
There is NO WARRANTY, to the extent permitted by law.
Type "show copying" and "show warranty" for details.
This GDB was configured as "x86_64-linux-gnu".
Type "show configuration" for configuration details.
For bug reporting instructions, please see:
<https://www.gnu.org/software/gdb/bugs/>.
Find the GDB manual and other documentation resources online at:
    <http://www.gnu.org/software/gdb/documentation/>.

For help, type "help".
Type "apropos word" to search for commands related to "word"...
Reading symbols from ./hash_rt...
[?2004h(gdb) 
[?2004l[?2004h(gdb) r
[?2004lStarting program: /mnt/nvme0/home/gxr/Myhash_boc/Hash_rt/build/hash_rt 
[Thread debugging using libthread_db enabled]
Using host libthread_db library "/lib/x86_64-linux-gnu/libthread_db.so.1".
Set fair: 1
Init runtime
Scheduler Thread created
Scheduler Thread created
Runtime initialised
Init time:1879120675
[New Thread 0x7fbfdf3e8640 (LWP 1188766)]
Starting all threads
[New Thread 0x7fbfdebe7640 (LWP 1188767)]
 batch_size: 4
[New Thread 0x7fbfde3e6640 (LWP 1188768)]
BehaviourCore::schedule_many1
Prepare phase duration: 710
Acquire phase duration: 380
Exchange duration: 80
Release phase duration: 90
Process phase duration: 900
BehaviourCore::schedule_many1
Prepare phase duration: 170
Acquire phase duration: 200
Exchange duration: 70
Release phase duration: 50
Process phase duration: 160
BehaviourCore::schedule_many1
Prepare phase duration: 170
Acquire phase duration: 190
Exchange duration: 70
Release phase duration: 50
Process phase duration: 160
[New Thread 0x7fbfddbe5640 (LWP 1188769)]
BehaviourCore::schedule_many1
Prepare phase duration: 120
Acquire phase duration: 170
Exchange duration: 60
Release phase duration: 50
Process phase duration: 130
this thread id: 140462060897856 completed_count_last_batch: 3
 batch_size: 4
this thread id: 1 completed_count_last_batch: 2
this thread id: 2 completed_count_last_batch: 2
get work duration: 3110
get body duration: 980
run body duration: 8960
release cown duration: 8300
dealloc behaviour duration: 30
get work duration: 660
get body duration: 190
run body duration: 3330
release cown duration: 1050
dealloc behaviour duration: 30
dealloc work duration: 104569
this thread id: 1 completed_count_last_batch: 1
get work duration: 200
get body duration: 50
run body duration: 1300
release cown duration: 360
dealloc behaviour duration: 30
dealloc work duration: 320
this thread id: 1 completed_count_last_batch: 0
dealloc work duration: 38030

Thread 1 "hash_rt" received signal SIGINT, Interrupt.
__futex_abstimed_wait_common64 (private=128, cancel=true, abstime=0x0, op=265, expected=1188768, futex_word=0x7fbfde3e6910) at ./nptl/futex-internal.c:57
57	./nptl/futex-internal.c: No such file or directory.
[?2004h[?2004l[?2004h(gdb) q
[?2004l[?2004hA debugging session is active.

	Inferior 1 [process 1188723] will be killed.

Quit anyway? (y or n) y
[?2004l