/users/Xuran/hash_rt/build/hash_rt --num_threads=8 --str_key_size=8 --str_value_size=100 --num_ops=100 --first_mode=true --work_usec=0
Running with 8 cores
Init time:2355727616
Init scheduler time:50822
Schedule behaviours time:109356
[report]: insert_sched_avg_time : 1093.000000
Pausing: active threads: 8
Pausing: active threads: 7
Pausing: active threads: 6
Pausing: active threads: 5
Pausing: active threads: 4
Pausing: active threads: 3
Pausing: active threads: 2
Pausing: active threads: 1
Teardown: all threads stopped
Run behaviours time:1367916
[report]: insert_run_avg_time : 13679.000000
[report]: insert_overall_duration_ns : 1367916
[report]: insert_overall_operation_number : 100
[report]: insert_overall_throughput : 73103.904041
