/users/Xuran/hash_rt/build/hash_rt --num_threads=34 --str_key_size=8 --str_value_size=100 --num_ops=5000000 --first_mode=true --work_usec=0 --batch_size=80
Harness starting.
 /users/Xuran/hash_rt/build/hash_rt --num_threads=34 --str_key_size=8 --str_value_size=100 --num_ops=5000000 --first_mode=true --work_usec=0 --batch_size=80 --seed 2886075940
Init time:2340244660
Scheduler cores: 25
External thread 0 is running on core 25
External thread 1 is running on core 26
External thread 2 is running on core 27
External thread 3 is running on core 28
External thread 4 is running on core 29
External thread 5 is running on core 30
External thread 6 is running on core 31
External thread 7 is running on core 32
External thread 8 is running on core 33
Pausing: active threads: 25
Pausing: active threads: 24
Pausing: active threads: 23
Pausing: active threads: 22
Pausing: active threads: 21
Pausing: active threads: 20
Pausing: active threads: 19
Pausing: active threads: 18
Pausing: active threads: 17
Pausing: active threads: 16
Pausing: active threads: 15
Pausing: active threads: 14
Pausing: active threads: 13
Pausing: active threads: 12
Pausing: active threads: 11
Pausing: active threads: 10
Pausing: active threads: 9
Pausing: active threads: 8
Pausing: active threads: 7
Pausing: active threads: 6
Pausing: active threads: 5
Pausing: active threads: 4
Pausing: active threads: 3
Pausing: active threads: 2
Pausing: active threads: 1
Teardown: all threads stopped
[report]: insert_run_time_ns : 189657273
[report]: scheduler_total_when_schedules : 1919975
[report]: scheduler_total_when_time_ns : 1060882408
Teardown: all threads stopped
[report]: insert_overall_operation_number : 1909144
[report]: insert_overall_throughput : 10066284.144031
[report]: scheduler_avg_when_time_ns : 552.550115
[report]: insert_avg_insert_time_ns : 99.000000
/users/Xuran/hash_rt/build/hash_rt --num_threads=35 --str_key_size=8 --str_value_size=100 --num_ops=5000000 --first_mode=true --work_usec=0 --batch_size=80
Harness starting.
 /users/Xuran/hash_rt/build/hash_rt --num_threads=35 --str_key_size=8 --str_value_size=100 --num_ops=5000000 --first_mode=true --work_usec=0 --batch_size=80 --seed 2168483148
Init time:2342526910
Scheduler cores: 26
External thread 0 is running on core 26
External thread 1 is running on core 27
External thread 2 is running on core 28
External thread 3 is running on core 29
External thread 4 is running on core 30
External thread 5 is running on core 31
External thread 6 is running on core 32
External thread 7 is running on core 33
External thread 8 is running on core 34
Pausing: active threads: 26
Pausing: active threads: 25
Pausing: active threads: 24
Pausing: active threads: 23
Pausing: active threads: 22
Pausing: active threads: 21
Pausing: active threads: 20
Pausing: active threads: 19
Pausing: active threads: 18
Pausing: active threads: 17
Pausing: active threads: 16
Pausing: active threads: 15
Pausing: active threads: 14
Pausing: active threads: 13
Pausing: active threads: 12
Pausing: active threads: 11
Pausing: active threads: 10
Pausing: active threads: 9
Pausing: active threads: 8
Pausing: active threads: 7
Pausing: active threads: 6
Pausing: active threads: 5
Pausing: active threads: 4
Pausing: active threads: 3
Pausing: active threads: 2
Pausing: active threads: 5
Pausing: active threads: 8
Pausing: active threads: 26
Pausing: active threads: 25
Pausing: active threads: 24
Pausing: active threads: 23
Pausing: active threads: 22
Pausing: active threads: 21
Pausing: active threads: 20
Pausing: active threads: 19
Pausing: active threads: 18
Pausing: active threads: 17
Pausing: active threads: 16
Pausing: active threads: 15
Pausing: active threads: 14
Pausing: active threads: 13
Pausing: active threads: 12
Pausing: active threads: 11
Pausing: active threads: 10
Pausing: active threads: 9
Pausing: active threads: 8
Pausing: active threads: 7
Pausing: active threads: 6
Pausing: active threads: 5
Pausing: active threads: 4
Pausing: active threads: 3
Pausing: active threads: 2
Pausing: active threads: 1
Teardown: all threads stopped
[report]: insert_run_time_ns : 181526066
[report]: scheduler_total_when_schedules : 1869174
[report]: scheduler_total_when_time_ns : 1143402948
Teardown: all threads stopped
[report]: insert_overall_operation_number : 1859324
[report]: insert_overall_throughput : 10242738.362434
[report]: scheduler_avg_when_time_ns : 611.715628
[report]: insert_avg_insert_time_ns : 97.000000
