/users/Xuran/hash_rt/build/hash_rt --num_threads=12 --str_key_size=8 --str_value_size=100 --num_ops=5000000 --first_mode=true --work_usec=0 --batch_size=80
Harness starting.
 /users/Xuran/hash_rt/build/hash_rt --num_threads=12 --str_key_size=8 --str_value_size=100 --num_ops=5000000 --first_mode=true --work_usec=0 --batch_size=80 --seed 3439708222
Init time:2334574978
Scheduler cores: 3
External thread External thread 1 is running on core 4
0 is running on core 3
External thread 2 is running on core 5
External thread 4 is running on core 7
External thread 5 is running on core 8
External thread 6 is running on core 9
External thread 7 is running on core 10External thread 3 is running on core 6

External thread 8 is running on core 11
Pausing: active threads: 3
Pausing: active threads: 2
Pausing: active threads: 1
Teardown: all threads stopped
[report]: insert_run_time_ns : 752402465
[report]: scheduler_total_when_schedules : 2492833
[report]: scheduler_total_when_time_ns : 1698010237
Teardown: all threads stopped
[report]: insert_overall_operation_number : 2469821
[report]: insert_overall_throughput : 3282579.623128
[report]: scheduler_avg_when_time_ns : 681.156835
[report]: insert_avg_insert_time_ns : 304.000000
/users/Xuran/hash_rt/build/hash_rt --num_threads=13 --str_key_size=8 --str_value_size=100 --num_ops=5000000 --first_mode=true --work_usec=0 --batch_size=80
Harness starting.
 /users/Xuran/hash_rt/build/hash_rt --num_threads=13 --str_key_size=8 --str_value_size=100 --num_ops=5000000 --first_mode=true --work_usec=0 --batch_size=80 --seed 414483002
Init time:2333255672
Scheduler cores: 4
External thread 0 is running on core 4
External thread 1 is running on core 5
External thread 2 is running on core 6
External thread 3 is running on core 7
External thread 4 is running on core 8
External thread 5 is running on core 9
External thread 6 is running on core 10
External thread 7 is running on core 11
External thread 8 is running on core 12
Pausing: active threads: 4
Pausing: active threads: 3
Pausing: active threads: 2
Pausing: active threads: 1
Teardown: all threads stopped
[report]: insert_run_time_ns : 495926755
[report]: scheduler_total_when_schedules : 2066325
[report]: scheduler_total_when_time_ns : 1348296440
Teardown: all threads stopped
[report]: insert_overall_operation_number : 2052989
[report]: insert_overall_throughput : 4139702.041282
[report]: scheduler_avg_when_time_ns : 652.509378
[report]: insert_avg_insert_time_ns : 241.000000
