/users/Xuran/hash_rt/build/hash_rt --num_threads=30 --str_key_size=8 --str_value_size=100 --num_ops=5000000 --first_mode=true --work_usec=0 --batch_size=80
Harness starting.
 /users/Xuran/hash_rt/build/hash_rt --num_threads=30 --str_key_size=8 --str_value_size=100 --num_ops=5000000 --first_mode=true --work_usec=0 --batch_size=80 --seed 1681358334
Init time:2336099184
Scheduler cores: 21
External thread 0 is running on core 21
External thread 1 is running on core 22
External thread 2 is running on core 23
External thread 3 is running on core 24
External thread 4 is running on core 25
External thread 5 is running on core 26
External thread 6 is running on core 27
External thread 7 is running on core 28
External thread 8 is running on core 29
Pausing: active threads: 21
Pausing: active threads: 20
Pausing: active threads: 19
Pausing: active threads: 18
Pausing: active threads: 17
Pausing: active threads: 16
Pausing: active threads: 15
Pausing: active threads: 14
Pausing: active threads: 13
Pausing: active threads: 12
Pausing: active threads: 11
Pausing: active threads: 10
Pausing: active threads: 9
Pausing: active threads: 8
Pausing: active threads: 7
Pausing: active threads: 6
Pausing: active threads: 5
Pausing: active threads: 4
Pausing: active threads: 3
Pausing: active threads: 2
Pausing: active threads: 1
Teardown: all threads stopped
[report]: insert_run_time_ns : 216528561
[report]: scheduler_total_when_schedules : 2262321
[report]: scheduler_total_when_time_ns : 1350016812
Teardown: all threads stopped
[report]: insert_overall_operation_number : 2244786
[report]: insert_overall_throughput : 10367158.907965
[report]: scheduler_avg_when_time_ns : 596.739725
[report]: insert_avg_insert_time_ns : 96.000000
/users/Xuran/hash_rt/build/hash_rt --num_threads=31 --str_key_size=8 --str_value_size=100 --num_ops=5000000 --first_mode=true --work_usec=0 --batch_size=80
Harness starting.
 /users/Xuran/hash_rt/build/hash_rt --num_threads=31 --str_key_size=8 --str_value_size=100 --num_ops=5000000 --first_mode=true --work_usec=0 --batch_size=80 --seed 615584654
Init time:2352243410
Scheduler cores: 22
External thread 0 is running on core 22
External thread External thread 2 is running on core 24
1 is running on core 23
External thread 3 is running on core 25
External thread 4 is running on core 26
External thread 5 is running on core 27
External thread 6 is running on core 28
External thread 7 is running on core 29
External thread 8 is running on core 30
Pausing: active threads: 22
Pausing: active threads: 21
Pausing: active threads: 20
Pausing: active threads: 19
Pausing: active threads: 18
Pausing: active threads: 17
Pausing: active threads: 16
Pausing: active threads: 15
Pausing: active threads: 14
Pausing: active threads: 13
Pausing: active threads: 12
Pausing: active threads: 11
Pausing: active threads: 10
Pausing: active threads: 9
Pausing: active threads: 8
Pausing: active threads: 7
Pausing: active threads: 6
Pausing: active threads: 5
Pausing: active threads: 4
Pausing: active threads: 3
Pausing: active threads: 2
Pausing: active threads: 1
Teardown: all threads stopped
[report]: insert_run_time_ns : 199544923
[report]: scheduler_total_when_schedules : 2089832
[report]: scheduler_total_when_time_ns : 1277739796
Teardown: all threads stopped
[report]: insert_overall_operation_number : 2076088
[report]: insert_overall_throughput : 10404113.363486
[report]: scheduler_avg_when_time_ns : 611.407901
[report]: insert_avg_insert_time_ns : 96.000000
