/users/Xuran/hash_rt/build/hash_rt --num_threads=28 --str_key_size=8 --str_value_size=100 --num_ops=5000000 --first_mode=true --work_usec=0 --batch_size=80
Harness starting.
 /users/Xuran/hash_rt/build/hash_rt --num_threads=28 --str_key_size=8 --str_value_size=100 --num_ops=5000000 --first_mode=true --work_usec=0 --batch_size=80 --seed 2951607498
Init time:2337092085
Scheduler cores: 19
External thread 0 is running on core 19
External thread 1 is running on core 20
External thread 2 is running on core 21
External thread 3 is running on core 22
External thread 4 is running on core 23
External thread 5 is running on core 24
External thread 6 is running on core 25
External thread 7 is running on core 26
External thread 8 is running on core 27
Pausing: active threads: 19
Pausing: active threads: 18
Pausing: active threads: 17
Pausing: active threads: 16
Pausing: active threads: 15
Pausing: active threads: 14
Pausing: active threads: 13
Pausing: active threads: 12
Pausing: active threads: 11
Pausing: active threads: 10
Pausing: active threads: 9
Pausing: active threads: 8
Pausing: active threads: 7
Pausing: active threads: 6
Pausing: active threads: 5
Pausing: active threads: 4
Pausing: active threads: 3
Pausing: active threads: 2
Pausing: active threads: 1
Teardown: all threads stopped
[report]: insert_run_time_ns : 163494068
[report]: scheduler_total_when_schedules : 1484732
[report]: scheduler_total_when_time_ns : 1256184551
Teardown: all threads stopped
[report]: insert_overall_operation_number : 1479728
[report]: insert_overall_throughput : 9050652.528873
[report]: scheduler_avg_when_time_ns : 846.068214
[report]: insert_avg_insert_time_ns : 110.000000
/users/Xuran/hash_rt/build/hash_rt --num_threads=29 --str_key_size=8 --str_value_size=100 --num_ops=5000000 --first_mode=true --work_usec=0 --batch_size=80
Harness starting.
 /users/Xuran/hash_rt/build/hash_rt --num_threads=29 --str_key_size=8 --str_value_size=100 --num_ops=5000000 --first_mode=true --work_usec=0 --batch_size=80 --seed 2289003242
Init time:2338404239
Scheduler cores: 20
External thread 0 is running on core 20
External thread 1 is running on core 21
External thread 2 is running on core 22
External thread 3 is running on core 23
External thread 4 is running on core 24
External thread 5 is running on core 25
External thread 6 is running on core 26
External thread 7 is running on core 27
External thread 8 is running on core 28
Pausing: active threads: 20
Pausing: active threads: 19
Pausing: active threads: 18
Pausing: active threads: 17
Pausing: active threads: 16
Pausing: active threads: 15
Pausing: active threads: 14
Pausing: active threads: 13
Pausing: active threads: 12
Pausing: active threads: 11
Pausing: active threads: 10
Pausing: active threads: 9
Pausing: active threads: 8
Pausing: active threads: 7
Pausing: active threads: 6
Pausing: active threads: 5
Pausing: active threads: 4
Pausing: active threads: 3
Pausing: active threads: 2
Pausing: active threads: 1
Teardown: all threads stopped
[report]: insert_run_time_ns : 222697502
[report]: scheduler_total_when_schedules : 2271986
[report]: scheduler_total_when_time_ns : 1357612928
Teardown: all threads stopped
[report]: insert_overall_operation_number : 2254469
[report]: insert_overall_throughput : 10123458.861249
[report]: scheduler_avg_when_time_ns : 597.544583
[report]: insert_avg_insert_time_ns : 98.000000
