/users/Xuran/hash_rt/build/hash_rt --num_threads=20 --str_key_size=8 --str_value_size=100 --num_ops=5000000 --first_mode=true --work_usec=0 --batch_size=80
Harness starting.
 /users/Xuran/hash_rt/build/hash_rt --num_threads=20 --str_key_size=8 --str_value_size=100 --num_ops=5000000 --first_mode=true --work_usec=0 --batch_size=80 --seed 622592852
Init time:2343518980
Scheduler cores: 11
External thread 0 is running on core 11
External thread 2 is running on core 13External thread 1 is running on core 12

External thread 3 is running on core 14
External thread 4 is running on core 15
External thread 5 is running on core 16
External thread 6 is running on core 17
External thread 7 is running on core 18
External thread 8 is running on core 19
Pausing: active threads: 11
Pausing: active threads: 10
Pausing: active threads: 9
Pausing: active threads: 8
Pausing: active threads: 7
Pausing: active threads: 6
Pausing: active threads: 5
Pausing: active threads: 4
Pausing: active threads: 3
Pausing: active threads: 2
Pausing: active threads: 3
Pausing: active threads: 6
Pausing: active threads: 7
Pausing: active threads: 10
Pausing: active threads: 10
Pausing: active threads: 10
Pausing: active threads: 10
Pausing: active threads: 10
Pausing: active threads: 10
Pausing: active threads: 10
Pausing: active threads: 9
Pausing: active threads: 8
Pausing: active threads: 7
Pausing: active threads: 6
Pausing: active threads: 5
Pausing: active threads: 4
Pausing: active threads: 3
Pausing: active threads: 2
Pausing: active threads: 1
Teardown: all threads stopped
[report]: insert_run_time_ns : 214086730
[report]: scheduler_total_when_schedules : 1773766
[report]: scheduler_total_when_time_ns : 1626255851
Teardown: all threads stopped
[report]: insert_overall_operation_number : 1765142
[report]: insert_overall_throughput : 8244985.571969
[report]: scheduler_avg_when_time_ns : 916.837875
[report]: insert_avg_insert_time_ns : 121.000000
/users/Xuran/hash_rt/build/hash_rt --num_threads=21 --str_key_size=8 --str_value_size=100 --num_ops=5000000 --first_mode=true --work_usec=0 --batch_size=80
Harness starting.
 /users/Xuran/hash_rt/build/hash_rt --num_threads=21 --str_key_size=8 --str_value_size=100 --num_ops=5000000 --first_mode=true --work_usec=0 --batch_size=80 --seed 4108353594
Init time:2349954079
Scheduler cores: 12
External thread 0 is running on core 12
External thread 1 is running on core 13
External thread 2 is running on core 14
External thread 3 is running on core 15
External thread 4 is running on core 16
External thread 5 is running on core 17
External thread 6 is running on core 18
External thread 7 is running on core 19
External thread 8 is running on core 20
Pausing: active threads: 12
Pausing: active threads: 11
Pausing: active threads: 10
Pausing: active threads: 9
Pausing: active threads: 8
Pausing: active threads: 7
Pausing: active threads: 6
Pausing: active threads: 5
Pausing: active threads: 4
Pausing: active threads: 3
Pausing: active threads: 2
Pausing: active threads: 1
Teardown: all threads stopped
[report]: insert_run_time_ns : 234085605
[report]: scheduler_total_when_schedules : 1740824
[report]: scheduler_total_when_time_ns : 1550100089
Teardown: all threads stopped
[report]: insert_overall_operation_number : 1732604
[report]: insert_overall_throughput : 7401582.852564
[report]: scheduler_avg_when_time_ns : 890.440440
[report]: insert_avg_insert_time_ns : 135.000000
