/mnt/nvme0/home/gxr/Myhash_boc/Hash_rt/build/hash_rt --num_threads_client=8 --num_threads_worker=1 --str_key_size=8 --str_value_size=100 --num_ops=128 --first_mode=true --work_usec=0 --batch_size=32
Set fair: 1
Init runtime
Scheduler Thread created
Runtime initialised
Init time:114230862
Prepare phase duration: 50
Acquire phase duration: 200
Exchange duration: 100
Release phase duration: 30
Process phase duration: 60
Time taken for schedule work: 340 ns
Resolve phase duration: 1270
Prepare phase duration: 30
Acquire phase duration: 390
Exchange duration: 330
Release phase duration: 30
Process phase duration: 30
Time taken for schedule work: 50 ns
Resolve phase duration: 810
Prepare phase duration: 30
Acquire phase duration: 500
Exchange duration: 340
Release phase duration: 30
Process phase duration: 40
Time taken for schedule work: 30 ns
Resolve phase duration: 760
Prepare phase duration: 30
Acquire phase duration: 530
Exchange duration: 370
Release phase duration: 30
Process phase duration: 30
Time taken for schedule work: 40 ns
Resolve phase duration: 770
Prepare phase duration: 30
Acquire phase duration: 380
Exchange duration: 320
Release phase duration: 30
Process phase duration: 30
Time taken for schedule work: 40 ns
Resolve phase duration: 940
Prepare phase duration: 30
Acquire phase duration: 410
Exchange duration: 250
Release phase duration: 30
Process phase duration: 40
Time taken for schedule work: 40 ns
Resolve phase duration: 780
Prepare phase duration: 40
Acquire phase duration: 510
Exchange duration: 350
Release phase duration: 30
Process phase duration: 40
Time taken for schedule work: 40 ns
Resolve phase duration: 770
Prepare phase duration: 30
Acquire phase duration: 380
Exchange duration: 230
Release phase duration: 30
Process phase duration: 30
Time taken for schedule work: 30 ns
Resolve phase duration: 950
Prepare phase duration: 40
Acquire phase duration: 390
Exchange duration: 240
Release phase duration: 20
Process phase duration: 40
Time taken for schedule work: 40 ns
Resolve phase duration: 760
Prepare phase duration: 40
Acquire phase duration: 510
Exchange duration: 340
Release phase duration: 20
Process phase duration: 40
Time taken for schedule work: 40 ns
Resolve phase duration: 780
Prepare phase duration: 40
Acquire phase duration: 300
Exchange duration: 240
Release phase duration: 30
Process phase duration: 40
Time taken for schedule work: 40 ns
Resolve phase duration: 1070
Prepare phase duration: 30
Acquire phase duration: 380
Exchange duration: 230
Release phase duration: 20
Process phase duration: 30
Time taken for schedule work: 40 ns
Resolve phase duration: 1130
Prepare phase duration: 40
Acquire phase duration: 300
Exchange duration: 230
Release phase duration: 30
Process phase duration: 40
Time taken for schedule work: 40 ns
Resolve phase duration: 780
Prepare phase duration: 30
Acquire phase duration: 380
Exchange duration: 230
Release phase duration: 30
Process phase duration: 40
Time taken for schedule work: 40 ns
Resolve phase duration: 860
Prepare phase duration: 40
Acquire phase duration: 400
Exchange duration: 240
Release phase duration: 30
Process phase duration: 30
Time taken for schedule work: 30 ns
Resolve phase duration: 780
Prepare phase duration: 40
Acquire phase duration: 390
Exchange duration: 240
Release phase duration: 30
Process phase duration: 30
Time taken for schedule work: 30 ns
Resolve phase duration: 770
Prepare phase duration: 30
Acquire phase duration: 380
Exchange duration: 230
Release phase duration: 40
Process phase duration: 30
Time taken for schedule work: 40 ns
Resolve phase duration: 760
Prepare phase duration: 40
Acquire phase duration: 500
Exchange duration: 340
Release phase duration: 30
Process phase duration: 40
Time taken for schedule work: 40 ns
Resolve phase duration: 800
Prepare phase duration: 30
Acquire phase duration: 300
Exchange duration: 230
Release phase duration: 30
Process phase duration: 40
Time taken for schedule work: 40 ns
Resolve phase duration: 780
Prepare phase duration: 40
Acquire phase duration: 500
Exchange duration: 340
Release phase duration: 30
Process phase duration: 40
Time taken for schedule work: 30 ns
Resolve phase duration: 890
Prepare phase duration: 40
Acquire phase duration: 390
Exchange duration: 240
Release phase duration: 30
Process phase duration: 40
Time taken for schedule work: 280 ns
Resolve phase duration: 1040
Prepare phase duration: 30
Acquire phase duration: 300
Exchange duration: 230
Release phase duration: 30
Process phase duration: 40
Time taken for schedule work: 30 ns
Resolve phase duration: 810
Prepare phase duration: 40
Acquire phase duration: 280
Exchange duration: 210
Release phase duration: 20
Process phase duration: 30
Time taken for schedule work: 30 ns
Resolve phase duration: 850
Prepare phase duration: 30
Acquire phase duration: 450
Exchange duration: 300
Release phase duration: 20
Process phase duration: 40
Time taken for schedule work: 40 ns
Resolve phase duration: 800
Prepare phase duration: 30
Acquire phase duration: 400
Exchange duration: 240
Release phase duration: 30
Process phase duration: 30
Time taken for schedule work: 40 ns
Resolve phase duration: 780
Prepare phase duration: 40
Acquire phase duration: 380
Exchange duration: 220
Release phase duration: 30
Process phase duration: 40
Time taken for schedule work: 30 ns
Resolve phase duration: 840
Prepare phase duration: 30
Acquire phase duration: 290
Exchange duration: 230
Release phase duration: 30
Process phase duration: 30
Time taken for schedule work: 30 ns
Resolve phase duration: 750
Prepare phase duration: 40
Acquire phase duration: 400
Exchange duration: 240
Release phase duration: 30
Process phase duration: 40
Time taken for schedule work: 30 ns
Resolve phase duration: 740
Prepare phase duration: 40
Acquire phase duration: 290
Exchange duration: 240
Release phase duration: 30
Process phase duration: 30
Time taken for schedule work: 40 ns
Resolve phase duration: 750
Prepare phase duration: 40
Acquire phase duration: 590
Exchange duration: 430
Release phase duration: 30
Process phase duration: 30
Time taken for schedule work: 30 ns
Resolve phase duration: 830
Prepare phase duration: 30
Acquire phase duration: 280
Exchange duration: 210
Release phase duration: 30
Process phase duration: 40
Time taken for schedule work: 140 ns
Resolve phase duration: 890
Prepare phase duration: 40
Acquire phase duration: 480
Exchange duration: 330
Release phase duration: 30
Process phase duration: 40
Time taken for schedule work: 40 ns
Resolve phase duration: 770
Prepare phase duration: 30
Acquire phase duration: 400
Exchange duration: 240
Release phase duration: 30
Process phase duration: 30
Time taken for schedule work: 30 ns
Resolve phase duration: 770
Prepare phase duration: 40
Acquire phase duration: 250
Exchange duration: 200
Release phase duration: 30
Process phase duration: 40
Time taken for schedule work: 30 ns
Resolve phase duration: 770
Prepare phase duration: 30
Acquire phase duration: 400
Exchange duration: 250
Release phase duration: 30
Process phase duration: 40
Time taken for schedule work: 290 ns
Resolve phase duration: 1020
Prepare phase duration: 30
Acquire phase duration: 490
Exchange duration: 330
Release phase duration: 30
Process phase duration: 30
Time taken for schedule work: 260 ns
Resolve phase duration: 1090
Prepare phase duration: 40
Acquire phase duration: 400
Exchange duration: 240
Release phase duration: 30
Process phase duration: 30
Time taken for schedule work: 40 ns
Resolve phase duration: 750
Prepare phase duration: 30
Acquire phase duration: 300
Exchange duration: 230
Release phase duration: 30
Process phase duration: 30
Time taken for schedule work: 40 ns
Resolve phase duration: 730
Prepare phase duration: 40
Acquire phase duration: 270
Exchange duration: 200
Release phase duration: 20
Process phase duration: 30
Time taken for schedule work: 30 ns
Resolve phase duration: 850
Prepare phase duration: 30
Acquire phase duration: 390
Exchange duration: 240
Release phase duration: 30
Process phase duration: 30
Time taken for schedule work: 30 ns
Resolve phase duration: 780
Prepare phase duration: 30
Acquire phase duration: 410
Exchange duration: 230
Release phase duration: 30
Process phase duration: 40
Time taken for schedule work: 40 ns
Resolve phase duration: 770
Prepare phase duration: 40
Acquire phase duration: 480
Exchange duration: 330
Release phase duration: 30
Process phase duration: 40
Time taken for schedule work: 40 ns
Resolve phase duration: 770
Prepare phase duration: 30
Acquire phase duration: 390
Exchange duration: 240
Release phase duration: 20
Starting all threads
Process phase duration: 40
Time taken for schedule work: 270 ns
Resolve phase duration: 1710
Prepare phase duration: 30
Acquire phase duration: 400
Exchange duration: 230
Release phase duration: 30
Process phase duration: 30
Time taken for schedule work: 30 ns
Resolve phase duration: 800
Prepare phase duration: 40
Acquire phase duration: 380
Exchange duration: 230
Release phase duration: 30
Process phase duration: 40
Time taken for schedule work: 30 ns
Resolve phase duration: 840
Prepare phase duration: 30
Acquire phase duration: 410
Exchange duration: 250
Release phase duration: 20
Process phase duration: 40
Time taken for schedule work: 40 ns
Resolve phase duration: 800
Prepare phase duration: 30
Acquire phase duration: 380
Exchange duration: 220
Release phase duration: 30
Process phase duration: 40
Time taken for schedule work: 40 ns
Resolve phase duration: 750
Prepare phase duration: 30
Acquire phase duration: 410
Exchange duration: 250
Release phase duration: 30
Process phase duration: 30
Time taken for schedule work: 40 ns
Resolve phase duration: 770
Prepare phase duration: 30
Acquire phase duration: 390
Exchange duration: 240
Release phase duration: 20
Process phase duration: 40
Time taken for schedule work: 30 ns
Resolve phase duration: 800
Prepare phase duration: 30
Acquire phase duration: 300
Exchange duration: 230
Release phase duration: 30
Process phase duration: 40
Time taken for schedule work: 30 ns
Resolve phase duration: 760
Prepare phase duration: 40
Acquire phase duration: 380
Exchange duration: 230
Release phase duration: 30
Process phase duration: 40
Time taken for schedule work: 30 ns
Resolve phase duration: 860
Prepare phase duration: 30
Acquire phase duration: 380
Exchange duration: 230
Release phase duration: 30
Process phase duration: 30
Time taken for schedule work: 30 ns
Resolve phase duration: 750
Prepare phase duration: 30
Acquire phase duration: 390
Exchange duration: 230
Release phase duration: 30
Process phase duration: 40
Time taken for schedule work: 30 ns
Resolve phase duration: 760
Prepare phase duration: 30
Acquire phase duration: 410
Exchange duration: 250
Release phase duration: 30
Process phase duration: 30
Time taken for schedule work: 40 ns
Resolve phase duration: 760
Prepare phase duration: 40
Acquire phase duration: 400
Exchange duration: 240
Release phase duration: 30
Process phase duration: 40
Time taken for schedule work: 40 ns
Resolve phase duration: 750
Prepare phase duration: 30
Acquire phase duration: 380
Exchange duration: 240
Release phase duration: 30
Process phase duration: 40
Time taken for schedule work: 40 ns
Resolve phase duration: 770
Prepare phase duration: 40
Acquire phase duration: 390
Exchange duration: 230
Release phase duration: 30
Process phase duration: 30
Time taken for schedule work: 30 ns
Resolve phase duration: 750
Prepare phase duration: 40
Acquire phase duration: 280
Exchange duration: 210
Release phase duration: 30
Process phase duration: 30
Time taken for schedule work: 30 ns
Resolve phase duration: 730
Prepare phase duration: 30
Acquire phase duration: 410
Exchange duration: 250
Release phase duration: 30
Process phase duration: 40
Time taken for schedule work: 30 ns
Resolve phase duration: 790
Prepare phase duration: 30
Acquire phase duration: 270
Exchange duration: 210
Release phase duration: 30
Process phase duration: 30
Time taken for schedule work: 40 ns
Resolve phase duration: 770
Prepare phase duration: 30
Acquire phase duration: 280
Exchange duration: 210
Release phase duration: 30
Process phase duration: 40
Time taken for schedule work: 40 ns
Resolve phase duration: 810
Prepare phase duration: 40
Acquire phase duration: 390
Exchange duration: 230
Release phase duration: 40
Process phase duration: 30
Time taken for schedule work: 1220 ns
Resolve phase duration: 1970
Prepare phase duration: 30
Acquire phase duration: 390
Exchange duration: 230
Release phase duration: 30
Process phase duration: 920
Time taken for schedule work: 850 ns
Resolve phase duration: 1570
Prepare phase duration: 50
Acquire phase duration: 560
Exchange duration: 500
Release phase duration: 30
Process phase duration: 40
Time taken for schedule work: 40 ns
Resolve phase duration: 750
Prepare phase duration: 30
Acquire phase duration: 370
Exchange duration: 210
Release phase duration: 30
Process phase duration: 40
Time taken for schedule work: 30 ns
Resolve phase duration: 770
Prepare phase duration: 30
Acquire phase duration: 500
Exchange duration: 330
Release phase duration: 20
Process phase duration: 30
Time taken for schedule work: 30 ns
Resolve phase duration: 760
Prepare phase duration: 30
Acquire phase duration: 300
Exchange duration: 240
Release phase duration: 30
Process phase duration: 40
Time taken for schedule work: 40 ns
Resolve phase duration: 850
Prepare phase duration: 30
Acquire phase duration: 400
Exchange duration: 230
Release phase duration: 30
Process phase duration: 30
Time taken for schedule work: 40 ns
Resolve phase duration: 750
Prepare phase duration: 40
Acquire phase duration: 270
Exchange duration: 120
Release phase duration: 20
Process phase duration: 30
Time taken for schedule work: 40 ns
Resolve phase duration: 730
Prepare phase duration: 40
Acquire phase duration: 280
Exchange duration: 220
Release phase duration: 30
Process phase duration: 30
Time taken for schedule work: 40 ns
Resolve phase duration: 750
Prepare phase duration: 40
Acquire phase duration: 400
Exchange duration: 240
Release phase duration: 30
Process phase duration: 40
Time taken for schedule work: 30 ns
Resolve phase duration: 760
Prepare phase duration: 40
Acquire phase duration: 390
Exchange duration: 230
Release phase duration: 30
Process phase duration: 30
Time taken for schedule work: 40 ns
Resolve phase duration: 750
Prepare phase duration: 40
Acquire phase duration: 380
Exchange duration: 230
Release phase duration: 30
Process phase duration: 40
Time taken for schedule work: 40 ns
Resolve phase duration: 740
Prepare phase duration: 40
Acquire phase duration: 380
Exchange duration: 230
Release phase duration: 30
Process phase duration: 30
Time taken for schedule work: 30 ns
Resolve phase duration: 770
Prepare phase duration: 40
Acquire phase duration: 290
Exchange duration: 220
Release phase duration: 40
Process phase duration: 40
Time taken for schedule work: 30 ns
Resolve phase duration: 760
Prepare phase duration: 30
Acquire phase duration: 390
Exchange duration: 230
Release phase duration: 30
Process phase duration: 40
Time taken for schedule work: 30 ns
Resolve phase duration: 750
Prepare phase duration: 40
Acquire phase duration: 390
Exchange duration: 230
Release phase duration: 30
Process phase duration: 30
Time taken for schedule work: 40 ns
Resolve phase duration: 740
Prepare phase duration: 30
Acquire phase duration: 280
Exchange duration: 220
Release phase duration: 30
Process phase duration: 40
Time taken for schedule work: 30 ns
Resolve phase duration: 760
Prepare phase duration: 30
Acquire phase duration: 380
Exchange duration: 230
Release phase duration: 30
Process phase duration: 40
Time taken for schedule work: 30 ns
Resolve phase duration: 740
Prepare phase duration: 30
Acquire phase duration: 270
Exchange duration: 200
Release phase duration: 30
Process phase duration: 40
Time taken for schedule work: 30 ns
Resolve phase duration: 800
Prepare phase duration: 40
Acquire phase duration: 390
Exchange duration: 230
Release phase duration: 30
Process phase duration: 30
Time taken for schedule work: 30 ns
Resolve phase duration: 780
Prepare phase duration: 30
Acquire phase duration: 280
Exchange duration: 210
Release phase duration: 30
Process phase duration: 40
Time taken for schedule work: 30 ns
Resolve phase duration: 760
Prepare phase duration: 30
Acquire phase duration: 280
Exchange duration: 220
Release phase duration: 30
Process phase duration: 30
Time taken for schedule work: 30 ns
Resolve phase duration: 760
Prepare phase duration: 30
Acquire phase duration: 280
Exchange duration: 220
Release phase duration: 30
Process phase duration: 30
Time taken for schedule work: 40 ns
Resolve phase duration: 740
Prepare phase duration: 40
Acquire phase duration: 400
Exchange duration: 240
Release phase duration: 30
Process phase duration: 40
Time taken for schedule work: 40 ns
Resolve phase duration: 780
Prepare phase duration: 40
Acquire phase duration: 380
Exchange duration: 230
Release phase duration: 30
Process phase duration: 40
Time taken for schedule work: 30 ns
Resolve phase duration: 750
Prepare phase duration: 30
Acquire phase duration: 380
Exchange duration: 220
Release phase duration: 30
Process phase duration: 40
Time taken for schedule work: 30 ns
Resolve phase duration: 780
Prepare phase duration: 40
Acquire phase duration: 280
Exchange duration: 210
Release phase duration: 30
Process phase duration: 30
Time taken for schedule work: 30 ns
Resolve phase duration: 740
Prepare phase duration: 40
Acquire phase duration: 380
Exchange duration: 230
Release phase duration: 30
Process phase duration: 30
Time taken for schedule work: 40 ns
Resolve phase duration: 770
Prepare phase duration: 30
Acquire phase duration: 390
Exchange duration: 240
Release phase duration: 30
Process phase duration: 40
Time taken for schedule work: 40 ns
Resolve phase duration: 740
Prepare phase duration: 40
Acquire phase duration: 400
Exchange duration: 240
Release phase duration: 30
Process phase duration: 30
Time taken for schedule work: 440 ns
Resolve phase duration: 1740
Prepare phase duration: 40
Acquire phase duration: 370
Time taken for compare_exchange_strong: 30 ns
Exchange duration: 220
Release phase duration: 40
Process phase duration: 40
Time taken for schedule work: 30 ns
Resolve phase duration: 850
Prepare phase duration: 30
Acquire phase duration: 400
Exchange duration: 230
Release phase duration: 30
Process phase duration: 40
Time taken for schedule work: 40 ns
Resolve phase duration: 840
Prepare phase duration: 30
Acquire phase duration: 380
Exchange duration: 230
Release phase duration: 20
Process phase duration: 40
Time taken for schedule work: 40 ns
Resolve phase duration: 760
Prepare phase duration: 40
Acquire phase duration: 390
Exchange duration: 230
Release phase duration: 370
Process phase duration: 40
Time taken for compare_exchange_strong: 40 ns
Time taken for compare_exchange_strong: 40 ns
Time taken for schedule work: 390 ns
Time taken for compare_exchange_strong: 40 ns
Resolve phase duration: 15910
Prepare phase duration: 30
Acquire phase duration: 300
Exchange duration: 240
Release phase duration: 30
Process phase duration: 30
Time taken for schedule work: 360 ns
Resolve phase duration: 4480
Time taken for compare_exchange_strong: 30 ns
Time taken for compare_exchange_strong: 40 ns
Time taken for compare_exchange_strong: 30 ns
Time taken for compare_exchange_strong: 30 ns
Time taken for compare_exchange_strong: 30 ns
Time taken for compare_exchange_strong: 40 ns
Time taken for compare_exchange_strong: 30 ns
Time taken for compare_exchange_strong: 30 ns
Time taken for compare_exchange_strong: 30 ns
Time taken for compare_exchange_strong: 30 ns
Time taken for compare_exchange_strong: 30 ns
Prepare phase duration: 30
Acquire phase duration: 569
Time taken for compare_exchange_strong: 30 ns
Exchange duration: 200
Time taken for compare_exchange_strong: 30 ns
Time taken for compare_exchange_strong: 30 ns
Time taken for compare_exchange_strong: 40 ns
Release phase duration: 30
Time taken for compare_exchange_strong: 30 ns
Time taken for compare_exchange_strong: 30 ns
Process phase duration: 30
Time taken for compare_exchange_strong: 30 ns
Time taken for schedule work: 380 ns
Resolve phase duration: 1280
Prepare phase duration: 30
Time taken for compare_exchange_strong: 30 ns
Time taken for compare_exchange_strong: 40 ns
Time taken for compare_exchange_strong: 30 ns
Acquire phase duration: 620
Time taken for compare_exchange_strong: 30 ns
Exchange duration: 450
Time taken for compare_exchange_strong: 30 ns
Time taken for compare_exchange_strong: 30 ns
Release phase duration: 40
Process phase duration: 30
Time taken for compare_exchange_strong: 30 ns
Time taken for schedule work: 370 ns
Resolve phase duration: 17850
Time taken for compare_exchange_strong: 30 ns
Prepare phase duration: 40
Time taken for compare_exchange_strong: 30 ns
Time taken for compare_exchange_strong: 40 ns
Acquire phase duration: 300
Time taken for compare_exchange_strong: 30 ns
Exchange duration: 220
Release phase duration: 30
Process phase duration: 30
Time taken for schedule work: 360 ns
Resolve phase duration: 2420
Time taken for compare_exchange_strong: 40 ns
Time taken for compare_exchange_strong: 30 ns
Prepare phase duration: 40
Time taken for compare_exchange_strong: 30 ns
Time taken for compare_exchange_strong: 40 ns
Time taken for compare_exchange_strong: 40 ns
Acquire phase duration: 310
Time taken for compare_exchange_strong: 30 ns
Time taken for compare_exchange_strong: 40 ns
Exchange duration: 250
Release phase duration: 30
Process phase duration: 40
Time taken for schedule work: 360 ns
Resolve phase duration: 1050
Prepare phase duration: 40
Acquire phase duration: 610
Exchange duration: 460
Release phase duration: 30
Process phase duration: 340
Time taken for compare_exchange_strong: 30 ns
Time taken for compare_exchange_strong: 40 ns
Time taken for compare_exchange_strong: 30 ns
Time taken for compare_exchange_strong: 30 ns
Time taken for schedule work: 380 ns
Resolve phase duration: 8190
Prepare phase duration: 30
Acquire phase duration: 410
Time taken for compare_exchange_strong: 30 ns
Exchange duration: 250
Time taken for compare_exchange_strong: 30 ns
Time taken for compare_exchange_strong: 30 ns
Time taken for compare_exchange_strong: 40 ns
Release phase duration: 30
Time taken for compare_exchange_strong: 40 ns
Time taken for compare_exchange_strong: 30 ns
Process phase duration: 40
Time taken for compare_exchange_strong: 30 ns
Time taken for schedule work: 430 ns
Resolve phase duration: 1200
Prepare phase duration: 30
Acquire phase duration: 310
Time taken for compare_exchange_strong: 40 ns
Exchange duration: 250
Release phase duration: 30
Process phase duration: 30
Time taken for schedule work: 370 ns
Resolve phase duration: 5310
Prepare phase duration: 30
Acquire phase duration: 400
Exchange duration: 250
Time taken for compare_exchange_strong: 30 ns
Release phase duration: 30
Time taken for compare_exchange_strong: 30 ns
Time taken for compare_exchange_strong: 30 ns
Time taken for compare_exchange_strong: 40 ns
Process phase duration: 30
Time taken for compare_exchange_strong: 30 ns
Time taken for compare_exchange_strong: 40 ns
Time taken for schedule work: 380 ns
Resolve phase duration: 1930
Prepare phase duration: 40
Acquire phase duration: 400
Exchange duration: 230
Release phase duration: 30
Time taken for compare_exchange_strong: 40 ns
Process phase duration: 310
Time taken for compare_exchange_strong: 30 ns
Time taken for compare_exchange_strong: 30 ns
Time taken for compare_exchange_strong: 30 ns
Time taken for schedule work: 390 ns
Resolve phase duration: 8160
Prepare phase duration: 40
Acquire phase duration: 290
Exchange duration: 220
Release phase duration: 30
Process phase duration: 30
Time taken for compare_exchange_strong: 40 ns
Time taken for schedule work: 380 ns
Time taken for compare_exchange_strong: 30 ns
Resolve phase duration: 16889
Prepare phase duration: 30
Time taken for compare_exchange_strong: 30 ns
Acquire phase duration: 290
Time taken for compare_exchange_strong: 30 ns
Time taken for compare_exchange_strong: 30 ns
Exchange duration: 220
Time taken for compare_exchange_strong: 30 ns
Release phase duration: 30
Time taken for compare_exchange_strong: 30 ns
Time taken for compare_exchange_strong: 30 ns
Process phase duration: 30
Time taken for compare_exchange_strong: 40 ns
Time taken for schedule work: 390 ns
Resolve phase duration: 1180
Prepare phase duration: 40
Acquire phase duration: 390
Time taken for compare_exchange_strong: 30 ns
Exchange duration: 230
Time taken for compare_exchange_strong: 30 ns
Time taken for compare_exchange_strong: 30 ns
Time taken for compare_exchange_strong: 40 ns
Release phase duration: 40
Time taken for compare_exchange_strong: 30 ns
Time taken for compare_exchange_strong: 30 ns
Process phase duration: 30
Time taken for schedule work: 400 ns
Resolve phase duration: 8350
Prepare phase duration: 30
Time taken for compare_exchange_strong: 40 ns
Acquire phase duration: 700
Time taken for compare_exchange_strong: 40 ns
Time taken for compare_exchange_strong: 30 ns
Exchange duration: 530
Time taken for compare_exchange_strong: 40 ns
Release phase duration: 30
Process phase duration: 40
Time taken for schedule work: 400 ns
Resolve phase duration: 1470
Prepare phase duration: 30
Acquire phase duration: 390
Time taken for compare_exchange_strong: 30 ns
Time taken for compare_exchange_strong: 30 ns
Time taken for compare_exchange_strong: 30 ns
Exchange duration: 230
Time taken for compare_exchange_strong: 40 ns
Release phase duration: 30
Process phase duration: 30
Time taken for schedule work: 370 ns
Resolve phase duration: 1440
Time taken for compare_exchange_strong: 30 ns
Prepare phase duration: 30
Time taken for compare_exchange_strong: 30 ns
Time taken for compare_exchange_strong: 40 ns
Acquire phase duration: 380
Time taken for compare_exchange_strong: 30 ns
Exchange duration: 230
Release phase duration: 30
Process phase duration: 40
Time taken for schedule work: 380 ns
Resolve phase duration: 1140
Prepare phase duration: 30
Acquire phase duration: 380
Time taken for compare_exchange_strong: 30 ns
Exchange duration: 230
Time taken for compare_exchange_strong: 30 ns
Time taken for compare_exchange_strong: 40 ns
Release phase duration: 30
Time taken for compare_exchange_strong: 40 ns
Time taken for compare_exchange_strong: 30 ns
Process phase duration: 50
Time taken for compare_exchange_strong: 40 ns
Time taken for compare_exchange_strong: 30 ns
Time taken for compare_exchange_strong: 30 ns
Time taken for schedule work: 380 ns
Time taken for compare_exchange_strong: 30 ns
Resolve phase duration: 17100
Prepare phase duration: 30
Acquire phase duration: 400
Exchange duration: 230
Time taken for compare_exchange_strong: 30 ns
Release phase duration: 30
Time taken for compare_exchange_strong: 30 ns
Process phase duration: 40
Time taken for compare_exchange_strong: 40 ns
Time taken for compare_exchange_strong: 40 ns
Time taken for compare_exchange_strong: 40 ns
Time taken for compare_exchange_strong: 30 ns
Time taken for schedule work: 400 ns
Time taken for compare_exchange_strong: 30 ns
Resolve phase duration: 3890
Time taken for compare_exchange_strong: 30 ns
Prepare phase duration: 40
Acquire phase duration: 390
Time taken for compare_exchange_strong: 40 ns
Exchange duration: 230
Time taken for compare_exchange_strong: 30 ns
Time taken for compare_exchange_strong: 30 ns
Release phase duration: 30
Time taken for compare_exchange_strong: 40 ns
Time taken for compare_exchange_strong: 30 ns
Time taken for compare_exchange_strong: 30 ns
Time taken for compare_exchange_strong: 40 ns
Process phase duration: 40
Time taken for schedule work: 410 ns
Resolve phase duration: 1300
Time taken for compare_exchange_strong: 30 ns
Prepare phase duration: 30
Acquire phase duration: 390
Exchange duration: 230
Release phase duration: 30
Process phase duration: 30
Time taken for schedule work: 380 ns
Resolve phase duration: 1440
Time taken for compare_exchange_strong: 40 ns
Prepare phase duration: 40
Acquire phase duration: 400
Exchange duration: 230
Release phase duration: 30
Process phase duration: 30
Time taken for schedule work: 370 ns
Resolve phase duration: 1410
Time taken for compare_exchange_strong: 40 ns
Prepare phase duration: 40
Acquire phase duration: 290
Exchange duration: 240
Release phase duration: 30
Process phase duration: 40
Time taken for schedule work: 370 ns
Resolve phase duration: 1370
Time taken for compare_exchange_strong: 40 ns
Prepare phase duration: 40
Acquire phase duration: 380
Exchange duration: 220
Release phase duration: 30
Process phase duration: 40
Time taken for schedule work: 380 ns
Resolve phase duration: 1530
Time taken for compare_exchange_strong: 30 ns
Prepare phase duration: 40
Acquire phase duration: 370
Exchange duration: 230
Release phase duration: 30
Process phase duration: 30
Time taken for schedule work: 390 ns
Resolve phase duration: 1410
Time taken for compare_exchange_strong: 30 ns
Prepare phase duration: 30
Acquire phase duration: 310
Exchange duration: 250
Release phase duration: 30
Process phase duration: 40
Time taken for schedule work: 380 ns
Resolve phase duration: 1440
Time taken for compare_exchange_strong: 40 ns
Prepare phase duration: 40
Acquire phase duration: 390
Exchange duration: 230
Release phase duration: 30
Process phase duration: 30
Time taken for schedule work: 360 ns
Resolve phase duration: 1440
Time taken for compare_exchange_strong: 40 ns
Prepare phase duration: 40
Acquire phase duration: 380
Exchange duration: 230
Release phase duration: 20
Process phase duration: 30
Time taken for schedule work: 410 ns
Resolve phase duration: 1430
Time taken for compare_exchange_strong: 40 ns
Prepare phase duration: 30
Acquire phase duration: 370
Exchange duration: 220
Release phase duration: 30
Process phase duration: 30
Time taken for schedule work: 380 ns
Resolve phase duration: 1410
Time taken for compare_exchange_strong: 30 ns
Prepare phase duration: 40
Acquire phase duration: 400
Exchange duration: 240
Release phase duration: 30
Process phase duration: 40
Time taken for schedule work: 380 ns
Resolve phase duration: 1410
Time taken for compare_exchange_strong: 30 ns
Prepare phase duration: 30
Acquire phase duration: 270
Exchange duration: 120
Release phase duration: 30
Process phase duration: 30
Time taken for schedule work: 370 ns
Resolve phase duration: 1400
Time taken for compare_exchange_strong: 30 ns
Prepare phase duration: 30
Acquire phase duration: 320
Exchange duration: 120
Release phase duration: 30
Process phase duration: 30
Time taken for schedule work: 370 ns
Resolve phase duration: 1390
Time taken for compare_exchange_strong: 30 ns
Prepare phase duration: 40
Acquire phase duration: 600
Exchange duration: 230
Release phase duration: 30
Process phase duration: 30
Time taken for schedule work: 380 ns
Resolve phase duration: 1430
Time taken for compare_exchange_strong: 40 ns
Prepare phase duration: 40
Acquire phase duration: 520
Exchange duration: 120
Release phase duration: 30
Process phase duration: 30
Time taken for schedule work: 370 ns
Resolve phase duration: 1400
scheduler loop time: 2128675
Time taken for compare_exchange_strong: 30 ns
No pending work!
Locking Scheduler.
Locking Scheduler done
Teardown beginning
Teardown: all threads stopped
cv_notify_all() for teardown
Unlock Scheduler lock
Pending unpause
Teardown: all threads beginning teardown
Destroying core 1
All threads stopped
All threads deallocated
[report]: insert_run_time_ns : 2140284
[report]: insert_overall_operation_number : 128
[report]: insert_overall_throughput : 59805.147354
