/users/Xuran/hash_rt/build/hash_rt --num_threads=16 --str_key_size=8 --str_value_size=100 --num_ops=1000000 --first_mode=true --work_usec=0
Harness starting.
 /users/Xuran/hash_rt/build/hash_rt --num_threads=16 --str_key_size=8 --str_value_size=100 --num_ops=1000000 --first_mode=true --work_usec=0 --seed 2104011218
Init time:884499861
scheduler_cores: 8
Adding work to queue: fjccift
Adding work to queue: lxjopjz
Adding work to queue: hklofpw
Adding work to queue: ugniflg
Adding work to queue: raxvkmv
Adding work to queue: qdohkjf
Adding work to queue: zzcsovh
Adding work to queue: qcoksvu
Adding work to queue: rvfjwtr
Adding work to queue: ungxgpb
Adding work to queue: nkkewww
Adding work to queue: ujrcmia
Adding work to queue: cohkjfi
Adding work to queue: ynnoslg
Adding work to queue: jfgkdma
Adding work to queue: upwwlzc
Adding work to queue: aemsiug
Pending when ops: 0, Queue size: 17Adding work to queue: qehjvzu

Processing batch, queue size: 18
Adding work to queue: rffljtf
Adding work to queue: zjbzyjs
Adding work to queue: qaqasug
Adding work to queue: aicbzpl
Adding work to queue: nwvmzjo
Adding work to queue: gofcjwz
Adding work to queue: qizumgf
Adding work to queue: bzqrsyh
Adding work to queue: ofrwzgh
Adding work to queue: cnkaxnp
Adding work to queue: zmxiver
Adding work to queue: rgnnnol
Adding work to queue: nciusso
Adding work to queue: ljdmcol
Adding work to queue: jbvpunp
Adding work to queue: cpvmhur
Adding work to queue: yclxlhm
Adding work to queue: hbasikz
Adding work to queue: jgjtmqv
Adding work to queue: gyrjsyw
Adding work to queue: drtuzmw
Adding work to queue: sjxrdwb
Adding work to queue: ytancia
Pending when ops: 0, Queue size: 23
Adding work to queue: czizpdx
Adding work to queue: lrpwerg
Adding work to queue: jqarkkq
Adding work to queue: nzvthqo
Adding work to queue: stpxgso
Adding work to queue: qqberpv
Adding work to queue: qmabuyk
Adding work to queue: capadvz
Adding work to queue: ppoykcm
Adding work to queue: fxmfrzg
Adding work to queue: oxfzuav
Adding work to queue: eibwhwr
Adding work to queue: rnlckko
Adding work to queue: pvfbcfm
Adding work to queue: qtaiqid
Adding work to queue: ccoaoof
Adding work to queue: bdioypf
Adding work to queue: bpirhzs
Adding work to queue: ugfdfwt
Adding work to queue: bynmdmf
Adding work to queue: tksyeuf
Adding work to queue: clwyuek
Adding work to queue: aabskyr
Adding work to queue: bxygnqv
Adding work to queue: hnltixq
Adding work to queue: pyjcvmy
Adding work to queue: tysqmro
Adding work to queue: thxyusq
Adding work to queue: pjlzfao
Adding work to queue: dzlvuzm
Adding work to queue: yphkgdh
Adding work to queue: tftzaft
Adding work to queue: emculnk
Adding work to queue: upllreu
Adding work to queue: tqkhaiq
Adding work to queue: vmmwmbv
Adding work to queue: aghsilx
Adding work to queue: ugngqqy
Adding work to queue: aayizhb
Adding work to queue: kixsdjp
Adding work to queue: tmfjsiq
Adding work to queue: esekntr
Adding work to queue: emomhta
Adding work to queue: vwtetdn
Adding work to queue: uebbboo
Adding work to queue: ygpsegq
Adding work to queue: inianlh
Adding work to queue: gvqckap
Adding work to queue: ziacgdl
Adding work to queue: bwnvxgq
Adding work to queue: yeqyjem
Adding work to queue: ddhjpfx
Adding work to queue: ilucjzt
Adding work to queue: hyzsbsj
Adding work to queue: kwjfedf
Processing batch, queue size: 78
Adding work to queue: qehdbgt
Adding work to queue: mizlqnx
Adding work to queue: tyxtrqc
Adding work to queue: luerrqv
Adding work to queue: rnyxbio
Adding work to queue: tszrbnp
Adding work to queue: phnjdwt
Adding work to queue: kijmoza
Adding work to queue: opeaurl
Adding work to queue: cbhbvlv
Adding work to queue: lxitafj
Adding work to queue: tkkzije
Adding work to queue: pwcclha
Adding work to queue: muwlokw
Adding work to queue: pmpjxvw
Adding work to queue: mmwifbh
Adding work to queue: sbbmefm
Adding work to queue: xqcyjxu
Adding work to queue: elhgcik
Adding work to queue: npuvwin
Adding work to queue: befsebd
Adding work to queue: aabdzef
Pending when ops: 0, Queue size: Adding work to queue: uczutvd
22
Adding work to queue: aokpwva
Adding work to queue: aliczwj
Adding work to queue: qvtyzln
Adding work to queue: amtvwjb
Adding work to queue: weqzyji
Adding work to queue: ryygiub
Adding work to queue: wnajpsy
Adding work to queue: qdxrnhw
Adding work to queue: embcrso
Adding work to queue: metlxhp
Adding work to queue: hwnmbqf
Adding work to queue: mhhpisf
Adding work to queue: sdutotc
Adding work to queue: roabvkh
Adding work to queue: lufzocq
Adding work to queue: pgnzbix
Adding work to queue: habvgie
Adding work to queue: cuivxxj
Adding work to queue: lojyowz
Adding work to queue: feaipbj
Adding work to queue: jkbhezz
Adding work to queue: msfxaym
Adding work to queue: bjekuhq
Adding work to queue: exgvrgl
Adding work to queue: samkocx
Adding work to queue: zexjowg
Adding work to queue: oknybsq
Adding work to queue: okmcuvx
Processing batch, queue size: 51
Adding work to queue: jsylnjq
Adding work to queue: ezrnlop
Adding work to queue: rjzmfex
Adding work to queue: yvnhdkm
Adding work to queue: narwvlj
Adding work to queue: qdfwmbb
Adding work to queue: pixskme
Adding work to queue: tmxkrho
Adding work to queue: wzdtjyq
Adding work to queue: pjcjfzo
Adding work to queue: guhoexs
Adding work to queue: gsedhgi
Adding work to queue: saynvti
Adding work to queue: ohccrdn
Adding work to queue: unpzfzq
Adding work to queue: lpktslo
Adding work to queue: voerybd
Adding work to queue: kleaisp
Pending when ops: 0, Queue size: 17
Adding work to queue: hgxelpo
Adding work to queue: tadquqz
Adding work to queue: iukhzps
Adding work to queue: lutqbbm
Adding work to queue: pnjjjna
Adding work to queue: fwnggyh
Adding work to queue: deynlsr
Adding work to queue: xvqbftu
Adding work to queue: zuujqtn
Adding work to queue: qoicpkj
Adding work to queue: jzfwtmi
Adding work to queue: psuamra
Adding work to queue: jcfxdfv
Adding work to queue: euedtzx
Adding work to queue: tnxicyl
Adding work to queue: boobuoo
Adding work to queue: ijhsdlg
Adding work to queue: sfrpkcf
Adding work to queue: donykid
Adding work to queue: behrtkh
Adding work to queue: xjysgot
Adding work to queue: mawajlw
Adding work to queue: hzppxvs
Adding work to queue: aheifge
Adding work to queue: lcnvzav
Adding work to queue: quycrzp
Adding work to queue: lwwlqhq
Adding work to queue: ejgascd
Adding work to queue: zlsbgnn
Adding work to queue: xuzzykf
Adding work to queue: ihrorrl
Adding work to queue: adbypgu
Adding work to queue: cjkpmki
Adding work to queue: aafbboc
Adding work to queue: odcnowx
Adding work to queue: aorhtpp
Processing batch, queue size: Pausing: active threads: 8
Pausing: active threads: 7
54
Pausing: active threads: 6
Adding work to queue: hdmdsya
Adding work to queue: pbicqqp
Adding work to queue: ugdgtdl
Adding work to queue: bpdsoaa
Pausing: active threads: Adding work to queue: reytvig
6Adding work to queue: fowdfxx

Pausing: active threads: 8
Pausing: active threads: 7
Pausing: active threads: 6
Pausing: active threads: 5
Adding work to queue: hlkfxso
Pausing: active threads: 6
Adding work to queue: pkzpplp
Pausing: active threads: 8
Adding work to queue: mukuasq
Pausing: active threads: 8
Pausing: active threads: 8Adding work to queue: rybdluk

Adding work to queue: ckcqihq
Pausing: active threads: 8
Adding work to queue: Pausing: active threads: 8
reukakz
Pausing: active threads: Pending when ops: 0, Queue size: 12
Adding work to queue: hcgsefd
8
Adding work to queue: lrqfqqv
Adding work to queue: Pausing: active threads: 8
Pausing: active threads: clhsabj
7
Adding work to queue: lmduumc
Adding work to queue: krcldmy
Adding work to queue: ymoteai
Adding work to queue: qnttngk
Adding work to queue: njnhawb
Processing batch, queue size: 20
Adding work to queue: lwwpltb
Adding work to queue: njteduk
Pausing: active threads: 7
Adding work to queue: rjeshol
Pausing: active threads: 8
Pausing: active threads: Adding work to queue: zykffzo
8Adding work to queue: ghjdpfy

Pausing: active threads: 8
Pending when ops: Pausing: active threads: 8Adding work to queue: 0ahfnjbt
, Queue size: 5

Adding work to queue: juagbvn
Adding work to queue: pdfgvaf
Adding work to queue: kkyaznj
Adding work to queue: zwltgen
Adding work to queue: dmbcwtg
Adding work to queue: pwcqcvy
Adding work to queue: ykwekrf
Adding work to queue: wywbsxh
Adding work to queue: hqmatsl
Adding work to queue: brthras
Adding work to queue: nnwuvbt
Adding work to queue: kacwmbn
Adding work to queue: onmsnnj
Adding work to queue: hunozpq
Adding work to queue: tdmorme
Adding work to queue: cwuuegu
Adding work to queue: zurqzoe
Adding work to queue: khvuahq
Adding work to queue: blyevkm
Adding work to queue: dmzfzsh
Adding work to queue: pcgblcw
Adding work to queue: wafeldf
Adding work to queue: pcgfbsy
Adding work to queue: eoizvtm
Adding work to queue: cvfevoz
Adding work to queue: vsynyty
Adding work to queue: zcvmsap
Adding work to queue: fqoywbw
Adding work to queue: lbsxcip
Adding work to queue: vvmbvbz
Adding work to queue: vahshwu
Adding work to queue: edoviwu
Adding work to queue: bwibxre
Adding work to queue: xekyedy
Adding work to queue: txjzadh
Adding work to queue: tqahubc
Adding work to queue: qxmbkis
Adding work to queue: wzsqlbh
Adding work to queue: jrrxpvq
Adding work to queue: barjdnf
Adding work to queue: rvxoiwv
Adding work to queue: sempfyq
Adding work to queue: ydctntm
Processing batch, queue size: Pausing: active threads: 7
49
Adding work to queue: xgyymhi
Pausing: active threads: 6
Adding work to queue: qjsaoas
Adding work to queue: ldetwvc
Pausing: active threads: 7
Adding work to queue: vobmewa
Pausing: active threads: Adding work to queue: 7
pphybfbPausing: active threads: 8

Pausing: active threads: 8
Adding work to queue: ojygphd
Adding work to queue: Pausing: active threads: 8
Pausing: active threads: 8
orjpvdu
Pausing: active threads: 8
Adding work to queue: lkcfvxc
Adding work to queue: haxdlnsPending when ops: 
Pausing: active threads: 8
0, Queue size: 9
Processing batch, queue size: 9
Adding work to queue: thbvfbo
Pausing: active threads: 8
Adding work to queue: rpnzowt
Pausing: active threads: 8
Adding work to queue: wpcmaknPending when ops: 0
Pausing: active threads: 8
, Queue size: Adding work to queue: 3vcrddjs

Processing batch, queue size: 4
Pausing: active threads: 8
Adding work to queue: qlxqmef
Adding work to queue: ducjdbv
Pausing: active threads: Pending when ops: Adding work to queue: bzanrci
8
0, Queue size: 3
Adding work to queue: hdtcwmz
Processing batch, queue size: 4
Pausing: active threads: 8Adding work to queue: wwlfoml

Adding work to queue: zpoytax
Pending when ops: Adding work to queue: kuqimxc0, Queue size: 2

Pausing: active threads: 8
Adding work to queue: blrafbh
Adding work to queue: baxoyvl
Adding work to queue: ysdswec
Adding work to queue: wujlwli
Adding work to queue: rrylmyj
Adding work to queue: eepydtb
Adding work to queue: pyestpo
Adding work to queue: diwcsjf
Adding work to queue: gnvjxwe
Adding work to queue: yjwsous
Adding work to queue: nniioov
Adding work to queue: tawbjic
Adding work to queue: nxvaocj
Adding work to queue: dedaixg
Processing batch, queue size: 17
Adding work to queue: vzkfsik
Pausing: active threads: 8
Adding work to queue: drektbr
Pausing: active threads: Adding work to queue: yrhwtvk
8Adding work to queue: 
nnbcigc
Adding work to queue: heoxyav
Pending when ops: 0, Queue size: 5
Adding work to queue: csbkivo
Adding work to queue: surqanq
Adding work to queue: itpcmtm
Adding work to queue: kjwqzzl
Adding work to queue: nxeocpa
Adding work to queue: rsgtrpg
Adding work to queue: haookvw
Adding work to queue: pwytmos
Adding work to queue: sksyncq
Adding work to queue: gygnpxh
Adding work to queue: wequaah
Adding work to queue: sdmwdes
Adding work to queue: cvxowrw
Adding work to queue: owkfrhv
Adding work to queue: lfsyrwq
Processing batch, queue size: 20
Adding work to queue: pyvxaof
Adding work to queue: wpqwdde
Adding work to queue: jdfiaxz
Adding work to queue: pobbros
Adding work to queue: kkqdeyp
Adding work to queue: tfgmpww
Adding work to queue: ibutbdc
Adding work to queue: grviist
Adding work to queue: vgedaxt
Pending when ops: 0, Queue size: 9Adding work to queue: pgywpbu

Processing batch, queue size: 10
Adding work to queue: sjylcrk
Adding work to queue: cetnkgn
Adding work to queue: wgcowht
Adding work to queue: zpltarl
Pending when ops: 0, Queue size: 4
Adding work to queue: dnaewmc
Adding work to queue: fjvwhtw
Adding work to queue: vakcrci
Adding work to queue: htdratb
Adding work to queue: bvzilrn
Adding work to queue: klqpfmd
Adding work to queue: kbsaeib
Adding work to queue: rjvhhqf
Adding work to queue: ljidikv
Adding work to queue: rctkhky
Adding work to queue: omiodhh
Adding work to queue: ftparud
Adding work to queue: gnyxter
Adding work to queue: uloqcns
Adding work to queue: msqutru
Adding work to queue: fflcxth
Adding work to queue: wbzxbqo
Adding work to queue: ipffnjr
Adding work to queue: otweaqx
Adding work to queue: wwcivwm
Adding work to queue: eqidanm
Adding work to queue: jounrnr
Adding work to queue: oglrwhk
Adding work to queue: evyahht
Adding work to queue: aektcrf
Adding work to queue: lqaymic
Adding work to queue: xhyvabu
Adding work to queue: fhkaodu
Adding work to queue: ohtwfkc
Processing batch, queue size: 33
Adding work to queue: vejpolc
Adding work to queue: twnzdlu
Adding work to queue: xdobvgm
Adding work to queue: ecrbvfu
Adding work to queue: pqhwmiz
Adding work to queue: qtvmhje
Adding work to queue: ndtuhte
Adding work to queue: gagrftx
Adding work to queue: vmvynpf
Adding work to queue: zeclgmh
Adding work to queue: tgfysma
Adding work to queue: xugltbw
Adding work to queue: tfvdlto
Adding work to queue: nkoeaua
Adding work to queue: lbtxgdi
Adding work to queue: jfbmwyy
Adding work to queue: ccsxedi
Adding work to queue: skiabpt
Adding work to queue: sqwoetg
Adding work to queue: tbyghhn
Pending when ops: 0, Queue size: 20
Adding work to queue: zklreja
Adding work to queue: ytjqqdw
Adding work to queue: gwzgfuw
Adding work to queue: tixhjko
Adding work to queue: liktqgp
Adding work to queue: gtozbui
Adding work to queue: vbufsuy
Adding work to queue: wkfdjso
Adding work to queue: ulhowgg
Adding work to queue: gwjprvp
Adding work to queue: ffhshqb
Adding work to queue: clbhbaa
Adding work to queue: rcsnuej
Adding work to queue: jlguuka
Adding work to queue: cbovaev
Adding work to queue: qmeygza
Adding work to queue: tfyyqls
Adding work to queue: hgchuks
Adding work to queue: yxcrbfz
Adding work to queue: hftmehw
Adding work to queue: gpmsmkq
Processing batch, queue size: 41
Adding work to queue: lsizvwq
Adding work to queue: boynmgi
Adding work to queue: pljtlbs
Adding work to queue: veipxhh
Adding work to queue: jvrlyho
Adding work to queue: mtwlfxr
Adding work to queue: wupstso
Adding work to queue: pnsnoyw
Adding work to queue: rbfogpo
Adding work to queue: susmupr
Adding work to queue: qukwbsc
Adding work to queue: tspjziw
Adding work to queue: ofhzvmu
Adding work to queue: fmctgzz
Adding work to queue: ygiieou
Adding work to queue: vqvvkum
Adding work to queue: olatzuz
Pending when ops: 0, Queue size: 17
Adding work to queue: yltlzic
Adding work to queue: baogpuj
Adding work to queue: bwojlur
Adding work to queue: wcephfn
Adding work to queue: wmyzwmf
Adding work to queue: inlzvly
Adding work to queue: rzcgntq
Adding work to queue: mqbnrni
Adding work to queue: hsvhzoi
Adding work to queue: mscdapb
Adding work to queue: tblzpaq
Adding work to queue: hezjamv
Adding work to queue: gkkdfji
Adding work to queue: uinrpwi
Processing batch, queue size: 31
Adding work to queue: cpakrnp
Adding work to queue: rmofpmg
Adding work to queue: nlbbvpd
Adding work to queue: hlnskvi
Adding work to queue: bvnzcsr
Adding work to queue: qtqwbvj
Adding work to queue: gigpehs
Adding work to queue: psreqrf
Adding work to queue: xtjhwuo
Adding work to queue: zllczkx
Adding work to queue: piwyjwc
Adding work to queue: xqhqkqg
Adding work to queue: ofirkll
Adding work to queue: vpekbjl
Pending when ops: Adding work to queue: hwppgzv
0, Queue size: 15
Adding work to queue: xznezmp
Adding work to queue: fpbrwtg
Processing batch, queue size: 17
Adding work to queue: sxgicml
Adding work to queue: alrmeza
Adding work to queue: hwmgtil
Adding work to queue: ydclgis
Adding work to queue: zgsutki
Adding work to queue: ecpxuvl
Adding work to queue: cepzlwq
Adding work to queue: iwsukob
Adding work to queue: Pending when ops: 0, Queue size: 8
sdmidjz
Adding work to queue: tymuwii
Adding work to queue: tsqanei
Adding work to queue: uvkqigk
Adding work to queue: qffquri
Adding work to queue: wkavdvj
Adding work to queue: qowjqgz
Adding work to queue: wrqmjdm
Adding work to queue: repipsu
Adding work to queue: hqrvmxh
Adding work to queue: bxtltmq
Adding work to queue: zscxuyb
Adding work to queue: lmlrakb
Adding work to queue: qdbmyhp
Adding work to queue: mjuiqvi
Adding work to queue: pdgkgwq
Adding work to queue: gjghwlf
Adding work to queue: cwlwfcr
Adding work to queue: pxllncv
Adding work to queue: kxpwstg
Adding work to queue: punokqo
Adding work to queue: bzozlsg
Adding work to queue: rayxead
Processing batch, queue size: 31
Adding work to queue: spogszm
Adding work to queue: pvhcvoi
Adding work to queue: esjoxgi
Adding work to queue: eidabuw
Adding work to queue: mrmtwei
Adding work to queue: bicslvo
Adding work to queue: elwimwg
Adding work to queue: nnlgsfm
Adding work to queue: sfbessp
Adding work to queue: xtsxihp
Pending when ops: Adding work to queue: jzoxiyt
0, Queue size: 11
Adding work to queue: dhydylm
Adding work to queue: gkioxmc
Adding work to queue: rewfwch
Adding work to queue: iyoihpf
Adding work to queue: cviezik
Adding work to queue: tegybps
Adding work to queue: pjiuagq
Adding work to queue: vefvqrx
Adding work to queue: abfsixd
Adding work to queue: oqdjdsl
Adding work to queue: hdfrjng
Adding work to queue: oxbbqrc
Adding work to queue: frkcudz
Adding work to queue: khxwpyd
Processing batch, queue size: 25
Adding work to queue: nqzwrsc
Adding work to queue: zucnfna
Adding work to queue: uqbetna
Adding work to queue: wxncnar
Adding work to queue: zuxvqyk
Adding work to queue: dnxxrgk
Adding work to queue: lyuzgyy
Adding work to queue: kidygtx
Adding work to queue: xwuzkqz
Adding work to queue: cufpoaj
Adding work to queue: boaiakc
Adding work to queue: juquunm
Adding work to queue: bcarngs
Adding work to queue: vrvvpug
Adding work to queue: zxksjsi
Adding work to queue: tctgwkc
Adding work to queue: mfpczuo
Adding work to queue: sbyweks
Pending when ops: 0, Queue size: 18Adding work to queue: jzhjfhi

Processing batch, queue size: 19
Adding work to queue: zdxfvlj
Adding work to queue: hojzvvu
Adding work to queue: ywsuygb
Adding work to queue: twhscmf
Adding work to queue: qarzoxe
Adding work to queue: ldklfxr
Adding work to queue: mplohvr
Adding work to queue: ywdejba
Pending when ops: 0, Queue size: Adding work to queue: aktslyz
8
Adding work to queue: ixkbysi
Adding work to queue: eypoapu
Adding work to queue: rdfokbq
Adding work to queue: pliijhj
Adding work to queue: mqzvnrh
Adding work to queue: ztmdnvw
Processing batch, queue size: 15
Adding work to queue: wozzygk
Adding work to queue: eihvauc
Adding work to queue: tjcydgb
Adding work to queue: gzqjfgs
Adding work to queue: xfsctyk
Pending when ops: 0, Queue size: Adding work to queue: zprdewe
5
Processing batch, queue size: 6
Adding work to queue: fddywaf
Adding work to queue: mymiqcm
Pending when ops: 0, Queue size: Adding work to queue: iwehmej
2
Processing batch, queue size: 3
Adding work to queue: egqmtgn
Adding work to queue: zmljltp
Pending when ops: Adding work to queue: qiqtdyb
0, Queue size: 3
Adding work to queue: qolommi
Adding work to queue: dyrsryi
Adding work to queue: ijzjxeb
Adding work to queue: xyqooqd
Adding work to queue: blhxidg
Adding work to queue: mvnivkf
Adding work to queue: gafqjpj
Adding work to queue: iobvxgs
Adding work to queue: snttvni
Adding work to queue: apxlvzs
Adding work to queue: oixzmhj
Adding work to queue: wivdpfx
Adding work to queue: ooohtmu
Adding work to queue: ryubctc
Adding work to queue: soeibqg
Processing batch, queue size: 18
Adding work to queue: saybekj
Adding work to queue: lzrfhbb
Adding work to queue: etywyso
Adding work to queue: mkkwovz
Adding work to queue: lovztfp
Adding work to queue: lmmojnc
Adding work to queue: mzwdalh
Adding work to queue: itulcyo
Pending when ops: 0, Queue size: 8
Adding work to queue: yzxwamz
Adding work to queue: zximajy
Adding work to queue: mlrewfe
Adding work to queue: fommzkn
Adding work to queue: hxnfebp
Adding work to queue: trfmqel
Adding work to queue: zjterwp
Adding work to queue: ovtxnxt
Adding work to queue: tellcaj
Adding work to queue: hvltxoh
Adding work to queue: fpnuvtb
Adding work to queue: cddccpl
Adding work to queue: ubckwrv
Adding work to queue: nrcvusq
Adding work to queue: hjkwxgm
Adding work to queue: qkgifpa
Adding work to queue: bholoco
Adding work to queue: drjxcgm
Adding work to queue: phhorwc
Adding work to queue: rzkikak
Adding work to queue: rduvqtk
Adding work to queue: theuiuw
Adding work to queue: nvwbddp
Adding work to queue: nuejlnz
Adding work to queue: mummipc
Adding work to queue: uhmjuin
Adding work to queue: gcytuwm
Adding work to queue: lrjpiyf
Adding work to queue: ksnbrrf
Adding work to queue: tzqttpu
Adding work to queue: zmgfsko
Adding work to queue: orttssa
Adding work to queue: jnakaft
Adding work to queue: hfmvews
Adding work to queue: syxymmt
Adding work to queue: omrlcbj
Adding work to queue: awplvck
Adding work to queue: ubkktyv
Adding work to queue: ltyfhkn
Adding work to queue: ebrymuf
Adding work to queue: xyapsyi
Adding work to queue: ysotkom
Adding work to queue: kpcmmts
Adding work to queue: wjtvnjd
Pausing: active threads: 8Adding work to queue: pfgwttw

Adding work to queue: jlrmnjn
Pausing: active threads: 7
Adding work to queue: lupboyx
Pausing: active threads: 6Adding work to queue: osjdoev

Adding work to queue: sbothov
Adding work to queue: abdtuyd
Pausing: active threads: Adding work to queue: jismfkd
5Adding work to queue: 
thlvcbi
Pausing: active threads: 4
Pausing: active threads: 3
Pausing: active threads: 2
Adding work to queue: ifpxyba
Adding work to queue: jtuxvmv
Pausing: active threads: 1
Adding work to queue: bjqgiru
Teardown: all threads stopped
Adding work to queue: jpdfubo
Adding work to queue: yrtbspy
Adding work to queue: rucznea
Adding work to queue: gyzxzgi
Adding work to queue: qvgbcxp
Adding work to queue: jadjgce
Adding work to queue: lcznwxl
Adding work to queue: dkrrrvv
Adding work to queue: djncdgr
Adding work to queue: zeprziq
Adding work to queue: gsjalyp
Adding work to queue: ucwdayi
Adding work to queue: qscjutc
Adding work to queue: tcfwszk
Adding work to queue: trdkbsq
Teardown: all threads stoppedAdding work to queue: rvqffmx

Run behaviours time:7964513
Adding work to queue: fuzyznh
Adding work to queue: orgeqas
[report]: Processing batch, queue size: 81
insert_overall_duration_ns : 7964513
[report]: insert_overall_operation_number : 573
Adding work to queue: jkivkew
[report]: insert_overall_throughputAdding work to queue: ddicsiv
 : Adding work to queue: haumuul
125556954.957572Adding work to queue: wnrqgds
