/mnt/nvme0/home/gxr/Myhash_boc/Hash_rt/build/hash_rt --num_threads_client=8 --num_threads_worker=1 --str_key_size=8 --str_value_size=100 --num_ops=1000 --first_mode=true --work_usec=0 --batch_size=32
Init time:1872018546
thread id: 1 get work duration:9890
thread id: 1 get work duration:270
thread id: 1 get work duration:490
thread id: 1 get work duration:450
thread id: 1 get work duration:390
thread id: 1 get work duration:160
thread id: 1 get work duration:110
thread id: 1 get work duration:110
thread id: 1 get work duration:120
thread id: 1 get work duration:110
thread id: 1 get work duration:110
thread id: 1 get work duration:130
thread id: 1 get work duration:110
thread id: 1 get work duration:120
thread id: 1 get work duration:140
thread id: 1 get work duration:110
thread id: 1 get work duration:140
thread id: 1 get work duration:120
thread id: 1 get work duration:120
thread id: 1 get work duration:110
thread id: 1 get work duration:130
thread id: 1 get work duration:110
thread id: 1 get work duration:110
thread id: 1 get work duration:130
thread id: 1 get work duration:140
thread id: 1 get work duration:110
thread id: 1 get work duration:130
thread id: 1 get work duration:110
thread id: 1 get work duration:130
thread id: 1 get work duration:160
thread id: 1 get work duration:710
thread id: 1 get work duration:1120
thread id: 1 get work duration:760
thread id: 1 get work duration:460
thread id: 1 get work duration:470
thread id: 1 get work duration:110
thread id: 1 get work duration:110
thread id: 1 get work duration:120
thread id: 1 get work duration:110
thread id: 1 get work duration:130
thread id: 1 get work duration:120
thread id: 1 get work duration:120
thread id: 1 get work duration:110
thread id: 1 get work duration:110
thread id: 1 get work duration:110
thread id: 1 get work duration:110
thread id: 1 get work duration:100
thread id: 1 get work duration:110
thread id: 1 get work duration:110
thread id: 1 get work duration:110
thread id: 1 get work duration:100
thread id: 1 get work duration:110
thread id: 1 get work duration:130
thread id: 1 get work duration:380
thread id: 1 get work duration:450
thread id: 1 get work duration:380
thread id: 1 get work duration:510
thread id: 1 get work duration:120
thread id: 1 get work duration:100
thread id: 1 get work duration:110
thread id: 1 get work duration:110
thread id: 1 get work duration:120
thread id: 1 get work duration:1040
thread id: 1 get work duration:760
thread id: 1 get work duration:730
thread id: 1 get work duration:410
thread id: 1 get work duration:420
thread id: 1 get work duration:110
thread id: 1 get work duration:110
thread id: 1 get work duration:100
thread id: 1 get work duration:110
thread id: 1 get work duration:110
thread id: 1 get work duration:120
thread id: 1 get work duration:110
thread id: 1 get work duration:430
thread id: 1 get work duration:100
thread id: 1 get work duration:110
thread id: 1 get work duration:130
thread id: 1 get work duration:130
thread id: 1 get work duration:110
thread id: 1 get work duration:110
thread id: 1 get work duration:120
thread id: 1 get work duration:130
thread id: 1 get work duration:110
thread id: 1 get work duration:110
thread id: 1 get work duration:110
thread id: 1 get work duration:100
thread id: 1 get work duration:100
thread id: 1 get work duration:110
thread id: 1 get work duration:100
thread id: 1 get work duration:140
thread id: 1 get work duration:110
thread id: 1 get work duration:110
thread id: 1 get work duration:110
thread id: 1 get work duration:720
thread id: 1 get work duration:1130
thread id: 1 get work duration:1050
thread id: 1 get work duration:430
thread id: 1 get work duration:460
thread id: 1 get work duration:100
thread id: 1 get work duration:110
thread id: 1 get work duration:110
thread id: 1 get work duration:110
thread id: 1 get work duration:140
thread id: 1 get work duration:110
thread id: 1 get work duration:110
thread id: 1 get work duration:110
thread id: 1 get work duration:120
thread id: 1 get work duration:120
thread id: 1 get work duration:110
thread id: 1 get work duration:110
thread id: 1 get work duration:120
thread id: 1 get work duration:110
thread id: 1 get work duration:110
thread id: 1 get work duration:110
thread id: 1 get work duration:110
thread id: 1 get work duration:120
thread id: 1 get work duration:100
thread id: 1 get work duration:110
thread id: 1 get work duration:130
thread id: 1 get work duration:100
thread id: 1 get work duration:110
thread id: 1 get work duration:100
thread id: 1 get work duration:140
thread id: 1 get work duration:110
thread id: 1 get work duration:120
thread id: 1 get work duration:1360
thread id: 1 get work duration:1060
thread id: 1 get work duration:750
thread id: 1 get work duration:480
thread id: 1 get work duration:430
thread id: 1 get work duration:430
thread id: 1 get work duration:370
thread id: 1 get work duration:510
thread id: 1 get work duration:460
thread id: 1 get work duration:440
thread id: 1 get work duration:390
thread id: 1 get work duration:400
thread id: 1 get work duration:430
thread id: 1 get work duration:430
thread id: 1 get work duration:400
thread id: 1 get work duration:400
thread id: 1 get work duration:440
thread id: 1 get work duration:110
thread id: 1 get work duration:130
thread id: 1 get work duration:110
thread id: 1 get work duration:110
thread id: 1 get work duration:110
thread id: 1 get work duration:120
thread id: 1 get work duration:110
thread id: 1 get work duration:110
thread id: 1 get work duration:110
thread id: 1 get work duration:400
thread id: 1 get work duration:420
thread id: 1 get work duration:420
thread id: 1 get work duration:120
thread id: 1 get work duration:110
thread id: 1 get work duration:130
thread id: 1 get work duration:700
thread id: 1 get work duration:720
thread id: 1 get work duration:1040
thread id: 1 get work duration:450
thread id: 1 get work duration:430
thread id: 1 get work duration:490
thread id: 1 get work duration:440
thread id: 1 get work duration:420
thread id: 1 get work duration:450
thread id: 1 get work duration:390
thread id: 1 get work duration:430
thread id: 1 get work duration:120
thread id: 1 get work duration:130
thread id: 1 get work duration:410
thread id: 1 get work duration:420
thread id: 1 get work duration:410
thread id: 1 get work duration:430
thread id: 1 get work duration:380
thread id: 1 get work duration:400
thread id: 1 get work duration:420
thread id: 1 get work duration:450
thread id: 1 get work duration:110
thread id: 1 get work duration:110
thread id: 1 get work duration:110
thread id: 1 get work duration:390
thread id: 1 get work duration:120
thread id: 1 get work duration:380
thread id: 1 get work duration:400
thread id: 1 get work duration:460
thread id: 1 get work duration:120
thread id: 1 get work duration:110
thread id: 1 get work duration:110
thread id: 1 get work duration:730
thread id: 1 get work duration:710
thread id: 1 get work duration:810
thread id: 1 get work duration:130
thread id: 1 get work duration:400
thread id: 1 get work duration:420
thread id: 1 get work duration:420
thread id: 1 get work duration:430
thread id: 1 get work duration:450
thread id: 1 get work duration:450
thread id: 1 get work duration:400
thread id: 1 get work duration:110
thread id: 1 get work duration:420
thread id: 1 get work duration:410
thread id: 1 get work duration:420
thread id: 1 get work duration:380
thread id: 1 get work duration:430
thread id: 1 get work duration:400
thread id: 1 get work duration:100
thread id: 1 get work duration:110
thread id: 1 get work duration:130
thread id: 1 get work duration:140
thread id: 1 get work duration:110
thread id: 1 get work duration:110
thread id: 1 get work duration:120
thread id: 1 get work duration:120
thread id: 1 get work duration:100
thread id: 1 get work duration:130
thread id: 1 get work duration:110
thread id: 1 get work duration:110
thread id: 1 get work duration:110
thread id: 1 get work duration:100
thread id: 1 get work duration:730
thread id: 1 get work duration:700
thread id: 1 get work duration:1080
thread id: 1 get work duration:120
thread id: 1 get work duration:450
thread id: 1 get work duration:470
thread id: 1 get work duration:100
thread id: 1 get work duration:120
thread id: 1 get work duration:110
thread id: 1 get work duration:120
thread id: 1 get work duration:120
thread id: 1 get work duration:110
thread id: 1 get work duration:120
thread id: 1 get work duration:100
thread id: 1 get work duration:110
thread id: 1 get work duration:130
thread id: 1 get work duration:110
thread id: 1 get work duration:130
thread id: 1 get work duration:120
thread id: 1 get work duration:120
thread id: 1 get work duration:120
thread id: 1 get work duration:130
thread id: 1 get work duration:110
thread id: 1 get work duration:120
thread id: 1 get work duration:110
thread id: 1 get work duration:100
thread id: 1 get work duration:120
thread id: 1 get work duration:100
thread id: 1 get work duration:110
thread id: 1 get work duration:120
thread id: 1 get work duration:130
thread id: 1 get work duration:110
thread id: 1 get work duration:1390
thread id: 1 get work duration:1180
thread id: 1 get work duration:1130
thread id: 1 get work duration:110
thread id: 1 get work duration:400
thread id: 1 get work duration:410
thread id: 1 get work duration:390
thread id: 1 get work duration:420
thread id: 1 get work duration:430
thread id: 1 get work duration:480
thread id: 1 get work duration:470
thread id: 1 get work duration:480
thread id: 1 get work duration:400
thread id: 1 get work duration:100
thread id: 1 get work duration:390
thread id: 1 get work duration:110
thread id: 1 get work duration:110
thread id: 1 get work duration:130
thread id: 1 get work duration:110
thread id: 1 get work duration:130
thread id: 1 get work duration:110
thread id: 1 get work duration:110
thread id: 1 get work duration:110
thread id: 1 get work duration:120
thread id: 1 get work duration:130
thread id: 1 get work duration:110
thread id: 1 get work duration:110
thread id: 1 get work duration:130
thread id: 1 get work duration:110
thread id: 1 get work duration:130
thread id: 1 get work duration:140
thread id: 1 get work duration:110
thread id: 1 get work duration:710
thread id: 1 get work duration:390
thread id: 1 get work duration:1060
thread id: 1 get work duration:120
thread id: 1 get work duration:530
thread id: 1 get work duration:450
thread id: 1 get work duration:440
thread id: 1 get work duration:110
thread id: 1 get work duration:110
thread id: 1 get work duration:120
thread id: 1 get work duration:110
thread id: 1 get work duration:110
thread id: 1 get work duration:110
thread id: 1 get work duration:130
thread id: 1 get work duration:100
thread id: 1 get work duration:110
thread id: 1 get work duration:110
thread id: 1 get work duration:120
thread id: 1 get work duration:110
thread id: 1 get work duration:110
thread id: 1 get work duration:110
thread id: 1 get work duration:110
thread id: 1 get work duration:440
thread id: 1 get work duration:120
thread id: 1 get work duration:110
thread id: 1 get work duration:120
thread id: 1 get work duration:110
thread id: 1 get work duration:110
thread id: 1 get work duration:110
thread id: 1 get work duration:120
thread id: 1 get work duration:130
thread id: 1 get work duration:110
thread id: 1 get work duration:820
thread id: 1 get work duration:720
thread id: 1 get work duration:1030
thread id: 1 get work duration:110
thread id: 1 get work duration:110
thread id: 1 get work duration:110
thread id: 1 get work duration:120
thread id: 1 get work duration:120
thread id: 1 get work duration:110
thread id: 1 get work duration:120
thread id: 1 get work duration:110
thread id: 1 get work duration:130
thread id: 1 get work duration:120
thread id: 1 get work duration:110
thread id: 1 get work duration:480
thread id: 1 get work duration:140
thread id: 1 get work duration:430
thread id: 1 get work duration:410
thread id: 1 get work duration:490
thread id: 1 get work duration:130
thread id: 1 get work duration:420
thread id: 1 get work duration:390
thread id: 1 get work duration:400
thread id: 1 get work duration:110
thread id: 1 get work duration:110
thread id: 1 get work duration:110
thread id: 1 get work duration:110
thread id: 1 get work duration:410
thread id: 1 get work duration:400
thread id: 1 get work duration:120
thread id: 1 get work duration:110
thread id: 1 get work duration:780
thread id: 1 get work duration:1000
thread id: 1 get work duration:1000
thread id: 1 get work duration:980
thread id: 1 get work duration:120
thread id: 1 get work duration:110
thread id: 1 get work duration:120
thread id: 1 get work duration:110
thread id: 1 get work duration:110
thread id: 1 get work duration:110
thread id: 1 get work duration:120
thread id: 1 get work duration:110
thread id: 1 get work duration:120
thread id: 1 get work duration:110
thread id: 1 get work duration:100
thread id: 1 get work duration:410
thread id: 1 get work duration:100
thread id: 1 get work duration:410
thread id: 1 get work duration:110
thread id: 1 get work duration:110
thread id: 1 get work duration:110
thread id: 1 get work duration:120
thread id: 1 get work duration:130
thread id: 1 get work duration:120
thread id: 1 get work duration:130
thread id: 1 get work duration:130
thread id: 1 get work duration:110
thread id: 1 get work duration:120
thread id: 1 get work duration:120
thread id: 1 get work duration:110
thread id: 1 get work duration:110
thread id: 1 get work duration:110
thread id: 1 get work duration:110
thread id: 1 get work duration:750
thread id: 1 get work duration:710
thread id: 1 get work duration:1030
thread id: 1 get work duration:110
thread id: 1 get work duration:130
thread id: 1 get work duration:100
thread id: 1 get work duration:110
thread id: 1 get work duration:110
thread id: 1 get work duration:120
thread id: 1 get work duration:130
thread id: 1 get work duration:120
thread id: 1 get work duration:110
thread id: 1 get work duration:110
thread id: 1 get work duration:110
thread id: 1 get work duration:420
thread id: 1 get work duration:400
thread id: 1 get work duration:400
thread id: 1 get work duration:110
thread id: 1 get work duration:110
thread id: 1 get work duration:130
thread id: 1 get work duration:100
thread id: 1 get work duration:130
thread id: 1 get work duration:130
thread id: 1 get work duration:100
thread id: 1 get work duration:120
thread id: 1 get work duration:130
thread id: 1 get work duration:100
thread id: 1 get work duration:120
thread id: 1 get work duration:140
thread id: 1 get work duration:120
thread id: 1 get work duration:100
thread id: 1 get work duration:780
thread id: 1 get work duration:1040
thread id: 1 get work duration:1050
thread id: 1 get work duration:990
thread id: 1 get work duration:100
thread id: 1 get work duration:110
thread id: 1 get work duration:100
thread id: 1 get work duration:110
thread id: 1 get work duration:110
thread id: 1 get work duration:150
thread id: 1 get work duration:120
thread id: 1 get work duration:110
thread id: 1 get work duration:110
thread id: 1 get work duration:110
thread id: 1 get work duration:110
thread id: 1 get work duration:380
thread id: 1 get work duration:120
thread id: 1 get work duration:390
thread id: 1 get work duration:400
thread id: 1 get work duration:120
thread id: 1 get work duration:130
thread id: 1 get work duration:150
thread id: 1 get work duration:110
thread id: 1 get work duration:110
thread id: 1 get work duration:130
thread id: 1 get work duration:100
thread id: 1 get work duration:100
thread id: 1 get work duration:120
thread id: 1 get work duration:110
thread id: 1 get work duration:110
thread id: 1 get work duration:120
thread id: 1 get work duration:100
thread id: 1 get work duration:760
thread id: 1 get work duration:1020
thread id: 1 get work duration:990
thread id: 1 get work duration:1070
thread id: 1 get work duration:110
thread id: 1 get work duration:110
thread id: 1 get work duration:120
thread id: 1 get work duration:110
thread id: 1 get work duration:110
thread id: 1 get work duration:110
thread id: 1 get work duration:110
thread id: 1 get work duration:130
thread id: 1 get work duration:110
thread id: 1 get work duration:120
thread id: 1 get work duration:110
thread id: 1 get work duration:390
thread id: 1 get work duration:420
thread id: 1 get work duration:390
thread id: 1 get work duration:110
thread id: 1 get work duration:110
thread id: 1 get work duration:110
thread id: 1 get work duration:120
thread id: 1 get work duration:110
thread id: 1 get work duration:130
thread id: 1 get work duration:110
thread id: 1 get work duration:120
thread id: 1 get work duration:110
thread id: 1 get work duration:130
thread id: 1 get work duration:120
thread id: 1 get work duration:110
thread id: 1 get work duration:110
thread id: 1 get work duration:120
thread id: 1 get work duration:730
thread id: 1 get work duration:990
thread id: 1 get work duration:1000
thread id: 1 get work duration:1020
thread id: 1 get work duration:130
thread id: 1 get work duration:110
thread id: 1 get work duration:140
thread id: 1 get work duration:130
thread id: 1 get work duration:120
thread id: 1 get work duration:100
thread id: 1 get work duration:120
thread id: 1 get work duration:130
thread id: 1 get work duration:110
thread id: 1 get work duration:100
thread id: 1 get work duration:130
thread id: 1 get work duration:440
thread id: 1 get work duration:120
thread id: 1 get work duration:420
thread id: 1 get work duration:130
thread id: 1 get work duration:140
thread id: 1 get work duration:120
thread id: 1 get work duration:110
thread id: 1 get work duration:120
thread id: 1 get work duration:110
thread id: 1 get work duration:100
thread id: 1 get work duration:110
thread id: 1 get work duration:100
thread id: 1 get work duration:120
thread id: 1 get work duration:110
thread id: 1 get work duration:120
thread id: 1 get work duration:110
thread id: 1 get work duration:110
thread id: 1 get work duration:840
thread id: 1 get work duration:1090
thread id: 1 get work duration:1000
thread id: 1 get work duration:980
thread id: 1 get work duration:110
thread id: 1 get work duration:140
thread id: 1 get work duration:110
thread id: 1 get work duration:110
thread id: 1 get work duration:110
thread id: 1 get work duration:110
thread id: 1 get work duration:110
thread id: 1 get work duration:110
thread id: 1 get work duration:110
thread id: 1 get work duration:110
thread id: 1 get work duration:110
thread id: 1 get work duration:110
thread id: 1 get work duration:120
thread id: 1 get work duration:110
thread id: 1 get work duration:130
thread id: 1 get work duration:110
thread id: 1 get work duration:110
thread id: 1 get work duration:100
thread id: 1 get work duration:110
thread id: 1 get work duration:440
thread id: 1 get work duration:100
thread id: 1 get work duration:390
thread id: 1 get work duration:130
thread id: 1 get work duration:100
thread id: 1 get work duration:120
thread id: 1 get work duration:110
thread id: 1 get work duration:110
thread id: 1 get work duration:110
thread id: 1 get work duration:100
thread id: 1 get work duration:1070
thread id: 1 get work duration:990
thread id: 1 get work duration:980
thread id: 1 get work duration:110
thread id: 1 get work duration:110
thread id: 1 get work duration:130
thread id: 1 get work duration:120
thread id: 1 get work duration:110
thread id: 1 get work duration:120
thread id: 1 get work duration:130
thread id: 1 get work duration:120
thread id: 1 get work duration:110
thread id: 1 get work duration:120
thread id: 1 get work duration:150
thread id: 1 get work duration:130
thread id: 1 get work duration:100
thread id: 1 get work duration:110
thread id: 1 get work duration:110
thread id: 1 get work duration:110
thread id: 1 get work duration:120
thread id: 1 get work duration:100
thread id: 1 get work duration:120
thread id: 1 get work duration:380
thread id: 1 get work duration:130
thread id: 1 get work duration:380
thread id: 1 get work duration:110
thread id: 1 get work duration:110
thread id: 1 get work duration:120
thread id: 1 get work duration:110
thread id: 1 get work duration:130
thread id: 1 get work duration:110
thread id: 1 get work duration:120
thread id: 1 get work duration:710
thread id: 1 get work duration:410
thread id: 1 get work duration:1010
thread id: 1 get work duration:110
thread id: 1 get work duration:110
thread id: 1 get work duration:100
thread id: 1 get work duration:100
thread id: 1 get work duration:130
thread id: 1 get work duration:110
thread id: 1 get work duration:130
thread id: 1 get work duration:110
thread id: 1 get work duration:110
thread id: 1 get work duration:110
thread id: 1 get work duration:120
thread id: 1 get work duration:120
thread id: 1 get work duration:130
thread id: 1 get work duration:110
thread id: 1 get work duration:110
thread id: 1 get work duration:110
thread id: 1 get work duration:110
thread id: 1 get work duration:110
thread id: 1 get work duration:110
thread id: 1 get work duration:390
thread id: 1 get work duration:390
thread id: 1 get work duration:410
thread id: 1 get work duration:120
thread id: 1 get work duration:140
thread id: 1 get work duration:110
thread id: 1 get work duration:120
thread id: 1 get work duration:110
thread id: 1 get work duration:110
thread id: 1 get work duration:470
thread id: 1 get work duration:710
thread id: 1 get work duration:1080
thread id: 1 get work duration:1070
thread id: 1 get work duration:110
thread id: 1 get work duration:110
thread id: 1 get work duration:100
thread id: 1 get work duration:110
thread id: 1 get work duration:100
thread id: 1 get work duration:120
thread id: 1 get work duration:110
thread id: 1 get work duration:110
thread id: 1 get work duration:100
thread id: 1 get work duration:110
thread id: 1 get work duration:110
thread id: 1 get work duration:110
thread id: 1 get work duration:110
thread id: 1 get work duration:110
thread id: 1 get work duration:110
thread id: 1 get work duration:120
thread id: 1 get work duration:100
thread id: 1 get work duration:110
thread id: 1 get work duration:120
thread id: 1 get work duration:380
thread id: 1 get work duration:110
thread id: 1 get work duration:390
thread id: 1 get work duration:100
thread id: 1 get work duration:110
thread id: 1 get work duration:110
thread id: 1 get work duration:100
thread id: 1 get work duration:110
thread id: 1 get work duration:110
thread id: 1 get work duration:700
thread id: 1 get work duration:1000
thread id: 1 get work duration:1020
thread id: 1 get work duration:720
thread id: 1 get work duration:420
thread id: 1 get work duration:100
thread id: 1 get work duration:390
thread id: 1 get work duration:110
thread id: 1 get work duration:100
thread id: 1 get work duration:110
thread id: 1 get work duration:110
thread id: 1 get work duration:100
thread id: 1 get work duration:140
thread id: 1 get work duration:110
thread id: 1 get work duration:400
thread id: 1 get work duration:420
thread id: 1 get work duration:110
thread id: 1 get work duration:130
thread id: 1 get work duration:100
thread id: 1 get work duration:120
thread id: 1 get work duration:110
thread id: 1 get work duration:120
thread id: 1 get work duration:120
thread id: 1 get work duration:370
thread id: 1 get work duration:120
thread id: 1 get work duration:410
thread id: 1 get work duration:120
thread id: 1 get work duration:110
thread id: 1 get work duration:110
thread id: 1 get work duration:100
thread id: 1 get work duration:110
thread id: 1 get work duration:120
thread id: 1 get work duration:110
thread id: 1 get work duration:710
thread id: 1 get work duration:1020
thread id: 1 get work duration:990
thread id: 1 get work duration:110
thread id: 1 get work duration:420
thread id: 1 get work duration:120
thread id: 1 get work duration:390
thread id: 1 get work duration:390
thread id: 1 get work duration:400
thread id: 1 get work duration:110
thread id: 1 get work duration:400
thread id: 1 get work duration:100
thread id: 1 get work duration:410
thread id: 1 get work duration:110
thread id: 1 get work duration:390
thread id: 1 get work duration:100
thread id: 1 get work duration:400
thread id: 1 get work duration:100
thread id: 1 get work duration:110
thread id: 1 get work duration:100
thread id: 1 get work duration:140
thread id: 1 get work duration:120
thread id: 1 get work duration:390
thread id: 1 get work duration:150
thread id: 1 get work duration:110
thread id: 1 get work duration:400
thread id: 1 get work duration:120
thread id: 1 get work duration:400
thread id: 1 get work duration:410
thread id: 1 get work duration:420
thread id: 1 get work duration:130
thread id: 1 get work duration:720
thread id: 1 get work duration:420
thread id: 1 get work duration:1020
thread id: 1 get work duration:1020
thread id: 1 get work duration:390
thread id: 1 get work duration:420
thread id: 1 get work duration:390
thread id: 1 get work duration:120
thread id: 1 get work duration:100
thread id: 1 get work duration:100
thread id: 1 get work duration:420
thread id: 1 get work duration:410
thread id: 1 get work duration:410
thread id: 1 get work duration:420
thread id: 1 get work duration:390
thread id: 1 get work duration:100
thread id: 1 get work duration:120
thread id: 1 get work duration:120
thread id: 1 get work duration:110
thread id: 1 get work duration:110
thread id: 1 get work duration:120
thread id: 1 get work duration:100
thread id: 1 get work duration:120
thread id: 1 get work duration:130
thread id: 1 get work duration:460
thread id: 1 get work duration:130
thread id: 1 get work duration:380
thread id: 1 get work duration:420
thread id: 1 get work duration:120
thread id: 1 get work duration:110
thread id: 1 get work duration:120
thread id: 1 get work duration:120
thread id: 1 get work duration:130
thread id: 1 get work duration:980
thread id: 1 get work duration:1370
thread id: 1 get work duration:1010
thread id: 1 get work duration:390
thread id: 1 get work duration:400
thread id: 1 get work duration:400
thread id: 1 get work duration:100
thread id: 1 get work duration:380
thread id: 1 get work duration:380
thread id: 1 get work duration:380
thread id: 1 get work duration:110
thread id: 1 get work duration:380
thread id: 1 get work duration:110
thread id: 1 get work duration:410
thread id: 1 get work duration:120
thread id: 1 get work duration:110
thread id: 1 get work duration:110
thread id: 1 get work duration:410
thread id: 1 get work duration:430
thread id: 1 get work duration:380
thread id: 1 get work duration:370
thread id: 1 get work duration:400
thread id: 1 get work duration:110
thread id: 1 get work duration:110
thread id: 1 get work duration:420
thread id: 1 get work duration:110
thread id: 1 get work duration:390
thread id: 1 get work duration:400
thread id: 1 get work duration:440
thread id: 1 get work duration:410
thread id: 1 get work duration:420
thread id: 1 get work duration:120
thread id: 1 get work duration:420
thread id: 1 get work duration:1360
thread id: 1 get work duration:1030
thread id: 1 get work duration:380
thread id: 1 get work duration:380
thread id: 1 get work duration:390
thread id: 1 get work duration:110
thread id: 1 get work duration:110
thread id: 1 get work duration:110
thread id: 1 get work duration:380
thread id: 1 get work duration:380
thread id: 1 get work duration:450
thread id: 1 get work duration:410
thread id: 1 get work duration:390
thread id: 1 get work duration:390
thread id: 1 get work duration:370
thread id: 1 get work duration:100
thread id: 1 get work duration:100
thread id: 1 get work duration:130
thread id: 1 get work duration:120
thread id: 1 get work duration:130
thread id: 1 get work duration:110
thread id: 1 get work duration:130
thread id: 1 get work duration:100
thread id: 1 get work duration:110
thread id: 1 get work duration:110
thread id: 1 get work duration:400
thread id: 1 get work duration:400
thread id: 1 get work duration:130
thread id: 1 get work duration:120
thread id: 1 get work duration:110
thread id: 1 get work duration:110
thread id: 1 get work duration:720
thread id: 1 get work duration:720
thread id: 1 get work duration:990
thread id: 1 get work duration:120
thread id: 1 get work duration:100
thread id: 1 get work duration:370
thread id: 1 get work duration:390
thread id: 1 get work duration:410
thread id: 1 get work duration:120
thread id: 1 get work duration:110
thread id: 1 get work duration:100
thread id: 1 get work duration:420
thread id: 1 get work duration:410
thread id: 1 get work duration:390
thread id: 1 get work duration:390
thread id: 1 get work duration:380
thread id: 1 get work duration:380
thread id: 1 get work duration:390
thread id: 1 get work duration:110
thread id: 1 get work duration:110
thread id: 1 get work duration:110
thread id: 1 get work duration:390
thread id: 1 get work duration:110
thread id: 1 get work duration:110
thread id: 1 get work duration:100
thread id: 1 get work duration:120
thread id: 1 get work duration:380
thread id: 1 get work duration:420
thread id: 1 get work duration:370
thread id: 1 get work duration:380
thread id: 1 get work duration:410
thread id: 1 get work duration:700
thread id: 1 get work duration:1010
thread id: 1 get work duration:1020
thread id: 1 get work duration:700
thread id: 1 get work duration:380
thread id: 1 get work duration:380
thread id: 1 get work duration:100
thread id: 1 get work duration:110
thread id: 1 get work duration:110
thread id: 1 get work duration:100
thread id: 1 get work duration:110
thread id: 1 get work duration:150
thread id: 1 get work duration:120
thread id: 1 get work duration:110
thread id: 1 get work duration:120
thread id: 1 get work duration:410
thread id: 1 get work duration:110
thread id: 1 get work duration:130
thread id: 1 get work duration:410
thread id: 1 get work duration:400
thread id: 1 get work duration:400
thread id: 1 get work duration:120
thread id: 1 get work duration:100
thread id: 1 get work duration:120
thread id: 1 get work duration:140
thread id: 1 get work duration:140
thread id: 1 get work duration:110
thread id: 1 get work duration:110
thread id: 1 get work duration:110
thread id: 1 get work duration:120
thread id: 1 get work duration:390
thread id: 1 get work duration:120
thread id: 1 get work duration:710
thread id: 1 get work duration:140
thread id: 1 get work duration:720
thread id: 1 get work duration:1000
thread id: 1 get work duration:100
thread id: 1 get work duration:110
thread id: 1 get work duration:120
thread id: 1 get work duration:110
thread id: 1 get work duration:440
thread id: 1 get work duration:380
thread id: 1 get work duration:410
thread id: 1 get work duration:400
thread id: 1 get work duration:390
thread id: 1 get work duration:120
thread id: 1 get work duration:120
thread id: 1 get work duration:110
thread id: 1 get work duration:450
thread id: 1 get work duration:110
thread id: 1 get work duration:420
thread id: 1 get work duration:430
thread id: 1 get work duration:400
thread id: 1 get work duration:430
thread id: 1 get work duration:380
thread id: 1 get work duration:400
thread id: 1 get work duration:110
thread id: 1 get work duration:410
thread id: 1 get work duration:110
thread id: 1 get work duration:430
thread id: 1 get work duration:400
thread id: 1 get work duration:400
thread id: 1 get work duration:100
thread id: 1 get work duration:110
thread id: 1 get work duration:140
thread id: 1 get work duration:770
thread id: 1 get work duration:1070
thread id: 1 get work duration:1010
thread id: 1 get work duration:110
thread id: 1 get work duration:460
thread id: 1 get work duration:410
thread id: 1 get work duration:400
thread id: 1 get work duration:390
thread id: 1 get work duration:110
thread id: 1 get work duration:130
thread id: 1 get work duration:110
thread id: 1 get work duration:110
thread id: 1 get work duration:110
thread id: 1 get work duration:120
thread id: 1 get work duration:120
thread id: 1 get work duration:370
thread id: 1 get work duration:140
thread id: 1 get work duration:410
thread id: 1 get work duration:420
thread id: 1 get work duration:450
thread id: 1 get work duration:100
thread id: 1 get work duration:100
thread id: 1 get work duration:110
thread id: 1 get work duration:110
thread id: 1 get work duration:120
thread id: 1 get work duration:390
thread id: 1 get work duration:120
thread id: 1 get work duration:420
thread id: 1 get work duration:410
thread id: 1 get work duration:380
thread id: 1 get work duration:100
thread id: 1 get work duration:120
thread id: 1 get work duration:770
thread id: 1 get work duration:1000
thread id: 1 get work duration:720
thread id: 1 get work duration:430
thread id: 1 get work duration:450
thread id: 1 get work duration:460
thread id: 1 get work duration:410
thread id: 1 get work duration:430
thread id: 1 get work duration:410
thread id: 1 get work duration:420
thread id: 1 get work duration:390
thread id: 1 get work duration:380
thread id: 1 get work duration:410
thread id: 1 get work duration:440
thread id: 1 get work duration:100
thread id: 1 get work duration:100
thread id: 1 get work duration:380
thread id: 1 get work duration:420
thread id: 1 get work duration:430
thread id: 1 get work duration:400
thread id: 1 get work duration:100
thread id: 1 get work duration:110
thread id: 1 get work duration:100
thread id: 1 get work duration:110
thread id: 1 get work duration:110
thread id: 1 get work duration:400
thread id: 1 get work duration:410
thread id: 1 get work duration:400
thread id: 1 get work duration:380
thread id: 1 get work duration:410
thread id: 1 get work duration:490
thread id: 1 get work duration:410
thread id: 1 get work duration:670
thread id: 1 get work duration:730
thread id: 1 get work duration:720
thread id: 1 get work duration:110
thread id: 1 get work duration:110
thread id: 1 get work duration:390
thread id: 1 get work duration:120
thread id: 1 get work duration:420
thread id: 1 get work duration:400
thread id: 1 get work duration:390
thread id: 1 get work duration:100
thread id: 1 get work duration:100
thread id: 1 get work duration:110
thread id: 1 get work duration:110
thread id: 1 get work duration:110
thread id: 1 get work duration:390
thread id: 1 get work duration:110
thread id: 1 get work duration:110
thread id: 1 get work duration:110
thread id: 1 get work duration:390
thread id: 1 get work duration:400
thread id: 1 get work duration:390
thread id: 1 get work duration:370
thread id: 1 get work duration:420
thread id: 1 get work duration:410
thread id: 1 get work duration:390
thread id: 1 get work duration:110
thread id: 1 get work duration:110
thread id: 1 get work duration:450
thread id: 1 get work duration:390
thread id: 1 get work duration:110
thread id: 1 get work duration:120
thread id: 1 get work duration:700
thread id: 1 get work duration:730
thread id: 1 get work duration:710
scheduler loop time: thread id: 1 get work duration:110
12440164thread id: 1 get work duration:
100
thread id: 1 get work duration:110
thread id: 1 get work duration:420
thread id: 1 get work duration:430
thread id: 1 get work duration:450
thread id: 1 get work duration:110
thread id: 1 get work duration:110
thread id: 1 get work duration:110
thread id: 1 get work duration:120
thread id: 1 get work duration:110
thread id: 1 get work duration:120
thread id: 1 get work duration:120
thread id: 1 get work duration:400
thread id: 1 get work duration:450
thread id: 1 get work duration:390
thread id: 1 get work duration:370
thread id: 1 get work duration:440
thread id: 1 get work duration:120
thread id: 1 get work duration:120
thread id: 1 get work duration:110
thread id: 1 get work duration:120
thread id: 1 get work duration:110
thread id: 1 get work duration:100
thread id: 1 get work duration:120
thread id: 1 get work duration:120
thread id: 1 get work duration:380
thread id: 1 get work duration:430
thread id: 1 get work duration:410
thread id: 1 get work duration:100
thread id: 1 get work duration:320
