/users/Xuran/hash_rt/build/hash_rt --num_threads=22 --str_key_size=8 --str_value_size=100 --num_ops=5000000 --first_mode=true --work_usec=0 --batch_size=80
Harness starting.
 /users/Xuran/hash_rt/build/hash_rt --num_threads=22 --str_key_size=8 --str_value_size=100 --num_ops=5000000 --first_mode=true --work_usec=0 --batch_size=80 --seed 495931130
Init time:2360283156
Scheduler cores: 13
External thread 0 is running on core 13
External thread 1 is running on core 14
External thread 2 is running on core 15
External thread 3 is running on core 16
External thread 4 is running on core 17
External thread 5 is running on core 18
External thread 6 is running on core 19
External thread 7 is running on core 20
External thread 8 is running on core 21
Total scheduler time:5406444339
Pausing: active threads: 13
Pausing: active threads: 12
Pausing: active threads: 11
Pausing: active threads: 10
Pausing: active threads: 9
Pausing: active threads: 8
Pausing: active threads: 7
Pausing: active threads: 6
Pausing: active threads: 5
Pausing: active threads: 4
Pausing: active threads: 3
Pausing: active threads: 2
Pausing: active threads: 1
Teardown: all threads stopped
[report]: insert_run_time_ns : 1066454942
[report]: scheduler_total_when_schedules : 5000000
[report]: scheduler_total_when_time_ns : 4813401751
Teardown: all threads stopped
[report]: insert_overall_operation_number : 4836244
[report]: insert_overall_throughput : 4534878.886613
[report]: scheduler_avg_when_time_ns : 962.680350
[report]: insert_avg_insert_time_ns : 220.000000
/users/Xuran/hash_rt/build/hash_rt --num_threads=23 --str_key_size=8 --str_value_size=100 --num_ops=5000000 --first_mode=true --work_usec=0 --batch_size=80
Harness starting.
 /users/Xuran/hash_rt/build/hash_rt --num_threads=23 --str_key_size=8 --str_value_size=100 --num_ops=5000000 --first_mode=true --work_usec=0 --batch_size=80 --seed 2828380766
Init time:2355119056
Scheduler cores: 14
External thread 0 is running on core 14
External thread 1 is running on core 15
External thread 2 is running on core 16
External thread 3 is running on core 17
External thread 4 is running on core 18
External thread 5 is running on core 19
External thread 6 is running on core 20
External thread 7 is running on core 21
External thread 8 is running on core 22
Total scheduler time:5446111983
Pausing: active threads: 14
Pausing: active threads: 13
Pausing: active threads: 12
Pausing: active threads: 11
Pausing: active threads: 10
Pausing: active threads: 9
Pausing: active threads: 8
Pausing: active threads: 7
Pausing: active threads: 6
Pausing: active threads: 5
Pausing: active threads: 4
Pausing: active threads: 3
Pausing: active threads: 2
Pausing: active threads: 1
Teardown: all threads stopped
[report]: insert_run_time_ns : 1028936110
[report]: scheduler_total_when_schedules : 5000000
[report]: scheduler_total_when_time_ns : 4824288612
Teardown: all threads stopped
[report]: insert_overall_operation_number : 4835926
[report]: insert_overall_throughput : 4699928.356096
[report]: scheduler_avg_when_time_ns : 964.857722
[report]: insert_avg_insert_time_ns : 212.000000
