/users/Xuran/hash_rt/build/hash_rt --num_threads=16 --str_key_size=8 --str_value_size=100 --num_ops=5000000 --first_mode=true --work_usec=0 --batch_size=80
Harness starting.
 /users/Xuran/hash_rt/build/hash_rt --num_threads=16 --str_key_size=8 --str_value_size=100 --num_ops=5000000 --first_mode=true --work_usec=0 --batch_size=80 --seed 1639532916
Init time:2363512092
Scheduler cores: 7
External thread 0 is running on core 7
External thread 1 is running on core 8
External thread 2 is running on core 9
External thread 3 is running on core 10
External thread 4 is running on core 11
External thread 5 is running on core 12
External thread 6 is running on core 13
External thread 7 is running on core 14
External thread 8 is running on core 15
Total scheduler time:3568115757
Pausing: active threads: 7
Pausing: active threads: 6
Pausing: active threads: 5
Pausing: active threads: 4
Pausing: active threads: 3
Pausing: active threads: 2
Pausing: active threads: 1
Teardown: all threads stopped
[report]: insert_run_time_ns : 975970546
[report]: scheduler_total_when_schedules : 5000000
[report]: scheduler_total_when_time_ns : 2890873965
Teardown: all threads stopped
[report]: insert_overall_operation_number : 4836710
[report]: insert_overall_throughput : 4955795.049167
[report]: scheduler_avg_when_time_ns : 578.174793
[report]: insert_avg_insert_time_ns : 201.000000
/users/Xuran/hash_rt/build/hash_rt --num_threads=17 --str_key_size=8 --str_value_size=100 --num_ops=5000000 --first_mode=true --work_usec=0 --batch_size=80
Harness starting.
 /users/Xuran/hash_rt/build/hash_rt --num_threads=17 --str_key_size=8 --str_value_size=100 --num_ops=5000000 --first_mode=true --work_usec=0 --batch_size=80 --seed 3660543324
Init time:2344072729
Scheduler cores: 8
External thread 0 is running on core 8
External thread 1 is running on core 9
External thread 2 is running on core 10
External thread 3 is running on core 11
External thread 4 is running on core 12
External thread 5 is running on core 13
External thread External thread 6 is running on core 14
7 is running on core 15
External thread 8 is running on core 16
Total scheduler time:3562841332
Pausing: active threads: 8
Pausing: active threads: 7
Pausing: active threads: 6
Pausing: active threads: 5
Pausing: active threads: 4
Pausing: active threads: 3
Pausing: active threads: 2
Pausing: active threads: 1
Teardown: all threads stopped
[report]: insert_run_time_ns : 939342953
[report]: scheduler_total_when_schedules : 5000000
[report]: scheduler_total_when_time_ns : 2909713630
Teardown: all threads stopped
[report]: insert_overall_operation_number : 4835564
[report]: insert_overall_throughput : 5147815.272959
[report]: scheduler_avg_when_time_ns : 581.942726
[report]: insert_avg_insert_time_ns : 194.000000
