/users/Xuran/hash_rt/build/hash_rt --num_threads=12 --str_key_size=8 --str_value_size=100 --num_ops=5000000 --first_mode=true --work_usec=0 --batch_size=80
Harness starting.
 /users/Xuran/hash_rt/build/hash_rt --num_threads=12 --str_key_size=8 --str_value_size=100 --num_ops=5000000 --first_mode=true --work_usec=0 --batch_size=80 --seed 57628314
Init time:2333797586
Scheduler cores: 3
External thread 0 is running on core 3
External thread 1 is running on core 4
External thread 3 is running on core 6
External thread 4 is running on core 7
External thread 5 is running on core 8
External thread 6 is running on core 9
External thread 7 is running on core 10
External thread 2 is running on core 5
External thread 8 is running on core 11
Total scheduler time:3222209292
Pausing: active threads: 3
Pausing: active threads: 2
Pausing: active threads: 1
Teardown: all threads stopped
[report]: insert_run_time_ns : 1421349373
[report]: scheduler_total_when_schedules : 5000000
[report]: scheduler_total_when_time_ns : 2824986961
Teardown: all threads stopped
[report]: insert_overall_operation_number : 4836155
[report]: insert_overall_throughput : 3402509.679793
[report]: scheduler_avg_when_time_ns : 564.997392
[report]: insert_avg_insert_time_ns : 293.000000
/users/Xuran/hash_rt/build/hash_rt --num_threads=13 --str_key_size=8 --str_value_size=100 --num_ops=5000000 --first_mode=true --work_usec=0 --batch_size=80
Harness starting.
 /users/Xuran/hash_rt/build/hash_rt --num_threads=13 --str_key_size=8 --str_value_size=100 --num_ops=5000000 --first_mode=true --work_usec=0 --batch_size=80 --seed 2755482142
Init time:2354873827
Scheduler cores: 4
External thread 0 is running on core 4
External thread 1 is running on core 5
External thread 3 is running on core 7
External thread 4 is running on core 8
External thread 5 is running on core 9
External thread 6 is running on core 10
External thread 7 is running on core 11
External thread 2 is running on core 6
External thread 8 is running on core 12
Total scheduler time:3492569221
Pausing: active threads: 4
Pausing: active threads: 3
Pausing: active threads: 2
Pausing: active threads: 1
Teardown: all threads stopped
[report]: insert_run_time_ns : 1176816339
[report]: scheduler_total_when_schedules : 5000000
[report]: scheduler_total_when_time_ns : 2808051494
Teardown: all threads stopped
[report]: insert_overall_operation_number : 4835937
[report]: insert_overall_throughput : 4109338.764033
[report]: scheduler_avg_when_time_ns : 561.610299
[report]: insert_avg_insert_time_ns : 243.000000
