/users/Xuran/hash_rt/build/hash_rt --num_threads=8 --str_key_size=8 --str_value_size=100 --num_ops=1000000 --first_mode=true --work_usec=0
Harness starting.
 /users/Xuran/hash_rt/build/hash_rt --num_threads=8 --str_key_size=8 --str_value_size=100 --num_ops=1000000 --first_mode=true --work_usec=0 --seed 2475555860
Init time:906436613
Scheduler cores: 4
Pending when ops: 0, Queue size: 6
Processing batch, queue size: 7
Pending when ops: 0, Queue size: 89
Processing batch, queue size: 92
Pending when ops: 0, Queue size: 131
Processing batch, queue size: 133
Pending when ops: 0, Queue size: 268
Processing batch, queue size: 270
Pending when ops: 0, Queue size: 547
Processing batch, queue size: 550
Pending when ops: 0, Queue size: 1058
Processing batch, queue size: 1060
Pending when ops: 0, Queue size: 2048
Processing batch, queue size: 2060
Pending when ops: 0, Queue size: 3175
Processing batch, queue size: 3175
Pending when ops: 0, Queue size: 4096
Processing batch, queue size: 4118
Pending when ops: 0, Queue size: 5308
Processing batch, queue size: 5309
Pending when ops: 0, Queue size: 6430
Processing batch, queue size: 6431
Pending when ops: 0, Queue size: 7559
Processing batch, queue size: 7560
Pending when ops: 0, Queue size: 8192
Processing batch, queue size: 8204
Pending when ops: 0, Queue size: 9264
Processing batch, queue size: 9266
Pending when ops: 0, Queue size: 10420
Processing batch, queue size: 10424
Pending when ops: 0, Queue size: 11538
Processing batch, queue size: 11540
Pending when ops: 0, Queue size: 12640
Processing batch, queue size: 12641
Pending when ops: 0, Queue size: 13768
Processing batch, queue size: 13770
Pending when ops: 0, Queue size: 14846
Processing batch, queue size: 14847
Pending when ops: 0, Queue size: 15953
Processing batch, queue size: 15956
Pending when ops: 0, Queue size: 16384
Processing batch, queue size: 16420
Pending when ops: 0, Queue size: 17462
Processing batch, queue size: 17465
Pending when ops: 0, Queue size: 18512
Processing batch, queue size: 18513
Pending when ops: 0, Queue size: 19648
Processing batch, queue size: 19650
Pending when ops: 0, Queue size: 20771
Processing batch, queue size: 20773
Pending when ops: 0, Queue size: 21863
Processing batch, queue size: 21865
Pending when ops: 0, Queue size: 22975
Processing batch, queue size: 22982
Pending when ops: 0, Queue size: 24030
Processing batch, queue size: 24036
Pending when ops: 0, Queue size: 25135
Processing batch, queue size: 25137
Pending when ops: 0, Queue size: 26230
Processing batch, queue size: 26233
Pending when ops: 0, Queue size: 27280
Processing batch, queue size: 27281
Pending when ops: 0, Queue size: 28364
Processing batch, queue size: 28364
Pending when ops: 0, Queue size: 29443
Processing batch, queue size: 29446
Pending when ops: 0, Queue size: 30468
Processing batch, queue size: 30470
Pending when ops: 0, Queue size: 31512
Processing batch, queue size: 31514
Pending when ops: 0, Queue size: 32640
Processing batch, queue size: 32643
Pending when ops: 0, Queue size: 32768
Processing batch, queue size: 32810
Pending when ops: 0, Queue size: 33873
Processing batch, queue size: 33873
Pending when ops: 0, Queue size: 34914
Processing batch, queue size: 34916
Pending when ops: 0, Queue size: 36009
Processing batch, queue size: 36014
Pending when ops: 0, Queue size: 37059
Processing batch, queue size: 37062
Pending when ops: 0, Queue size: 38117
Processing batch, queue size: 38120
Pending when ops: 0, Queue size: 39274
Processing batch, queue size: 39277
Pending when ops: 0, Queue size: 40401
Processing batch, queue size: 40404
Pending when ops: 0, Queue size: 41500
Processing batch, queue size: 41503
Pending when ops: 0, Queue size: 42552
Processing batch, queue size: 42554
Pending when ops: 0, Queue size: 43592
Processing batch, queue size: 43595
Pending when ops: 0, Queue size: 44659
Processing batch, queue size: 44661
Pending when ops: 0, Queue size: 45745
Processing batch, queue size: 45746
Pending when ops: 0, Queue size: 46798
Processing batch, queue size: 46798
Pending when ops: 0, Queue size: 47899
Processing batch, queue size: 47903
Pending when ops: 0, Queue size: 49024
Processing batch, queue size: 49025
Pending when ops: 0, Queue size: 50129
Processing batch, queue size: 50130
Pending when ops: 0, Queue size: 51135
Processing batch, queue size: 51146
Pending when ops: 0, Queue size: 52245
Processing batch, queue size: 52247
Pending when ops: 0, Queue size: 53320
Processing batch, queue size: 53323
Pending when ops: 0, Queue size: 54424
Processing batch, queue size: 54426
Pending when ops: 0, Queue size: 55541
Processing batch, queue size: 55543
Pending when ops: 0, Queue size: 56640
Processing batch, queue size: 56641
Pending when ops: 0, Queue size: 57729
Processing batch, queue size: 57730
Pending when ops: 0, Queue size: 58770
Processing batch, queue size: 58772
Pending when ops: 0, Queue size: 59839
Processing batch, queue size: 59840
Pending when ops: 0, Queue size: 60919
Processing batch, queue size: 60920
Pending when ops: 0, Queue size: 62001
Processing batch, queue size: 62003
Pending when ops: 0, Queue size: 63120
Processing batch, queue size: 63122
Pending when ops: 0, Queue size: 64256
Processing batch, queue size: 64256
Pending when ops: 0, Queue size: 65356
Processing batch, queue size: 65357
Pending when ops: 0, Queue size: 65536
Processing batch, queue size: 65578
Pending when ops: 0, Queue size: 66638
Processing batch, queue size: 66641
Pending when ops: 0, Queue size: 67688
Processing batch, queue size: 67689
Pending when ops: 0, Queue size: 68788
Processing batch, queue size: 68791
Pending when ops: 0, Queue size: 69852
Processing batch, queue size: 69853
Pending when ops: 0, Queue size: 70907
Processing batch, queue size: 70911
Pending when ops: 0, Queue size: 71998
Processing batch, queue size: 72007
Pending when ops: 0, Queue size: 73101
Processing batch, queue size: 73102
Pending when ops: 0, Queue size: 74173
Processing batch, queue size: 74175
Pending when ops: 0, Queue size: 75167
Processing batch, queue size: 75168
Pending when ops: 0, Queue size: 76235
Processing batch, queue size: 76237
Pending when ops: 0, Queue size: 77323
Processing batch, queue size: 77325
Pending when ops: 0, Queue size: 78399
Processing batch, queue size: 78406
Pending when ops: 0, Queue size: 79475
Processing batch, queue size: 79476
Pending when ops: 0, Queue size: 80577
Processing batch, queue size: 80579
Pending when ops: 0, Queue size: 81696
Processing batch, queue size: 81698
Pending when ops: 0, Queue size: 82804
Processing batch, queue size: 82807
Pending when ops: 0, Queue size: 83919
Processing batch, queue size: 83920
Pending when ops: 0, Queue size: 84989
Processing batch, queue size: 84991
Pending when ops: 0, Queue size: 86056
Processing batch, queue size: 86058
Pending when ops: 0, Queue size: 87111
Processing batch, queue size: 87112
Pending when ops: 0, Queue size: 88128
Processing batch, queue size: 88130
Pending when ops: 0, Queue size: 89207
Processing batch, queue size: 89209
Pending when ops: 0, Queue size: 90300
Processing batch, queue size: 90302
Pending when ops: 0, Queue size: 91311
Processing batch, queue size: 91311
Pending when ops: 0, Queue size: 92358
Processing batch, queue size: 92360
Pending when ops: 0, Queue size: 93379
Processing batch, queue size: 93380
Pending when ops: 0, Queue size: 94446
Processing batch, queue size: 94447
Pending when ops: 0, Queue size: 95511
Processing batch, queue size: 95515
Pending when ops: 0, Queue size: 96628
Processing batch, queue size: 96630
Pending when ops: 0, Queue size: 97705
Processing batch, queue size: 97707
Pending when ops: 0, Queue size: 98771
Processing batch, queue size: 98773
Pending when ops: 0, Queue size: 99839
Processing batch, queue size: 99841
Pending when ops: 0, Queue size: 100865
Processing batch, queue size: 100867
Pending when ops: 0, Queue size: 101906
Processing batch, queue size: 101908
Pending when ops: 0, Queue size: 103024
Processing batch, queue size: 103025
Pending when ops: 0, Queue size: 104097
Processing batch, queue size: 104099
Pending when ops: 0, Queue size: 105172
Processing batch, queue size: 105173
Pending when ops: 0, Queue size: 106207
Processing batch, queue size: 106208
Pending when ops: 0, Queue size: 107298
Processing batch, queue size: 107300
Pending when ops: 0, Queue size: 108364
Processing batch, queue size: 108366
Pending when ops: 0, Queue size: 109470
Processing batch, queue size: 109483
Pending when ops: 0, Queue size: 110575
Processing batch, queue size: 110577
Pending when ops: 0, Queue size: 111681
Processing batch, queue size: 111681
Pending when ops: 0, Queue size: 112764
Processing batch, queue size: 112767
Pending when ops: 0, Queue size: 113811
Processing batch, queue size: 113814
Pending when ops: 0, Queue size: 114857
Processing batch, queue size: 114858
Pending when ops: 0, Queue size: 115958
Processing batch, queue size: 115961
Pending when ops: 0, Queue size: 117024
Processing batch, queue size: 117025
Pending when ops: 0, Queue size: 118061
Processing batch, queue size: 118063
Pending when ops: 0, Queue size: 119110
Processing batch, queue size: 119112
Pending when ops: 0, Queue size: 120228
Processing batch, queue size: 120231
Pending when ops: 0, Queue size: 121366
Processing batch, queue size: 121367
Pending when ops: 0, Queue size: 122426
Processing batch, queue size: 122429
Pending when ops: 0, Queue size: 123533
Processing batch, queue size: 123534
Pending when ops: 0, Queue size: 124627
Processing batch, queue size: 124629
Pending when ops: 0, Queue size: 125715
Processing batch, queue size: 125718
Pending when ops: 0, Queue size: 126789
Processing batch, queue size: 126790
Pending when ops: 0, Queue size: 127872
Processing batch, queue size: 127874
Pending when ops: 0, Queue size: 128915
Processing batch, queue size: 128917
Pending when ops: 0, Queue size: 130048
Processing batch, queue size: 130049
Pending when ops: 0, Queue size: 131072
Processing batch, queue size: 131104
Pending when ops: 0, Queue size: 132252
Processing batch, queue size: 132260
Pending when ops: 0, Queue size: 133390
Processing batch, queue size: 133390
Pending when ops: 0, Queue size: 134553
Processing batch, queue size: 134555
Pending when ops: 0, Queue size: 135615
Processing batch, queue size: 135616
Pending when ops: 0, Queue size: 136685
Processing batch, queue size: 136687
Pending when ops: 0, Queue size: 137852
Processing batch, queue size: 137854
Pending when ops: 0, Queue size: 139020
Processing batch, queue size: 139022
Pending when ops: 0, Queue size: 140110
Processing batch, queue size: 140111
Pending when ops: 0, Queue size: 141247
Processing batch, queue size: 141248
Pending when ops: 0, Queue size: 142356
Processing batch, queue size: 142358
Pending when ops: 0, Queue size: 143443
Processing batch, queue size: 143445
Pending when ops: 0, Queue size: 144530
Processing batch, queue size: 144533
Pending when ops: 0, Queue size: 145661
Processing batch, queue size: 145662
Pending when ops: 0, Queue size: 146806
Processing batch, queue size: 146808
Pending when ops: 0, Queue size: 147921
Processing batch, queue size: 147923
Pending when ops: 0, Queue size: 149003
Processing batch, queue size: 149005
Pending when ops: 0, Queue size: 150147
Processing batch, queue size: 150149
Pending when ops: 0, Queue size: 151213
Processing batch, queue size: 151214
Pending when ops: 0, Queue size: 152239
Processing batch, queue size: 152241
Pending when ops: 0, Queue size: 153356
Processing batch, queue size: 153358
Pending when ops: 0, Queue size: 154420
Processing batch, queue size: 154422
Pending when ops: 0, Queue size: 155519
Processing batch, queue size: 155528
Pending when ops: 0, Queue size: 156597
Processing batch, queue size: 156600
Pending when ops: 0, Queue size: 157664
Processing batch, queue size: 157665
Pending when ops: 0, Queue size: 158716
Processing batch, queue size: 158718
Pending when ops: 0, Queue size: 159883
Processing batch, queue size: 159884
Pending when ops: 0, Queue size: 160957
Processing batch, queue size: 160969
Pending when ops: 0, Queue size: 162093
Processing batch, queue size: 162095
Pending when ops: 0, Queue size: 163188
Processing batch, queue size: 163190
Pending when ops: 0, Queue size: 164320
Processing batch, queue size: 164323
Pending when ops: 0, Queue size: 165352
Processing batch, queue size: 165355
Pending when ops: 0, Queue size: 166469
Processing batch, queue size: 166472
Pending when ops: 0, Queue size: 167585
Processing batch, queue size: 167586
Pending when ops: 0, Queue size: 168706
Processing batch, queue size: 168707
Pending when ops: 0, Queue size: 169858
Processing batch, queue size: 169860
Pending when ops: 0, Queue size: 170960
Processing batch, queue size: 170962
Pending when ops: 0, Queue size: 172040
Processing batch, queue size: 172042
Pending when ops: 0, Queue size: 173086
Processing batch, queue size: 173098
Pending when ops: 0, Queue size: 174255
Processing batch, queue size: 174256
Pending when ops: 0, Queue size: 175423
Processing batch, queue size: 175424
Pending when ops: 0, Queue size: 176549
Processing batch, queue size: 176551
Pending when ops: 0, Queue size: 177666
Processing batch, queue size: 177669
Pending when ops: 0, Queue size: 178831
Processing batch, queue size: 178831
Pending when ops: 0, Queue size: 180036
Processing batch, queue size: 180039
Pending when ops: 0, Queue size: 181160
Processing batch, queue size: 181162
Pending when ops: 0, Queue size: 182302
Processing batch, queue size: 182303
Pending when ops: 0, Queue size: 183417
Processing batch, queue size: 183419
Pending when ops: 0, Queue size: 184567
Processing batch, queue size: 184572
Pending when ops: 0, Queue size: 185719
Processing batch, queue size: 185722
Pending when ops: 0, Queue size: 186816
Processing batch, queue size: 186817
Pending when ops: 0, Queue size: 187869
Processing batch, queue size: 187884
Pending when ops: 0, Queue size: 189069
Processing batch, queue size: 189070
Pending when ops: 0, Queue size: 190166
Processing batch, queue size: 190170
Pending when ops: 0, Queue size: 191267
Processing batch, queue size: 191270
Pending when ops: 0, Queue size: 192388
Processing batch, queue size: 192390
Pending when ops: 0, Queue size: 193501
Processing batch, queue size: 193510
Pending when ops: 0, Queue size: 194656
Processing batch, queue size: 194656
Pending when ops: 0, Queue size: 195760
Processing batch, queue size: 195764
Pending when ops: 0, Queue size: 196918
Processing batch, queue size: 196921
Pending when ops: 0, Queue size: 198018
Processing batch, queue size: 198021
Pending when ops: 0, Queue size: 199193
Processing batch, queue size: 199196
Pending when ops: 0, Queue size: 200319
Processing batch, queue size: 200320
Pending when ops: 0, Queue size: 201500
Processing batch, queue size: 201503
Pending when ops: 0, Queue size: 202560
Processing batch, queue size: 202560
Pending when ops: 0, Queue size: 203683
Processing batch, queue size: 203684
Pending when ops: 0, Queue size: 204844
Processing batch, queue size: 204847
Pending when ops: 0, Queue size: 206004
Processing batch, queue size: 206007
Pending when ops: 0, Queue size: 207119
Processing batch, queue size: 207120
Pending when ops: 0, Queue size: 208224
Processing batch, queue size: 208225
Pending when ops: 0, Queue size: 209416
Processing batch, queue size: 209419
Pending when ops: 0, Queue size: 210559
Processing batch, queue size: 210560
Pending when ops: 0, Queue size: 211687
Processing batch, queue size: 211692
Pending when ops: 0, Queue size: 212819
Processing batch, queue size: 212822
Pending when ops: 0, Queue size: 213970
Processing batch, queue size: 213973
Pending when ops: 0, Queue size: 215129
Processing batch, queue size: 215132
Pending when ops: 0, Queue size: 216300
Processing batch, queue size: 216304
Pending when ops: 0, Queue size: 217463
Processing batch, queue size: 217469
Pending when ops: 0, Queue size: 218557
Processing batch, queue size: 218573
Pending when ops: 0, Queue size: 219703
Processing batch, queue size: 219705
Pending when ops: 0, Queue size: 220867
Processing batch, queue size: 220869
Pending when ops: 0, Queue size: 222035
Processing batch, queue size: 222037
Pending when ops: 0, Queue size: 223176
Processing batch, queue size: 223179
Pending when ops: 0, Queue size: 224293
Processing batch, queue size: 224294
Pending when ops: 0, Queue size: 225448
Processing batch, queue size: 225451
Pending when ops: 0, Queue size: 226592
Processing batch, queue size: 226593
Pending when ops: 0, Queue size: 227770
Processing batch, queue size: 227773
Pending when ops: 0, Queue size: 228927
Processing batch, queue size: 228929
Pending when ops: 0, Queue size: 230081
Processing batch, queue size: 230084
Pending when ops: 0, Queue size: 231089
Processing batch, queue size: 231092
Pending when ops: 0, Queue size: 234634
Processing batch, queue size: 234638
Pending when ops: 0, Queue size: 239274
Processing batch, queue size: 239276
Pending when ops: 0, Queue size: 243852
Processing batch, queue size: 243854
Pending when ops: 0, Queue size: 252080
Processing batch, queue size: 252080
Pending when ops: 0, Queue size: 256995
Processing batch, queue size: 256999
Pending when ops: 0, Queue size: 260953
Processing batch, queue size: 260955
Pending when ops: 0, Queue size: 262144
Pausing: active threads: 4
Pausing: active threads: 3
Pausing: active threads: 2
Pausing: active threads: 1
Teardown: all threads stopped
[report]: scheduler_run_time_ns : 127953931
[report]: scheduler_total_when_schedules : 220052
[report]: scheduler_total_when_time_ns : 134978621005817
Teardown: all threads stopped
[report]: insert_overall_operation_number : 218423
[report]: insert_overall_throughput : 1707044.076669
[report]: scheduler_avg_when_time_ns : 613394202.305896
[report]: insert_avg_insert_time_ns : 585.000000
completed_ops: 218423
Processing batch, queue size: 262147
