/users/Xuran/hash_rt/build/hash_rt --num_threads=28 --str_key_size=8 --str_value_size=100 --num_ops=1000000 --first_mode=true --work_usec=0
Harness starting.
 /users/Xuran/hash_rt/build/hash_rt --num_threads=28 --str_key_size=8 --str_value_size=100 --num_ops=1000000 --first_mode=true --work_usec=0 --seed 2694971904
Init time:900285203
Scheduler cores: 14
Pending when ops: 0, Queue size: 5
Processing batch, queue size: 6
Pending when ops: 0, Queue size: 32
Processing batch, queue size: 57
Pending when ops: 0, Queue size: 89
Processing batch, queue size: 126
Pending when ops: 0, Queue size: 221
Processing batch, queue size: 242
Pending when ops: 0, Queue size: 476
Processing batch, queue size: 479
Pending when ops: 0, Queue size: 1024
Processing batch, queue size: 1083
Pending when ops: 0, Queue size: 2180
Processing batch, queue size: 2259
Pending when ops: 0, Queue size: 3616
Processing batch, queue size: 3632
Pending when ops: 0, Queue size: 4486
Processing batch, queue size: 4500
Pending when ops: 0, Queue size: 5906
Processing batch, queue size: 5922
Pending when ops: 0, Queue size: 7298
Processing batch, queue size: 7335
Pending when ops: 0, Queue size: 8192
Processing batch, queue size: 8225
Pending when ops: 0, Queue size: 9573
Processing batch, queue size: 9575
Pending when ops: 0, Queue size: 10960
Processing batch, queue size: 10962
Pending when ops: 0, Queue size: 12287
Processing batch, queue size: 12290
Pending when ops: 0, Queue size: 13596
Processing batch, queue size: 13632
Pending when ops: 0, Queue size: 14990
Processing batch, queue size: 14993
Pending when ops: 0, Queue size: 16319
Processing batch, queue size: 16321
Pending when ops: 0, Queue size: 16384
Processing batch, queue size: 16432
Pending when ops: 0, Queue size: 17705
Processing batch, queue size: 17727
Pending when ops: 0, Queue size: 18993
Processing batch, queue size: 19011
Pending when ops: 0, Queue size: 20323
Processing batch, queue size: 20328
Pending when ops: 0, Queue size: 21659
Processing batch, queue size: 21661
Pending when ops: 0, Queue size: 23086
Processing batch, queue size: 23103
Pending when ops: 0, Queue size: 24426
Processing batch, queue size: 24430
Pending when ops: 0, Queue size: 25759
Processing batch, queue size: 25801
Pending when ops: 0, Queue size: 27081
Processing batch, queue size: 27084
Pending when ops: 0, Queue size: 28334
Processing batch, queue size: 28367
Pending when ops: 0, Queue size: 29701
Processing batch, queue size: 29708
Pending when ops: 0, Queue size: 31009
Processing batch, queue size: 31027
Pending when ops: 0, Queue size: 32341
Processing batch, queue size: 32349
Pending when ops: 0, Queue size: 32768
Processing batch, queue size: 32828
Pending when ops: 0, Queue size: 33973
Processing batch, queue size: 33999
Pending when ops: 0, Queue size: 35336
Processing batch, queue size: 35339
Pending when ops: 0, Queue size: 36626
Processing batch, queue size: 36628
Pending when ops: 0, Queue size: 37953
Processing batch, queue size: 37956
Pending when ops: 0, Queue size: 39291
Processing batch, queue size: 39305
Pending when ops: 0, Queue size: 40664
Processing batch, queue size: 40669
Pending when ops: 0, Queue size: 41968
Processing batch, queue size: 41971
Pending when ops: 0, Queue size: 43300
Processing batch, queue size: 43306
Pending when ops: 0, Queue size: 44565
Processing batch, queue size: 44566
Pending when ops: 0, Queue size: 45887
Processing batch, queue size: 45889
Pending when ops: 0, Queue size: 47277
Processing batch, queue size: 47286
Pending when ops: 0, Queue size: 48615
Processing batch, queue size: 48617
Pending when ops: 0, Queue size: 49927
Processing batch, queue size: 49945
Pending when ops: 0, Queue size: 51269
Processing batch, queue size: 51271
Pending when ops: 0, Queue size: 52562
Processing batch, queue size: 52567
Pending when ops: 0, Queue size: 53838
Processing batch, queue size: 53840
Pending when ops: 0, Queue size: 55168
Processing batch, queue size: 55172
Pending when ops: 0, Queue size: 56496
Processing batch, queue size: 56498
Pending when ops: 0, Queue size: 57817
Processing batch, queue size: 57819
Pending when ops: 0, Queue size: 59103
Processing batch, queue size: 59124
Pending when ops: 0, Queue size: 60353
Processing batch, queue size: 60379
Pending when ops: 0, Queue size: 61600
Processing batch, queue size: 61603
Pending when ops: 0, Queue size: 62861
Processing batch, queue size: 62863
Pending when ops: 0, Queue size: 64170
Processing batch, queue size: 64176
Pending when ops: 0, Queue size: 65417
Processing batch, queue size: 65465
Pending when ops: 0, Queue size: 65536
Processing batch, queue size: 65614
Pending when ops: 0, Queue size: 66747
Processing batch, queue size: 66749
Pending when ops: 0, Queue size: 68038
Processing batch, queue size: 68040
Pending when ops: 0, Queue size: 69407
Processing batch, queue size: 69421
Pending when ops: 0, Queue size: 70779
Processing batch, queue size: 70782
Pending when ops: 0, Queue size: 72151
Processing batch, queue size: 72196
Pending when ops: 0, Queue size: 73601
Processing batch, queue size: 73604
Pending when ops: 0, Queue size: 74972
Processing batch, queue size: 74984
Pending when ops: 0, Queue size: 76319
Processing batch, queue size: 76336
Pending when ops: 0, Queue size: 77688
Processing batch, queue size: 77694
Pending when ops: 0, Queue size: 79047
Processing batch, queue size: 79051
Pending when ops: 0, Queue size: 80440
Processing batch, queue size: 80479
Pending when ops: 0, Queue size: 81875
Processing batch, queue size: 81888
Pending when ops: 0, Queue size: 83254
Processing batch, queue size: 83291
Pending when ops: 0, Queue size: 84632
Processing batch, queue size: 84635
Pending when ops: 0, Queue size: 85992
Processing batch, queue size: 86062
Pending when ops: 0, Queue size: 87396
Processing batch, queue size: 87416
Pending when ops: 0, Queue size: 88769
Processing batch, queue size: 88773
Pending when ops: 0, Queue size: 90165
Processing batch, queue size: 90181
Pending when ops: 0, Queue size: 91575
Processing batch, queue size: 91578
Pending when ops: 0, Queue size: 92931
Processing batch, queue size: 92963
Pending when ops: 0, Queue size: 94314
Processing batch, queue size: 94318
Pending when ops: 0, Queue size: 95766
Processing batch, queue size: 95808
Pending when ops: 0, Queue size: 97144
Processing batch, queue size: 97146
Pending when ops: 0, Queue size: 98463
Processing batch, queue size: 98479
Pending when ops: 0, Queue size: 99848
Processing batch, queue size: 99851
Pending when ops: 0, Queue size: 101216
Processing batch, queue size: 101221
Pending when ops: 0, Queue size: 102661
Processing batch, queue size: 102702
Pending when ops: 0, Queue size: 104046
Processing batch, queue size: 104072
Pending when ops: 0, Queue size: 105439
Processing batch, queue size: 105470
Pending when ops: 0, Queue size: 106792
Processing batch, queue size: 106794
Pending when ops: 0, Queue size: 108180
Processing batch, queue size: 108214
Pending when ops: 0, Queue size: 109593
Processing batch, queue size: 109596
Pending when ops: 0, Queue size: 110961
Processing batch, queue size: 110964
Pending when ops: 0, Queue size: 112305
Processing batch, queue size: 112339
Pending when ops: 0, Queue size: 113694
Processing batch, queue size: 113697
Pending when ops: 0, Queue size: 115014
Processing batch, queue size: 115017
Pending when ops: 0, Queue size: 116391
Processing batch, queue size: 116411
Pending when ops: 0, Queue size: 117823
Processing batch, queue size: 117827
Pending when ops: 0, Queue size: 119180
Processing batch, queue size: 119220
Pending when ops: 0, Queue size: 120537
Processing batch, queue size: 120541
Pending when ops: 0, Queue size: 121966
Processing batch, queue size: 121968
Pending when ops: 0, Queue size: 123327
Processing batch, queue size: 123336
Pending when ops: 0, Queue size: 124637
Processing batch, queue size: 124639
Pending when ops: 0, Queue size: 126001
Processing batch, queue size: 126003
Pending when ops: 0, Queue size: 127382
Processing batch, queue size: 127385
Pending when ops: 0, Queue size: 128812
Processing batch, queue size: 128816
Pending when ops: 0, Queue size: 130131
Processing batch, queue size: 130155
Pending when ops: 0, Queue size: 131072
Processing batch, queue size: 131175
Pending when ops: 0, Queue size: 132415
Processing batch, queue size: 132439
Pending when ops: 0, Queue size: 133727
Processing batch, queue size: 133730
Pending when ops: 0, Queue size: 135077
Processing batch, queue size: 135100
Pending when ops: 0, Queue size: 136442
Processing batch, queue size: 136458
Pending when ops: 0, Queue size: 137825
Processing batch, queue size: 137861
Pending when ops: 0, Queue size: 139244
Processing batch, queue size: 139248
Pending when ops: 0, Queue size: 140624
Processing batch, queue size: 140641
Pending when ops: 0, Queue size: 141997
Processing batch, queue size: 142000
Pending when ops: 0, Queue size: 143427
Processing batch, queue size: 143449
Pending when ops: 0, Queue size: 144818
Processing batch, queue size: 144847
Pending when ops: 0, Queue size: 146258
Processing batch, queue size: 146261
Pending when ops: 0, Queue size: 147664
Processing batch, queue size: 147669
Pending when ops: 0, Queue size: 149048
Processing batch, queue size: 149065
Pending when ops: 0, Queue size: 150491
Processing batch, queue size: 150513
Pending when ops: 0, Queue size: 151903
Processing batch, queue size: 151930
Pending when ops: 0, Queue size: 153352
Processing batch, queue size: 153357
Pending when ops: 0, Queue size: 154781
Processing batch, queue size: 154798
Pending when ops: 0, Queue size: 156228
Processing batch, queue size: 156231
Pending when ops: 0, Queue size: 157705
Processing batch, queue size: 157719
Pending when ops: 0, Queue size: 159129
Processing batch, queue size: 159146
Pending when ops: 0, Queue size: 160496
Processing batch, queue size: 160508
Pending when ops: 0, Queue size: 161914
Processing batch, queue size: 161940
Pending when ops: 0, Queue size: 163366
Processing batch, queue size: 163369
Pending when ops: 0, Queue size: 164743
Processing batch, queue size: 164746
Pending when ops: 0, Queue size: 166182
Processing batch, queue size: 166197
Pending when ops: 0, Queue size: 167615
Processing batch, queue size: 167616
Pending when ops: 0, Queue size: 169023
Processing batch, queue size: 169054
Pending when ops: 0, Queue size: 170438
Processing batch, queue size: 170440
Pending when ops: 0, Queue size: 171828
Processing batch, queue size: 171857
Pending when ops: 0, Queue size: 173354
Processing batch, queue size: 173361
Pending when ops: 0, Queue size: 174722
Processing batch, queue size: 174724
Pending when ops: 0, Queue size: 176175
Processing batch, queue size: 176198
Pending when ops: 0, Queue size: 177597
Processing batch, queue size: 177615
Pending when ops: 0, Queue size: 179059
Processing batch, queue size: 179062
Pending when ops: 0, Queue size: 180487
Processing batch, queue size: 180491
Pending when ops: 0, Queue size: 181929
Processing batch, queue size: 181958
Pending when ops: 0, Queue size: 183364
Processing batch, queue size: 183373
Pending when ops: 0, Queue size: 184836
Processing batch, queue size: 184861
Pending when ops: 0, Queue size: 186327
Processing batch, queue size: 186341
Pending when ops: 0, Queue size: 187829
Processing batch, queue size: 187831
Pending when ops: 0, Queue size: 189243
Processing batch, queue size: 189259
Pending when ops: 0, Queue size: 190699
Processing batch, queue size: 190740
Pending when ops: 0, Queue size: 192159
Processing batch, queue size: 192192
Pending when ops: 0, Queue size: 193654
Processing batch, queue size: 193661
Pending when ops: 0, Queue size: 195091
Processing batch, queue size: 195098
Pending when ops: 0, Queue size: 196524
Processing batch, queue size: 196564
Pending when ops: 0, Queue size: 198015
Processing batch, queue size: 198019
Pending when ops: 0, Queue size: 199476
Processing batch, queue size: 199489
Pending when ops: 0, Queue size: 201021
Processing batch, queue size: 201051
Pending when ops: 0, Queue size: 202525
Processing batch, queue size: 202528
Pending when ops: 0, Queue size: 204015
Processing batch, queue size: 204019
Pending when ops: 0, Queue size: 205498
Processing batch, queue size: 205504
Pending when ops: 0, Queue size: 207018
Processing batch, queue size: 207022
Pending when ops: 0, Queue size: 208504
Processing batch, queue size: 208506
Pending when ops: 0, Queue size: 209898
Processing batch, queue size: 209901
Pending when ops: 0, Queue size: 211335
Processing batch, queue size: 211340
Pending when ops: 0, Queue size: 212832
Processing batch, queue size: 212835
Pending when ops: 0, Queue size: 214272
Processing batch, queue size: 214276
Pending when ops: 0, Queue size: 215710
Processing batch, queue size: 215723
Pending when ops: 0, Queue size: 217151
Processing batch, queue size: 217157
Pending when ops: 0, Queue size: 218551
Processing batch, queue size: 218562
Pending when ops: 0, Queue size: 220061
Processing batch, queue size: 220087
Pending when ops: 0, Queue size: 221499
Processing batch, queue size: 221514
Pending when ops: 0, Queue size: 223005
Processing batch, queue size: 223036
Pending when ops: 0, Queue size: 224543
Processing batch, queue size: 224544
Pending when ops: 0, Queue size: 225991
Processing batch, queue size: 226005
Pending when ops: 0, Queue size: 227548
Processing batch, queue size: 227573
Pending when ops: 0, Queue size: 229024
Processing batch, queue size: 229045
Pending when ops: 0, Queue size: 230538
Processing batch, queue size: 230550
Pending when ops: 0, Queue size: 232025
Processing batch, queue size: 232050
Pending when ops: 0, Queue size: 233513
Processing batch, queue size: 233535
Pending when ops: 0, Queue size: 235006
Processing batch, queue size: 235008
Pending when ops: 0, Queue size: 236444
Processing batch, queue size: 236474
Pending when ops: 0, Queue size: 237983
Processing batch, queue size: 237988
Pending when ops: 0, Queue size: 239429
Processing batch, queue size: 239435
Pending when ops: 0, Queue size: 240891
Processing batch, queue size: 240911
Pending when ops: 0, Queue size: 242400
Processing batch, queue size: 242416
Pending when ops: 0, Queue size: 243910
Processing batch, queue size: 243919
Pending when ops: 0, Queue size: 245398
Processing batch, queue size: 245411
Pending when ops: 0, Queue size: 246868
Processing batch, queue size: 246915
Pending when ops: 0, Queue size: 248384
Processing batch, queue size: 248387
Pending when ops: 0, Queue size: 249864
Processing batch, queue size: 249869
Pending when ops: 0, Queue size: 251326
Processing batch, queue size: 251330
Pending when ops: 0, Queue size: 252826
Processing batch, queue size: 252854
Pending when ops: 0, Queue size: 254655
Processing batch, queue size: 254658
Pausing: active threads: 14
Pausing: active threads: 13
Pausing: active threads: 12
Pausing: active threads: 11
Pausing: active threads: 10
Pausing: active threads: 9
Pausing: active threads: 8
Pausing: active threads: 7
Pausing: active threads: 6
Pausing: active threads: 5
Pausing: active threads: 4
Pausing: active threads: 3
Pausing: active threads: 2
Pausing: active threads: 1
Teardown: all threads stopped
[report]: scheduler_run_time_ns : 44519484
[report]: scheduler_total_when_schedules : 186133
[report]: scheduler_total_when_time_ns : 113108474826427
Teardown: all threads stopped
[report]: insert_overall_operation_number : 185116
[report]: insert_overall_throughput : 4158089.523230
[report]: scheduler_avg_when_time_ns : 607675559.016547
[report]: insert_avg_insert_time_ns : 240.000000
completed_ops: 185116
