GNU gdb (Ubuntu 12.1-0ubuntu1~22.04) 12.1
Copyright (C) 2022 Free Software Foundation, Inc.
License GPLv3+: GNU GPL version 3 or later <http://gnu.org/licenses/gpl.html>
This is free software: you are free to change and redistribute it.
There is NO WARRANTY, to the extent permitted by law.
Type "show copying" and "show warranty" for details.
This GDB was configured as "x86_64-linux-gnu".
Type "show configuration" for configuration details.
For bug reporting instructions, please see:
<https://www.gnu.org/software/gdb/bugs/>.
Find the GDB manual and other documentation resources online at:
    <http://www.gnu.org/software/gdb/documentation/>.

For help, type "help".
Type "apropos word" to search for commands related to "word"...
Reading symbols from ./hash_rt...
[?2004h(gdb) 
[?2004l[?2004h(gdb) 
[?2004l[?2004h(gdb) r
[?2004lStarting program: /mnt/nvme0/home/gxr/Myhash_boc/Hash_rt/build/hash_rt 
[Thread debugging using libthread_db enabled]
Using host libthread_db library "/lib/x86_64-linux-gnu/libthread_db.so.1".
Set fair: 1
Init runtime
Scheduler Thread created
Runtime initialised
Init time:1800904008
[New Thread 0x7fbfdf3e8640 (LWP 1038136)]
Starting all threads
[New Thread 0x7fbfdebe7640 (LWP 1038137)]
BehaviourCore::schedule_many1
Prepare phase duration: 740
Acquire phase duration: 520
[New Thread 0x7fbfde3e6640 (LWP 1038138)]
Exchange duration: 190
Release phase duration: 90
Process phase duration: 570
BehaviourCore::schedule_many1
Prepare phase duration: 190
Acquire phase duration: 310
Exchange duration: 150
Release phase duration: 50
Process phase duration: 160
BehaviourCore::schedule_many1
Prepare phase duration: 130
Acquire phase duration: 340
Exchange duration: 240
Release phase duration: 40
Process phase duration: 130
BehaviourCore::schedule_many1
Prepare phase duration: 160
Acquire phase duration: 390
Exchange duration: 250
Release phase duration: 50
Process phase duration: 150
thread id: 1 get work duration:6580
Schedule work 0x7fbfe03ec120
thread id: 1 work duration: 89519
completed_count_last_batch: 3
thread id: 1 get work duration:590
Schedule work 0x7fbfe03ec0c0
thread id: 1 work duration: 2330
completed_count_last_batch: 2
thread id: 1 get work duration:130
Schedule work 0x7fbfe03ec060
thread id: 1 work duration: 2080
completed_count_last_batch: 1
thread id: 1 get work duration:110
Schedule work 0x7fbfe03ec000
thread id: 1 work duration: 4300
completed_count_last_batch: 0

Thread 1 "hash_rt" received signal SIGINT, Interrupt.
__futex_abstimed_wait_common64 (private=128, cancel=true, abstime=0x0, op=265, expected=1038138, futex_word=0x7fbfde3e6910) at ./nptl/futex-internal.c:57
57	./nptl/futex-internal.c: No such file or directory.
[?2004h[?2004l[?2004h(gdb) 