GNU gdb (Ubuntu 12.1-0ubuntu1~22.04) 12.1
Copyright (C) 2022 Free Software Foundation, Inc.
License GPLv3+: GNU GPL version 3 or later <http://gnu.org/licenses/gpl.html>
This is free software: you are free to change and redistribute it.
There is NO WARRANTY, to the extent permitted by law.
Type "show copying" and "show warranty" for details.
This GDB was configured as "x86_64-linux-gnu".
Type "show configuration" for configuration details.
For bug reporting instructions, please see:
<https://www.gnu.org/software/gdb/bugs/>.
Find the GDB manual and other documentation resources online at:
    <http://www.gnu.org/software/gdb/documentation/>.

For help, type "help".
Type "apropos word" to search for commands related to "word"...
Reading symbols from ./hash_rt...
[?2004h(gdb) 
[?2004l[?2004h(gdb) 
[?2004l[?2004h(gdb) r
[?2004lStarting program: /mnt/nvme0/home/gxr/Myhash_boc/Hash_rt/build/hash_rt 
[Thread debugging using libthread_db enabled]
Using host libthread_db library "/lib/x86_64-linux-gnu/libthread_db.so.1".
Set fair: 1
Init runtime
Scheduler Thread created
Scheduler Thread created
Runtime initialised
Init time:1765626363
[New Thread 0x7fbfdf3e8640 (LWP 1083744)]
Starting all threads
[New Thread 0x7fbfdebe7640 (LWP 1083745)]
BehaviourCore::schedule_many1
Prepare phase duration: 770
[New Thread 0x7fbfde3e6640 (LWP 1083746)]
Acquire phase duration: 530
Exchange duration: 300
Release phase duration: 80
Process phase duration: 740
BehaviourCore::schedule_many1
Prepare phase duration: 150
Acquire phase duration: 480
Exchange duration: 350
Release phase duration: 50
Process phase duration: 160
BehaviourCore::schedule_many1
Prepare phase duration: 150
Acquire phase duration: 400
Exchange duration: 280
Release phase duration: 40
Process phase duration: 130
BehaviourCore::schedule_many1
Prepare phase duration: 130
Acquire phase duration: 530
Exchange duration: 400
Release phase duration: 40
Process phase duration: 180
BehaviourCore::schedule_many1
Prepare phase duration: 140
Acquire phase duration: 780
Exchange duration: 630
Release phase duration: 430
Process phase duration: 160
BehaviourCore::schedule_many1
Prepare phase duration: 170
Acquire phase duration: 360
Exchange duration: 230
Release phase duration: 50
Process phase duration: 150
BehaviourCore::schedule_many1
Prepare phase duration: 140
[New Thread 0x7fbfddbe5640 (LWP 1083747)]
Acquire phase duration: 710
Exchange duration: 600
Release phase duration: 50
Process phase duration: 140
BehaviourCore::schedule_many1
Prepare phase duration: 160
Acquire phase duration: 420
Exchange duration: 290
Release phase duration: 60
Process phase duration: 130
get work duration: 3190
get work duration: 1020
thread id: 2 Schedule work 0x7fbfe03ec0c0
thread id: 1 Schedule work 0x7fbfe03ec2a0
thread id: 1 work duration: 85269
thread id: 2 work duration: 87899
completed_count_last_batch: 3
completed_count_last_batch: 2
get work duration: 830
thread id: 2 Schedule work 0x7fbfe03ec240
get work duration: 580
thread id: 1 Schedule work 0x7fbfe03ec1e0
thread id: 2 work duration: 2300
completed_count_last_batch: 1
thread id: 1 work duration: 2470
get work duration: 130
completed_count_last_batch: 0
get work duration: 170
thread id: 2 Schedule work 0x7fbfe03ec180
thread id: 1 Schedule work 0x7fbfe03ec120
BehaviourCore::schedule_many1
thread id: 1 work duration: 2320
thread id: 2 work duration: 2590
completed_count_last_batch: 3
completed_count_last_batch: 2
get work duration: 420
get work duration: 160
thread id: 1 Schedule work 0x7fbfe03ec060
Prepare phase duration: 160
thread id: 2 Schedule work 0x7fbfe03ec000
thread id: 1 work duration: 5360
completed_count_last_batch: 1
Acquire phase duration: 940
Exchange duration: 750
Release phase duration: 40
Process phase duration: 140
BehaviourCore::schedule_many1
Prepare phase duration: 160
thread id: 2 work duration: 5290
Acquire phase duration: 1260
Exchange duration: 240
Release phase duration: 40
Process phase duration: 140
get work duration: 820
completed_count_last_batch: 0
BehaviourCore::schedule_many1
Prepare phase duration: 160
Acquire phase duration: 420
Exchange duration: 290
Release phase duration: 50
thread id: 1 Schedule work 0x7fbfe03ec360
Process phase duration: 800
thread id: 1 work duration: 2550
BehaviourCore::schedule_many1
completed_count_last_batch: 18446744073709551615
get work duration: 840
thread id: 2 Schedule work 0x7fbfe03ec3c0
thread id: 2 work duration: 1750
completed_count_last_batch: 18446744073709551614
get work duration: 410
thread id: 2 Schedule work 0x7fbfe03ec300
thread id: 2 work duration: 1870
completed_count_last_batch: 18446744073709551613
Prepare phase duration: 130
Acquire phase duration: 520
Exchange duration: 360
Release phase duration: 50
Process phase duration: 170
get work duration: 740
thread id: 1 Schedule work 0x7fbfe03ec420
thread id: 1 work duration: 2230
completed_count_last_batch: 18446744073709551612

Thread 1 "hash_rt" received signal SIGINT, Interrupt.
__futex_abstimed_wait_common64 (private=128, cancel=true, abstime=0x0, op=265, expected=1083746, futex_word=0x7fbfde3e6910) at ./nptl/futex-internal.c:57
57	./nptl/futex-internal.c: No such file or directory.
[?2004h[?2004l[?2004h(gdb) q
[?2004l[?2004hA debugging session is active.

	Inferior 1 [process 1083728] will be killed.

Quit anyway? (y or n) 
[?2004lPlease answer y or n.
[?2004hA debugging session is active.

	Inferior 1 [process 1083728] will be killed.

Quit anyway? (y or n) y
[?2004l