/users/Xuran/hash_rt/build/hash_rt --num_threads=16 --str_key_size=8 --str_value_size=100 --num_ops=1000000 --first_mode=true --work_usec=0
Harness starting.
 /users/Xuran/hash_rt/build/hash_rt --num_threads=16 --str_key_size=8 --str_value_size=100 --num_ops=1000000 --first_mode=true --work_usec=0 --seed 2820234198
Init time:889608586
scheduler_cores: 8
Adding work to queue: qikwbwl
Adding work to queue: dakillm
Adding work to queue: publhfn
Adding work to queue: okpjsgw
Adding work to queue: hzfjmrk
Adding work to queue: hlifjlw
Adding work to queue: iqvnlvc
Adding work to queue: kcdlrmy
Adding work to queue: xztublq
Adding work to queue: xlirepf
Adding work to queue: gpqlkzk
Adding work to queue: ixlqvcp
Adding work to queue: yotypsw
Adding work to queue: voobnqf
Adding work to queue: obmbiur
Adding work to queue: fcnwthw
Adding work to queue: lvoqhlo
Adding work to queue: avzpsrk
Adding work to queue: tewnnpo
Adding work to queue: ithosho
Adding work to queue: lpdbbbz
Adding work to queue: qpwtvli
Adding work to queue: togfaac
Adding work to queue: glaxdmj
Adding work to queue: jghtbne
Adding work to queue: vlwlvzr
Adding work to queue: acpivbo
Adding work to queue: kfljyza
Adding work to queue: gtcmngt
Adding work to queue: uvizuxy
Adding work to queue: xuhbjfk
Adding work to queue: ffjzewz
Adding work to queue: iphbprp
Processing batch, queue size: 33
Adding work to queue: mddglru
Adding work to queue: xeteeqf
Adding work to queue: aimibqk
Adding work to queue: kecxwkv
Adding work to queue: hucvldj
Adding work to queue: fodnkyu
Adding work to queue: gbjohfs
Adding work to queue: gyoxcxn
Adding work to queue: nnqngvl
Adding work to queue: xyubboh
Adding work to queue: znqojem
Adding work to queue: dqbzqcv
Adding work to queue: cpgwnmn
Adding work to queue: jokvkbv
Adding work to queue: sikrwdm
Adding work to queue: mgwkapr
Adding work to queue: tfoacmx
Adding work to queue: fspdmzg
Adding work to queue: vctuftr
Adding work to queue: emgmksa
Adding work to queue: hyndlvr
Adding work to queue: gojlnzz
Adding work to queue: jwagmnw
Adding work to queue: czcehii
Adding work to queue: qkbllom
Adding work to queue: lgjfnyu
Processing batch, queue size: 26
Adding work to queue: pqxsqwf
Adding work to queue: dhnfjye
Adding work to queue: iozenpd
Adding work to queue: xcdslpx
Adding work to queue: bvotlct
Adding work to queue: jyzkvze
Adding work to queue: rdurwfa
Adding work to queue: qspqzdn
Adding work to queue: xxusctn
Adding work to queue: snqcdkq
Adding work to queue: bmgoiea
Adding work to queue: ldzwwjv
Adding work to queue: lkqwtoq
Processing batch, queue size: 13
Adding work to queue: dkrpufj
Adding work to queue: hwdvkgs
Adding work to queue: vvhhhwj
Adding work to queue: diqikml
Adding work to queue: cbcrcyi
Processing batch, queue size: 5
Adding work to queue: fpjhmbn
Adding work to queue: fuhlgkd
Adding work to queue: kkkyydm
Adding work to queue: lywsrpb
Adding work to queue: qxxsivr
Adding work to queue: uuwbxyl
Adding work to queue: ipugrym
Adding work to queue: mxuvnix
Adding work to queue: cvadtel
Adding work to queue: tykzkrz
Adding work to queue: bvlhbwo
Adding work to queue: kaofjic
Adding work to queue: shhtzkp
Adding work to queue: ytohpdp
Adding work to queue: iajaaen
Adding work to queue: sorhwic
Adding work to queue: dtydnox
Adding work to queue: gvhenge
Adding work to queue: mxacdgl
Adding work to queue: wpoofaw
Adding work to queue: kxnhxcs
Adding work to queue: arealga
Adding work to queue: dkegcwu
Adding work to queue: owpjvme
Adding work to queue: ktcxuul
Adding work to queue: noegken
Adding work to queue: kfexryk
Adding work to queue: lllpvsl
Adding work to queue: oyfcutm
Adding work to queue: biskhjt
Adding work to queue: jojdybu
Adding work to queue: oodxkei
Adding work to queue: hhmrqet
Adding work to queue: mwrxqtd
Adding work to queue: vdnjqrz
Adding work to queue: mhfxujc
Adding work to queue: dvngywr
Adding work to queue: otdwcbn
Adding work to queue: mlsmduy
Adding work to queue: zuxwmoq
Adding work to queue: ofbkjof
Adding work to queue: yqjhbny
Adding work to queue: fjrrcap
Adding work to queue: eptmxhg
Adding work to queue: tvneeex
Adding work to queue: xmmkson
Adding work to queue: ihsmpqo
Adding work to queue: gspncns
Adding work to queue: ygpzwuz
Adding work to queue: wcvfxls
Adding work to queue: vbxtcse
Adding work to queue: tbehnxe
Adding work to queue: oxrynjq
Adding work to queue: omkhxff
Adding work to queue: jigcrpi
Adding work to queue: phhiqpr
Adding work to queue: lfqlssj
Adding work to queue: akywazf
Adding work to queue: fjhlvap
Adding work to queue: gcqatyq
Adding work to queue: hkrwnay
Adding work to queue: woimafn
Adding work to queue: eufjezl
Adding work to queue: ismiusn
Adding work to queue: pbilfpe
Adding work to queue: tdxjvhz
Adding work to queue: ikgdyun
Adding work to queue: efsqpyf
Adding work to queue: ngykmxm
Adding work to queue: qqiviml
Adding work to queue: htvsmsk
Adding work to queue: tuovhqx
Adding work to queue: phqqkmu
Adding work to queue: xqcyedu
Adding work to queue: rdrhtyi
Adding work to queue: zvvhzzi
Adding work to queue: raneoly
Adding work to queue: ktyimlo
Adding work to queue: tyhibdy
Adding work to queue: ossgyds
Adding work to queue: vqnhrkw
Adding work to queue: jkdnico
Adding work to queue: qgnexax
Adding work to queue: sjwvoog
Adding work to queue: isuaamx
Adding work to queue: wfqfarg
Adding work to queue: wnppwhr
Adding work to queue: ursdqkr
Adding work to queue: bmiaucb
Adding work to queue: mmlulbk
Adding work to queue: maafiic
Adding work to queue: hodawfa
Adding work to queue: ylvgjub
Adding work to queue: demhodh
Adding work to queue: xpaazyt
Adding work to queue: rgzrbni
Adding work to queue: icwufrh
Adding work to queue: agghhoy
Adding work to queue: dcdydpl
Adding work to queue: ugtkcss
Adding work to queue: kuyrejq
Adding work to queue: zofupyh
Adding work to queue: yfklzum
Adding work to queue: rflpikd
Adding work to queue: dxelkma
Adding work to queue: ccdmuyo
Adding work to queue: afadfur
Adding work to queue: vhmbked
Adding work to queue: smvilml
Adding work to queue: jplioyb
Adding work to queue: cntnban
Adding work to queue: bjhgjpz
Adding work to queue: mnjcdpq
Adding work to queue: qiyulgr
Adding work to queue: zmqtpnq
Adding work to queue: dggsocl
Adding work to queue: semqopx
Adding work to queue: onwwxdv
Adding work to queue: wredfmj
Processing batch, queue size: 119
Adding work to queue: gwizpbt
Adding work to queue: aaozbtz
Adding work to queue: qomxetx
Adding work to queue: jqnrwtu
Adding work to queue: tntlgux
Adding work to queue: kcsatkb
Adding work to queue: cubnokb
Adding work to queue: tdewayx
Adding work to queue: xvfhrlr
Adding work to queue: irnwynr
Adding work to queue: odpfrqw
Adding work to queue: fcdkwsd
Adding work to queue: hcatfoa
Adding work to queue: ljcyyib
Adding work to queue: dvkukbq
Adding work to queue: knvydox
Adding work to queue: ydudncz
Adding work to queue: awckscl
Adding work to queue: ivauvam
Adding work to queue: xqnnlag
Adding work to queue: nczcavh
Adding work to queue: jefopsv
Adding work to queue: proqlip
Adding work to queue: zjjktpa
Adding work to queue: ypdpxqz
Adding work to queue: qxwsxia
Adding work to queue: iichgrp
Adding work to queue: necztxe
Adding work to queue: blqrchy
Adding work to queue: iarycup
Adding work to queue: pephnik
Adding work to queue: mrrxapl
Adding work to queue: lrcsnar
Adding work to queue: nhdyukk
Adding work to queue: qxdmmxg
Adding work to queue: fvvkzcr
Adding work to queue: nsmyllg
Adding work to queue: ckensxy
Adding work to queue: sfamhsq
Adding work to queue: sqiwrmv
Adding work to queue: cxmwlea
Adding work to queue: xpcrkpd
Adding work to queue: pcbopil
Adding work to queue: pxcural
Adding work to queue: dcshoej
Adding work to queue: gbytsqj
Adding work to queue: gswdelx
Adding work to queue: gyzcbyx
Adding work to queue: arksoys
Adding work to queue: dnfsthf
Adding work to queue: thdesih
Processing batch, queue size: 51
Adding work to queue: ngyzqhh
Adding work to queue: ovifvzd
Adding work to queue: muofntv
Adding work to queue: vtabynx
Adding work to queue: sqhfoxz
Adding work to queue: bweqdmi
Adding work to queue: mviayyh
Adding work to queue: rcntcpm
Adding work to queue: aqlhlkz
Adding work to queue: rllpxtw
Adding work to queue: ljkhkfe
Adding work to queue: utrzojx
Adding work to queue: uvsfwlr
Adding work to queue: dhgvhjb
Adding work to queue: ygixtia
Adding work to queue: nvanvvo
Adding work to queue: lpchtnr
Adding work to queue: utrjqvc
Processing batch, queue size: 18
Adding work to queue: wgtiaiw
Adding work to queue: dixqnma
Adding work to queue: cghohwi
Adding work to queue: hpjmilh
Adding work to queue: klcvuwv
Adding work to queue: gjjvfya
Adding work to queue: ofpgcws
Processing batch, queue size: 7
Adding work to queue: bnefxlj
Adding work to queue: kimwrwh
Adding work to queue: zngcchh
Processing batch, queue size: 3
Adding work to queue: abcnxmj
Processing batch, queue size: 1
Adding work to queue: kvulkcs
Processing batch, queue size: 1
Adding work to queue: lnjuquh
Adding work to queue: sjrllnh
Adding work to queue: icssuws
Adding work to queue: sbirrkb
Adding work to queue: htcecvw
Adding work to queue: ywpmmoo
Adding work to queue: rrfpmpu
Processing batch, queue size: 7
Adding work to queue: dkfvxfp
Adding work to queue: nioyopb
Adding work to queue: cgeizhq
Adding work to queue: vmlzdtv
Adding work to queue: uyjzpoc
Adding work to queue: clxrszt
Adding work to queue: gaeatwx
Adding work to queue: yrubuco
Adding work to queue: hjbdceg
Adding work to queue: qaoazkm
Adding work to queue: aogbwap
Processing batch, queue size: 11
Adding work to queue: ieiytfk
Adding work to queue: kzppllx
Adding work to queue: scjysds
Adding work to queue: jmvctfl
Adding work to queue: xnescpg
Adding work to queue: lmnrejz
Adding work to queue: hjikiri
Adding work to queue: ovkasxh
Adding work to queue: rqqqkoz
Adding work to queue: uxngoeu
Processing batch, queue size: 10
Adding work to queue: kpdcusi
Adding work to queue: vurqhuo
Adding work to queue: cmfvcff
Adding work to queue: wlqhohh
Adding work to queue: tvgsghj
Adding work to queue: hrbjebo
Adding work to queue: dbxbbfg
Adding work to queue: xsmbteo
Adding work to queue: pkgoepe
Adding work to queue: wtriwes
Adding work to queue: oiomgnd
Adding work to queue: aayguqi
Adding work to queue: tpbgluz
Adding work to queue: mfcoxez
Adding work to queue: tigqsqj
Adding work to queue: uoirhhl
Adding work to queue: zwxkjnb
Adding work to queue: xxybolc
Adding work to queue: ezhbkhb
Adding work to queue: zrwerzh
Adding work to queue: yjgfrfp
Adding work to queue: rgjldux
Adding work to queue: amaxacg
Adding work to queue: wlmtiau
Adding work to queue: uosuiev
Adding work to queue: isqvtzv
Adding work to queue: jbyhecc
Adding work to queue: lzdpbvs
Adding work to queue: fbntqhr
Adding work to queue: nxhosnj
Adding work to queue: lwcegeb
Adding work to queue: rbfoicz
Adding work to queue: fwcxpei
Adding work to queue: ftulflk
Adding work to queue: fwsrodl
Adding work to queue: rnjqoph
Adding work to queue: dwuzwaf
Adding work to queue: gjxekvi
Adding work to queue: ujimhrn
Adding work to queue: bmnucsv
Adding work to queue: twxapph
Adding work to queue: imwcwgd
Adding work to queue: smpyllo
Adding work to queue: cweqatp
Adding work to queue: iljfcvu
Adding work to queue: pxhssue
Adding work to queue: bnouuwq
Adding work to queue: fuxxdkd
Processing batch, queue size: 48
Adding work to queue: dhffzjy
Adding work to queue: mrmwqsw
Adding work to queue: kzitwac
Adding work to queue: vaqnurr
Adding work to queue: btxuqdw
Adding work to queue: pfvfral
Adding work to queue: zgzfxbv
Adding work to queue: tqrdgcg
Adding work to queue: fdatbls
Adding work to queue: cecqfwi
Adding work to queue: hpdyfif
Adding work to queue: qkvvbvy
Adding work to queue: offbbti
Adding work to queue: santlgm
Adding work to queue: zrbhdoz
Adding work to queue: gaysqhe
Adding work to queue: cnpmrzv
Adding work to queue: atcrurz
Adding work to queue: klkbyeg
Adding work to queue: okxtdzi
Adding work to queue: tmxvksg
Adding work to queue: umhxqnf
Adding work to queue: reipuap
Adding work to queue: okrqvwb
Adding work to queue: nctqkcd
Adding work to queue: xgfgrcu
Adding work to queue: inklhld
Adding work to queue: ndqnhcg
Adding work to queue: dgjqpdq
Adding work to queue: uwiuypq
Adding work to queue: uytsebu
Adding work to queue: zkbvqyj
Adding work to queue: jsmpsng
Processing batch, queue size: 33
Adding work to queue: qydxhxr
Adding work to queue: bufbtdn
Adding work to queue: ndpypet
Adding work to queue: necxiln
Adding work to queue: rhrrvdj
Adding work to queue: siaasbv
Adding work to queue: lajouun
Adding work to queue: bsxdtcc
Adding work to queue: wesadhn
Adding work to queue: kkovwvu
Adding work to queue: xcegfai
Adding work to queue: siqvrex
Adding work to queue: yuovaoa
Processing batch, queue size: 13
Adding work to queue: acfnyon
Adding work to queue: wqcpbyr
Adding work to queue: lndveva
Adding work to queue: iakxwfa
Adding work to queue: mfsrgoq
Adding work to queue: ilimoyl
Adding work to queue: cgalszq
Adding work to queue: bzxfivx
Adding work to queue: iovlzpx
Adding work to queue: adfdffn
Adding work to queue: dxgehnt
Adding work to queue: xrgeexx
Adding work to queue: ovfxvxy
Adding work to queue: ouloqrw
Adding work to queue: nvcmmrc
Adding work to queue: nmsrbin
Adding work to queue: lucroag
Adding work to queue: xwjnrcx
Adding work to queue: whsvbup
Processing batch, queue size: 19
Adding work to queue: zklehzz
Adding work to queue: fcmdyqi
Adding work to queue: ffkdmcl
Adding work to queue: qcgmtop
Adding work to queue: swcknbl
Adding work to queue: yhwfqyd
Adding work to queue: zhgiuti
Adding work to queue: kzgmcll
Processing batch, queue size: 8
Adding work to queue: gfziqlo
Adding work to queue: olmadho
Adding work to queue: iktahyz
Processing batch, queue size: 3
Adding work to queue: duccesj
Processing batch, queue size: 1
Adding work to queue: tcbrxxq
Adding work to queue: tfwvehf
Adding work to queue: bhmuium
Adding work to queue: ezyaped
Adding work to queue: zrvezfs
Adding work to queue: icxhfvl
Adding work to queue: yihbksu
Adding work to queue: yvnghic
Adding work to queue: lhpyhjy
Adding work to queue: yhurvzu
Adding work to queue: qjsbnue
Adding work to queue: ywiifox
Adding work to queue: ujsagxu
Adding work to queue: pkrqraz
Adding work to queue: dwhcspq
Adding work to queue: pzkzstx
Adding work to queue: bldseow
Adding work to queue: ehjdgfr
Adding work to queue: njwtlec
Adding work to queue: xrttzcq
Adding work to queue: mdmscwu
Adding work to queue: bxeelpd
Processing batch, queue size: 22
Adding work to queue: dyvjsdw
Adding work to queue: svtlcfx
Adding work to queue: mkkjvqb
Adding work to queue: ifbslis
Adding work to queue: eyycafm
Adding work to queue: xclgfgo
Adding work to queue: vpaijtg
Adding work to queue: smuuxgt
Adding work to queue: gqatzxn
Adding work to queue: agundjh
Adding work to queue: qnbixqk
Adding work to queue: utlaoxp
Adding work to queue: ahtizek
Adding work to queue: qejrcrt
Adding work to queue: vqjafmv
Adding work to queue: bkivmyp
Processing batch, queue size: 16
Adding work to queue: wfaqtpx
Adding work to queue: izvavok
Adding work to queue: fccexkj
Adding work to queue: buqksmt
Adding work to queue: mcycmtv
Adding work to queue: zdrgplj
Adding work to queue: iwrxtkm
Adding work to queue: emiwcdu
Adding work to queue: jhzkgwr
Adding work to queue: nspccgr
Adding work to queue: xjdvscb
Adding work to queue: amdkdpi
Adding work to queue: mgvgnsd
Adding work to queue: bpjoeqb
Processing batch, queue size: 14
Adding work to queue: xltwgfm
Adding work to queue: jjmrvnn
Adding work to queue: hrlsxyb
Adding work to queue: zdauult
Adding work to queue: qjgliwr
Adding work to queue: ohbbyvc
Adding work to queue: luueabt
Adding work to queue: iuzgved
Adding work to queue: wtfygdv
Adding work to queue: ygkpvlj
Adding work to queue: xfrugoo
Adding work to queue: jjfjftm
Adding work to queue: icezlik
Adding work to queue: fymvyhq
Adding work to queue: szjctnb
Adding work to queue: ebrnvor
Adding work to queue: zmynqrb
Adding work to queue: avgzdrp
Adding work to queue: iksxuhz
Adding work to queue: hqgdetk
Adding work to queue: veyrtox
Adding work to queue: rbpbcmy
Adding work to queue: vqmfqux
Adding work to queue: yndmhgj
Adding work to queue: hgpkqtp
Adding work to queue: bcirrok
Adding work to queue: xluivhb
Adding work to queue: lnjwohs
Adding work to queue: rtodbxe
Adding work to queue: cjktqhn
Adding work to queue: qgbcfoi
Adding work to queue: yhfvhwo
Adding work to queue: iuoqebt
Adding work to queue: udifqzo
Adding work to queue: jxxtuxd
Adding work to queue: xjyibxy
Adding work to queue: lwatvmr
Adding work to queue: jqegamo
Adding work to queue: bbpzgoy
Processing batch, queue size: 39
Adding work to queue: pwqanpg
Adding work to queue: aclkwre
Adding work to queue: wfqezgr
Adding work to queue: hvjlbcd
Adding work to queue: Pausing: active threads: 8
znnlwtb
Adding work to queue: apukezr
Adding work to queue: eqqamtz
Adding work to queue: toginuy
Adding work to queue: wsttlrc
Adding work to queue: dqrenya
Adding work to queue: dylajka
Adding work to queue: ysovmho
Adding work to queue: nicdhzv
Adding work to queue: pewvzxg
Adding work to queue: aqudftz
Adding work to queue: jajqnaq
Adding work to queue: dinixkl
Adding work to queue: hpqxssl
Adding work to queue: sdfaebt
Adding work to queue: kyffnql
Adding work to queue: orxegem
Adding work to queue: toysqao
Adding work to queue: jzgajbc
Adding work to queue: bfvhffw
Adding work to queue: kfzmavv
Adding work to queue: lymqlxa
Adding work to queue: vlhxwbw
Adding work to queue: vyqkueh
Processing batch, queue size: 28
Adding work to queue: bixsogm
Adding work to queue: jblpcew
Adding work to queue: hofbowv
Adding work to queue: evbrrug
Adding work to queue: wnufplu
Adding work to queue: bcoajzi
Adding work to queue: ufxsepr
Adding work to queue: cdvncgi
Adding work to queue: dnnmmkl
Adding work to queue: myszbcr
Adding work to queue: jaryhod
Adding work to queue: lmmsmds
Adding work to queue: lnaucbl
Adding work to queue: mhzlohh
Adding work to queue: egxeupv
Adding work to queue: hrebkuu
Adding work to queue: ewkwpch
Adding work to queue: dvkjrsk
Adding work to queue: kjmgtuv
Adding work to queue: ahxkopp
Adding work to queue: bzwhira
Adding work to queue: fkujwyg
Adding work to queue: wkwgqdw
Adding work to queue: xirouhf
Adding work to queue: rhhppbc
Adding work to queue: nxtkslj
Adding work to queue: qxkhwla
Adding work to queue: kiyqfvs
Adding work to queue: ycunvow
Adding work to queue: oevmvty
Adding work to queue: grriqaw
Adding work to queue: tvivszt
Adding work to queue: tklyhhc
Adding work to queue: vtlsvav
Adding work to queue: cevgpty
Adding work to queue: zpyrxwj
Adding work to queue: nvexvkp
Adding work to queue: orxgffq
Processing batch, queue size: 38
Adding work to queue: tysagqx
Adding work to queue: brasncd
Adding work to queue: vcpqcze
Adding work to queue: fvjciou
Adding work to queue: sajrfqr
Adding work to queue: ktmwkls
Adding work to queue: kpmjoqe
Adding work to queue: obnwtot
Adding work to queue: yhaekvz
Adding work to queue: yryichm
Adding work to queue: rzyywvh
Adding work to queue: ofxkqff
Adding work to queue: imqozgl
Adding work to queue: tihfenu
Adding work to queue: aovgmdx
Adding work to queue: kuewpdx
Processing batch, queue size: 16
Adding work to queue: tpwttus
Adding work to queue: wzijftg
Adding work to queue: fspaytt
Adding work to queue: mzajrki
Adding work to queue: dbxqcig
Adding work to queue: gcdyoia
Adding work to queue: tsfyinc
Adding work to queue: gjpwykq
Processing batch, queue size: 8
Adding work to queue: irrodkt
Adding work to queue: sisoiqp
Adding work to queue: gfjummu
Adding work to queue: wmeyfcn
Adding work to queue: uamzxob
Adding work to queue: xiggpid
Adding work to queue: qxrvxtp
Adding work to queue: oblcjct
Adding work to queue: wfiucyu
Adding work to queue: okdihqh
Adding work to queue: bjngqjz
Adding work to queue: kmmerbp
Adding work to queue: hkeyqkg
Adding work to queue: imbxrku
Adding work to queue: rooxxdt
Adding work to queue: qqmfiyb
Adding work to queue: mzmfrvq
Adding work to queue: bgmglxa
Adding work to queue: jqkahuh
Adding work to queue: jzrkixb
Adding work to queue: dkpyqnn
Adding work to queue: pzwejxc
Adding work to queue: shdvhlv
Adding work to queue: wfwjrie
Adding work to queue: thgdfgv
Adding work to queue: przczxg
Adding work to queue: lxtlsam
Adding work to queue: sgbwyrw
Adding work to queue: honsnrt
Adding work to queue: ipobmhe
Adding work to queue: ntmypiy
Adding work to queue: hksjhbc
Processing batch, queue size: 32
Adding work to queue: euvrikj
Adding work to queue: egzrgvn
Adding work to queue: xddjfrq
Adding work to queue: gkhemgm
Adding work to queue: ykwvmun
Adding work to queue: ewkadvj
Adding work to queue: gepbnmx
Adding work to queue: fdvkyox
Adding work to queue: gujfydi
Adding work to queue: xpjjzfs
Adding work to queue: zbudqtv
Adding work to queue: sinjzoi
Adding work to queue: tvafpll
Processing batch, queue size: 13
Adding work to queue: nlqkdxo
Adding work to queue: gdtcxpr
Adding work to queue: budayfo
Adding work to queue: caugncw
Adding work to queue: oyfmusf
Adding work to queue: nlewcki
Adding work to queue: fuqtjem
Adding work to queue: ucozoxg
Adding work to queue: wlwfqcg
Adding work to queue: gmsncuq
Adding work to queue: asmjubl
Adding work to queue: cidtsfc
Adding work to queue: nltrmze
Adding work to queue: qoajrsj
Adding work to queue: fdiifbn
Adding work to queue: bddnlki
Adding work to queue: uudiflc
Adding work to queue: nchmehc
Adding work to queue: zxqdkeg
Adding work to queue: vwgcyod
Adding work to queue: kaxiirm
Adding work to queue: kbimboq
Adding work to queue: thcsfkp
Adding work to queue: zxjupie
Adding work to queue: bqqlpec
Processing batch, queue size: 25
Adding work to queue: abwofgr
Adding work to queue: qhvjtxl
Adding work to queue: mgqfozr
Adding work to queue: smntldm
Adding work to queue: vpixjvy
Adding work to queue: azsogyl
Adding work to queue: hxqdvdd
Adding work to queue: etfuako
Adding work to queue: kmmbkmd
Adding work to queue: efqrgrx
Adding work to queue: oiwqhsk
Adding work to queue: cvpbmrz
Adding work to queue: rcdkzhm
Adding work to queue: uerggvb
Adding work to queue: jzpaghs
Processing batch, queue size: 15
Adding work to queue: iemtmhd
Adding work to queue: dbqtllm
Adding work to queue: lryvhvq
Adding work to queue: mflwbky
Adding work to queue: fdhrney
Processing batch, queue size: 5
Adding work to queue: vhbjijx
Adding work to queue: ipwhffo
Processing batch, queue size: 2
Adding work to queue: ilpfxrl
Adding work to queue: dwzvfcy
Adding work to queue: diwljnm
Adding work to queue: ldtidkj
Adding work to queue: lrhjrih
Adding work to queue: hqtwhse
Adding work to queue: tchtltd
Adding work to queue: rirknkb
Adding work to queue: ohuybbs
Adding work to queue: ofcfuug
Adding work to queue: hsjrlmj
Adding work to queue: cbnseqn
Adding work to queue: dkacykf
Adding work to queue: qdncvcd
Adding work to queue: nlegyjp
Processing batch, queue size: 15
Adding work to queue: lkkovmd
Adding work to queue: alloijy
Adding work to queue: hmxehnl
Adding work to queue: eorbgwr
Adding work to queue: czzvnzc
Adding work to queue: busnpvd
Adding work to queue: xfnyvep
Adding work to queue: jptbmav
Adding work to queue: nhrjvke
Adding work to queue: wwrjbff
Adding work to queue: lrhepci
Adding work to queue: rizgthu
Adding work to queue: zddjxof
Adding work to queue: hpigyec
Adding work to queue: rtxywsy
Processing batch, queue size: 15
Adding work to queue: lyggowa
Adding work to queue: eyzlaou
Adding work to queue: zlxidaf
Adding work to queue: ccwxevf
Adding work to queue: ehiwitz
Adding work to queue: ceixdgq
Adding work to queue: gcbmggk
Adding work to queue: fkixwfg
Adding work to queue: dzkjyhv
Adding work to queue: ycshhjd
Adding work to queue: edalxzi
Adding work to queue: bpspuia
Adding work to queue: mvmcnvj
Adding work to queue: tffwtjt
Adding work to queue: bzsqqds
Adding work to queue: tnaalxz
Adding work to queue: yckzlti
Adding work to queue: couxeil
Adding work to queue: ccsrpjz
Adding work to queue: czjyvrv
Adding work to queue: yldafvu
Adding work to queue: mcpyvqn
Adding work to queue: uowhilt
Adding work to queue: xeizryp
Adding work to queue: advqhsm
Adding work to queue: cdijetr
Adding work to queue: kpadswj
Processing batch, queue size: 27
Adding work to queue: lmgenbn
Adding work to queue: qlpbdno
Adding work to queue: gtaptax
Adding work to queue: mtywwhv
Adding work to queue: oapaejh
Adding work to queue: vdblrja
Adding work to queue: stjrvej
Adding work to queue: xghobwc
Adding work to queue: mbwulyl
Adding work to queue: zmcumjh
Adding work to queue: edkhphq
Adding work to queue: dnawxtf
Adding work to queue: ldsajjc
Adding work to queue: ncpdtvs
Adding work to queue: kfmzwiu
Adding work to queue: fsfnavk
Adding work to queue: abvbxlj
Adding work to queue: jaafocv
Adding work to queue: tpttikv
Adding work to queue: jvdlslx
Adding work to queue: kttaaie
Adding work to queue: ekyvfjn
Adding work to queue: qiuncls
Adding work to queue: ojnzqlu
Adding work to queue: pimcrqf
Adding work to queue: qmgdmxd
Adding work to queue: gttifzr
Adding work to queue: dlxlzpi
Adding work to queue: wciqprc
Adding work to queue: ghemtyh
Adding work to queue: skoolla
Adding work to queue: pyenqkq
Adding work to queue: ogvboel
Adding work to queue: dwdxlzc
Adding work to queue: gtclpqv
Adding work to queue: zbmbhex
Adding work to queue: nfsnwxo
Adding work to queue: skgjvcy
Adding work to queue: sjabuwc
Adding work to queue: lqfhzah
Adding work to queue: xfukutt
Adding work to queue: agsqnmr
Adding work to queue: zxeeaxx
Adding work to queue: rhzajar
Adding work to queue: udxlhbd
Adding work to queue: lpeqxhk
Adding work to queue: acdcesy
Adding work to queue: kskgbze
Adding work to queue: upzpfxv
Adding work to queue: hgrraiv
Adding work to queue: bsomxmf
Adding work to queue: ksgnayu
Adding work to queue: zaquxve
Adding work to queue: rloppdw
Adding work to queue: gvwicit
Adding work to queue: rgzurvl
Adding work to queue: cqcikvf
Adding work to queue: mjjqorh
Adding work to queue: phryjjk
Adding work to queue: chssqnf
Adding work to queue: dzliega
Processing batch, queue size: 61
Adding work to queue: kvmtcqd
Adding work to queue: bbcxqgk
Adding work to queue: xacastj
Adding work to queue: onqgqux
Adding work to queue: pzmmjes
Adding work to queue: zkhqzta
Adding work to queue: ijnwrhv
Adding work to queue: evgdzxx
Adding work to queue: fobpthc
Adding work to queue: fsazwyz
Adding work to queue: jtcnlps
Adding work to queue: jpiizjh
Adding work to queue: mdbafgj
Adding work to queue: smlqqup
Adding work to queue: zvpgsok
Adding work to queue: ubtqipm
Adding work to queue: kqpoxil
Adding work to queue: nbhxkws
Adding work to queue: ieukgnv
Adding work to queue: djcvtgp
Adding work to queue: mlqmitx
Adding work to queue: vhjwwpa
Adding work to queue: iccnxcm
Adding work to queue: cdthkgl
Processing batch, queue size: 24
Adding work to queue: pycalfq
Adding work to queue: iyuhlyv
Adding work to queue: kbvlpox
Adding work to queue: gscgjtm
Adding work to queue: yfoqvge
Adding work to queue: dyteonf
Adding work to queue: auwbkct
Adding work to queue: fixqxfb
Adding work to queue: blxwmhz
Adding work to queue: dutydwv
Processing batch, queue size: 10
Adding work to queue: ddwyotp
Adding work to queue: eyjcphq
Adding work to queue: zrewide
Adding work to queue: pqjvltb
Adding work to queue: dxgynjy
Adding work to queue: vxteovb
Adding work to queue: wrzkgmf
Adding work to queue: vsdnvpl
Adding work to queue: mgbbkst
Adding work to queue: kzwbjlv
Processing batch, queue size: 10
Adding work to queue: uelygtx
Adding work to queue: mvaxvvt
Adding work to queue: fqjphvp
Adding work to queue: riauapm
Adding work to queue: ddqxowt
Adding work to queue: wxtipyw
Adding work to queue: dhssaoh
Adding work to queue: dcfnscz
Adding work to queue: hjuwxca
Adding work to queue: kftuywy
Adding work to queue: jjtommq
Adding work to queue: sjwpkms
Adding work to queue: olyopmb
Adding work to queue: ioyfzvo
Adding work to queue: osacuze
Adding work to queue: dftnxrg
Adding work to queue: qlmrfny
Adding work to queue: tcrtnhn
Adding work to queue: pqjhwry
Adding work to queue: uztvdtw
Adding work to queue: pxolerr
Adding work to queue: hyhsyvc
Adding work to queue: weksdnw
Adding work to queue: jcyaiks
Adding work to queue: xsncvzj
Adding work to queue: wgyfeun
Adding work to queue: wpscmfo
Adding work to queue: kmrvhqg
Adding work to queue: vshljhv
Adding work to queue: xnrpqeg
Adding work to queue: cbwqboc
Adding work to queue: meofdrl
Adding work to queue: uvrmofg
Adding work to queue: oglwjbs
Adding work to queue: epibxfy
Adding work to queue: xmycxds
Adding work to queue: sllekqm
Adding work to queue: ijvglzj
Adding work to queue: evtaupr
Adding work to queue: smlpsrq
Adding work to queue: xgxdwfc
Adding work to queue: plgkedc
Adding work to queue: ggpdqqk
Adding work to queue: fzufxzc
Adding work to queue: qqbkjpy
Adding work to queue: pdttawy
Adding work to queue: zqfrjkq
Adding work to queue: ylrvztz
Adding work to queue: xvuyjlp
Adding work to queue: mfzyvlt
Adding work to queue: iempnxy
Adding work to queue: ibrelwm
Adding work to queue: swcpdwt
Adding work to queue: wypqbss
Adding work to queue: vnsrodc
Adding work to queue: nbagzgu
Adding work to queue: drcluyu
Pausing: active threads: 8
Adding work to queue: mwvqkkb
Pausing: active threads: 7
Pausing: active threads: 6
Pausing: active threads: 5
Pausing: active threads: 4
Pausing: active threads: Adding work to queue: rumuiii
Adding work to queue: 3
tudpqfyPausing: active threads: 2
Pausing: active threads: 1
Adding work to queue: dzvwple

Teardown: all threads stopped
Adding work to queue: aazevqz
Adding work to queue: zeiefzk
Adding work to queue: szgtrjo
Adding work to queue: rzopqpy
Adding work to queue: jzyrkgy
Adding work to queue: kkfzdqg
Adding work to queue: zoshbgr
Adding work to queue: ywvkqzg
Adding work to queue: ldydymq
Adding work to queue: tnhieoj
Adding work to queue: ifjftwc
Adding work to queue: zsogkua
Adding work to queue: hfxgkpa
Adding work to queue: wehmgkj
Adding work to queue: scjpgvz
Teardown: all threads stoppedProcessing batch, queue size: 76

Run behaviours time:9498930
Adding work to queue: kqdjsck
Adding work to queue: xfxoamn[report]: insert_overall_duration_ns : 9498930

[report]: insert_overall_operation_number