/users/Xuran/hash_rt/build/hash_rt --num_threads=18 --str_key_size=8 --str_value_size=100 --num_ops=5000000 --first_mode=true --work_usec=0 --batch_size=80
Harness starting.
 /users/Xuran/hash_rt/build/hash_rt --num_threads=18 --str_key_size=8 --str_value_size=100 --num_ops=5000000 --first_mode=true --work_usec=0 --batch_size=80 --seed 8169694
Init time:2346617093
Scheduler cores: 9
External thread 0 is running on core 9
External thread 1 is running on core 10
External thread 2 is running on core 11
External thread 3 is running on core 12
External thread 4 is running on core 13
External thread 5 is running on core 14
External thread 6 is running on core 15
External thread 7 is running on core 16
External thread 8 is running on core 17
Pausing: active threads: 9
Pausing: active threads: 8
Pausing: active threads: 7
Pausing: active threads: 6
Pausing: active threads: 5
Pausing: active threads: 4
Pausing: active threads: 3
Pausing: active threads: 2
Pausing: active threads: 1
Teardown: all threads stopped
[report]: insert_run_time_ns : 461741258
[report]: scheduler_total_when_schedules : 4807652
[report]: scheduler_total_when_time_ns : 3162838645
Teardown: all threads stopped
[report]: insert_overall_operation_number : 4660238
[report]: insert_overall_throughput : 10092747.657390
[report]: scheduler_avg_when_time_ns : 657.875954
[report]: insert_avg_insert_time_ns : 99.000000
/users/Xuran/hash_rt/build/hash_rt --num_threads=19 --str_key_size=8 --str_value_size=100 --num_ops=5000000 --first_mode=true --work_usec=0 --batch_size=80
Harness starting.
 /users/Xuran/hash_rt/build/hash_rt --num_threads=19 --str_key_size=8 --str_value_size=100 --num_ops=5000000 --first_mode=true --work_usec=0 --batch_size=80 --seed 2343628658
Init time:2354635265
Scheduler cores: 10
External thread 0 is running on core 10
External thread 1 is running on core 11
External thread 2 is running on core 12
External thread 3 is running on core 13
External thread 4 is running on core 14
External thread 5 is running on core 15
External thread 6 is running on core 16
External thread 7 is running on core 17
External thread 8 is running on core 18
Pausing: active threads: 10
Pausing: active threads: 9
Pausing: active threads: 8
Pausing: active threads: 7
Pausing: active threads: 6
Pausing: active threads: 5
Pausing: active threads: 4
Pausing: active threads: 3
Pausing: active threads: 2
Pausing: active threads: 8
Pausing: active threads: 9
Pausing: active threads: 8
Pausing: active threads: 7
Pausing: active threads: 6
Pausing: active threads: 5
Pausing: active threads: 4
Pausing: active threads: 3
Pausing: active threads: 2
Pausing: active threads: 1
Teardown: all threads stopped
[report]: insert_run_time_ns : 413609813
[report]: scheduler_total_when_schedules : 3676931
[report]: scheduler_total_when_time_ns : 4137845987
Teardown: all threads stopped
[report]: insert_overall_operation_number : 3607726
[report]: insert_overall_throughput : 8722534.830188
[report]: scheduler_avg_when_time_ns : 1125.353178
[report]: insert_avg_insert_time_ns : 114.000000
