/users/Xuran/hash_rt/build/hash_rt --num_threads=14 --str_key_size=8 --str_value_size=100 --num_ops=5000000 --first_mode=true --work_usec=0 --batch_size=80
Harness starting.
 /users/Xuran/hash_rt/build/hash_rt --num_threads=14 --str_key_size=8 --str_value_size=100 --num_ops=5000000 --first_mode=true --work_usec=0 --batch_size=80 --seed 1077390250
Init time:2342214559
Scheduler cores: 5
External thread 1 is running on core 6
External thread 2 is running on core 7
External thread 0 is running on core 5External thread 3 is running on core 8
External thread 4 is running on core 9
External thread 5 is running on core 10
External thread 6 is running on core 11
External thread 7 is running on core 12
External thread 8
 is running on core 13
Total scheduler time:3197264545
Pausing: active threads: 5
Pausing: active threads: 4
Pausing: active threads: 3
Pausing: active threads: 2
Pausing: active threads: 1
Teardown: all threads stopped
[report]: insert_run_time_ns : 1097690798
[report]: scheduler_total_when_schedules : 5000000
[report]: scheduler_total_when_time_ns : 2810219907
Teardown: all threads stopped
[report]: insert_overall_operation_number : 4836237
[report]: insert_overall_throughput : 4405828.133762
[report]: scheduler_avg_when_time_ns : 562.043981
[report]: insert_avg_insert_time_ns : 226.000000
/users/Xuran/hash_rt/build/hash_rt --num_threads=15 --str_key_size=8 --str_value_size=100 --num_ops=5000000 --first_mode=true --work_usec=0 --batch_size=80
Harness starting.
 /users/Xuran/hash_rt/build/hash_rt --num_threads=15 --str_key_size=8 --str_value_size=100 --num_ops=5000000 --first_mode=true --work_usec=0 --batch_size=80 --seed 693723702
Init time:2333037019
Scheduler cores: 6
External thread 0 is running on core 6
External thread 1 is running on core 7
External thread 2 is running on core 8
External thread 3 is running on core 9
External thread 4 is running on core 10
External thread 5 is running on core 11
External thread 6 is running on core 12
External thread 7 is running on core 13
External thread 8 is running on core 14
Pausing: active threads: 6
Pausing: active threads: 5
Pausing: active threads: 4
Pausing: active threads: 3
Pausing: active threads: 2
Pausing: active threads: 4
Pausing: active threads: 6
Pausing: active threads: 6
Pausing: active threads: 6
Pausing: active threads: 6
Pausing: active threads: 6
Pausing: active threads: 5
Pausing: active threads: 4
Pausing: active threads: 3
Pausing: active threads: 2
Pausing: active threads: 1
Teardown: all threads stopped
[report]: insert_run_time_ns : 686281406
[report]: scheduler_total_when_schedules : 4900763
[report]: scheduler_total_when_time_ns : 3521862990
Teardown: all threads stopped
[report]: insert_overall_operation_number : 4745490
[report]: insert_overall_throughput : 6914787.372223
[report]: scheduler_avg_when_time_ns : 718.635647
[report]: insert_avg_insert_time_ns : 144.000000
