/users/Xuran/hash_rt/build/hash_rt --num_threads=12 --str_key_size=8 --str_value_size=100 --num_ops=5000000 --first_mode=true --work_usec=0 --batch_size=80
Harness starting.
 /users/Xuran/hash_rt/build/hash_rt --num_threads=12 --str_key_size=8 --str_value_size=100 --num_ops=5000000 --first_mode=true --work_usec=0 --batch_size=80 --seed 1534214982
Init time:2339460241
Scheduler cores: 3
External thread 0 is running on core 3
External thread 1 is running on core 4
External thread 2 is running on core 5
External thread 3 is running on core 6
External thread 4 is running on core 7
External thread 5 is running on core 8
External thread 6 is running on core 9
External thread 7 is running on core 10
External thread 8 is running on core 11
Total scheduler time:3493231442
Pausing: active threads: 3
Pausing: active threads: 2
Pausing: active threads: 1
Teardown: all threads stopped
[report]: insert_run_time_ns : 1424807400
[report]: scheduler_total_when_schedules : 5000000
[report]: scheduler_total_when_time_ns : 2852832811
Teardown: all threads stopped
[report]: insert_overall_operation_number : 4835050
[report]: insert_overall_throughput : 3393476.198959
[report]: scheduler_avg_when_time_ns : 570.566562
[report]: insert_avg_insert_time_ns : 294.000000
/users/Xuran/hash_rt/build/hash_rt --num_threads=13 --str_key_size=8 --str_value_size=100 --num_ops=5000000 --first_mode=true --work_usec=0 --batch_size=80
Harness starting.
 /users/Xuran/hash_rt/build/hash_rt --num_threads=13 --str_key_size=8 --str_value_size=100 --num_ops=5000000 --first_mode=true --work_usec=0 --batch_size=80 --seed 1625847894
Init time:2337154134
Scheduler cores: 4
External thread 0 is running on core 4
External thread 1 is running on core 5
External thread 2 is running on core 6
External thread 3 is running on core 7
External thread 4 is running on core 8
External thread 5 is running on core 9
External thread 6 is running on core 10
External thread 7 is running on core 11
External thread 8 is running on core 12
Total scheduler time:3554909245
Pausing: active threads: 4
Pausing: active threads: 3
Pausing: active threads: 2
Pausing: active threads: 1
Teardown: all threads stopped
[report]: insert_run_time_ns : 1196327809
[report]: scheduler_total_when_schedules : 5000000
[report]: scheduler_total_when_time_ns : 2906666102
Teardown: all threads stopped
[report]: insert_overall_operation_number : 4836893
[report]: insert_overall_throughput : 4043116.747443
[report]: scheduler_avg_when_time_ns : 581.333220
[report]: insert_avg_insert_time_ns : 247.000000
