/users/Xuran/hash_rt/build/hash_rt --num_threads=8 --str_key_size=8 --str_value_size=100 --num_ops=1000000 --first_mode=true --work_usec=0
Running with 8 cores
Init time:9108836832
Init scheduler time:140560
Schedule behaviours time:3353366890
Pausing: active threads: 8
Pausing: active threads: 7
Pausing: active threads: 6
Pausing: active threads: 5
Pausing: active threads: 4
Pausing: active threads: 3
Pausing: active threads: 2
Pausing: active threads: 1
Teardown: all threads stopped
Run behaviours time:208435475
[report]: insert_overall_duration_ns : 208435475
[report]: insert_overall_operation_number : 1000000
[report]: insert_overall_throughput : 4797647.809232
/users/Xuran/hash_rt/build/hash_rt --num_threads=9 --str_key_size=8 --str_value_size=100 --num_ops=1000000 --first_mode=true --work_usec=0
Running with 9 cores
Init time:8983778882
Init scheduler time:136310
Schedule behaviours time:3352183533
Pausing: active threads: 9
Pausing: active threads: 8
Pausing: active threads: 7
Pausing: active threads: 6
Pausing: active threads: 5
Pausing: active threads: 4
Pausing: active threads: 3
Pausing: active threads: 2
Pausing: active threads: 1
Teardown: all threads stopped
Run behaviours time:186329956
[report]: insert_overall_duration_ns : 186329956
[report]: insert_overall_operation_number : 1000000
[report]: insert_overall_throughput : 5366823.571836
