/users/Xuran/hash_rt/build/hash_rt --num_threads=2 --str_key_size=8 --str_value_size=100 --num_ops=1000000 --first_mode=true --work_usec=0
Running with 2 cores
Init time:8908936029
Init scheduler time:115211
Schedule behaviours time:3347947800
Pausing: active threads: 2
Pausing: active threads: 1
Teardown: all threads stopped
Run behaviours time:763018986
[report]: insert_overall_duration_ns : 763018986
[report]: insert_overall_operation_number : 1000000
[report]: insert_overall_throughput : 1310583.377803
/users/Xuran/hash_rt/build/hash_rt --num_threads=3 --str_key_size=8 --str_value_size=100 --num_ops=1000000 --first_mode=true --work_usec=0
Running with 3 cores
Init time:8924568003
Init scheduler time:129237
Schedule behaviours time:3439979633
Pausing: active threads: 3
Pausing: active threads: 2
Pausing: active threads: 1
Teardown: all threads stopped
Run behaviours time:516707949
[report]: insert_overall_duration_ns : 516707949
[report]: insert_overall_operation_number : 1000000
[report]: insert_overall_throughput : 1935329.235665
