GNU gdb (Ubuntu 12.1-0ubuntu1~22.04) 12.1
Copyright (C) 2022 Free Software Foundation, Inc.
License GPLv3+: GNU GPL version 3 or later <http://gnu.org/licenses/gpl.html>
This is free software: you are free to change and redistribute it.
There is NO WARRANTY, to the extent permitted by law.
Type "show copying" and "show warranty" for details.
This GDB was configured as "x86_64-linux-gnu".
Type "show configuration" for configuration details.
For bug reporting instructions, please see:
<https://www.gnu.org/software/gdb/bugs/>.
Find the GDB manual and other documentation resources online at:
    <http://www.gnu.org/software/gdb/documentation/>.

For help, type "help".
Type "apropos word" to search for commands related to "word"...
Reading symbols from ./hash_rt...
[?2004h(gdb) r
[?2004lStarting program: /mnt/nvme0/home/gxr/Myhash_boc/Hash_rt/build/hash_rt 
[Thread debugging using libthread_db enabled]
Using host libthread_db library "/lib/x86_64-linux-gnu/libthread_db.so.1".
Set fair: 1
Init runtime
Scheduler Thread created
Scheduler Thread created
Runtime initialised
Init time:1813758479
[New Thread 0x7fbfdf3e8640 (LWP 1192039)]
Starting all threads
[New Thread 0x7fbfdebe7640 (LWP 1192040)]
 batch_size: 4
BehaviourCore::schedule_many1
Prepare phase duration: 1190
Acquire phase duration: 380
[New Thread 0x7fbfde3e6640 (LWP 1192041)]
Exchange duration: 70
Release phase duration: 90
Process phase duration: 710
BehaviourCore::schedule_many1
Prepare phase duration: 170
Acquire phase duration: 390
Exchange duration: 270
Release phase duration: 40
Process phase duration: 160
BehaviourCore::schedule_many1
Prepare phase duration: 140
Acquire phase duration: 350
Exchange duration: 240
Release phase duration: 60
Process phase duration: 130
BehaviourCore::schedule_many1
Prepare phase duration: 150
Acquire phase duration: 270
Exchange duration: 180
Release phase duration: 50
Process phase duration: 140
this thread id: 140462060897856 completed_count_last_batch: 0
this thread id: 140462060897856 completed_count_last_batch: 4
 batch_size: 4
[New Thread 0x7fbfddbe5640 (LWP 1192042)]
this thread id: 2 completed_count_last_batch: 2
this thread id: 1 completed_count_last_batch: 2
this thread id: 2 completed_count_last_batch: 2
this thread id: 1 completed_count_last_batch: 2
get work duration: 4270
get work duration: 600
get body duration: 1190
get body duration: 180
run body duration: 7630
run body duration: 9130
release cown duration: 6490
release cown duration: 6830
dealloc behaviour duration: 30
dealloc behaviour duration: 30
dealloc work duration: 89320
dealloc work duration: 85100
this thread id: 2 completed_count_last_batch: 1
this thread id: 2 completed_count_last_batch: 1
this thread id: 1 completed_count_last_batch: 0
this thread id: 1 completed_count_last_batch: 0
get work duration: 520
get work duration: 570
get body duration: 50
get body duration: 40
run body duration: 1800
release cown duration: 370
run body duration: 1440
dealloc behaviour duration: 30
dealloc work duration: 390
release cown duration: 470
dealloc behaviour duration: 30
dealloc work duration: 420

Thread 1 "hash_rt" received signal SIGINT, Interrupt.
__futex_abstimed_wait_common64 (private=128, cancel=true, abstime=0x0, op=265, expected=1192041, futex_word=0x7fbfde3e6910) at ./nptl/futex-internal.c:57
57	./nptl/futex-internal.c: No such file or directory.
[?2004h[?2004l[?2004h(gdb) r[Kq
[?2004l[?2004hA debugging session is active.

	Inferior 1 [process 1192023] will be killed.

Quit anyway? (y or n) y
[?2004l