/users/Xuran/hash_rt/build/hash_rt --num_threads=8 --str_key_size=8 --str_value_size=100 --num_ops=5000000 --first_mode=true --work_usec=0 --batch_size=80
Harness starting.
 /users/Xuran/hash_rt/build/hash_rt --num_threads=8 --str_key_size=8 --str_value_size=100 --num_ops=5000000 --first_mode=true --work_usec=0 --batch_size=80 --seed 485217088
Init time:1175602951
Scheduler cores: 4
External thread 0 is running on core 4
External thread 1 is running on core 5
External thread 2 is running on core 6
External thread 3 is running on core 7
Pausing: active threads: 4
Pausing: active threads: 3
Pausing: active threads: 2
Pausing: active threads: 1
Teardown: all threads stopped

=== Thread 4 Steal Statistics ===
Total work items processed: 0
Steal attempts: 111057664
Successful steals: 2
Success rate: 1.80087e-06%

Steals from each victim:
  From thread 1: 1 steals
  From thread 3: 1 steals
===========================

=== Thread 3 Steal Statistics ===
Total work items processed: 839885
Steal attempts: 106231000
Successful steals: 677000
Success rate: 0.63729%

Steals from each victim:
  From thread 1: 173101 steals
  From thread 2: 170374 steals
  From thread 4: 333525 steals
===========================

=== Thread 2 Steal Statistics ===
Total work items processed: 839339
Steal attempts: 122009971
Successful steals: 755931
Success rate: 0.619565%

Steals from each victim:
  From thread 1: 112635 steals
  From thread 3: 154547 steals
  From thread 4: 488749 steals
===========================

=== Thread 1 Steal Statistics ===
Total work items processed: 908100
Steal attempts: 132615011
Successful steals: 801504
Success rate: 0.604384%

Steals from each victim:
  From thread 2: 191104 steals
  From thread 3: 182712 steals
  From thread 4: 427688 steals
===========================

=== Summary ===
Total work items: 2587324
Total steal attempts: 471913646
Total successful steals: 2234437
Overall success rate: 0.473484%
====================
[report]: insert_run_time_ns : 14175723824
[report]: scheduler_total_when_schedules : 5000000
[report]: scheduler_total_when_time_ns : 13096915137
Teardown: all threads stopped
[report]: insert_overall_operation_number : 4482158
[report]: insert_overall_throughput : 316185.477063
[report]: scheduler_avg_when_time_ns : 2619.383027
[report]: insert_avg_insert_time_ns : 3162.000000
terminate called without an active exception
