/mnt/nvme0/home/gxr/Myhash_boc/Hash_rt/build/hash_rt --num_threads_client=8 --num_threads_worker=1 --str_key_size=8 --str_value_size=100 --num_ops=100 --first_mode=true --work_usec=0 --batch_size=32
Set fair: 1
Init runtime
Scheduler Thread created
Runtime initialised
Init time:115731475
Prepare phase duration: 140
Acquire phase duration: 310
Exchange duration: 240
Release phase duration: 40
Process phase duration: 160
Resolve phase duration: 300
Prepare phase duration: 30
Acquire phase duration: 200
Exchange duration: 140
Release phase duration: 30
Process phase duration: 40
Resolve phase duration: 50
Prepare phase duration: 30
Acquire phase duration: 240
Exchange duration: 180
Release phase duration: 30
Process phase duration: 30
Resolve phase duration: 40
Prepare phase duration: 30
Acquire phase duration: 210
Exchange duration: 150
Release phase duration: 30
Process phase duration: 30
Resolve phase duration: 40
Prepare phase duration: 30
Acquire phase duration: 200
Exchange duration: 140
Release phase duration: 30
Process phase duration: 30
Resolve phase duration: 40
Prepare phase duration: 40
Acquire phase duration: 140
Exchange duration: 80
Release phase duration: 20
Process phase duration: 40
Resolve phase duration: 30
Prepare phase duration: 30
Acquire phase duration: 240
Exchange duration: 190
Release phase duration: 30
Process phase duration: 30
Resolve phase duration: 30
Prepare phase duration: 30
Acquire phase duration: 120
Exchange duration: 60
Release phase duration: 30
Process phase duration: 30
Resolve phase duration: 30
Prepare phase duration: 40
Acquire phase duration: 120
Exchange duration: 70
Release phase duration: 30
Process phase duration: 40
Resolve phase duration: 30
Prepare phase duration: 30
Acquire phase duration: 230
Exchange duration: 170
Release phase duration: 30
Process phase duration: 40
Resolve phase duration: 40
Prepare phase duration: 40
Acquire phase duration: 200
Exchange duration: 140
Release phase duration: 30
Process phase duration: 40
Resolve phase duration: 30
Prepare phase duration: 30
Acquire phase duration: 220
Exchange duration: 160
Release phase duration: 30
Process phase duration: 30
Resolve phase duration: 40
Prepare phase duration: 30
Acquire phase duration: 200
Exchange duration: 140
Release phase duration: 30
Process phase duration: 30
Resolve phase duration: 40
Prepare phase duration: 30
Acquire phase duration: 140
Exchange duration: 70
Release phase duration: 30
Process phase duration: 40
Resolve phase duration: 40
Prepare phase duration: 40
Acquire phase duration: 210
Exchange duration: 150
Release phase duration: 30
Process phase duration: 30
Resolve phase duration: 30
Prepare phase duration: 30
Acquire phase duration: 290
Exchange duration: 230
Release phase duration: 30
Process phase duration: 40
Resolve phase duration: 40
Prepare phase duration: 30
Acquire phase duration: 200
Exchange duration: 140
Release phase duration: 30
Process phase duration: 30
Resolve phase duration: 30
Prepare phase duration: 40
Acquire phase duration: 120
Exchange duration: 60
Release phase duration: 30
Process phase duration: 30
Resolve phase duration: 30
Prepare phase duration: 30
Acquire phase duration: 210
Exchange duration: 150
Release phase duration: 30
Process phase duration: 40
Resolve phase duration: 30
Prepare phase duration: 40
Acquire phase duration: 200
Exchange duration: 140
Release phase duration: 30
Process phase duration: 30
Resolve phase duration: 40
Prepare phase duration: 30
Acquire phase duration: 190
Exchange duration: 130
Release phase duration: 30
Process phase duration: 40
Resolve phase duration: 40
Prepare phase duration: 40
Acquire phase duration: 190
Exchange duration: 130
Release phase duration: 30
Process phase duration: 30
Resolve phase duration: 30
Prepare phase duration: 30
Acquire phase duration: 190
Exchange duration: 120
Release phase duration: 30
Process phase duration: 30
Resolve phase duration: 40
Prepare phase duration: 40
Acquire phase duration: 210
Exchange duration: 150
Release phase duration: 30
Process phase duration: 40
Resolve phase duration: 40
Prepare phase duration: 30
Acquire phase duration: 200
Exchange duration: 140
Release phase duration: 30
Process phase duration: 30
Resolve phase duration: 30
Prepare phase duration: 30
Acquire phase duration: 210
Exchange duration: 150
Release phase duration: 20
Process phase duration: 30
Resolve phase duration: 40
Prepare phase duration: 30
Acquire phase duration: 120
Exchange duration: 60
Release phase duration: 30
Process phase duration: 30
Resolve phase duration: 40
Prepare phase duration: 30
Acquire phase duration: 200
Exchange duration: 140
Release phase duration: 30
Process phase duration: 40
Resolve phase duration: 40
Prepare phase duration: 40
Acquire phase duration: 200
Exchange duration: 140
Release phase duration: 30
Process phase duration: 30
Resolve phase duration: 30
Prepare phase duration: 40
Acquire phase duration: 120
Exchange duration: 60
Release phase duration: 30
Process phase duration: 30
Resolve phase duration: 30
Prepare phase duration: 40
Acquire phase duration: 210
Exchange duration: 150
Release phase duration: 30
Process phase duration: 30
Resolve phase duration: 30
Prepare phase duration: 30
Acquire phase duration: 210
Exchange duration: 140
Release phase duration: 30
Process phase duration: 40
Resolve phase duration: 270
Prepare phase duration: 30
Acquire phase duration: 270
Exchange duration: 210
Release phase duration: 30
Process phase duration: 30
Resolve phase duration: 40
Prepare phase duration: 30
Acquire phase duration: 200
Exchange duration: 140
Release phase duration: 30
Process phase duration: 30
Resolve phase duration: 30
Prepare phase duration: 30
Acquire phase duration: 210
Exchange duration: 150
Release phase duration: 30
Process phase duration: 40
Resolve phase duration: 30
Prepare phase duration: 30
Acquire phase duration: 120
Exchange duration: 70
Release phase duration: 30
Process phase duration: 40
Resolve phase duration: 30
Prepare phase duration: 30
Acquire phase duration: 120
Exchange duration: 60
Release phase duration: 30
Process phase duration: 40
Resolve phase duration: 30
Prepare phase duration: 40
Acquire phase duration: 200
Exchange duration: 140
Release phase duration: 30
Process phase duration: 30
Resolve phase duration: 40
Prepare phase duration: 40
Acquire phase duration: 230
Exchange duration: 170
Release phase duration: 30
Process phase duration: 30
Resolve phase duration: 40
Prepare phase duration: 30
Acquire phase duration: 200
Exchange duration: 140
Release phase duration: 30
Process phase duration: 40
Resolve phase duration: 40
Prepare phase duration: 40
Acquire phase duration: 200
Exchange duration: 150
Release phase duration: 30
Process phase duration: 40
Resolve phase duration: 30
Prepare phase duration: 40
Acquire phase duration: 190
Exchange duration: 130
Release phase duration: 30
Process phase duration: 40
Resolve phase duration: 40
Prepare phase duration: 40
Acquire phase duration: 120
Exchange duration: 70
Release phase duration: 30
Process phase duration: 30
Resolve phase duration: 40
Prepare phase duration: 30
Acquire phase duration: 300
Exchange duration: 230
Release phase duration: 30
Process phase duration: 30
Resolve phase duration: 40
Prepare phase duration: 40
Acquire phase duration: 220
Exchange duration: 160
Release phase duration: 30
Process phase duration: 30
Resolve phase duration: 30
Prepare phase duration: 40
Acquire phase duration: 200
Exchange duration: 130
Release phase duration: 30
Process phase duration: 30
Resolve phase duration: 30
Prepare phase duration: 30
Acquire phase duration: 200
Exchange duration: 150
Release phase duration: 30
Process phase duration: 30
Resolve phase duration: 30
Prepare phase duration: 30
Acquire phase duration: 280
Exchange duration: 220
Release phase duration: 30
Process phase duration: 40
Resolve phase duration: 290
Prepare phase duration: 40
Acquire phase duration: 300
Exchange duration: 240
Release phase duration: 30
Process phase duration: 30
Resolve phase duration: 40
Prepare phase duration: 40
Acquire phase duration: 190
Exchange duration: 130
Release phase duration: 20
Process phase duration: 40
Resolve phase duration: 40
Prepare phase duration: 40
Acquire phase duration: 210
Exchange duration: 150
Release phase duration: 30
Process phase duration: 30
Resolve phase duration: 40
Prepare phase duration: 30
Acquire phase duration: 190
Exchange duration: 130
Release phase duration: 40
Process phase duration: 30
Resolve phase duration: 30
Prepare phase duration: 40
Acquire phase duration: 290
Exchange duration: 220
Release phase duration: 30
Process phase duration: 40
Resolve phase duration: 40
Prepare phase duration: 30
Acquire phase duration: 190
Exchange duration: 130
Release phase duration: 30
Process phase duration: 30
Resolve phase duration: 30
Prepare phase duration: 30
Acquire phase duration: 190
Exchange duration: 130
Release phase duration: 30
Process phase duration: 40
Resolve phase duration: 40
Prepare phase duration: 30
Acquire phase duration: 180
Exchange duration: 120
Release phase duration: 30
Process phase duration: 40
Resolve phase duration: 30
Prepare phase duration: 30
Acquire phase duration: 270
Exchange duration: 210
Release phase duration: 30
Process phase duration: 30
Resolve phase duration: 30
Prepare phase duration: 30
Acquire phase duration: 260
Exchange duration: 200
Release phase duration: 30
Process phase duration: 40
Resolve phase duration: 30
Prepare phase duration: 30
Acquire phase duration: 190
Exchange duration: 130
Release phase duration: 30
Process phase duration: 30
Resolve phase duration: 100
Prepare phase duration: 40
Acquire phase duration: 220
Exchange duration: 160
Release phase duration: 30
Process phase duration: 40
Resolve phase duration: 30
Prepare phase duration: 30
Acquire phase duration: 340
Exchange duration: 280
Release phase duration: 30
Process phase duration: 40
Resolve phase duration: 40
Prepare phase duration: 40
Acquire phase duration: 230
Exchange duration: 170
Release phase duration: 30
Process phase duration: 40
Resolve phase duration: 40
Prepare phase duration: 30
Acquire phase duration: 350
Exchange duration: 290
Release phase duration: 20
Process phase duration: 30
Resolve phase duration: 40
Prepare phase duration: 30
Acquire phase duration: 330
Exchange duration: 260
Release phase duration: 30
Process phase duration: 40
Resolve phase duration: 40
Prepare phase duration: 30
Acquire phase duration: 120
Exchange duration: 60
Release phase duration: 30
Process phase duration: 40
Resolve phase duration: 40
Prepare phase duration: 30
Acquire phase duration: 210
Starting all threads
Exchange duration: 150
Release phase duration: 30
Process phase duration: 30
Resolve phase duration: 110
Prepare phase duration: 30
Acquire phase duration: 200
Exchange duration: 140
Release phase duration: 20
Process phase duration: 30
Resolve phase duration: 40
Prepare phase duration: 30
Acquire phase duration: 220
Exchange duration: 160
Release phase duration: 30
Process phase duration: 30
Resolve phase duration: 310
Prepare phase duration: 30
Acquire phase duration: 260
Exchange duration: 200
Release phase duration: 30
Process phase duration: 40
Resolve phase duration: 40
Prepare phase duration: 30
Acquire phase duration: 210
Exchange duration: 150
Release phase duration: 30
Process phase duration: 30
Resolve phase duration: 30
Prepare phase duration: 40
Acquire phase duration: 280
Exchange duration: 220
Release phase duration: 30
Process phase duration: 30
Resolve phase duration: 30
Prepare phase duration: 30
Acquire phase duration: 200
Exchange duration: 150
Release phase duration: 30
Process phase duration: 40
Resolve phase duration: 40
Prepare phase duration: 30
Acquire phase duration: 210
Exchange duration: 150
Release phase duration: 30
Process phase duration: 40
Resolve phase duration: 30
Prepare phase duration: 30
Acquire phase duration: 130
Exchange duration: 70
Release phase duration: 30
Process phase duration: 30
Resolve phase duration: 30
Prepare phase duration: 40
Acquire phase duration: 200
Exchange duration: 140
Release phase duration: 30
Process phase duration: 40
Resolve phase duration: 40
Prepare phase duration: 30
Acquire phase duration: 200
Exchange duration: 140
Release phase duration: 30
Process phase duration: 30
Resolve phase duration: 40
Prepare phase duration: 40
Acquire phase duration: 590
Exchange duration: 530
Release phase duration: 40
Process phase duration: 30
Resolve phase duration: 40
Prepare phase duration: 30
Acquire phase duration: 190
Exchange duration: 130
Release phase duration: 30
Process phase duration: 30
Resolve phase duration: 40
Prepare phase duration: 40
Acquire phase duration: 200
Exchange duration: 140
Release phase duration: 30
Process phase duration: 40
Resolve phase duration: 30
Prepare phase duration: 40
Acquire phase duration: 280
Exchange duration: 220
Release phase duration: 30
Process phase duration: 30
Resolve phase duration: 40
Prepare phase duration: 40
Acquire phase duration: 120
Exchange duration: 60
Release phase duration: 30
Process phase duration: 30
Resolve phase duration: 40
Prepare phase duration: 30
Acquire phase duration: 200
Exchange duration: 140
Release phase duration: 30
Process phase duration: 40
Resolve phase duration: 30
Prepare phase duration: 30
Acquire phase duration: 190
Exchange duration: 130
Release phase duration: 30
Process phase duration: 30
Resolve phase duration: 40
Prepare phase duration: 30
Acquire phase duration: 190
Exchange duration: 140
Release phase duration: 30
Process phase duration: 40
Resolve phase duration: 40
Prepare phase duration: 30
Acquire phase duration: 210
Exchange duration: 150
Release phase duration: 30
Process phase duration: 30
Resolve phase duration: 40
Prepare phase duration: 40
Acquire phase duration: 180
Exchange duration: 120
Release phase duration: 30
Process phase duration: 40
Resolve phase duration: 40
Prepare phase duration: 40
Acquire phase duration: 200
Exchange duration: 140
Release phase duration: 30
Process phase duration: 30
Resolve phase duration: 40
Prepare phase duration: 30
Acquire phase duration: 200
Exchange duration: 140
Release phase duration: 30
Process phase duration: 30
Resolve phase duration: 30
Prepare phase duration: 30
Acquire phase duration: 190
Exchange duration: 130
Release phase duration: 30
Process phase duration: 40
Resolve phase duration: 990
Prepare phase duration: 30
Acquire phase duration: 290
Exchange duration: 220
Release phase duration: 20
Process phase duration: 40
Resolve phase duration: 1030
Prepare phase duration: 30
Acquire phase duration: 210
Exchange duration: 150
Release phase duration: 380
Process phase duration: 40
Resolve phase duration: 40
Prepare phase duration: 30
Acquire phase duration: 270
Exchange duration: 220
Release phase duration: 30
Process phase duration: 40
Resolve phase duration: 40
Prepare phase duration: 30
Acquire phase duration: 270
Exchange duration: 210
Release phase duration: 30
Process phase duration: 40
Resolve phase duration: 40
Prepare phase duration: 30
Acquire phase duration: 320
Exchange duration: 260
Release phase duration: 30
Process phase duration: 30
Resolve phase duration: 40
Prepare phase duration: 40
Acquire phase duration: 190
Exchange duration: 140
Release phase duration: 30
Process phase duration: 30
Resolve phase duration: 30
Prepare phase duration: 40
Acquire phase duration: 240
Exchange duration: 180
Release phase duration: 30
Process phase duration: 30
Resolve phase duration: 30
Prepare phase duration: 30
Acquire phase duration: 200
Exchange duration: 140
Release phase duration: 30
Process phase duration: 30
Resolve phase duration: 40
Prepare phase duration: 30
Acquire phase duration: 280
Exchange duration: 220
Release phase duration: 30
Process phase duration: 30
Resolve phase duration: 40
Prepare phase duration: 30
Acquire phase duration: 120
Exchange duration: 60
Release phase duration: 20
Process phase duration: 40
Resolve phase duration: 40
Prepare phase duration: 40
Acquire phase duration: 280
Exchange duration: 220
Release phase duration: 30
Process phase duration: 30
Resolve phase duration: 40
Prepare phase duration: 40
Acquire phase duration: 200
Exchange duration: 140
Release phase duration: 30
Process phase duration: 30
Resolve phase duration: 40
Prepare phase duration: 30
Acquire phase duration: 200
Exchange duration: 140
Release phase duration: 30
Process phase duration: 30
Resolve phase duration: 30
Prepare phase duration: 30
Acquire phase duration: 110
Exchange duration: 60
Release phase duration: 30
Process phase duration: 30
Resolve phase duration: 30
Prepare phase duration: 40
Acquire phase duration: 200
Exchange duration: 130
Release phase duration: 30
Process phase duration: 40
Resolve phase duration: 40
Prepare phase duration: 40
Acquire phase duration: 320
Exchange duration: 260
Release phase duration: 30
Process phase duration: 40
Resolve phase duration: 40
Prepare phase duration: 30
Acquire phase duration: 200
Exchange duration: 140
Release phase duration: 30
Process phase duration: 40
Resolve phase duration: 30
Prepare phase duration: 40
Acquire phase duration: 280
Exchange duration: 220
Release phase duration: 30
Process phase duration: 30
Resolve phase duration: 30
Prepare phase duration: 30
Acquire phase duration: 280
Exchange duration: 220
Release phase duration: 30
Process phase duration: 40
Resolve phase duration: 30
Prepare phase duration: 30
Acquire phase duration: 230
Exchange duration: 170
Release phase duration: 30
Process phase duration: 30
Resolve phase duration: 520
Prepare phase duration: 30
Acquire phase duration: 190
Exchange duration: 130
Release phase duration: 30
Process phase duration: 40
Resolve phase duration: 40
Prepare phase duration: 30
Acquire phase duration: 450
Exchange duration: 380
Release phase duration: 30
Process phase duration: 40
Resolve phase duration: 30
Prepare phase duration: 40
Acquire phase duration: 210
Exchange duration: 150
Release phase duration: 30
Process phase duration: 30
Resolve phase duration: 40
Prepare phase duration: 30
Acquire phase duration: 280
Exchange duration: 220
Release phase duration: 30
Process phase duration: 40
Resolve phase duration: 30
Prepare phase duration: 30
Acquire phase duration: 280
Exchange duration: 220
Release phase duration: 30
Process phase duration: 40
Resolve phase duration: 30
Prepare phase duration: 30
Acquire phase duration: 270
Exchange duration: 210
Release phase duration: 20
Process phase duration: 40
Resolve phase duration: 30
Prepare phase duration: 40
Acquire phase duration: 190
Exchange duration: 130
Release phase duration: 30
Process phase duration: 40
Resolve phase duration: 440
Prepare phase duration: 40
Acquire phase duration: 240
Exchange duration: 180
Release phase duration: 30
Process phase duration: 30
Resolve phase duration: 680
Prepare phase duration: 40
Acquire phase duration: 440
Exchange duration: 380
Release phase duration: 30
Process phase duration: 40
Resolve phase duration: 710
Prepare phase duration: 30
Acquire phase duration: 270
Exchange duration: 210
Release phase duration: 30
Process phase duration: 30
Resolve phase duration: 370
Prepare phase duration: 30
Acquire phase duration: 200
Exchange duration: 140
Release phase duration: 30
Process phase duration: 40
Resolve phase duration: 700
Prepare phase duration: 30
Acquire phase duration: 200
Exchange duration: 150
Release phase duration: 30
Process phase duration: 40
Resolve phase duration: 730
Prepare phase duration: 30
Acquire phase duration: 210
Exchange duration: 150
Release phase duration: 30
Process phase duration: 40
Resolve phase duration: 800
Prepare phase duration: 30
Acquire phase duration: 200
Exchange duration: 140
Release phase duration: 30
Process phase duration: 30
Resolve phase duration: 380
Prepare phase duration: 40
Acquire phase duration: 420
Exchange duration: 360
Release phase duration: 30
Process phase duration: 30
Resolve phase duration: 820
Prepare phase duration: 30
Acquire phase duration: 270
Exchange duration: 220
Release phase duration: 30
Process phase duration: 40
Resolve phase duration: 650
Prepare phase duration: 40
Acquire phase duration: 560
Exchange duration: 210
Release phase duration: 30
Process phase duration: 30
Resolve phase duration: 730
Prepare phase duration: 30
Acquire phase duration: 190
Exchange duration: 130
Release phase duration: 30
Process phase duration: 30
Resolve phase duration: 590
Prepare phase duration: 40
Acquire phase duration: 510
Exchange duration: 140
Release phase duration: 30
Process phase duration: 30
Resolve phase duration: 740
scheduler loop time: 966098
No pending work!
Locking Scheduler.
Locking Scheduler done
Teardown beginning
Teardown: all threads stopped
cv_notify_all() for teardown
Unlock Scheduler lock
Pending unpause
Teardown: all threads beginning teardown
Destroying core 1
All threads stopped
All threads deallocated
[report]: insert_run_time_ns : 1239668
[report]: insert_overall_operation_number : 128
[report]: insert_overall_throughput : 103253.451731
