GNU gdb (Ubuntu 12.1-0ubuntu1~22.04) 12.1
Copyright (C) 2022 Free Software Foundation, Inc.
License GPLv3+: GNU GPL version 3 or later <http://gnu.org/licenses/gpl.html>
This is free software: you are free to change and redistribute it.
There is NO WARRANTY, to the extent permitted by law.
Type "show copying" and "show warranty" for details.
This GDB was configured as "x86_64-linux-gnu".
Type "show configuration" for configuration details.
For bug reporting instructions, please see:
<https://www.gnu.org/software/gdb/bugs/>.
Find the GDB manual and other documentation resources online at:
    <http://www.gnu.org/software/gdb/documentation/>.

For help, type "help".
Type "apropos word" to search for commands related to "word"...
Reading symbols from ./hash_rt...
[?2004h(gdb) 
[?2004l[?2004h(gdb) 
[?2004l[?2004h(gdb) r
[?2004lStarting program: /mnt/nvme0/home/gxr/Myhash_boc/Hash_rt/build/hash_rt 
[Thread debugging using libthread_db enabled]
Using host libthread_db library "/lib/x86_64-linux-gnu/libthread_db.so.1".
Set fair: 1
Init runtime
Scheduler Thread created
Scheduler Thread created
Runtime initialised
Init time:1795846519
[New Thread 0x7fbfdf3e8640 (LWP 1129168)]
Starting all threads
[New Thread 0x7fbfdebe7640 (LWP 1129169)]
BehaviourCore::schedule_many1
Prepare phase duration: 1010
Acquire phase duration: 520
[New Thread 0x7fbfde3e6640 (LWP 1129170)]
Exchange duration: 170
Release phase duration: 90
Process phase duration: 1050
BehaviourCore::schedule_many1
Prepare phase duration: 160
Acquire phase duration: 280
Exchange duration: 170
Release phase duration: 70
Process phase duration: 170
BehaviourCore::schedule_many1
Prepare phase duration: 160
Acquire phase duration: 280
Exchange duration: 170
Release phase duration: 60
Process phase duration: 140
BehaviourCore::schedule_many1
Prepare phase duration: 150
Acquire phase duration: 290
Exchange duration: 190
Release phase duration: 40
Process phase duration: 140
[New Thread 0x7fbfddbe5640 (LWP 1129171)]
BehaviourCore::schedule_many1
Prepare phase duration: 150
Acquire phase duration: 380
Exchange duration: 280
Release phase duration: 50
Process phase duration: 140
BehaviourCore::schedule_many1
Prepare phase duration: 150
Acquire phase duration: 350
Exchange duration: 250
Release phase duration: 40
Process phase duration: 140
BehaviourCore::schedule_many1
Prepare phase duration: 160
Acquire phase duration: 420
Exchange duration: 300
Release phase duration: 40
Process phase duration: 130
BehaviourCore::schedule_many1
Prepare phase duration: 160
Acquire phase duration: 350
Exchange duration: 250
Release phase duration: 40
Process phase duration: 140
get work duration: 3430
thread id: 2 Schedule work 0x7fbfe03ec0c0
the total count of insert: 1
thread id: 2 work duration: 116600
thread id: 2 completed_count_last_batch: 3
get work duration: 920
thread id: 2 Schedule work 0x7fbfe03ec240
the total count of insert: 2
thread id: 2 work duration: 7790
thread id: 2 completed_count_last_batch: 2
get work duration: 120
thread id: 2 Schedule work 0x7fbfe03ec180
the total count of insert: 3
thread id: 2 work duration: 4170
thread id: 2 completed_count_last_batch: 1
get work duration: 640
thread id: 2 Schedule work 0x7fbfe03ec000
the total count of insert: 4
get work duration: 1190
thread id: 2 work duration: 7770
thread id: 1 Schedule work 0x7fbfe03ec2a0
BehaviourCore::schedule_many1
the total count of insert: 5
thread id: 2 completed_count_last_batch: 4
Prepare phase duration: 170
Acquire phase duration: 320
Exchange duration: 160
Release phase duration: 40
Process phase duration: 170
BehaviourCore::schedule_many1
Prepare phase duration: 140
Acquire phase duration: 250
Exchange duration: 150
Release phase duration: 40
Process phase duration: 130
BehaviourCore::schedule_many1
thread id: 1 work duration: 43170
Prepare phase duration: 140
thread id: 1 completed_count_last_batch: 3
get work duration: 940
get work duration: 660
thread id: 1 Schedule work 0x7fbfe03ec360
the total count of insert: 6
thread id: 1 work duration: 5170
thread id: 2 Schedule work 0x7fbfe03ec300
the total count of insert: 7
thread id: 1 completed_count_last_batch: 2
thread id: 2 work duration: 2820
Acquire phase duration: 590
Exchange duration: 460
Release phase duration: 60
Process phase duration: 200
thread id: 2 completed_count_last_batch: 1
BehaviourCore::schedule_many1
get work duration: 140
Prepare phase duration: 150
Acquire phase duration: 260
Exchange duration: 160
Release phase duration: 40
get work duration: 860
Process phase duration: 140
thread id: 2 Schedule work 0x7fbfe03ec3c0
thread id: 1 Schedule work 0x7fbfe03ec1e0
the total count of insert: 8
thread id: 2 work duration: 5450
thread id: 2 completed_count_last_batch: 4
the total count of insert: 9
thread id: 1 work duration: 15710
thread id: 1 completed_count_last_batch: 3
get work duration: 470
thread id: 1 Schedule work 0x7fbfe03ec420
the total count of insert: 10
BehaviourCore::schedule_many1
Prepare phase duration: 150
thread id: 1 work duration: 8430
thread id: 1 completed_count_last_batch: 2
get work duration: 470
thread id: 1 Schedule work 0x7fbfe03ec120
the total count of insert: 11
Acquire phase duration: 380
Exchange duration: 260
thread id: 1 work duration: 6250
Release phase duration: 40
Process phase duration: 200
get work duration: 450
thread id: 1 completed_count_last_batch: 1
thread id: 2 Schedule work 0x7fbfe03ec480
get work duration: 110
thread id: 1 Schedule work 0x7fbfe03ec060
the total count of insert: 13
BehaviourCore::schedule_many1
the total count of insert: 12
Prepare phase duration: 130
Acquire phase duration: 190
Exchange duration: 80
thread id: 1 work duration: 4670
thread id: 1 completed_count_last_batch: 0
Release phase duration: 70
Process phase duration: 170
get work duration: 480
BehaviourCore::schedule_many1
thread id: 1 Schedule work 0x7fbfe03ec4e0
the total count of insert: 14
Prepare phase duration: 140
Acquire phase duration: 260
Exchange duration: 150
Release phase duration: 50
Process phase duration: 170
BehaviourCore::schedule_many1
Prepare phase duration: 130
Acquire phase duration: 270
Exchange duration: 160
Release phase duration: 40
Process phase duration: 130
thread id: 1 work duration: 3020
thread id: 2 work duration: 46099
thread id: 1 completed_count_last_batch: 2
get work duration: 760
thread id: 2 completed_count_last_batch: 2
get work duration: 520
thread id: 2 Schedule work 0x7fbfe03ec540
the total count of insert: 15
thread id: 1 Schedule work 0x7fbfe03ec5a0
the total count of insert: 16
thread id: 2 work duration: 4720
thread id: 2 completed_count_last_batch: 1
thread id: 1 work duration: 3490
thread id: 1 completed_count_last_batch: 0

Thread 1 "hash_rt" received signal SIGINT, Interrupt.
__futex_abstimed_wait_common64 (private=128, cancel=true, abstime=0x0, op=265, expected=1129170, futex_word=0x7fbfde3e6910) at ./nptl/futex-internal.c:57
57	./nptl/futex-internal.c: No such file or directory.
[?2004h[?2004l[?2004h(gdb) q
[?2004l[?2004hA debugging session is active.

	Inferior 1 [process 1129143] will be killed.

Quit anyway? (y or n) y
[?2004l