/users/Xuran/hash_rt/build/hash_rt --num_threads=8 --str_key_size=8 --str_value_size=100 --num_ops=5000000 --first_mode=true --work_usec=0 --batch_size=80
Harness starting.
 /users/Xuran/hash_rt/build/hash_rt --num_threads=8 --str_key_size=8 --str_value_size=100 --num_ops=5000000 --first_mode=true --work_usec=0 --batch_size=80 --seed 3470376782
Init time:1214446335
Scheduler cores: 4
External thread 0 is running on core 4
External thread 1 is running on core 5
External thread 2 is running on core 6
External thread 3 is running on core 7
Pausing: active threads: 4
Pausing: active threads: 3
Pausing: active threads: 2
Pausing: active threads: 1
Teardown: all threads stopped
[report]: scheduler_run_time_ns : 15074286382
[report]: scheduler_total_when_schedules : 5000000
[report]: scheduler_total_when_time_ns : 22036720456
Teardown: all threads stopped
[report]: insert_overall_operation_number : 4480667
[report]: insert_overall_throughput : 297239.078949
[report]: scheduler_avg_when_time_ns : 4407.344091
[report]: insert_avg_insert_time_ns : 3364.000000
terminate called without an active exception
