/users/Xuran/hash_rt/build/hash_rt --num_threads=10 --str_key_size=8 --str_value_size=100 --num_ops=1000000 --first_mode=true --work_usec=0
Running with 10 cores
Init time:895272978
Init scheduler time:141285
Schedule behaviours time:3170448643
Pausing: active threads: 10
Pausing: active threads: 9
Pausing: active threads: 8
Pausing: active threads: 7
Pausing: active threads: 6
Pausing: active threads: 5
Pausing: active threads: 4
Pausing: active threads: 3
Pausing: active threads: 2
Pausing: active threads: 1
Teardown: all threads stopped
Run behaviours time:175971431
[report]: insert_overall_duration_ns : 175971431
[report]: insert_overall_operation_number : 1000000
[report]: insert_overall_throughput : 5682740.626233
