/users/Xuran/hash_rt/build/hash_rt --num_threads=8 --str_key_size=8 --str_value_size=100 --num_ops=5000000 --first_mode=true --work_usec=0 --batch_size=80
Harness starting.
 /users/Xuran/hash_rt/build/hash_rt --num_threads=8 --str_key_size=8 --str_value_size=100 --num_ops=5000000 --first_mode=true --work_usec=0 --batch_size=80 --seed 1992015396
Init time:1181666228
Scheduler cores: 4
External thread 0 is running on core 4
External thread 1 is running on core 5
External thread 2 is running on core 6
External thread 3 is running on core 7
Pausing: active threads: 4
Pausing: active threads: 3
Pausing: active threads: 2
Pausing: active threads: 1
Teardown: all threads stopped
[report]: scheduler_run_time_ns : 14003060201
[report]: scheduler_total_when_schedules : 5000000
[report]: scheduler_total_when_time_ns : 12466968251
Teardown: all threads stopped
[report]: insert_overall_operation_number : 4482455
[report]: insert_overall_throughput : 320105.386655
[report]: scheduler_avg_when_time_ns : 2493.393650
[report]: insert_avg_insert_time_ns : 3123.000000
terminate called without an active exception
