/mnt/nvme0/home/gxr/Myhash_boc/Hash_rt/build/hash_rt --num_threads_client=8 --num_threads_worker=15 --str_key_size=8 --str_value_size=100 --num_ops=100 --first_mode=true --work_usec=0 --batch_size=80
Init time:506671138
scheduler loop time: 352299
thread id: 15 work duration: 10230
thread id: 15 work duration: 520
thread id: 15 work duration: 250
thread id: 15 work duration: 310
thread id: 15 work duration: 220
thread id: 15 work duration: 300
thread id: thread id: 14 work duration: 140
15 work duration: 230
thread id: 15 work duration: 110
thread id: 15 work duration: 200
thread id: 15 work duration: 290
thread id: 15 work duration: 200
thread id: 15 work duration: 280
thread id: 15 work duration: 200
thread id: 15 work duration: 280
thread id: 15 work duration: 200
thread id: 15 work duration: 280
thread id: 15 work duration: 110
thread id: 15 work duration: 200
thread id: 15 work duration: 100
thread id: 15 work duration: 200
thread id: 15 work duration: 90
thread id: 15 work duration: 820
thread id: 15 work duration: 80
thread id: 15 work duration: 80
thread id: 15 work duration: 110
thread id: 15 work duration: 110
thread id: 15 work duration: 110
thread id: 15 work duration: 110
thread id: 15 work duration: 110
thread id: 15 work duration: 110
thread id: 15 work duration: 120
thread id: 15 work duration: 110
thread id: 15 work duration: 110
thread id: 15 work duration: 110
thread id: 15 work duration: 100
thread id: 15 work duration: 110
thread id: 15 work duration: 200
thread id: 15 work duration: 180
thread id: 15 work duration: 200
thread id: 15 work duration: 250
thread id: 15 work duration: 200
thread id: 15 work duration: 190
thread id: 15 work duration: 220
thread id: 15 work duration: 290
thread id: 15 work duration: 200
thread id: 15 work duration: 290
thread id: 15 work duration: 210
thread id: 15 work duration: 280
thread id: 15 work duration: 200
thread id: 15 work duration: 300
thread id: 15 work duration: 210
thread id: 15 work duration: 290
thread id: 15 work duration: 200
thread id: 15 work duration: 280
thread id: 15 work duration: 200
thread id: 15 work duration: 310
thread id: 15 work duration: 200
thread id: 15 work duration: 290
thread id: 15 work duration: 200
thread id: 15 work duration: 300
thread id: 15 work duration: 200
thread id: 15 work duration: 290
thread id: 15 work duration: 210
thread id: 15 work duration: 290
thread id: 15 work duration: 200
thread id: 15 work duration: 300
thread id: 15 work duration: 200
thread id: 15 work duration: 290
thread id: 15 work duration: 200
thread id: 15 work duration: 300
thread id: 15 work duration: 210
thread id: 15 work duration: 290
thread id: 15 work duration: 200
thread id: 15 work duration: 290
thread id: 15 work duration: 200
thread id: 15 work duration: 280
thread id: 15 work duration: 200
thread id: 15 work duration: 290
thread id: 15 work duration: 200
thread id: 15 work duration: 290
thread id: 15 work duration: 250
thread id: 15 work duration: 300
thread id: 15 work duration: 200
thread id: 15 work duration: 280
thread id: 15 work duration: 250
thread id: 15 work duration: 330
thread id: 15 work duration: 200
thread id: 15 work duration: 340
thread id: 15 work duration: 250
thread id: 15 work duration: 350
thread id: 15 work duration: 200
thread id: 15 work duration: 340
thread id: 15 work duration: 220
thread id: 15 work duration: 340
thread id: 15 work duration: 250
thread id: 15 work duration: 350
thread id: 15 work duration: 240
thread id: 15 work duration: 280
thread id: 15 work duration: 200
thread id: 15 work duration: 290
thread id: 15 work duration: 200
thread id: 15 work duration: 269
thread id: 15 work duration: 250
thread id: 15 work duration: 280
thread id: 15 work duration: 200
thread id: 15 work duration: 280
thread id: 15 work duration: 250
thread id: 15 work duration: 270
thread id: 15 work duration: 250
thread id: 15 work duration: 330
thread id: 15 work duration: 250
thread id: 15 work duration: 250
thread id: 15 work duration: 250
thread id: 15 work duration: 250
thread id: 15 work duration: 250
thread id: 15 work duration: 250
thread id: 15 work duration: 60
thread id: 15 work duration: 110
thread id: 15 work duration: 90
thread id: 15 work duration: 90
thread id: 15 work duration: 250
thread id: 15 work duration: 250
thread id: 15 work duration: 100
thread id: 15 work duration: 220
thread id: 15 work duration: 260
thread id: 15 work duration: 110
thread id: 15 work duration: 60
thread id: 15 work duration: 290
thread id: 15 work duration: 190
thread id: 15 work duration: 360
thread id: 15 work duration: 250
thread id: 15 work duration: 340
thread id: 15 work duration: 350
thread id: 15 work duration: 330
thread id: 15 work duration: 200
thread id: 15 work duration: 280
thread id: 15 work duration: 200
thread id: 15 work duration: 300
thread id: 15 work duration: 200
thread id: 15 work duration: 280
thread id: 15 work duration: 250
thread id: 15 work duration: 280
thread id: 15 work duration: 200
thread id: 15 work duration: 280
thread id: 15 work duration: 190
thread id: 15 work duration: 330
thread id: 15 work duration: 250
thread id: 15 work duration: 290
thread id: 15 work duration: 250
thread id: 15 work duration: 330
thread id: 15 work duration: 250
thread id: 15 work duration: 280
thread id: 15 work duration: 260
thread id: 15 work duration: 340
thread id: 15 work duration: 250
thread id: 15 work duration: 340
thread id: 15 work duration: 250
thread id: 15 work duration: 330
thread id: 15 work duration: 250
thread id: 15 work duration: 360
[report]: insert_run_time_ns : 1156578
[report]: insert_overall_operation_number : 160
[report]: insert_overall_throughput : 138339.134931
