/mnt/nvme0/home/gxr/Myhash_boc/Hash_rt/build/hash_rt --num_threads_client=8 --num_threads_worker=7 --str_key_size=8 --str_value_size=100 --num_ops=100 --first_mode=true --work_usec=0 --batch_size=80
Init time:513907655
scheduler loop time: 293639
thread id: thread id: 76 work duration: 90
 work duration: 6400
thread id: 7 work duration: 740
thread id: 7 work duration: 120
thread id: 7 work duration: 110
thread id: 7 work duration: 110
thread id: 7 work duration: 100
thread id: 7 work duration: 100
thread id: 7 work duration: 100
thread id: 7 work duration: 100
thread id: 7 work duration: 110
thread id: 7 work duration: 100
thread id: 7 work duration: 100
thread id: 7 work duration: 100
thread id: 7 work duration: 90
thread id: 7 work duration: 100
thread id: 7 work duration: 90
thread id: 7 work duration: 110
thread id: 7 work duration: 100
thread id: 7 work duration: 100
thread id: 7 work duration: 230
thread id: 7 work duration: 110
thread id: 7 work duration: 380
thread id: 7 work duration: 110
thread id: 7 work duration: 100
thread id: 7 work duration: 110
thread id: 7 work duration: 100
thread id: 7 work duration: 100
thread id: 7 work duration: 110
thread id: 7 work duration: 100
thread id: 7 work duration: 100
thread id: 7 work duration: 100
thread id: 7 work duration: 100
thread id: 7 work duration: 100
thread id: 7 work duration: 90
thread id: 7 work duration: 90
thread id: 7 work duration: 100
thread id: 7 work duration: 100
thread id: 7 work duration: 110
thread id: 7 work duration: 100
thread id: 7 work duration: 100
thread id: 7 work duration: 120
thread id: 7 work duration: 90
thread id: 7 work duration: 100
thread id: 7 work duration: 90
thread id: 7 work duration: 100
thread id: 7 work duration: 90
thread id: 7 work duration: 110
thread id: 7 work duration: 100
thread id: 7 work duration: 100
thread id: 7 work duration: 100
thread id: 7 work duration: 100
thread id: 7 work duration: 100
thread id: 7 work duration: 100
thread id: 7 work duration: 100
thread id: 7 work duration: 100
thread id: 7 work duration: 100
thread id: 7 work duration: 100
thread id: 7 work duration: 90
thread id: 7 work duration: 100
thread id: 7 work duration: 90
thread id: 7 work duration: 100
thread id: 7 work duration: 110
thread id: 7 work duration: 100
thread id: 7 work duration: 100
thread id: 7 work duration: 100
thread id: 7 work duration: 90
thread id: 7 work duration: 100
thread id: 7 work duration: 100
thread id: 7 work duration: 100
thread id: 7 work duration: 100
thread id: 7 work duration: 100
thread id: 7 work duration: 100
thread id: 7 work duration: 110
thread id: 7 work duration: 90
thread id: 7 work duration: 100
thread id: 7 work duration: 100
thread id: 7 work duration: 90
thread id: 7 work duration: 80
thread id: 7 work duration: 100
thread id: 7 work duration: 80
thread id: 7 work duration: 80
thread id: 7 work duration: 90
thread id: 7 work duration: 100
thread id: 7 work duration: 100
thread id: 7 work duration: 110
thread id: 7 work duration: 100
thread id: 7 work duration: 90
thread id: 7 work duration: 100
thread id: 7 work duration: 100
thread id: 7 work duration: 110
thread id: 7 work duration: 100
thread id: 7 work duration: 100
thread id: 7 work duration: 90
thread id: 7 work duration: 80
thread id: 7 work duration: 80
thread id: 7 work duration: 100
thread id: 7 work duration: 100
thread id: 7 work duration: 90
thread id: 7 work duration: 90
thread id: 7 work duration: 100
thread id: 7 work duration: 90
thread id: 7 work duration: 200
thread id: 7 work duration: 80
thread id: 7 work duration: 100
thread id: 7 work duration: 80
thread id: 7 work duration: 90
thread id: 7 work duration: 100
thread id: 7 work duration: 100
thread id: 7 work duration: 100
thread id: 7 work duration: 100
thread id: 7 work duration: 100
thread id: 7 work duration: 100
thread id: 7 work duration: 80
thread id: 7 work duration: 100
thread id: 7 work duration: 100
thread id: 7 work duration: 100
thread id: 7 work duration: 100
thread id: 7 work duration: 100
thread id: 7 work duration: 100
thread id: 7 work duration: 100
thread id: 7 work duration: 90
thread id: 7 work duration: 100
thread id: 7 work duration: 90
thread id: 7 work duration: 100
thread id: 7 work duration: 90
thread id: 7 work duration: 100
thread id: 7 work duration: 80
thread id: 7 work duration: 100
thread id: 7 work duration: 80
thread id: 7 work duration: 90
thread id: 7 work duration: 100
thread id: 7 work duration: 90
thread id: 7 work duration: 110
thread id: 7 work duration: 90
thread id: 7 work duration: 110
thread id: 7 work duration: 100
thread id: 7 work duration: 100
thread id: 7 work duration: 100
thread id: 7 work duration: 100
thread id: 7 work duration: 90
thread id: 7 work duration: 110
thread id: 7 work duration: 110
thread id: 7 work duration: 110
thread id: 7 work duration: 100
thread id: 7 work duration: 70
thread id: 7 work duration: 110
thread id: 7 work duration: 100
thread id: 7 work duration: 100
thread id: 7 work duration: 100
thread id: 7 work duration: 90
thread id: 7 work duration: 100
thread id: 7 work duration: 100
thread id: 7 work duration: 80
thread id: 7 work duration: 100
thread id: 7 work duration: 90
thread id: 7 work duration: 110
thread id: 7 work duration: 100
thread id: 7 work duration: 100
thread id: 7 work duration: 100
thread id: 7 work duration: 150
[report]: insert_run_time_ns : 1004978
[report]: insert_overall_operation_number : 160
[report]: insert_overall_throughput : 159207.465238
