/mnt/nvme0/home/gxr/Myhash_boc/Hash_rt/build/hash_rt --num_threads_client=8 --num_threads_worker=11 --str_key_size=8 --str_value_size=100 --num_ops=100 --first_mode=true --work_usec=0 --batch_size=80
Init time:514227994
scheduler loop time: 331209
thread id: thread id: 11 work duration: 1019010 work duration: 150

thread id: 11 work duration: 420
thread id: 11 work duration: 250
thread id: 11 work duration: 310
thread id: 11 work duration: 220
thread id: 11 work duration: 180
thread id: 11 work duration: 100
thread id: 11 work duration: 200
thread id: 11 work duration: 90
thread id: 11 work duration: 100
thread id: 11 work duration: 110
thread id: 11 work duration: 80
thread id: 11 work duration: 110
thread id: 11 work duration: 250
thread id: 11 work duration: 90
thread id: 11 work duration: 170
thread id: 11 work duration: 110
thread id: 11 work duration: 290
thread id: 11 work duration: 210
thread id: 11 work duration: 300
thread id: 11 work duration: 210
thread id: 11 work duration: 640
thread id: 11 work duration: 200
thread id: 11 work duration: 300
thread id: 11 work duration: 200
thread id: 11 work duration: 310
thread id: 11 work duration: 190
thread id: 11 work duration: 350
thread id: 11 work duration: 240
thread id: 11 work duration: 300
thread id: 11 work duration: 210
thread id: 11 work duration: 210
thread id: 11 work duration: 190
thread id: 11 work duration: 190
thread id: 11 work duration: 90
thread id: 11 work duration: 170
thread id: 11 work duration: 70
thread id: 11 work duration: 170
thread id: 11 work duration: 90
thread id: 11 work duration: 330
thread id: 11 work duration: 100
thread id: 11 work duration: 220
thread id: 11 work duration: 90
thread id: 11 work duration: 240
thread id: 11 work duration: 100
thread id: 11 work duration: 240
thread id: 11 work duration: 80
thread id: 11 work duration: 280
thread id: 11 work duration: 200
thread id: 11 work duration: 280
thread id: 11 work duration: 200
thread id: 11 work duration: 290
thread id: 11 work duration: 210
thread id: 11 work duration: 320
thread id: 11 work duration: 200
thread id: 11 work duration: 290
thread id: 11 work duration: 200
thread id: 11 work duration: 290
thread id: 11 work duration: 190
thread id: 11 work duration: 270
thread id: 11 work duration: 200
thread id: 11 work duration: 280
thread id: 11 work duration: 210
thread id: 11 work duration: 320
thread id: 11 work duration: 200
thread id: 11 work duration: 280
thread id: 11 work duration: 210
thread id: 11 work duration: 330
thread id: 11 work duration: 200
thread id: 11 work duration: 270
thread id: 11 work duration: 250
thread id: 11 work duration: 280
thread id: 11 work duration: 200
thread id: 11 work duration: 310
thread id: 11 work duration: 190
thread id: 11 work duration: 280
thread id: 11 work duration: 210
thread id: 11 work duration: 300
thread id: 11 work duration: 210
thread id: 11 work duration: 290
thread id: 11 work duration: 190
thread id: 11 work duration: 290
thread id: 11 work duration: 210
thread id: 11 work duration: 300
thread id: 11 work duration: 220
thread id: 11 work duration: 280
thread id: 11 work duration: 200
thread id: 11 work duration: 290
thread id: 11 work duration: 210
thread id: 11 work duration: 310
thread id: 11 work duration: 200
thread id: 11 work duration: 280
thread id: 11 work duration: 200
thread id: 11 work duration: 300
thread id: 11 work duration: 210
thread id: 11 work duration: 290
thread id: 11 work duration: 200
thread id: 11 work duration: 290
thread id: 11 work duration: 210
thread id: 11 work duration: 300
thread id: 11 work duration: 210
thread id: 11 work duration: 300
thread id: 11 work duration: 200
thread id: 11 work duration: 300
thread id: 11 work duration: 200
thread id: 11 work duration: 310
thread id: 11 work duration: 170
thread id: 11 work duration: 280
thread id: 11 work duration: 200
thread id: 11 work duration: 300
thread id: 11 work duration: 210
thread id: 11 work duration: 280
thread id: 11 work duration: 190
thread id: 11 work duration: 270
thread id: 11 work duration: 200
thread id: 11 work duration: 340
thread id: 11 work duration: 210
thread id: 11 work duration: 330
thread id: 11 work duration: 160
thread id: 11 work duration: 300
thread id: 11 work duration: 200
thread id: 11 work duration: 300
thread id: 11 work duration: 190
thread id: 11 work duration: 290
thread id: 11 work duration: 210
thread id: 11 work duration: 360
thread id: 11 work duration: 240
thread id: 11 work duration: 290
thread id: 11 work duration: 170
thread id: 11 work duration: 300
thread id: 11 work duration: 250
thread id: 11 work duration: 200
thread id: 11 work duration: 250
thread id: 11 work duration: 340
thread id: 11 work duration: 250
thread id: 11 work duration: 340
thread id: 11 work duration: 110
thread id: 11 work duration: 180
thread id: 11 work duration: 80
thread id: 11 work duration: 170
thread id: 11 work duration: 110
thread id: 11 work duration: 220
thread id: 11 work duration: 80
thread id: 11 work duration: 330
thread id: 11 work duration: 70
thread id: 11 work duration: 360
thread id: 11 work duration: 200
thread id: 11 work duration: 200
thread id: 11 work duration: 220
thread id: 11 work duration: 230
thread id: 11 work duration: 60
thread id: 11 work duration: 230
thread id: 11 work duration: 100
thread id: 11 work duration: 200
thread id: 11 work duration: 70
thread id: 11 work duration: 60
thread id: 11 work duration: 100
thread id: 11 work duration: 80
thread id: 11 work duration: 100
thread id: 11 work duration: 240
[report]: insert_run_time_ns : 1088108
[report]: insert_overall_operation_number : 160
[report]: insert_overall_throughput : 147044.227227
