/mnt/nvme0/home/gxr/Myhash_boc/Hash_rt/build/hash_rt --num_threads_client=8 --num_threads_worker=14 --str_key_size=8 --str_value_size=100 --num_ops=100 --first_mode=true --work_usec=0 --batch_size=80
Init time:511210519
scheduler loop time: 333759
thread id: thread id: 13 work duration: 160
14 work duration: 10670
thread id: 14 work duration: 510
thread id: 14 work duration: 220
thread id: 14 work duration: 300
thread id: 14 work duration: 170
thread id: 14 work duration: 160
thread id: 14 work duration: 60
thread id: 14 work duration: 60
thread id: 14 work duration: 60
thread id: 14 work duration: 80
thread id: 14 work duration: 60
thread id: 14 work duration: 60
thread id: 14 work duration: 60
thread id: 14 work duration: 60
thread id: 14 work duration: 60
thread id: 14 work duration: 60
thread id: 14 work duration: 60
thread id: 14 work duration: 160
thread id: 14 work duration: 60
thread id: 14 work duration: 290
thread id: 14 work duration: 180
thread id: 14 work duration: 890
thread id: 14 work duration: 160
thread id: 14 work duration: 280
thread id: 14 work duration: 170
thread id: 14 work duration: 290
thread id: 14 work duration: 160
thread id: 14 work duration: 280
thread id: 14 work duration: 170
thread id: 14 work duration: 290
thread id: 14 work duration: 170
thread id: 14 work duration: 280
thread id: 14 work duration: 170
thread id: 14 work duration: 280
thread id: 14 work duration: 170
thread id: 14 work duration: 280
thread id: 14 work duration: 170
thread id: 14 work duration: 280
thread id: 14 work duration: 160
thread id: 14 work duration: 280
thread id: 14 work duration: 170
thread id: 14 work duration: 180
thread id: 14 work duration: 200
thread id: 14 work duration: 280
thread id: 14 work duration: 180
thread id: 14 work duration: 180
thread id: 14 work duration: 60
thread id: 14 work duration: 60
thread id: 14 work duration: 60
thread id: 14 work duration: 60
thread id: 14 work duration: 70
thread id: 14 work duration: 60
thread id: 14 work duration: 80
thread id: 14 work duration: 60
thread id: 14 work duration: 60
thread id: 14 work duration: 60
thread id: 14 work duration: 60
thread id: 14 work duration: 60
thread id: 14 work duration: 60
thread id: 14 work duration: 60
thread id: 14 work duration: 60
thread id: 14 work duration: 60
thread id: 14 work duration: 60
thread id: 14 work duration: 180
thread id: 14 work duration: 60
thread id: 14 work duration: 290
thread id: 14 work duration: 180
thread id: 14 work duration: 290
thread id: 14 work duration: 190
thread id: 14 work duration: 300
thread id: 14 work duration: 170
thread id: 14 work duration: 290
thread id: 14 work duration: 170
thread id: 14 work duration: 300
thread id: 14 work duration: 170
thread id: 14 work duration: 290
thread id: 14 work duration: 170
thread id: 14 work duration: 300
thread id: 14 work duration: 180
thread id: 14 work duration: 300
thread id: 14 work duration: 180
thread id: 14 work duration: 290
thread id: 14 work duration: 310
thread id: 14 work duration: 290
thread id: 14 work duration: 180
thread id: 14 work duration: 300
thread id: 14 work duration: 180
thread id: 14 work duration: 300
thread id: 14 work duration: 180
thread id: 14 work duration: 290
thread id: 14 work duration: 180
thread id: 14 work duration: 290
thread id: 14 work duration: 170
thread id: 14 work duration: 290
thread id: 14 work duration: 170
thread id: 14 work duration: 290
thread id: 14 work duration: 170
thread id: 14 work duration: 290
thread id: 14 work duration: 180
thread id: 14 work duration: 300
thread id: 14 work duration: 180
thread id: 14 work duration: 290
thread id: 14 work duration: 170
thread id: 14 work duration: 290
thread id: 14 work duration: 180
thread id: 14 work duration: 300
thread id: 14 work duration: 170
thread id: 14 work duration: 300
thread id: 14 work duration: 180
thread id: 14 work duration: 290
thread id: 14 work duration: 170
thread id: 14 work duration: 290
thread id: 14 work duration: 180
thread id: 14 work duration: 290
thread id: 14 work duration: 170
thread id: 14 work duration: 290
thread id: 14 work duration: 180
thread id: 14 work duration: 290
thread id: 14 work duration: 180
thread id: 14 work duration: 290
thread id: 14 work duration: 180
thread id: 14 work duration: 300
thread id: 14 work duration: 180
thread id: 14 work duration: 300
thread id: 14 work duration: 180
thread id: 14 work duration: 300
thread id: 14 work duration: 170
thread id: 14 work duration: 300
thread id: 14 work duration: 190
thread id: 14 work duration: 300
thread id: 14 work duration: 170
thread id: 14 work duration: 290
thread id: 14 work duration: 170
thread id: 14 work duration: 280
thread id: 14 work duration: 170
thread id: 14 work duration: 290
thread id: 14 work duration: 170
thread id: 14 work duration: 290
thread id: 14 work duration: 170
thread id: 14 work duration: 290
thread id: 14 work duration: 170
thread id: 14 work duration: 290
thread id: 14 work duration: 170
thread id: 14 work duration: 280
thread id: 14 work duration: 160
thread id: 14 work duration: 300
thread id: 14 work duration: 170
thread id: 14 work duration: 300
thread id: 14 work duration: 190
thread id: 14 work duration: 290
thread id: 14 work duration: 170
thread id: 14 work duration: 290
thread id: 14 work duration: 180
thread id: 14 work duration: 300
thread id: 14 work duration: 170
thread id: 14 work duration: 300
thread id: 14 work duration: 180
thread id: 14 work duration: 290
thread id: 14 work duration: 170
thread id: 14 work duration: 370
[report]: insert_run_time_ns : 1103128
[report]: insert_overall_operation_number : 160
[report]: insert_overall_throughput : 145042.098469
