/mnt/nvme0/home/gxr/Myhash_boc/Hash_rt/build/hash_rt --num_threads_client=8 --num_threads_worker=4 --str_key_size=8 --str_value_size=100 --num_ops=100 --first_mode=true --work_usec=0 --batch_size=80
Init time:505735301
scheduler loop time: 344060
thread id: 4 work duration: 5430
thread id: thread id: 3 work duration: 140
4 work duration: 440
thread id: 4 work duration: 140
thread id: 4 work duration: 70
thread id: 4 work duration: 60
thread id: 4 work duration: 70
thread id: 4 work duration: 70
thread id: 4 work duration: 60
thread id: 4 work duration: 60
thread id: 4 work duration: 70
thread id: 4 work duration: 60
thread id: 4 work duration: 60
thread id: 4 work duration: 70
thread id: 4 work duration: 70
thread id: 4 work duration: 70
thread id: 4 work duration: 80
thread id: 4 work duration: 60
thread id: 4 work duration: 60
thread id: 4 work duration: 80
thread id: 4 work duration: 70
thread id: 4 work duration: 70
thread id: 4 work duration: 390
thread id: 4 work duration: 70
thread id: 4 work duration: 60
thread id: 4 work duration: 70
thread id: 4 work duration: 70
thread id: 4 work duration: 70
thread id: 4 work duration: 60
thread id: 4 work duration: 60
thread id: 4 work duration: 60
thread id: 4 work duration: 70
thread id: 4 work duration: 70
thread id: 4 work duration: 60
thread id: 4 work duration: 60
thread id: 4 work duration: 60
thread id: 4 work duration: 60
thread id: 4 work duration: 60
thread id: 4 work duration: 70
thread id: 4 work duration: 60
thread id: 4 work duration: 60
thread id: 4 work duration: 60
thread id: 4 work duration: 60
thread id: 4 work duration: 60
thread id: 4 work duration: 70
thread id: 4 work duration: 60
thread id: 4 work duration: 60
thread id: 4 work duration: 60
thread id: 4 work duration: 60
thread id: 4 work duration: 60
thread id: 4 work duration: 60
thread id: 4 work duration: 60
thread id: 4 work duration: 60
thread id: 4 work duration: 60
thread id: 4 work duration: 60
thread id: 4 work duration: 70
thread id: 4 work duration: 60
thread id: 4 work duration: 60
thread id: 4 work duration: 70
thread id: 4 work duration: 60
thread id: 4 work duration: 60
thread id: 4 work duration: 60
thread id: 4 work duration: 70
thread id: 4 work duration: 70
thread id: 4 work duration: 70
thread id: 4 work duration: 60
thread id: 4 work duration: 70
thread id: 4 work duration: 70
thread id: 4 work duration: 60
thread id: 4 work duration: 70
thread id: 4 work duration: 60
thread id: 4 work duration: 60
thread id: 4 work duration: 60
thread id: 4 work duration: 60
thread id: 4 work duration: 60
thread id: 4 work duration: 70
thread id: 4 work duration: 60
thread id: 4 work duration: 60
thread id: 4 work duration: 70
thread id: 4 work duration: 60
thread id: 4 work duration: 70
thread id: 4 work duration: 60
thread id: 4 work duration: 60
thread id: 4 work duration: 60
thread id: 4 work duration: 60
thread id: 4 work duration: 70
thread id: 4 work duration: 60
thread id: 4 work duration: 60
thread id: 4 work duration: 60
thread id: 4 work duration: 60
thread id: 4 work duration: 60
thread id: 4 work duration: 60
thread id: 4 work duration: 60
thread id: 4 work duration: 70
thread id: 4 work duration: 60
thread id: 4 work duration: 70
thread id: 4 work duration: 60
thread id: 4 work duration: 70
thread id: 4 work duration: 60
thread id: 4 work duration: 60
thread id: 4 work duration: 60
thread id: 4 work duration: 60
thread id: 4 work duration: 60
thread id: 4 work duration: 60
thread id: 4 work duration: 70
thread id: 4 work duration: 70
thread id: 4 work duration: 60
thread id: 4 work duration: 60
thread id: 4 work duration: 70
thread id: 4 work duration: 60
thread id: 4 work duration: 60
thread id: 4 work duration: 60
thread id: 4 work duration: 60
thread id: 4 work duration: 70
thread id: 4 work duration: 70
thread id: 4 work duration: 70
thread id: 4 work duration: 60
thread id: 4 work duration: 70
thread id: 4 work duration: 60
thread id: 4 work duration: 60
thread id: 4 work duration: 60
thread id: 4 work duration: 60
thread id: 4 work duration: 70
thread id: 4 work duration: 60
thread id: 4 work duration: 70
thread id: 4 work duration: 60
thread id: 4 work duration: 70
thread id: 4 work duration: 60
thread id: 4 work duration: 70
thread id: 4 work duration: 60
thread id: 4 work duration: 60
thread id: 4 work duration: 60
thread id: 4 work duration: 60
thread id: 4 work duration: 60
thread id: 4 work duration: 60
thread id: 4 work duration: 60
thread id: 4 work duration: 60
thread id: 4 work duration: 60
thread id: 4 work duration: 60
thread id: 4 work duration: 60
thread id: 4 work duration: 70
thread id: 4 work duration: 70
thread id: 4 work duration: 70
thread id: 4 work duration: 60
thread id: 4 work duration: 60
thread id: 4 work duration: 60
thread id: 4 work duration: 60
thread id: 4 work duration: 60
thread id: 4 work duration: 80
thread id: 4 work duration: 60
thread id: 4 work duration: 70
thread id: 4 work duration: 60
thread id: 4 work duration: 60
thread id: 4 work duration: 60
thread id: 4 work duration: 60
thread id: 4 work duration: 60
thread id: 4 work duration: 60
thread id: 4 work duration: 70
thread id: 4 work duration: 60
thread id: 4 work duration: 70
thread id: 4 work duration: 190
[report]: insert_run_time_ns : 917398
[report]: insert_overall_operation_number : 160
[report]: insert_overall_throughput : 174406.310020
