/mnt/nvme0/home/gxr/Myhash_boc/Hash_rt/build/hash_rt --num_threads_client=8 --num_threads_worker=16 --str_key_size=8 --str_value_size=100 --num_ops=100 --first_mode=true --work_usec=0 --batch_size=80
Init time:537459758
scheduler loop time: 328080
thread id: thread id: 16 work duration: 10270
thread id: 16 work duration: 400
thread id: 16 work duration: 100
thread id: 16 work duration: 290
thread id: 16 work duration: 170
thread id: 1615 work duration: 200
 work duration: 290
thread id: 16 work duration: 260
thread id: 16 work duration: 60
thread id: 16 work duration: 70
thread id: 16 work duration: 170
thread id: 16 work duration: 70
thread id: 16 work duration: 160
thread id: 16 work duration: 70
thread id: 16 work duration: 160
thread id: 16 work duration: 70
thread id: 16 work duration: 170
thread id: 16 work duration: 70
thread id: 16 work duration: 70
thread id: 16 work duration: 70
thread id: 16 work duration: 70
thread id: 16 work duration: 60
thread id: 16 work duration: 660
thread id: 16 work duration: 180
thread id: 16 work duration: 170
thread id: 16 work duration: 70
thread id: 16 work duration: 280
thread id: 16 work duration: 160
thread id: 16 work duration: 280
thread id: 16 work duration: 160
thread id: 16 work duration: 270
thread id: 16 work duration: 170
thread id: 16 work duration: 310
thread id: 16 work duration: 160
thread id: 16 work duration: 160
thread id: 16 work duration: 60
thread id: 16 work duration: 170
thread id: 16 work duration: 60
thread id: 16 work duration: 70
thread id: 16 work duration: 60
thread id: 16 work duration: 60
thread id: 16 work duration: 70
thread id: 16 work duration: 60
thread id: 16 work duration: 60
thread id: 16 work duration: 60
thread id: 16 work duration: 70
thread id: 16 work duration: 60
thread id: 16 work duration: 60
thread id: 16 work duration: 60
thread id: 16 work duration: 60
thread id: 16 work duration: 60
thread id: 16 work duration: 60
thread id: 16 work duration: 180
thread id: 16 work duration: 70
thread id: 16 work duration: 160
thread id: 16 work duration: 180
thread id: 16 work duration: 270
thread id: 16 work duration: 60
thread id: 16 work duration: 170
thread id: 16 work duration: 60
thread id: 16 work duration: 60
thread id: 16 work duration: 70
thread id: 16 work duration: 60
thread id: 16 work duration: 70
thread id: 16 work duration: 60
thread id: 16 work duration: 60
thread id: 16 work duration: 60
thread id: 16 work duration: 60
thread id: 16 work duration: 70
thread id: 16 work duration: 70
thread id: 16 work duration: 70
thread id: 16 work duration: 60
thread id: 16 work duration: 70
thread id: 16 work duration: 70
thread id: 16 work duration: 300
thread id: 16 work duration: 160
thread id: 16 work duration: 300
thread id: 16 work duration: 170
thread id: 16 work duration: 280
thread id: 16 work duration: 180
thread id: 16 work duration: 270
thread id: 16 work duration: 170
thread id: 16 work duration: 270
thread id: 16 work duration: 180
thread id: 16 work duration: 280
thread id: 16 work duration: 170
thread id: 16 work duration: 280
thread id: 16 work duration: 170
thread id: 16 work duration: 280
thread id: 16 work duration: 170
thread id: 16 work duration: 270
thread id: 16 work duration: 180
thread id: 16 work duration: 280
thread id: 16 work duration: 170
thread id: 16 work duration: 280
thread id: 16 work duration: 180
thread id: 16 work duration: 280
thread id: 16 work duration: 170
thread id: 16 work duration: 290
thread id: 16 work duration: 170
thread id: 16 work duration: 280
thread id: 16 work duration: 170
thread id: 16 work duration: 280
thread id: 16 work duration: 170
thread id: 16 work duration: 280
thread id: 16 work duration: 170
thread id: 16 work duration: 290
thread id: 16 work duration: 190
thread id: 16 work duration: 280
thread id: 16 work duration: 170
thread id: 16 work duration: 280
thread id: 16 work duration: 180
thread id: 16 work duration: 280
thread id: 16 work duration: 160
thread id: 16 work duration: 280
thread id: 16 work duration: 170
thread id: 16 work duration: 280
thread id: 16 work duration: 180
thread id: 16 work duration: 280
thread id: 16 work duration: 170
thread id: 16 work duration: 300
thread id: 16 work duration: 180
thread id: 16 work duration: 280
thread id: 16 work duration: 170
thread id: 16 work duration: 280
thread id: 16 work duration: 170
thread id: 16 work duration: 290
thread id: 16 work duration: 180
thread id: 16 work duration: 280
thread id: 16 work duration: 160
thread id: 16 work duration: 280
thread id: 16 work duration: 180
thread id: 16 work duration: 290
thread id: 16 work duration: 170
thread id: 16 work duration: 350
thread id: 16 work duration: 170
thread id: 16 work duration: 280
thread id: 16 work duration: 170
thread id: 16 work duration: 300
thread id: 16 work duration: 170
thread id: 16 work duration: 280
thread id: 16 work duration: 170
thread id: 16 work duration: 280
thread id: 16 work duration: 170
thread id: 16 work duration: 270
thread id: 16 work duration: 180
thread id: 16 work duration: 280
thread id: 16 work duration: 170
thread id: 16 work duration: 290
thread id: 16 work duration: 180
thread id: 16 work duration: 270
thread id: 16 work duration: 170
thread id: 16 work duration: 290
thread id: 16 work duration: 190
thread id: 16 work duration: 290
thread id: 16 work duration: 70
thread id: 16 work duration: 70
thread id: 16 work duration: 70
thread id: 16 work duration: 70
thread id: 16 work duration: 60
thread id: 16 work duration: 240
[report]: insert_run_time_ns : 1240307
[report]: insert_overall_operation_number : 160
[report]: insert_overall_throughput : 129000.320082
