/mnt/nvme0/home/gxr/Myhash_boc/Hash_rt/build/hash_rt --num_threads_client=8 --num_threads_worker=5 --str_key_size=8 --str_value_size=100 --num_ops=100 --first_mode=true --work_usec=0 --batch_size=80
Init time:516443330
scheduler loop time: 306530
thread id: 5 work duration: 5900
thread id: 5 work duration: 440
thread id: 5 work duration: 90
thread id: 5 work duration: 80
thread id: thread id: 4 work duration: 110
5 work duration: 70
thread id: 5 work duration: 100
thread id: 5 work duration: 50
thread id: 5 work duration: 60
thread id: 5 work duration: 50
thread id: 5 work duration: 70
thread id: 5 work duration: 70
thread id: 5 work duration: 80
thread id: 5 work duration: 60
thread id: 5 work duration: 60
thread id: 5 work duration: 60
thread id: 5 work duration: 60
thread id: 5 work duration: 60
thread id: 5 work duration: 60
thread id: 5 work duration: 60
thread id: 5 work duration: 60
thread id: 5 work duration: 60
thread id: 5 work duration: 370
thread id: 5 work duration: 60
thread id: 5 work duration: 180
thread id: 5 work duration: 60
thread id: 5 work duration: 60
thread id: 5 work duration: 50
thread id: 5 work duration: 60
thread id: 5 work duration: 60
thread id: 5 work duration: 60
thread id: 5 work duration: 60
thread id: 5 work duration: 80
thread id: 5 work duration: 60
thread id: 5 work duration: 60
thread id: 5 work duration: 60
thread id: 5 work duration: 60
thread id: 5 work duration: 60
thread id: 5 work duration: 60
thread id: 5 work duration: 60
thread id: 5 work duration: 60
thread id: 5 work duration: 60
thread id: 5 work duration: 60
thread id: 5 work duration: 60
thread id: 5 work duration: 60
thread id: 5 work duration: 60
thread id: 5 work duration: 60
thread id: 5 work duration: 60
thread id: 5 work duration: 70
thread id: 5 work duration: 60
thread id: 5 work duration: 60
thread id: 5 work duration: 60
thread id: 5 work duration: 60
thread id: 5 work duration: 70
thread id: 5 work duration: 60
thread id: 5 work duration: 60
thread id: 5 work duration: 60
thread id: 5 work duration: 60
thread id: 5 work duration: 60
thread id: 5 work duration: 60
thread id: 5 work duration: 60
thread id: 5 work duration: 60
thread id: 5 work duration: 70
thread id: 5 work duration: 60
thread id: 5 work duration: 60
thread id: 5 work duration: 60
thread id: 5 work duration: 60
thread id: 5 work duration: 60
thread id: 5 work duration: 60
thread id: 5 work duration: 60
thread id: 5 work duration: 60
thread id: 5 work duration: 60
thread id: 5 work duration: 60
thread id: 5 work duration: 60
thread id: 5 work duration: 60
thread id: 5 work duration: 60
thread id: 5 work duration: 70
thread id: 5 work duration: 60
thread id: 5 work duration: 60
thread id: 5 work duration: 60
thread id: 5 work duration: 60
thread id: 5 work duration: 60
thread id: 5 work duration: 60
thread id: 5 work duration: 60
thread id: 5 work duration: 60
thread id: 5 work duration: 60
thread id: 5 work duration: 70
thread id: 5 work duration: 60
thread id: 5 work duration: 60
thread id: 5 work duration: 60
thread id: 5 work duration: 70
thread id: 5 work duration: 60
thread id: 5 work duration: 60
thread id: 5 work duration: 60
thread id: 5 work duration: 60
thread id: 5 work duration: 60
thread id: 5 work duration: 70
thread id: 5 work duration: 60
thread id: 5 work duration: 60
thread id: 5 work duration: 60
thread id: 5 work duration: 60
thread id: 5 work duration: 60
thread id: 5 work duration: 60
thread id: 5 work duration: 70
thread id: 5 work duration: 60
thread id: 5 work duration: 70
thread id: 5 work duration: 60
thread id: 5 work duration: 60
thread id: 5 work duration: 60
thread id: 5 work duration: 60
thread id: 5 work duration: 60
thread id: 5 work duration: 60
thread id: 5 work duration: 60
thread id: 5 work duration: 60
thread id: 5 work duration: 60
thread id: 5 work duration: 60
thread id: 5 work duration: 60
thread id: 5 work duration: 50
thread id: 5 work duration: 50
thread id: 5 work duration: 60
thread id: 5 work duration: 60
thread id: 5 work duration: 60
thread id: 5 work duration: 50
thread id: 5 work duration: 60
thread id: 5 work duration: 60
thread id: 5 work duration: 60
thread id: 5 work duration: 60
thread id: 5 work duration: 60
thread id: 5 work duration: 60
thread id: 5 work duration: 60
thread id: 5 work duration: 60
thread id: 5 work duration: 60
thread id: 5 work duration: 60
thread id: 5 work duration: 70
thread id: 5 work duration: 60
thread id: 5 work duration: 60
thread id: 5 work duration: 60
thread id: 5 work duration: 60
thread id: 5 work duration: 60
thread id: 5 work duration: 60
thread id: 5 work duration: 60
thread id: 5 work duration: 60
thread id: 5 work duration: 60
thread id: 5 work duration: 60
thread id: 5 work duration: 60
thread id: 5 work duration: 60
thread id: 5 work duration: 60
thread id: 5 work duration: 60
thread id: 5 work duration: 60
thread id: 5 work duration: 60
thread id: 5 work duration: 60
thread id: 5 work duration: 60
thread id: 5 work duration: 60
thread id: 5 work duration: 60
thread id: 5 work duration: 60
thread id: 5 work duration: 60
thread id: 5 work duration: 60
thread id: 5 work duration: 50
thread id: 5 work duration: 60
thread id: 5 work duration: 60
thread id: 5 work duration: 140
[report]: insert_run_time_ns : 935108
[report]: insert_overall_operation_number : 160
[report]: insert_overall_throughput : 171103.230857
