/mnt/nvme0/home/gxr/Myhash_boc/Hash_rt/build/hash_rt --num_threads_client=8 --num_threads_worker=6 --str_key_size=8 --str_value_size=100 --num_ops=100 --first_mode=true --work_usec=0 --batch_size=80
Init time:546422991
scheduler loop time: 346340
thread id: 6 work duration: thread id: 5 work duration: 100
6500
thread id: 6 work duration: 470
thread id: 6 work duration: 140
thread id: 6 work duration: 90
thread id: 6 work duration: 130
thread id: 6 work duration: 100
thread id: 6 work duration: 150
thread id: 6 work duration: 140
thread id: 6 work duration: 70
thread id: 6 work duration: 60
thread id: 6 work duration: 70
thread id: 6 work duration: 70
thread id: 6 work duration: 60
thread id: 6 work duration: 60
thread id: 6 work duration: 60
thread id: 6 work duration: 60
thread id: 6 work duration: 60
thread id: 6 work duration: 60
thread id: 6 work duration: 230
thread id: 6 work duration: 60
thread id: 6 work duration: 60
thread id: 6 work duration: 390
thread id: 6 work duration: 70
thread id: 6 work duration: 60
thread id: 6 work duration: 70
thread id: 6 work duration: 60
thread id: 6 work duration: 60
thread id: 6 work duration: 60
thread id: 6 work duration: 60
thread id: 6 work duration: 70
thread id: 6 work duration: 80
thread id: 6 work duration: 70
thread id: 6 work duration: 70
thread id: 6 work duration: 60
thread id: 6 work duration: 60
thread id: 6 work duration: 60
thread id: 6 work duration: 60
thread id: 6 work duration: 60
thread id: 6 work duration: 60
thread id: 6 work duration: 60
thread id: 6 work duration: 60
thread id: 6 work duration: 60
thread id: 6 work duration: 60
thread id: 6 work duration: 60
thread id: 6 work duration: 60
thread id: 6 work duration: 70
thread id: 6 work duration: 60
thread id: 6 work duration: 80
thread id: 6 work duration: 60
thread id: 6 work duration: 60
thread id: 6 work duration: 60
thread id: 6 work duration: 60
thread id: 6 work duration: 60
thread id: 6 work duration: 60
thread id: 6 work duration: 60
thread id: 6 work duration: 60
thread id: 6 work duration: 60
thread id: 6 work duration: 60
thread id: 6 work duration: 70
thread id: 6 work duration: 70
thread id: 6 work duration: 60
thread id: 6 work duration: 60
thread id: 6 work duration: 60
thread id: 6 work duration: 60
thread id: 6 work duration: 60
thread id: 6 work duration: 60
thread id: 6 work duration: 60
thread id: 6 work duration: 60
thread id: 6 work duration: 130
thread id: 6 work duration: 50
thread id: 6 work duration: 60
thread id: 6 work duration: 70
thread id: 6 work duration: 50
thread id: 6 work duration: 60
thread id: 6 work duration: 60
thread id: 6 work duration: 60
thread id: 6 work duration: 60
thread id: 6 work duration: 60
thread id: 6 work duration: 50
thread id: 6 work duration: 60
thread id: 6 work duration: 60
thread id: 6 work duration: 60
thread id: 6 work duration: 60
thread id: 6 work duration: 70
thread id: 6 work duration: 60
thread id: 6 work duration: 60
thread id: 6 work duration: 60
thread id: 6 work duration: 60
thread id: 6 work duration: 60
thread id: 6 work duration: 60
thread id: 6 work duration: 60
thread id: 6 work duration: 60
thread id: 6 work duration: 60
thread id: 6 work duration: 60
thread id: 6 work duration: 60
thread id: 6 work duration: 60
thread id: 6 work duration: 60
thread id: 6 work duration: 60
thread id: 6 work duration: 60
thread id: 6 work duration: 50
thread id: 6 work duration: 60
thread id: 6 work duration: 60
thread id: 6 work duration: 60
thread id: 6 work duration: 60
thread id: 6 work duration: 60
thread id: 6 work duration: 60
thread id: 6 work duration: 60
thread id: 6 work duration: 60
thread id: 6 work duration: 70
thread id: 6 work duration: 70
thread id: 6 work duration: 60
thread id: 6 work duration: 60
thread id: 6 work duration: 60
thread id: 6 work duration: 60
thread id: 6 work duration: 60
thread id: 6 work duration: 60
thread id: 6 work duration: 60
thread id: 6 work duration: 60
thread id: 6 work duration: 60
thread id: 6 work duration: 60
thread id: 6 work duration: 50
thread id: 6 work duration: 60
thread id: 6 work duration: 60
thread id: 6 work duration: 60
thread id: 6 work duration: 60
thread id: 6 work duration: 60
thread id: 6 work duration: 60
thread id: 6 work duration: 60
thread id: 6 work duration: 60
thread id: 6 work duration: 60
thread id: 6 work duration: 60
thread id: 6 work duration: 80
thread id: 6 work duration: 70
thread id: 6 work duration: 60
thread id: 6 work duration: 60
thread id: 6 work duration: 60
thread id: 6 work duration: 60
thread id: 6 work duration: 60
thread id: 6 work duration: 60
thread id: 6 work duration: 60
thread id: 6 work duration: 60
thread id: 6 work duration: 60
thread id: 6 work duration: 60
thread id: 6 work duration: 60
thread id: 6 work duration: 60
thread id: 6 work duration: 60
thread id: 6 work duration: 60
thread id: 6 work duration: 60
thread id: 6 work duration: 60
thread id: 6 work duration: 50
thread id: 6 work duration: 60
thread id: 6 work duration: 60
thread id: 6 work duration: 60
thread id: 6 work duration: 60
thread id: 6 work duration: 60
thread id: 6 work duration: 60
thread id: 6 work duration: 70
thread id: 6 work duration: 60
thread id: 6 work duration: 60
thread id: 6 work duration: 450
[report]: insert_run_time_ns : 973498
[report]: insert_overall_operation_number : 160
[report]: insert_overall_throughput : 164355.756252
