/mnt/nvme0/home/gxr/Myhash_boc/Hash_rt/build/hash_rt --num_threads_client=8 --num_threads_worker=2 --str_key_size=8 --str_value_size=100 --num_ops=100 --first_mode=true --work_usec=0 --batch_size=80
Init time:508183106
scheduler loop time: 333679
thread id: thread id: 21 work duration: 100
 work duration: 5270
thread id: 2 work duration: 420
thread id: 2 work duration: 130
thread id: 2 work duration: 80
thread id: 2 work duration: 60
thread id: 2 work duration: 60
thread id: 2 work duration: 60
thread id: 2 work duration: 60
thread id: 2 work duration: 60
thread id: 2 work duration: 60
thread id: 2 work duration: 60
thread id: 2 work duration: 60
thread id: 2 work duration: 70
thread id: 2 work duration: 60
thread id: 2 work duration: 60
thread id: 2 work duration: 70
thread id: 2 work duration: 60
thread id: 2 work duration: 60
thread id: 2 work duration: 60
thread id: 2 work duration: 70
thread id: 2 work duration: 70
thread id: 2 work duration: 370
thread id: 2 work duration: 60
thread id: 2 work duration: 70
thread id: 2 work duration: 70
thread id: 2 work duration: 60
thread id: 2 work duration: 60
thread id: 2 work duration: 70
thread id: 2 work duration: 70
thread id: 2 work duration: 60
thread id: 2 work duration: 70
thread id: 2 work duration: 70
thread id: 2 work duration: 60
thread id: 2 work duration: 70
thread id: 2 work duration: 60
thread id: 2 work duration: 70
thread id: 2 work duration: 70
thread id: 2 work duration: 60
thread id: 2 work duration: 60
thread id: 2 work duration: 60
thread id: 2 work duration: 60
thread id: 2 work duration: 70
thread id: 2 work duration: 60
thread id: 2 work duration: 70
thread id: 2 work duration: 70
thread id: 2 work duration: 60
thread id: 2 work duration: 70
thread id: 2 work duration: 70
thread id: 2 work duration: 70
thread id: 2 work duration: 60
thread id: 2 work duration: 60
thread id: 2 work duration: 70
thread id: 2 work duration: 70
thread id: 2 work duration: 70
thread id: 2 work duration: 60
thread id: 2 work duration: 70
thread id: 2 work duration: 60
thread id: 2 work duration: 60
thread id: 2 work duration: 60
thread id: 2 work duration: 60
thread id: 2 work duration: 60
thread id: 2 work duration: 60
thread id: 2 work duration: 60
thread id: 2 work duration: 70
thread id: 2 work duration: 60
thread id: 2 work duration: 60
thread id: 2 work duration: 60
thread id: 2 work duration: 70
thread id: 2 work duration: 70
thread id: 2 work duration: 60
thread id: 2 work duration: 60
thread id: 2 work duration: 60
thread id: 2 work duration: 60
thread id: 2 work duration: 60
thread id: 2 work duration: 70
thread id: 2 work duration: 70
thread id: 2 work duration: 70
thread id: 2 work duration: 60
thread id: 2 work duration: 60
thread id: 2 work duration: 60
thread id: 2 work duration: 60
thread id: 2 work duration: 60
thread id: 2 work duration: 70
thread id: 2 work duration: 60
thread id: 2 work duration: 70
thread id: 2 work duration: 60
thread id: 2 work duration: 60
thread id: 2 work duration: 60
thread id: 2 work duration: 60
thread id: 2 work duration: 70
thread id: 2 work duration: 60
thread id: 2 work duration: 60
thread id: 2 work duration: 60
thread id: 2 work duration: 60
thread id: 2 work duration: 60
thread id: 2 work duration: 70
thread id: 2 work duration: 60
thread id: 2 work duration: 60
thread id: 2 work duration: 70
thread id: 2 work duration: 70
thread id: 2 work duration: 60
thread id: 2 work duration: 70
thread id: 2 work duration: 80
thread id: 2 work duration: 60
thread id: 2 work duration: 70
thread id: 2 work duration: 60
thread id: 2 work duration: 60
thread id: 2 work duration: 60
thread id: 2 work duration: 60
thread id: 2 work duration: 60
thread id: 2 work duration: 60
thread id: 2 work duration: 70
thread id: 2 work duration: 70
thread id: 2 work duration: 70
thread id: 2 work duration: 60
thread id: 2 work duration: 60
thread id: 2 work duration: 60
thread id: 2 work duration: 70
thread id: 2 work duration: 60
thread id: 2 work duration: 60
thread id: 2 work duration: 60
thread id: 2 work duration: 70
thread id: 2 work duration: 60
thread id: 2 work duration: 60
thread id: 2 work duration: 60
thread id: 2 work duration: 60
thread id: 2 work duration: 70
thread id: 2 work duration: 60
thread id: 2 work duration: 60
thread id: 2 work duration: 60
thread id: 2 work duration: 60
thread id: 2 work duration: 70
thread id: 2 work duration: 60
thread id: 2 work duration: 60
thread id: 2 work duration: 80
thread id: 2 work duration: 70
thread id: 2 work duration: 60
thread id: 2 work duration: 60
thread id: 2 work duration: 60
thread id: 2 work duration: 60
thread id: 2 work duration: 60
thread id: 2 work duration: 60
thread id: 2 work duration: 60
thread id: 2 work duration: 60
thread id: 2 work duration: 60
thread id: 2 work duration: 70
thread id: 2 work duration: 60
thread id: 2 work duration: 70
thread id: 2 work duration: 70
thread id: 2 work duration: 70
thread id: 2 work duration: 70
thread id: 2 work duration: 70
thread id: 2 work duration: 60
thread id: 2 work duration: 70
thread id: 2 work duration: 70
thread id: 2 work duration: 60
thread id: 2 work duration: 70
thread id: 2 work duration: 60
thread id: 2 work duration: 60
thread id: 2 work duration: 220
[report]: insert_run_time_ns : 934888
[report]: insert_overall_operation_number : 160
[report]: insert_overall_throughput : 171143.495264
