/mnt/nvme0/home/gxr/Myhash_boc/Hash_rt/build/hash_rt --num_threads_client=8 --num_threads_worker=12 --str_key_size=8 --str_value_size=100 --num_ops=100 --first_mode=true --work_usec=0 --batch_size=80
Init time:505734880
scheduler loop time: 303400
thread id: thread id: 11 work duration: 150
12 work duration: 9450
thread id: 12 work duration: 400
thread id: 12 work duration: 220
thread id: 12 work duration: 300
thread id: 12 work duration: 170
thread id: 12 work duration: 160
thread id: 12 work duration: 70
thread id: 12 work duration: 180
thread id: 12 work duration: 60
thread id: 12 work duration: 170
thread id: 12 work duration: 60
thread id: 12 work duration: 60
thread id: 12 work duration: 60
thread id: 12 work duration: 70
thread id: 12 work duration: 60
thread id: 12 work duration: 70
thread id: 12 work duration: 60
thread id: 12 work duration: 170
thread id: 12 work duration: 50
thread id: 12 work duration: 70
thread id: 12 work duration: 60
thread id: 12 work duration: 760
thread id: 12 work duration: 70
thread id: 12 work duration: 180
thread id: 12 work duration: 60
thread id: 12 work duration: 170
thread id: 12 work duration: 60
thread id: 12 work duration: 170
thread id: 12 work duration: 60
thread id: 12 work duration: 180
thread id: 12 work duration: 60
thread id: 12 work duration: 60
thread id: 12 work duration: 60
thread id: 12 work duration: 60
thread id: 12 work duration: 70
thread id: 12 work duration: 170
thread id: 12 work duration: 60
thread id: 12 work duration: 270
thread id: 12 work duration: 170
thread id: 12 work duration: 280
thread id: 12 work duration: 180
thread id: 12 work duration: 280
thread id: 12 work duration: 170
thread id: 12 work duration: 270
thread id: 12 work duration: 180
thread id: 12 work duration: 280
thread id: 12 work duration: 170
thread id: 12 work duration: 300
thread id: 12 work duration: 170
thread id: 12 work duration: 280
thread id: 12 work duration: 170
thread id: 12 work duration: 280
thread id: 12 work duration: 180
thread id: 12 work duration: 420
thread id: 12 work duration: 180
thread id: 12 work duration: 180
thread id: 12 work duration: 170
thread id: 12 work duration: 290
thread id: 12 work duration: 160
thread id: 12 work duration: 170
thread id: 12 work duration: 60
thread id: 12 work duration: 50
thread id: 12 work duration: 180
thread id: 12 work duration: 160
thread id: 12 work duration: 60
thread id: 12 work duration: 160
thread id: 12 work duration: 60
thread id: 12 work duration: 180
thread id: 12 work duration: 60
thread id: 12 work duration: 170
thread id: 12 work duration: 170
thread id: 12 work duration: 280
thread id: 12 work duration: 170
thread id: 12 work duration: 290
thread id: 12 work duration: 160
thread id: 12 work duration: 320
thread id: 12 work duration: 170
thread id: 12 work duration: 300
thread id: 12 work duration: 180
thread id: 12 work duration: 270
thread id: 12 work duration: 170
thread id: 12 work duration: 270
thread id: 12 work duration: 170
thread id: 12 work duration: 320
thread id: 12 work duration: 180
thread id: 12 work duration: 290
thread id: 12 work duration: 180
thread id: 12 work duration: 290
thread id: 12 work duration: 190
thread id: 12 work duration: 280
thread id: 12 work duration: 160
thread id: 12 work duration: 270
thread id: 12 work duration: 170
thread id: 12 work duration: 310
thread id: 12 work duration: 190
thread id: 12 work duration: 290
thread id: 12 work duration: 170
thread id: 12 work duration: 290
thread id: 12 work duration: 160
thread id: 12 work duration: 280
thread id: 12 work duration: 180
thread id: 12 work duration: 290
thread id: 12 work duration: 180
thread id: 12 work duration: 290
thread id: 12 work duration: 180
thread id: 12 work duration: 300
thread id: 12 work duration: 190
thread id: 12 work duration: 280
thread id: 12 work duration: 170
thread id: 12 work duration: 280
thread id: 12 work duration: 170
thread id: 12 work duration: 290
thread id: 12 work duration: 160
thread id: 12 work duration: 280
thread id: 12 work duration: 180
thread id: 12 work duration: 290
thread id: 12 work duration: 180
thread id: 12 work duration: 290
thread id: 12 work duration: 170
thread id: 12 work duration: 290
thread id: 12 work duration: 170
thread id: 12 work duration: 290
thread id: 12 work duration: 160
thread id: 12 work duration: 280
thread id: 12 work duration: 180
thread id: 12 work duration: 300
thread id: 12 work duration: 170
thread id: 12 work duration: 290
thread id: 12 work duration: 170
thread id: 12 work duration: 320
thread id: 12 work duration: 180
thread id: 12 work duration: 290
thread id: 12 work duration: 170
thread id: 12 work duration: 290
thread id: 12 work duration: 170
thread id: 12 work duration: 280
thread id: 12 work duration: 180
thread id: 12 work duration: 290
thread id: 12 work duration: 170
thread id: 12 work duration: 280
thread id: 12 work duration: 180
thread id: 12 work duration: 290
thread id: 12 work duration: 170
thread id: 12 work duration: 280
thread id: 12 work duration: 170
thread id: 12 work duration: 280
thread id: 12 work duration: 170
thread id: 12 work duration: 290
thread id: 12 work duration: 170
thread id: 12 work duration: 290
thread id: 12 work duration: 170
thread id: 12 work duration: 280
thread id: 12 work duration: 180
thread id: 12 work duration: 290
thread id: 12 work duration: 180
thread id: 12 work duration: 290
thread id: 12 work duration: 180
thread id: 12 work duration: 290
thread id: 12 work duration: 180
thread id: 12 work duration: 360
[report]: insert_run_time_ns : 1117478
[report]: insert_overall_operation_number : 160
[report]: insert_overall_throughput : 143179.552528
