/mnt/nvme0/home/gxr/Myhash_boc/Hash_rt/build/hash_rt --num_threads_client=8 --num_threads_worker=3 --str_key_size=8 --str_value_size=100 --num_ops=100 --first_mode=true --work_usec=0 --batch_size=80
Init time:515315702
scheduler loop time: 332430
thread id: thread id: 23 work duration: 7000
thread id:  work duration: 120
3 work duration: 550
thread id: 3 work duration: 190
thread id: 3 work duration: 110
thread id: 3 work duration: 110
thread id: 3 work duration: 90
thread id: 3 work duration: 110
thread id: 3 work duration: 210
thread id: 3 work duration: 150
thread id: 3 work duration: 120
thread id: 3 work duration: 120
thread id: 3 work duration: 120
thread id: 3 work duration: 120
thread id: 3 work duration: 120
thread id: 3 work duration: 120
thread id: 3 work duration: 110
thread id: 3 work duration: 110
thread id: 3 work duration: 120
thread id: 3 work duration: 120
thread id: 3 work duration: 120
thread id: 3 work duration: 110
thread id: 3 work duration: 450
thread id: 3 work duration: 110
thread id: 3 work duration: 120
thread id: 3 work duration: 110
thread id: 3 work duration: 110
thread id: 3 work duration: 110
thread id: 3 work duration: 120
thread id: 3 work duration: 120
thread id: 3 work duration: 120
thread id: 3 work duration: 110
thread id: 3 work duration: 110
thread id: 3 work duration: 120
thread id: 3 work duration: 110
thread id: 3 work duration: 120
thread id: 3 work duration: 120
thread id: 3 work duration: 120
thread id: 3 work duration: 120
thread id: 3 work duration: 120
thread id: 3 work duration: 120
thread id: 3 work duration: 130
thread id: 3 work duration: 110
thread id: 3 work duration: 120
thread id: 3 work duration: 110
thread id: 3 work duration: 110
thread id: 3 work duration: 110
thread id: 3 work duration: 110
thread id: 3 work duration: 110
thread id: 3 work duration: 120
thread id: 3 work duration: 120
thread id: 3 work duration: 110
thread id: 3 work duration: 110
thread id: 3 work duration: 110
thread id: 3 work duration: 120
thread id: 3 work duration: 120
thread id: 3 work duration: 120
thread id: 3 work duration: 120
thread id: 3 work duration: 120
thread id: 3 work duration: 110
thread id: 3 work duration: 120
thread id: 3 work duration: 110
thread id: 3 work duration: 110
thread id: 3 work duration: 110
thread id: 3 work duration: 130
thread id: 3 work duration: 120
thread id: 3 work duration: 110
thread id: 3 work duration: 110
thread id: 3 work duration: 110
thread id: 3 work duration: 120
thread id: 3 work duration: 120
thread id: 3 work duration: 130
thread id: 3 work duration: 110
thread id: 3 work duration: 120
thread id: 3 work duration: 120
thread id: 3 work duration: 120
thread id: 3 work duration: 120
thread id: 3 work duration: 110
thread id: 3 work duration: 120
thread id: 3 work duration: 130
thread id: 3 work duration: 110
thread id: 3 work duration: 100
thread id: 3 work duration: 110
thread id: 3 work duration: 120
thread id: 3 work duration: 120
thread id: 3 work duration: 110
thread id: 3 work duration: 120
thread id: 3 work duration: 100
thread id: 3 work duration: 120
thread id: 3 work duration: 120
thread id: 3 work duration: 110
thread id: 3 work duration: 90
thread id: 3 work duration: 110
thread id: 3 work duration: 120
thread id: 3 work duration: 120
thread id: 3 work duration: 110
thread id: 3 work duration: 120
thread id: 3 work duration: 110
thread id: 3 work duration: 120
thread id: 3 work duration: 110
thread id: 3 work duration: 110
thread id: 3 work duration: 110
thread id: 3 work duration: 190
thread id: 3 work duration: 110
thread id: 3 work duration: 120
thread id: 3 work duration: 120
thread id: 3 work duration: 120
thread id: 3 work duration: 110
thread id: 3 work duration: 120
thread id: 3 work duration: 120
thread id: 3 work duration: 110
thread id: 3 work duration: 120
thread id: 3 work duration: 110
thread id: 3 work duration: 130
thread id: 3 work duration: 110
thread id: 3 work duration: 110
thread id: 3 work duration: 110
thread id: 3 work duration: 110
thread id: 3 work duration: 110
thread id: 3 work duration: 120
thread id: 3 work duration: 220
thread id: 3 work duration: 120
thread id: 3 work duration: 120
thread id: 3 work duration: 120
thread id: 3 work duration: 110
thread id: 3 work duration: 120
thread id: 3 work duration: 110
thread id: 3 work duration: 120
thread id: 3 work duration: 110
thread id: 3 work duration: 110
thread id: 3 work duration: 120
thread id: 3 work duration: 120
thread id: 3 work duration: 120
thread id: 3 work duration: 110
thread id: 3 work duration: 120
thread id: 3 work duration: 120
thread id: 3 work duration: 110
thread id: 3 work duration: 110
thread id: 3 work duration: 120
thread id: 3 work duration: 120
thread id: 3 work duration: 120
thread id: 3 work duration: 120
thread id: 3 work duration: 120
thread id: 3 work duration: 110
thread id: 3 work duration: 110
thread id: 3 work duration: 100
thread id: 3 work duration: 100
thread id: 3 work duration: 100
thread id: 3 work duration: 110
thread id: 3 work duration: 100
thread id: 3 work duration: 100
thread id: 3 work duration: 100
thread id: 3 work duration: 100
thread id: 3 work duration: 100
thread id: 3 work duration: 100
thread id: 3 work duration: 90
thread id: 3 work duration: 90
thread id: 3 work duration: 90
thread id: 3 work duration: 100
thread id: 3 work duration: 90
thread id: 3 work duration: 260
[report]: insert_run_time_ns : 1169757
[report]: insert_overall_operation_number : 160
[report]: insert_overall_throughput : 136780.545019
