/mnt/nvme0/home/gxr/Myhash_boc/Hash_rt/build/hash_rt --num_threads_client=8 --num_threads_worker=13 --str_key_size=8 --str_value_size=100 --num_ops=100 --first_mode=true --work_usec=0 --batch_size=80
Init time:511813227
scheduler loop time: 315329
thread id: thread id: 13 work duration: 9830
thread id: 13 work duration: 490
thread id: 12 work duration: 160
13 work duration: 220
thread id: 13 work duration: 320
thread id: 13 work duration: 180
thread id: 13 work duration: 290
thread id: 13 work duration: 180
thread id: 13 work duration: 290
thread id: 13 work duration: 180
thread id: 13 work duration: 290
thread id: 13 work duration: 180
thread id: 13 work duration: 290
thread id: 13 work duration: 170
thread id: 13 work duration: 290
thread id: 13 work duration: 70
thread id: 13 work duration: 180
thread id: 13 work duration: 70
thread id: 13 work duration: 180
thread id: 13 work duration: 60
thread id: 13 work duration: 180
thread id: 13 work duration: 60
thread id: 13 work duration: 980
thread id: 13 work duration: 60
thread id: 13 work duration: 60
thread id: 13 work duration: 60
thread id: 13 work duration: 60
thread id: 13 work duration: 60
thread id: 13 work duration: 60
thread id: 13 work duration: 60
thread id: 13 work duration: 60
thread id: 13 work duration: 60
thread id: 13 work duration: 60
thread id: 13 work duration: 60
thread id: 13 work duration: 60
thread id: 13 work duration: 70
thread id: 13 work duration: 60
thread id: 13 work duration: 70
thread id: 13 work duration: 60
thread id: 13 work duration: 60
thread id: 13 work duration: 70
thread id: 13 work duration: 60
thread id: 13 work duration: 60
thread id: 13 work duration: 60
thread id: 13 work duration: 70
thread id: 13 work duration: 60
thread id: 13 work duration: 60
thread id: 13 work duration: 70
thread id: 13 work duration: 70
thread id: 13 work duration: 60
thread id: 13 work duration: 60
thread id: 13 work duration: 60
thread id: 13 work duration: 170
thread id: 13 work duration: 60
thread id: 13 work duration: 60
thread id: 13 work duration: 60
thread id: 13 work duration: 70
thread id: 13 work duration: 60
thread id: 13 work duration: 60
thread id: 13 work duration: 60
thread id: 13 work duration: 60
thread id: 13 work duration: 60
thread id: 13 work duration: 60
thread id: 13 work duration: 70
thread id: 13 work duration: 60
thread id: 13 work duration: 60
thread id: 13 work duration: 60
thread id: 13 work duration: 70
thread id: 13 work duration: 180
thread id: 13 work duration: 60
thread id: 13 work duration: 60
thread id: 13 work duration: 60
thread id: 13 work duration: 60
thread id: 13 work duration: 60
thread id: 13 work duration: 190
thread id: 13 work duration: 60
thread id: 13 work duration: 60
thread id: 13 work duration: 60
thread id: 13 work duration: 70
thread id: 13 work duration: 60
thread id: 13 work duration: 60
thread id: 13 work duration: 70
thread id: 13 work duration: 60
thread id: 13 work duration: 60
thread id: 13 work duration: 60
thread id: 13 work duration: 60
thread id: 13 work duration: 300
thread id: 13 work duration: 60
thread id: 13 work duration: 60
thread id: 13 work duration: 60
thread id: 13 work duration: 60
thread id: 13 work duration: 60
thread id: 13 work duration: 60
thread id: 13 work duration: 60
thread id: 13 work duration: 60
thread id: 13 work duration: 70
thread id: 13 work duration: 60
thread id: 13 work duration: 70
thread id: 13 work duration: 60
thread id: 13 work duration: 60
thread id: 13 work duration: 60
thread id: 13 work duration: 60
thread id: 13 work duration: 70
thread id: 13 work duration: 60
thread id: 13 work duration: 60
thread id: 13 work duration: 60
thread id: 13 work duration: 60
thread id: 13 work duration: 60
thread id: 13 work duration: 60
thread id: 13 work duration: 70
thread id: 13 work duration: 180
thread id: 13 work duration: 60
thread id: 13 work duration: 170
thread id: 13 work duration: 60
thread id: 13 work duration: 170
thread id: 13 work duration: 60
thread id: 13 work duration: 70
thread id: 13 work duration: 60
thread id: 13 work duration: 60
thread id: 13 work duration: 170
thread id: 13 work duration: 180
thread id: 13 work duration: 60
thread id: 13 work duration: 60
thread id: 13 work duration: 60
thread id: 13 work duration: 60
thread id: 13 work duration: 60
thread id: 13 work duration: 60
thread id: 13 work duration: 60
thread id: 13 work duration: 60
thread id: 13 work duration: 60
thread id: 13 work duration: 70
thread id: 13 work duration: 60
thread id: 13 work duration: 70
thread id: 13 work duration: 60
thread id: 13 work duration: 60
thread id: 13 work duration: 60
thread id: 13 work duration: 190
thread id: 13 work duration: 60
thread id: 13 work duration: 170
thread id: 13 work duration: 170
thread id: 13 work duration: 190
thread id: 13 work duration: 190
thread id: 13 work duration: 190
thread id: 13 work duration: 60
thread id: 13 work duration: 70
thread id: 13 work duration: 190
thread id: 13 work duration: 70
thread id: 13 work duration: 60
thread id: 13 work duration: 190
thread id: 13 work duration: 60
thread id: 13 work duration: 60
thread id: 13 work duration: 190
thread id: 13 work duration: 180
thread id: 13 work duration: 190
thread id: 13 work duration: 190
thread id: 13 work duration: 180
thread id: 13 work duration: 70
thread id: 13 work duration: 60
thread id: 13 work duration: 180
thread id: 13 work duration: 180
thread id: 13 work duration: 290
[report]: insert_run_time_ns : 1098407
[report]: insert_overall_operation_number : 160
[report]: insert_overall_throughput : 145665.495577
