/mnt/nvme0/home/gxr/Myhash_boc/Hash_rt/build/hash_rt --num_threads_client=8 --num_threads_worker=10 --str_key_size=8 --str_value_size=100 --num_ops=100 --first_mode=true --work_usec=0 --batch_size=80
Init time:507293477
scheduler loop time: 311129
thread id: 10 work duration: 8370
thread id: 10 work duration: 500
thread id: 10 work duration: 100
thread id: thread id: 9 work duration: 130
10 work duration: 300
thread id: 10 work duration: 240
thread id: 10 work duration: 160
thread id: 10 work duration: 70
thread id: 10 work duration: 180
thread id: 10 work duration: 60
thread id: 10 work duration: 60
thread id: 10 work duration: 60
thread id: 10 work duration: 70
thread id: 10 work duration: 60
thread id: 10 work duration: 60
thread id: 10 work duration: 60
thread id: 10 work duration: 70
thread id: 10 work duration: 60
thread id: 10 work duration: 60
thread id: 10 work duration: 70
thread id: 10 work duration: 60
thread id: 10 work duration: 60
thread id: 10 work duration: 710
thread id: 10 work duration: 60
thread id: 10 work duration: 60
thread id: 10 work duration: 60
thread id: 10 work duration: 60
thread id: 10 work duration: 70
thread id: 10 work duration: 60
thread id: 10 work duration: 60
thread id: 10 work duration: 60
thread id: 10 work duration: 70
thread id: 10 work duration: 60
thread id: 10 work duration: 60
thread id: 10 work duration: 60
thread id: 10 work duration: 60
thread id: 10 work duration: 60
thread id: 10 work duration: 60
thread id: 10 work duration: 60
thread id: 10 work duration: 60
thread id: 10 work duration: 180
thread id: 10 work duration: 60
thread id: 10 work duration: 60
thread id: 10 work duration: 60
thread id: 10 work duration: 60
thread id: 10 work duration: 70
thread id: 10 work duration: 60
thread id: 10 work duration: 70
thread id: 10 work duration: 60
thread id: 10 work duration: 60
thread id: 10 work duration: 60
thread id: 10 work duration: 60
thread id: 10 work duration: 60
thread id: 10 work duration: 60
thread id: 10 work duration: 70
thread id: 10 work duration: 60
thread id: 10 work duration: 190
thread id: 10 work duration: 190
thread id: 10 work duration: 60
thread id: 10 work duration: 70
thread id: 10 work duration: 60
thread id: 10 work duration: 60
thread id: 10 work duration: 60
thread id: 10 work duration: 60
thread id: 10 work duration: 60
thread id: 10 work duration: 60
thread id: 10 work duration: 60
thread id: 10 work duration: 60
thread id: 10 work duration: 60
thread id: 10 work duration: 60
thread id: 10 work duration: 60
thread id: 10 work duration: 60
thread id: 10 work duration: 60
thread id: 10 work duration: 60
thread id: 10 work duration: 60
thread id: 10 work duration: 60
thread id: 10 work duration: 60
thread id: 10 work duration: 60
thread id: 10 work duration: 60
thread id: 10 work duration: 70
thread id: 10 work duration: 70
thread id: 10 work duration: 60
thread id: 10 work duration: 60
thread id: 10 work duration: 60
thread id: 10 work duration: 60
thread id: 10 work duration: 60
thread id: 10 work duration: 70
thread id: 10 work duration: 60
thread id: 10 work duration: 60
thread id: 10 work duration: 60
thread id: 10 work duration: 60
thread id: 10 work duration: 60
thread id: 10 work duration: 60
thread id: 10 work duration: 60
thread id: 10 work duration: 60
thread id: 10 work duration: 190
thread id: 10 work duration: 60
thread id: 10 work duration: 60
thread id: 10 work duration: 60
thread id: 10 work duration: 70
thread id: 10 work duration: 60
thread id: 10 work duration: 60
thread id: 10 work duration: 70
thread id: 10 work duration: 60
thread id: 10 work duration: 60
thread id: 10 work duration: 60
thread id: 10 work duration: 60
thread id: 10 work duration: 60
thread id: 10 work duration: 60
thread id: 10 work duration: 60
thread id: 10 work duration: 60
thread id: 10 work duration: 60
thread id: 10 work duration: 60
thread id: 10 work duration: 180
thread id: 10 work duration: 70
thread id: 10 work duration: 60
thread id: 10 work duration: 60
thread id: 10 work duration: 60
thread id: 10 work duration: 60
thread id: 10 work duration: 60
thread id: 10 work duration: 60
thread id: 10 work duration: 60
thread id: 10 work duration: 60
thread id: 10 work duration: 60
thread id: 10 work duration: 60
thread id: 10 work duration: 60
thread id: 10 work duration: 60
thread id: 10 work duration: 70
thread id: 10 work duration: 70
thread id: 10 work duration: 70
thread id: 10 work duration: 70
thread id: 10 work duration: 60
thread id: 10 work duration: 60
thread id: 10 work duration: 60
thread id: 10 work duration: 190
thread id: 10 work duration: 70
thread id: 10 work duration: 70
thread id: 10 work duration: 60
thread id: 10 work duration: 70
thread id: 10 work duration: 60
thread id: 10 work duration: 60
thread id: 10 work duration: 60
thread id: 10 work duration: 60
thread id: 10 work duration: 60
thread id: 10 work duration: 60
thread id: 10 work duration: 60
thread id: 10 work duration: 70
thread id: 10 work duration: 60
thread id: 10 work duration: 60
thread id: 10 work duration: 60
thread id: 10 work duration: 60
thread id: 10 work duration: 60
thread id: 10 work duration: 60
thread id: 10 work duration: 60
thread id: 10 work duration: 60
thread id: 10 work duration: 60
thread id: 10 work duration: 60
thread id: 10 work duration: 60
thread id: 10 work duration: 60
thread id: 10 work duration: 60
thread id: 10 work duration: 310
[report]: insert_run_time_ns : 993248
[report]: insert_overall_operation_number : 160
[report]: insert_overall_throughput : 161087.663907
