/mnt/nvme0/home/gxr/Myhash_boc/Hash_rt/build/hash_rt --num_threads_client=8 --num_threads_worker=9 --str_key_size=8 --str_value_size=100 --num_ops=100 --first_mode=true --work_usec=0 --batch_size=80
Init time:514682703
scheduler loop time: 356179
thread id: thread id: 9 work duration: 9920
8 work duration: 120
thread id: 9 work duration: 470
thread id: 9 work duration: 110
thread id: 9 work duration: 210
thread id: 9 work duration: 200
thread id: 9 work duration: 280
thread id: 9 work duration: 180
thread id: 9 work duration: 190
thread id: 9 work duration: 180
thread id: 9 work duration: 310
thread id: 9 work duration: 60
thread id: 9 work duration: 60
thread id: 9 work duration: 50
thread id: 9 work duration: 60
thread id: 9 work duration: 60
thread id: 9 work duration: 60
thread id: 9 work duration: 60
thread id: 9 work duration: 60
thread id: 9 work duration: 60
thread id: 9 work duration: 60
thread id: 9 work duration: 60
thread id: 9 work duration: 950
thread id: 9 work duration: 80
thread id: 9 work duration: 60
thread id: 9 work duration: 60
thread id: 9 work duration: 60
thread id: 9 work duration: 180
thread id: 9 work duration: 200
thread id: 9 work duration: 190
thread id: 9 work duration: 60
thread id: 9 work duration: 180
thread id: 9 work duration: 180
thread id: 9 work duration: 60
thread id: 9 work duration: 60
thread id: 9 work duration: 60
thread id: 9 work duration: 60
thread id: 9 work duration: 60
thread id: 9 work duration: 60
thread id: 9 work duration: 180
thread id: 9 work duration: 60
thread id: 9 work duration: 60
thread id: 9 work duration: 190
thread id: 9 work duration: 180
thread id: 9 work duration: 60
thread id: 9 work duration: 60
thread id: 9 work duration: 60
thread id: 9 work duration: 70
thread id: 9 work duration: 60
thread id: 9 work duration: 60
thread id: 9 work duration: 180
thread id: 9 work duration: 60
thread id: 9 work duration: 60
thread id: 9 work duration: 180
thread id: 9 work duration: 60
thread id: 9 work duration: 60
thread id: 9 work duration: 60
thread id: 9 work duration: 60
thread id: 9 work duration: 70
thread id: 9 work duration: 60
thread id: 9 work duration: 60
thread id: 9 work duration: 190
thread id: 9 work duration: 50
thread id: 9 work duration: 60
thread id: 9 work duration: 60
thread id: 9 work duration: 60
thread id: 9 work duration: 70
thread id: 9 work duration: 60
thread id: 9 work duration: 60
thread id: 9 work duration: 60
thread id: 9 work duration: 70
thread id: 9 work duration: 210
thread id: 9 work duration: 60
thread id: 9 work duration: 60
thread id: 9 work duration: 60
thread id: 9 work duration: 60
thread id: 9 work duration: 60
thread id: 9 work duration: 60
thread id: 9 work duration: 60
thread id: 9 work duration: 60
thread id: 9 work duration: 60
thread id: 9 work duration: 60
thread id: 9 work duration: 70
thread id: 9 work duration: 190
thread id: 9 work duration: 60
thread id: 9 work duration: 60
thread id: 9 work duration: 60
thread id: 9 work duration: 60
thread id: 9 work duration: 60
thread id: 9 work duration: 60
thread id: 9 work duration: 60
thread id: 9 work duration: 60
thread id: 9 work duration: 60
thread id: 9 work duration: 60
thread id: 9 work duration: 50
thread id: 9 work duration: 60
thread id: 9 work duration: 60
thread id: 9 work duration: 60
thread id: 9 work duration: 70
thread id: 9 work duration: 60
thread id: 9 work duration: 60
thread id: 9 work duration: 60
thread id: 9 work duration: 160
thread id: 9 work duration: 70
thread id: 9 work duration: 60
thread id: 9 work duration: 60
thread id: 9 work duration: 60
thread id: 9 work duration: 60
thread id: 9 work duration: 60
thread id: 9 work duration: 70
thread id: 9 work duration: 60
thread id: 9 work duration: 60
thread id: 9 work duration: 60
thread id: 9 work duration: 60
thread id: 9 work duration: 60
thread id: 9 work duration: 50
thread id: 9 work duration: 60
thread id: 9 work duration: 60
thread id: 9 work duration: 60
thread id: 9 work duration: 60
thread id: 9 work duration: 60
thread id: 9 work duration: 60
thread id: 9 work duration: 60
thread id: 9 work duration: 60
thread id: 9 work duration: 50
thread id: 9 work duration: 180
thread id: 9 work duration: 190
thread id: 9 work duration: 60
thread id: 9 work duration: 50
thread id: 9 work duration: 60
thread id: 9 work duration: 60
thread id: 9 work duration: 60
thread id: 9 work duration: 60
thread id: 9 work duration: 60
thread id: 9 work duration: 60
thread id: 9 work duration: 70
thread id: 9 work duration: 60
thread id: 9 work duration: 60
thread id: 9 work duration: 60
thread id: 9 work duration: 60
thread id: 9 work duration: 60
thread id: 9 work duration: 60
thread id: 9 work duration: 180
thread id: 9 work duration: 60
thread id: 9 work duration: 60
thread id: 9 work duration: 60
thread id: 9 work duration: 60
thread id: 9 work duration: 60
thread id: 9 work duration: 60
thread id: 9 work duration: 60
thread id: 9 work duration: 60
thread id: 9 work duration: 60
thread id: 9 work duration: 60
thread id: 9 work duration: 60
thread id: 9 work duration: 60
thread id: 9 work duration: 60
thread id: 9 work duration: 60
thread id: 9 work duration: 60
thread id: 9 work duration: 60
thread id: 9 work duration: 60
thread id: 9 work duration: 310
[report]: insert_run_time_ns : 1084978
[report]: insert_overall_operation_number : 160
[report]: insert_overall_throughput : 147468.427931
