/users/Xuran/hash_rt/build/hash_rt --num_threads=6 --str_key_size=8 --str_value_size=100 --num_ops=1000000 --first_mode=true --work_usec=0
Harness starting.
 /users/Xuran/hash_rt/build/hash_rt --num_threads=6 --str_key_size=8 --str_value_size=100 --num_ops=1000000 --first_mode=true --work_usec=0 --seed 891855808
Init time:897693063
Scheduler cores: 3
Pending when ops: 0, Queue size: 43
Processing batch, queue size: 45
Pending when ops: 0, Queue size: 130
Processing batch, queue size: 133
Pending when ops: 0, Queue size: 214
Processing batch, queue size: 220
Pending when ops: 0, Queue size: 312
Processing batch, queue size: 313
Pending when ops: 0, Queue size: 488
Processing batch, queue size: 489
Pending when ops: 0, Queue size: 732
Processing batch, queue size: 733
Pending when ops: 0, Queue size: 1033
Processing batch, queue size: 1033
Pending when ops: 0, Queue size: 1534
Processing batch, queue size: 1539
Pending when ops: 0, Queue size: 2019
Processing batch, queue size: 2021
Pending when ops: 0, Queue size: 2361
Processing batch, queue size: 2362
Pending when ops: 0, Queue size: 2885
Processing batch, queue size: 2887
Pending when ops: 0, Queue size: 3397
Processing batch, queue size: 3399
Pending when ops: 0, Queue size: 3876
Processing batch, queue size: 3877
Pending when ops: 0, Queue size: 4096
Processing batch, queue size: 4102
Pending when ops: 0, Queue size: 4639
Processing batch, queue size: 4641
Pending when ops: 0, Queue size: 5143
Processing batch, queue size: 5144
Pending when ops: 0, Queue size: 5668
Processing batch, queue size: 5670
Pending when ops: 0, Queue size: 6170
Processing batch, queue size: 6171
Pending when ops: 0, Queue size: 6688
Processing batch, queue size: 6690
Pending when ops: 0, Queue size: 7193
Processing batch, queue size: 7197
Pending when ops: 0, Queue size: 7699
Processing batch, queue size: 7700
Pending when ops: 0, Queue size: 8171
Processing batch, queue size: 8172
Pending when ops: 0, Queue size: 8192
Processing batch, queue size: 8209
Pending when ops: 0, Queue size: 8765
Processing batch, queue size: 8766
Pending when ops: 0, Queue size: 9258
Processing batch, queue size: 9259
Pending when ops: 0, Queue size: 9736
Processing batch, queue size: 9737
Pending when ops: 0, Queue size: 10201
Processing batch, queue size: 10202
Pending when ops: 0, Queue size: 10697
Processing batch, queue size: 10698
Pending when ops: 0, Queue size: 11177
Processing batch, queue size: 11180
Pending when ops: 0, Queue size: 11685
Processing batch, queue size: 11687
Pending when ops: 0, Queue size: 12180
Processing batch, queue size: 12183
Pending when ops: 0, Queue size: 12661
Processing batch, queue size: 12662
Pending when ops: 0, Queue size: 13153
Processing batch, queue size: 13155
Pending when ops: 0, Queue size: 13654
Processing batch, queue size: 13656
Pending when ops: 0, Queue size: 14147
Processing batch, queue size: 14149
Pending when ops: 0, Queue size: 14605
Processing batch, queue size: 14609
Pending when ops: 0, Queue size: 15078
Processing batch, queue size: 15080
Pending when ops: 0, Queue size: 15581
Processing batch, queue size: 15583
Pending when ops: 0, Queue size: 16052
Processing batch, queue size: 16053
Pending when ops: 0, Queue size: 16384
Processing batch, queue size: 16406
Pending when ops: 0, Queue size: 16865
Processing batch, queue size: 16866
Pending when ops: 0, Queue size: 17304
Processing batch, queue size: 17306
Pending when ops: 0, Queue size: 17792
Processing batch, queue size: 17794
Pending when ops: 0, Queue size: 18293
Processing batch, queue size: 18295
Pending when ops: 0, Queue size: 18746
Processing batch, queue size: 18749
Pending when ops: 0, Queue size: 19203
Processing batch, queue size: 19206
Pending when ops: 0, Queue size: 19660
Processing batch, queue size: 19660
Pending when ops: 0, Queue size: 20134
Processing batch, queue size: 20136
Pending when ops: 0, Queue size: 20628
Processing batch, queue size: 20629
Pending when ops: 0, Queue size: 21088
Processing batch, queue size: 21091
Pending when ops: 0, Queue size: 21540
Processing batch, queue size: 21541
Pending when ops: 0, Queue size: 22018
Processing batch, queue size: 22020
Pending when ops: 0, Queue size: 22476
Processing batch, queue size: 22478
Pending when ops: 0, Queue size: 22965
Processing batch, queue size: 22967
Pending when ops: 0, Queue size: 23426
Processing batch, queue size: 23429
Pending when ops: 0, Queue size: 23857
Processing batch, queue size: 23858
Pending when ops: 0, Queue size: 24306
Processing batch, queue size: 24308
Pending when ops: 0, Queue size: 24750
Processing batch, queue size: 24752
Pending when ops: 0, Queue size: 25205
Processing batch, queue size: 25207
Pending when ops: 0, Queue size: 25625
Processing batch, queue size: 25627
Pending when ops: 0, Queue size: 26081
Processing batch, queue size: 26083
Pending when ops: 0, Queue size: 26528
Processing batch, queue size: 26529
Pending when ops: 0, Queue size: 26979
Processing batch, queue size: 26980
Pending when ops: 0, Queue size: 27422
Processing batch, queue size: 27428
Pending when ops: 0, Queue size: 27883
Processing batch, queue size: 27884
Pending when ops: 0, Queue size: 28347
Processing batch, queue size: 28349
Pending when ops: 0, Queue size: 28800
Processing batch, queue size: 28801
Pending when ops: 0, Queue size: 29241
Processing batch, queue size: 29242
Pending when ops: 0, Queue size: 29669
Processing batch, queue size: 29671
Pending when ops: 0, Queue size: 30146
Processing batch, queue size: 30147
Pending when ops: 0, Queue size: 30592
Processing batch, queue size: 30592
Pending when ops: 0, Queue size: 31042
Processing batch, queue size: 31043
Pending when ops: 0, Queue size: 31500
Processing batch, queue size: 31502
Pending when ops: 0, Queue size: 31963
Processing batch, queue size: 31965
Pending when ops: 0, Queue size: 32405
Processing batch, queue size: 32406
Pending when ops: 0, Queue size: 32768
Processing batch, queue size: 32804
Pending when ops: 0, Queue size: 33292
Processing batch, queue size: 33292
Pending when ops: 0, Queue size: 33746
Processing batch, queue size: 33748
Pending when ops: 0, Queue size: 34198
Processing batch, queue size: 34200
Pending when ops: 0, Queue size: 34718
Processing batch, queue size: 34719
Pending when ops: 0, Queue size: 35181
Processing batch, queue size: 35182
Pending when ops: 0, Queue size: 35628
Processing batch, queue size: 35629
Pending when ops: 0, Queue size: 36077
Processing batch, queue size: 36078
Pending when ops: 0, Queue size: 36512
Processing batch, queue size: 36514
Pending when ops: 0, Queue size: 36967
Processing batch, queue size: 36969
Pending when ops: 0, Queue size: 37408
Processing batch, queue size: 37408
Pending when ops: 0, Queue size: 37840
Processing batch, queue size: 37843
Pending when ops: 0, Queue size: 38298
Processing batch, queue size: 38300
Pending when ops: 0, Queue size: 38730
Processing batch, queue size: 38732
Pending when ops: 0, Queue size: 39178
Processing batch, queue size: 39178
Pending when ops: 0, Queue size: 39609
Processing batch, queue size: 39610
Pending when ops: 0, Queue size: 40069
Processing batch, queue size: 40071
Pending when ops: 0, Queue size: 40528
Processing batch, queue size: 40530
Pending when ops: 0, Queue size: 40962
Processing batch, queue size: 40964
Pending when ops: 0, Queue size: 41394
Processing batch, queue size: 41395
Pending when ops: 0, Queue size: 41833
Processing batch, queue size: 41835
Pending when ops: 0, Queue size: 42278
Processing batch, queue size: 42280
Pending when ops: 0, Queue size: 42735
Processing batch, queue size: 42736
Pending when ops: 0, Queue size: 43212
Processing batch, queue size: 43213
Pending when ops: 0, Queue size: 43665
Processing batch, queue size: 43667
Pending when ops: 0, Queue size: 44127
Processing batch, queue size: 44133
Pending when ops: 0, Queue size: 44593
Processing batch, queue size: 44594
Pending when ops: 0, Queue size: 45080
Processing batch, queue size: 45081
Pending when ops: 0, Queue size: 45534
Processing batch, queue size: 45534
Pending when ops: 0, Queue size: 45988
Processing batch, queue size: 45988
Pending when ops: 0, Queue size: 46464
Processing batch, queue size: 46465
Pending when ops: 0, Queue size: 46936
Processing batch, queue size: 46938
Pending when ops: 0, Queue size: 47406
Processing batch, queue size: 47407
Pending when ops: 0, Queue size: 47842
Processing batch, queue size: 47844
Pending when ops: 0, Queue size: 48299
Processing batch, queue size: 48299
Pending when ops: 0, Queue size: 48789
Processing batch, queue size: 48792
Pending when ops: 0, Queue size: 49216
Processing batch, queue size: 49218
Pending when ops: 0, Queue size: 49681
Processing batch, queue size: 49682
Pending when ops: 0, Queue size: 50112
Processing batch, queue size: 50115
Pending when ops: 0, Queue size: 50551
Processing batch, queue size: 50553
Pending when ops: 0, Queue size: 51021
Processing batch, queue size: 51024
Pending when ops: 0, Queue size: 51466
Processing batch, queue size: 51467
Pending when ops: 0, Queue size: 51927
Processing batch, queue size: 51929
Pending when ops: 0, Queue size: 52375
Processing batch, queue size: 52376
Pending when ops: 0, Queue size: 52817
Processing batch, queue size: 52817
Pending when ops: 0, Queue size: 53279
Processing batch, queue size: 53280
Pending when ops: 0, Queue size: 53708
Processing batch, queue size: 53711
Pending when ops: 0, Queue size: 54147
Processing batch, queue size: 54149
Pending when ops: 0, Queue size: 54576
Processing batch, queue size: 54577
Pending when ops: 0, Queue size: 55033
Processing batch, queue size: 55035
Pending when ops: 0, Queue size: 55479
Processing batch, queue size: 55481
Pending when ops: 0, Queue size: 55911
Processing batch, queue size: 55912
Pending when ops: 0, Queue size: 56366
Processing batch, queue size: 56368
Pending when ops: 0, Queue size: 56794
Processing batch, queue size: 56797
Pending when ops: 0, Queue size: 57239
Processing batch, queue size: 57239
Pending when ops: 0, Queue size: 57676
Processing batch, queue size: 57677
Pending when ops: 0, Queue size: 58111
Processing batch, queue size: 58112
Pending when ops: 0, Queue size: 58570
Processing batch, queue size: 58571
Pending when ops: 0, Queue size: 59021
Processing batch, queue size: 59023
Pending when ops: 0, Queue size: 59439
Processing batch, queue size: 59441
Pending when ops: 0, Queue size: 59901
Processing batch, queue size: 59903
Pending when ops: 0, Queue size: 60353
Processing batch, queue size: 60355
Pending when ops: 0, Queue size: 60798
Processing batch, queue size: 60806
Pending when ops: 0, Queue size: 61275
Processing batch, queue size: 61277
Pending when ops: 0, Queue size: 61752
Processing batch, queue size: 61754
Pending when ops: 0, Queue size: 62207
Processing batch, queue size: 62208
Pending when ops: 0, Queue size: 62655
Processing batch, queue size: 62657
Pending when ops: 0, Queue size: 63119
Processing batch, queue size: 63120
Pending when ops: 0, Queue size: 63576
Processing batch, queue size: 63577
Pending when ops: 0, Queue size: 64032
Processing batch, queue size: 64033
Pending when ops: 0, Queue size: 64485
Processing batch, queue size: 64485
Pending when ops: 0, Queue size: 64950
Processing batch, queue size: 64952
Pending when ops: 0, Queue size: 65399
Processing batch, queue size: 65400
Pending when ops: 0, Queue size: 65536
Processing batch, queue size: 65555
Pending when ops: 0, Queue size: 66041
Processing batch, queue size: 66044
Pending when ops: 0, Queue size: 66528
Processing batch, queue size: 66528
Pending when ops: 0, Queue size: 67009
Processing batch, queue size: 67009
Pending when ops: 0, Queue size: 67464
Processing batch, queue size: 67466
Pending when ops: 0, Queue size: 67937
Processing batch, queue size: 67938
Pending when ops: 0, Queue size: 68380
Processing batch, queue size: 68381
Pending when ops: 0, Queue size: 68846
Processing batch, queue size: 68848
Pending when ops: 0, Queue size: 69338
Processing batch, queue size: 69341
Pending when ops: 0, Queue size: 69818
Processing batch, queue size: 69820
Pending when ops: 0, Queue size: 70293
Processing batch, queue size: 70295
Pending when ops: 0, Queue size: 70756
Processing batch, queue size: 70757
Pending when ops: 0, Queue size: 71401
Processing batch, queue size: 71403
Pending when ops: 0, Queue size: 71850
Processing batch, queue size: 71850
Pending when ops: 0, Queue size: 72352
Processing batch, queue size: 72355
Pending when ops: 0, Queue size: 72836
Processing batch, queue size: 72837
Pending when ops: 0, Queue size: 73285
Processing batch, queue size: 73288
Pending when ops: 0, Queue size: 73738
Processing batch, queue size: 73739
Pending when ops: 0, Queue size: 74242
Processing batch, queue size: 74244
Pending when ops: 0, Queue size: 74679
Processing batch, queue size: 74681
Pending when ops: 0, Queue size: 75143
Processing batch, queue size: 75144
Pending when ops: 0, Queue size: 75607
Processing batch, queue size: 75609
Pending when ops: 0, Queue size: 76051
Processing batch, queue size: 76054
Pending when ops: 0, Queue size: 76535
Processing batch, queue size: 76536
Pending when ops: 0, Queue size: 77087
Processing batch, queue size: 77088
Pending when ops: 0, Queue size: 77555
Processing batch, queue size: 77557
Pending when ops: 0, Queue size: 78006
Processing batch, queue size: 78007
Pending when ops: 0, Queue size: 78469
Processing batch, queue size: 78470
Pending when ops: 0, Queue size: 78931
Processing batch, queue size: 78933
Pending when ops: 0, Queue size: 79381
Processing batch, queue size: 79382
Pending when ops: 0, Queue size: 79851
Processing batch, queue size: 79851
Pending when ops: 0, Queue size: 80304
Processing batch, queue size: 80305
Pending when ops: 0, Queue size: 80782
Processing batch, queue size: 80786
Pending when ops: 0, Queue size: 81219
Processing batch, queue size: 81222
Pending when ops: 0, Queue size: 81665
Processing batch, queue size: 81666
Pending when ops: 0, Queue size: 82136
Processing batch, queue size: 82139
Pending when ops: 0, Queue size: 82616
Processing batch, queue size: 82618
Pending when ops: 0, Queue size: 83077
Processing batch, queue size: 83077
Pending when ops: 0, Queue size: 83514
Processing batch, queue size: 83516
Pending when ops: 0, Queue size: 83968
Processing batch, queue size: 83968
Pending when ops: 0, Queue size: 84436
Processing batch, queue size: 84438
Pending when ops: 0, Queue size: 84894
Processing batch, queue size: 84895
Pending when ops: 0, Queue size: 85343
Processing batch, queue size: 85344
Pending when ops: 0, Queue size: 85862
Processing batch, queue size: 85863
Pending when ops: 0, Queue size: 86341
Processing batch, queue size: 86342
Pending when ops: 0, Queue size: 86825
Processing batch, queue size: 86827
Pending when ops: 0, Queue size: 87276
Processing batch, queue size: 87277
Pending when ops: 0, Queue size: 87770
Processing batch, queue size: 87771
Pending when ops: 0, Queue size: 88234
Processing batch, queue size: 88235
Pending when ops: 0, Queue size: 88676
Processing batch, queue size: 88678
Pending when ops: 0, Queue size: 89138
Processing batch, queue size: 89139
Pending when ops: 0, Queue size: 89614
Processing batch, queue size: 89616
Pending when ops: 0, Queue size: 90063
Processing batch, queue size: 90066
Pending when ops: 0, Queue size: 90525
Processing batch, queue size: 90526
Pending when ops: 0, Queue size: 90943
Processing batch, queue size: 90945
Pending when ops: 0, Queue size: 91421
Processing batch, queue size: 91423
Pending when ops: 0, Queue size: 91896
Processing batch, queue size: 91897
Pending when ops: 0, Queue size: 92367
Processing batch, queue size: 92369
Pending when ops: 0, Queue size: 92852
Processing batch, queue size: 92853
Pending when ops: 0, Queue size: 93293
Processing batch, queue size: 93295
Pending when ops: 0, Queue size: 93779
Processing batch, queue size: 93781
Pending when ops: 0, Queue size: 94258
Processing batch, queue size: 94260
Pending when ops: 0, Queue size: 94730
Processing batch, queue size: 94732
Pending when ops: 0, Queue size: 95199
Processing batch, queue size: 95200
Pending when ops: 0, Queue size: 95675
Processing batch, queue size: 95676
Pending when ops: 0, Queue size: 96107
Processing batch, queue size: 96108
Pending when ops: 0, Queue size: 96560
Processing batch, queue size: 96563
Pending when ops: 0, Queue size: 97026
Processing batch, queue size: 97027
Pending when ops: 0, Queue size: 97514
Processing batch, queue size: 97515
Pending when ops: 0, Queue size: 97984
Processing batch, queue size: 97986
Pending when ops: 0, Queue size: 98441
Processing batch, queue size: 98444
Pending when ops: 0, Queue size: 98929
Processing batch, queue size: 98930
Pending when ops: 0, Queue size: 99365
Processing batch, queue size: 99366
Pending when ops: 0, Queue size: 99835
Processing batch, queue size: 99836
Pending when ops: 0, Queue size: 100288
Processing batch, queue size: 100290
Pending when ops: 0, Queue size: 100748
Processing batch, queue size: 100748
Pending when ops: 0, Queue size: 101200
Processing batch, queue size: 101201
Pending when ops: 0, Queue size: 101667
Processing batch, queue size: 101670
Pending when ops: 0, Queue size: 102153
Processing batch, queue size: 102154
Pending when ops: 0, Queue size: 102618
Processing batch, queue size: 102619
Pending when ops: 0, Queue size: 103103
Processing batch, queue size: 103104
Pending when ops: 0, Queue size: 103575
Processing batch, queue size: 103577
Pending when ops: 0, Queue size: 104059
Processing batch, queue size: 104060
Pending when ops: 0, Queue size: 104538
Processing batch, queue size: 104541
Pending when ops: 0, Queue size: 105005
Processing batch, queue size: 105007
Pending when ops: 0, Queue size: 105449
Processing batch, queue size: 105453
Pending when ops: 0, Queue size: 105901
Processing batch, queue size: 105903
Pending when ops: 0, Queue size: 106366
Processing batch, queue size: 106367
Pending when ops: 0, Queue size: 106839
Processing batch, queue size: 106840
Pending when ops: 0, Queue size: 107317
Processing batch, queue size: 107318
Pending when ops: 0, Queue size: 107776
Processing batch, queue size: 107776
Pending when ops: 0, Queue size: 108250
Processing batch, queue size: 108254
Pending when ops: 0, Queue size: 108691
Processing batch, queue size: 108695
Pending when ops: 0, Queue size: 109166
Processing batch, queue size: 109168
Pending when ops: 0, Queue size: 109682
Processing batch, queue size: 109685
Pending when ops: 0, Queue size: 110178
Processing batch, queue size: 110179
Pending when ops: 0, Queue size: 110646
Processing batch, queue size: 110648
Pending when ops: 0, Queue size: 111135
Processing batch, queue size: 111136
Pending when ops: 0, Queue size: 111609
Processing batch, queue size: 111612
Pending when ops: 0, Queue size: 112062
Processing batch, queue size: 112063
Pending when ops: 0, Queue size: 112551
Processing batch, queue size: 112552
Pending when ops: 0, Queue size: 113040
Processing batch, queue size: 113043
Pending when ops: 0, Queue size: 113500
Processing batch, queue size: 113501
Pending when ops: 0, Queue size: 113975
Processing batch, queue size: 113976
Pending when ops: 0, Queue size: 114425
Processing batch, queue size: 114428
Pending when ops: 0, Queue size: 114895
Processing batch, queue size: 114897
Pending when ops: 0, Queue size: 115312
Processing batch, queue size: 115316
Pending when ops: 0, Queue size: 115768
Processing batch, queue size: 115771
Pending when ops: 0, Queue size: 116260
Processing batch, queue size: 116262
Pending when ops: 0, Queue size: 116734
Processing batch, queue size: 116735
Pending when ops: 0, Queue size: 117249
Processing batch, queue size: 117250
Pending when ops: 0, Queue size: 117727
Processing batch, queue size: 117728
Pending when ops: 0, Queue size: 118175
Processing batch, queue size: 118177
Pending when ops: 0, Queue size: 118655
Processing batch, queue size: 118667
Pending when ops: 0, Queue size: 119126
Processing batch, queue size: 119127
Pending when ops: 0, Queue size: 119588
Processing batch, queue size: 119590
Pending when ops: 0, Queue size: 120051
Processing batch, queue size: 120052
Pending when ops: 0, Queue size: 120581
Processing batch, queue size: 120584
Pending when ops: 0, Queue size: 121080
Processing batch, queue size: 121082
Pending when ops: 0, Queue size: 121527
Processing batch, queue size: 121527
Pending when ops: 0, Queue size: 122002
Processing batch, queue size: 122003
Pending when ops: 0, Queue size: 122467
Processing batch, queue size: 122469
Pending when ops: 0, Queue size: 122941
Processing batch, queue size: 122943
Pending when ops: 0, Queue size: 123413
Processing batch, queue size: 123414
Pending when ops: 0, Queue size: 123875
Processing batch, queue size: 123877
Pending when ops: 0, Queue size: 124353
Processing batch, queue size: 124354
Pending when ops: 0, Queue size: 124822
Processing batch, queue size: 124823
Pending when ops: 0, Queue size: 125304
Processing batch, queue size: 125306
Pending when ops: 0, Queue size: 125803
Processing batch, queue size: 125805
Pending when ops: 0, Queue size: 126271
Processing batch, queue size: 126272
Pending when ops: 0, Queue size: 126135
Processing batch, queue size: 126135
Pending when ops: 0, Queue size: 127035
Processing batch, queue size: 127035
Pending when ops: 0, Queue size: 127849
Processing batch, queue size: 127851
Pending when ops: 0, Queue size: 129279
Processing batch, queue size: 129280
Pending when ops: 0, Queue size: 131072
Processing batch, queue size: 131096
Pending when ops: 0, Queue size: 134959
Processing batch, queue size: 134959
Pending when ops: 0, Queue size: 135557
Processing batch, queue size: 135558
Pending when ops: 0, Queue size: 137144
Processing batch, queue size: 137145
Pending when ops: 0, Queue size: 138645
Processing batch, queue size: 138648
Pending when ops: 0, Queue size: 139877
Processing batch, queue size: 139878
Pending when ops: 0, Queue size: 141280
Processing batch, queue size: 141283
Pending when ops: 0, Queue size: 142678
Processing batch, queue size: 142679
Pending when ops: 0, Queue size: 143317
Processing batch, queue size: 143318
Pending when ops: 0, Queue size: 144873
Processing batch, queue size: 144874
Pending when ops: 0, Queue size: 146394
Processing batch, queue size: 146396
Pending when ops: 0, Queue size: 147730
Processing batch, queue size: 147730
Pending when ops: 0, Queue size: 148355
Processing batch, queue size: 148355
Pending when ops: 0, Queue size: 149835
Processing batch, queue size: 149837
Pending when ops: 0, Queue size: 151385
Processing batch, queue size: 151387
Pending when ops: 0, Queue size: 152758
Processing batch, queue size: 152759
Pending when ops: 0, Queue size: 153391
Processing batch, queue size: 153392
Pending when ops: 0, Queue size: 154913
Processing batch, queue size: 154915
Pending when ops: 0, Queue size: 156417
Processing batch, queue size: 156419
Pending when ops: 0, Queue size: 157765
Processing batch, queue size: 157766
Pending when ops: 0, Queue size: 158388
Processing batch, queue size: 158390
Pending when ops: 0, Queue size: 159926
Processing batch, queue size: 159928
Pending when ops: 0, Queue size: 161481
Processing batch, queue size: 161483
Pending when ops: 0, Queue size: 162885
Processing batch, queue size: 162885
Pausing: active threads: 3
Pausing: active threads: 2
Pausing: active threads: 1
Teardown: all threads stopped
[report]: scheduler_run_time_ns : 244468137
[report]: scheduler_total_when_schedules : 300937
[report]: scheduler_total_when_time_ns : 180153921488116
Teardown: all threads stopped
[report]: insert_overall_operation_number : 296239
[report]: insert_overall_throughput : 1211769.368537
[report]: scheduler_avg_when_time_ns : 598643309.025198
[report]: insert_avg_insert_time_ns : 825.000000
corrupted size vs. prev_size while consolidating
