/users/Xuran/hash_rt/build/hash_rt --num_threads=16 --str_key_size=8 --str_value_size=100 --num_ops=1000000 --first_mode=true --work_usec=0
Harness starting.
 /users/Xuran/hash_rt/build/hash_rt --num_threads=16 --str_key_size=8 --str_value_size=100 --num_ops=1000000 --first_mode=true --work_usec=0 --seed 17563586
Init time:894042298
Scheduler cores: 8
Pending when ops: 0, Queue size: 36
Processing batch, queue size: 40
Pending when ops: 0, Queue size: 158
Processing batch, queue size: 161
Pending when ops: 0, Queue size: 319
Processing batch, queue size: 321
Pending when ops: 0, Queue size: 688
Processing batch, queue size: 691
Pending when ops: 0, Queue size: 1567
Processing batch, queue size: 1569
Pending when ops: 0, Queue size: 2769
Processing batch, queue size: 2778
Pending when ops: 0, Queue size: 4096
Processing batch, queue size: 4132
Pending when ops: 0, Queue size: 5552
Processing batch, queue size: 5568
Pending when ops: 0, Queue size: 7039
Processing batch, queue size: 7041
Pending when ops: 0, Queue size: 8192
Processing batch, queue size: 8226
Pending when ops: 0, Queue size: 9698
Processing batch, queue size: 9701
Pending when ops: 0, Queue size: 11112
Processing batch, queue size: 11114
Pending when ops: 0, Queue size: 12615
Processing batch, queue size: 12636
Pending when ops: 0, Queue size: 14028
Processing batch, queue size: 14032
Pending when ops: 0, Queue size: 15441
Processing batch, queue size: 15446
Pending when ops: 0, Queue size: 16384
Processing batch, queue size: 16441
Pending when ops: 0, Queue size: 17800
Processing batch, queue size: 17821
Pending when ops: 0, Queue size: 19265
Processing batch, queue size: 19268
Pending when ops: 0, Queue size: 20706
Processing batch, queue size: 20706
Pending when ops: 0, Queue size: 22145
Processing batch, queue size: 22149
Pending when ops: 0, Queue size: 23511
Processing batch, queue size: 23513
Pending when ops: 0, Queue size: 24927
Processing batch, queue size: 24929
Pending when ops: 0, Queue size: 26385
Processing batch, queue size: 26389
Pending when ops: 0, Queue size: 27742
Processing batch, queue size: 27755
Pending when ops: 0, Queue size: 29143
Processing batch, queue size: 29146
Pending when ops: 0, Queue size: 30581
Processing batch, queue size: 30606
Pending when ops: 0, Queue size: 31911
Processing batch, queue size: 31912
Pending when ops: 0, Queue size: 32768
Processing batch, queue size: 32810
Pending when ops: 0, Queue size: 34109
Processing batch, queue size: 34111
Pending when ops: 0, Queue size: 35523
Processing batch, queue size: 35526
Pending when ops: 0, Queue size: 36967
Processing batch, queue size: 36971
Pending when ops: 0, Queue size: 38310
Processing batch, queue size: 38314
Pending when ops: 0, Queue size: 39702
Processing batch, queue size: 39715
Pending when ops: 0, Queue size: 41045
Processing batch, queue size: 41048
Pending when ops: 0, Queue size: 42501
Processing batch, queue size: 42502
Pending when ops: 0, Queue size: 43935
Processing batch, queue size: 43950
Pending when ops: 0, Queue size: 45349
Processing batch, queue size: 45353
Pending when ops: 0, Queue size: 46613
Processing batch, queue size: 46633
Pending when ops: 0, Queue size: 48033
Processing batch, queue size: 48045
Pending when ops: 0, Queue size: 49436
Processing batch, queue size: 49451
Pending when ops: 0, Queue size: 50839
Processing batch, queue size: 50842
Pending when ops: 0, Queue size: 52236
Processing batch, queue size: 52238
Pending when ops: 0, Queue size: 53702
Processing batch, queue size: 53704
Pending when ops: 0, Queue size: 55049
Processing batch, queue size: 55056
Pending when ops: 0, Queue size: 56511
Processing batch, queue size: 56524
Pending when ops: 0, Queue size: 57889
Processing batch, queue size: 57890
Pending when ops: 0, Queue size: 59252
Processing batch, queue size: 59254
Pending when ops: 0, Queue size: 60570
Processing batch, queue size: 60590
Pending when ops: 0, Queue size: 61993
Processing batch, queue size: 61997
Pending when ops: 0, Queue size: 63374
Processing batch, queue size: 63378
Pending when ops: 0, Queue size: 64688
Processing batch, queue size: 64713
Pending when ops: 0, Queue size: 65536
Processing batch, queue size: 65607
Pending when ops: 0, Queue size: 66924
Processing batch, queue size: 66929
Pending when ops: 0, Queue size: 68410
Processing batch, queue size: 68411
Pending when ops: 0, Queue size: 69895
Processing batch, queue size: 69899
Pending when ops: 0, Queue size: 71430
Processing batch, queue size: 71434
Pending when ops: 0, Queue size: 72882
Processing batch, queue size: 72905
Pending when ops: 0, Queue size: 74430
Processing batch, queue size: 74441
Pending when ops: 0, Queue size: 75867
Processing batch, queue size: 75879
Pending when ops: 0, Queue size: 77441
Processing batch, queue size: 77445
Pending when ops: 0, Queue size: 78838
Processing batch, queue size: 78843
Pending when ops: 0, Queue size: 80355
Processing batch, queue size: 80357
Pending when ops: 0, Queue size: 81768
Processing batch, queue size: 81783
Pending when ops: 0, Queue size: 83332
Processing batch, queue size: 83334
Pending when ops: 0, Queue size: 84810
Processing batch, queue size: 84812
Pending when ops: 0, Queue size: 86243
Processing batch, queue size: 86247
Pending when ops: 0, Queue size: 87664
Processing batch, queue size: 87667
Pending when ops: 0, Queue size: 89159
Processing batch, queue size: 89162
Pending when ops: 0, Queue size: 90568
Processing batch, queue size: 90570
Pending when ops: 0, Queue size: 92042
Processing batch, queue size: 92061
Pending when ops: 0, Queue size: 93491
Processing batch, queue size: 93495
Pending when ops: 0, Queue size: 94970
Processing batch, queue size: 94972
Pending when ops: 0, Queue size: 96383
Processing batch, queue size: 96384
Pending when ops: 0, Queue size: 97727
Processing batch, queue size: 97728
Pending when ops: 0, Queue size: 99173
Processing batch, queue size: 99177
Pending when ops: 0, Queue size: 100618
Processing batch, queue size: 100622
Pending when ops: 0, Queue size: 102020
Processing batch, queue size: 102023
Pending when ops: 0, Queue size: 103390
Processing batch, queue size: 103404
Pending when ops: 0, Queue size: 104866
Processing batch, queue size: 104879
Pending when ops: 0, Queue size: 106310
Processing batch, queue size: 106312
Pending when ops: 0, Queue size: 107730
Processing batch, queue size: 107744
Pending when ops: 0, Queue size: 109196
Processing batch, queue size: 109199
Pending when ops: 0, Queue size: 110612
Processing batch, queue size: 110637
Pending when ops: 0, Queue size: 112077
Processing batch, queue size: 112079
Pending when ops: 0, Queue size: 113506
Processing batch, queue size: 113509
Pending when ops: 0, Queue size: 114905
Processing batch, queue size: 114909
Pending when ops: 0, Queue size: 116359
Processing batch, queue size: 116378
Pending when ops: 0, Queue size: 117759
Processing batch, queue size: 117760
Pending when ops: 0, Queue size: 119211
Processing batch, queue size: 119233
Pending when ops: 0, Queue size: 120690
Processing batch, queue size: 120694
Pending when ops: 0, Queue size: 122100
Processing batch, queue size: 122123
Pending when ops: 0, Queue size: 123618
Processing batch, queue size: 123619
Pending when ops: 0, Queue size: 125071
Processing batch, queue size: 125075
Pending when ops: 0, Queue size: 126441
Processing batch, queue size: 126444
Pending when ops: 0, Queue size: 127942
Processing batch, queue size: 127946
Pending when ops: 0, Queue size: 129328
Processing batch, queue size: 129331
Pending when ops: 0, Queue size: 130922
Processing batch, queue size: 130923
Pending when ops: 0, Queue size: 131072
Processing batch, queue size: 131153
Pending when ops: 0, Queue size: 132652
Processing batch, queue size: 132659
Pending when ops: 0, Queue size: 134152
Processing batch, queue size: 134189
Pending when ops: 0, Queue size: 135681
Processing batch, queue size: 135703
Pending when ops: 0, Queue size: 137226
Processing batch, queue size: 137257
Pending when ops: 0, Queue size: 138762
Processing batch, queue size: 138767
Pending when ops: 0, Queue size: 140314
Processing batch, queue size: 140317
Pending when ops: 0, Queue size: 141765
Processing batch, queue size: 141768
Pending when ops: 0, Queue size: 143338
Processing batch, queue size: 143342
Pending when ops: 0, Queue size: 144855
Processing batch, queue size: 144866
Pending when ops: 0, Queue size: 146337
Processing batch, queue size: 146343
Pending when ops: 0, Queue size: 147866
Processing batch, queue size: 147871
Pending when ops: 0, Queue size: 149343
Processing batch, queue size: 149344
Pending when ops: 0, Queue size: 150841
Processing batch, queue size: 150865
Pending when ops: 0, Queue size: 152413
Processing batch, queue size: 152459
Pending when ops: 0, Queue size: 153967
Processing batch, queue size: 153970
Pending when ops: 0, Queue size: 155471
Processing batch, queue size: 155475
Pending when ops: 0, Queue size: 156966
Processing batch, queue size: 156969
Pending when ops: 0, Queue size: 158541
Processing batch, queue size: 158545
Pending when ops: 0, Queue size: 159990
Processing batch, queue size: 160001
Pending when ops: 0, Queue size: 161436
Processing batch, queue size: 161438
Pending when ops: 0, Queue size: 162924
Processing batch, queue size: 162927
Pending when ops: 0, Queue size: 164371
Processing batch, queue size: 164375
Pending when ops: 0, Queue size: 165840
Processing batch, queue size: 165843
Pending when ops: 0, Queue size: 167283
Processing batch, queue size: 167286
Pending when ops: 0, Queue size: 168764
Processing batch, queue size: 168785
Pending when ops: 0, Queue size: 170182
Processing batch, queue size: 170185
Pending when ops: 0, Queue size: 171636
Processing batch, queue size: 171650
Pending when ops: 0, Queue size: 173136
Processing batch, queue size: 173140
Pending when ops: 0, Queue size: 174583
Processing batch, queue size: 174587
Pending when ops: 0, Queue size: 176028
Processing batch, queue size: 176055
Pending when ops: 0, Queue size: 177494
Processing batch, queue size: 177496
Pending when ops: 0, Queue size: 178932
Processing batch, queue size: 178955
Pending when ops: 0, Queue size: 180393
Processing batch, queue size: 180394
Pending when ops: 0, Queue size: 181876
Processing batch, queue size: 181880
Pending when ops: 0, Queue size: 183348
Processing batch, queue size: 183352
Pending when ops: 0, Queue size: 184831
Processing batch, queue size: 184832
Pending when ops: 0, Queue size: 186403
Processing batch, queue size: 186406
Pending when ops: 0, Queue size: 187856
Processing batch, queue size: 187858
Pending when ops: 0, Queue size: 189387
Processing batch, queue size: 189390
Pending when ops: 0, Queue size: 190821
Processing batch, queue size: 190824
Pending when ops: 0, Queue size: 192368
Processing batch, queue size: 192401
Pending when ops: 0, Queue size: 193855
Processing batch, queue size: 193857
Pending when ops: 0, Queue size: 195329
Processing batch, queue size: 195332
Pending when ops: 0, Queue size: 196850
Processing batch, queue size: 196853
Pending when ops: 0, Queue size: 198406
Processing batch, queue size: 198409
Pending when ops: 0, Queue size: 199912
Processing batch, queue size: 199915
Pending when ops: 0, Queue size: 201387
Processing batch, queue size: 201416
Pending when ops: 0, Queue size: 202871
Processing batch, queue size: 202876
Pending when ops: 0, Queue size: 204243
Processing batch, queue size: 204246
Pending when ops: 0, Queue size: 205777
Processing batch, queue size: 205780
Pending when ops: 0, Queue size: 207258
Processing batch, queue size: 207282
Pending when ops: 0, Queue size: 208809
Processing batch, queue size: 208832
Pending when ops: 0, Queue size: 210354
Processing batch, queue size: 210377
Pending when ops: 0, Queue size: 211834
Processing batch, queue size: 211849
Pending when ops: 0, Queue size: 213346
Processing batch, queue size: 213350
Pending when ops: 0, Queue size: 214879
Processing batch, queue size: 214880
Pending when ops: 0, Queue size: 216326
Processing batch, queue size: 216344
Pending when ops: 0, Queue size: 217745
Processing batch, queue size: 217763
Pending when ops: 0, Queue size: 219296
Processing batch, queue size: 219301
Pending when ops: 0, Queue size: 220823
Processing batch, queue size: 220826
Pending when ops: 0, Queue size: 222337
Processing batch, queue size: 222341
Pending when ops: 0, Queue size: 223872
Processing batch, queue size: 223875
Pending when ops: 0, Queue size: 225405
Processing batch, queue size: 225412
Pending when ops: 0, Queue size: 226896
Processing batch, queue size: 226916
Pending when ops: 0, Queue size: 228357
Processing batch, queue size: 228375
Pending when ops: 0, Queue size: 229846
Processing batch, queue size: 229851
Pending when ops: 0, Queue size: 231411
Processing batch, queue size: 231415
Pending when ops: 0, Queue size: 232908
Processing batch, queue size: 232924
Pending when ops: 0, Queue size: 234433
Processing batch, queue size: 234436
Pending when ops: 0, Queue size: 235976
Processing batch, queue size: 235993
Pending when ops: 0, Queue size: 237496
Processing batch, queue size: 237498
Pending when ops: 0, Queue size: 238989
Processing batch, queue size: 238992
Pending when ops: 0, Queue size: 240526
Processing batch, queue size: 240538
Pending when ops: 0, Queue size: 242044
Processing batch, queue size: 242072
Pending when ops: 0, Queue size: 243520
Processing batch, queue size: 243539
Pending when ops: 0, Queue size: 245056
Processing batch, queue size: 245059
Pending when ops: 0, Queue size: 246554
Processing batch, queue size: 246557
Pending when ops: 0, Queue size: 248127
Processing batch, queue size: 248128
Pending when ops: 0, Queue size: 249567
Processing batch, queue size: 249569
Pending when ops: 0, Queue size: 251152
Processing batch, queue size: 251155
Pending when ops: 0, Queue size: 252660
Processing batch, queue size: 252673
Pending when ops: 0, Queue size: 254177
Processing batch, queue size: 254180
Pending when ops: 0, Queue size: 255681
Processing batch, queue size: 255685
Pending when ops: 0, Queue size: 257181
Processing batch, queue size: 257201
Pending when ops: 0, Queue size: 258700
Processing batch, queue size: 258717
Pending when ops: 0, Queue size: 260266
Processing batch, queue size: 260270
Pending when ops: 0, Queue size: 261804
Processing batch, queue size: 261808
Pending when ops: 0, Queue size: 262144
Processing batch, queue size: 262188
Pausing: active threads: 8
Pausing: active threads: 7
Pausing: active threads: 6
Pausing: active threads: 5
Pausing: active threads: 4
Pausing: active threads: 3
Pausing: active threads: 2
Pausing: active threads: 1
Teardown: all threads stopped
[report]: scheduler_run_time_ns : 49520552
[report]: scheduler_total_when_schedules : 182404
[report]: scheduler_total_when_time_ns : 111204601779253
Teardown: all threads stopped
[report]: insert_overall_operation_number : 181430
[report]: insert_overall_throughput : 3663731.373592
[report]: scheduler_avg_when_time_ns : 609660982.101560
[report]: insert_avg_insert_time_ns : 272.000000
completed_ops: 181430
