/users/Xuran/hash_rt/build/hash_rt --num_threads=14 --str_key_size=8 --str_value_size=100 --num_ops=1000000 --first_mode=true --work_usec=0
Harness starting.
 /users/Xuran/hash_rt/build/hash_rt --num_threads=14 --str_key_size=8 --str_value_size=100 --num_ops=1000000 --first_mode=true --work_usec=0 --seed 2835361830
Init time:897127667
Scheduler cores: 7
Pending when ops: 0, Queue size: 89
Processing batch, queue size: 93
Pending when ops: 0, Queue size: 256
Processing batch, queue size: 281
Pending when ops: 0, Queue size: 566
Processing batch, queue size: 569
Pending when ops: 0, Queue size: 1080
Processing batch, queue size: 1083
Pending when ops: 0, Queue size: 2048
Processing batch, queue size: 2066
Pending when ops: 0, Queue size: 3296
Processing batch, queue size: 3297
Pending when ops: 0, Queue size: 4096
Processing batch, queue size: 4115
Pending when ops: 0, Queue size: 5282
Processing batch, queue size: 5283
Pending when ops: 0, Queue size: 6514
Processing batch, queue size: 6517
Pending when ops: 0, Queue size: 7679
Processing batch, queue size: 7682
Pending when ops: 0, Queue size: 8192
Processing batch, queue size: 8207
Pending when ops: 0, Queue size: 9407
Processing batch, queue size: 9420
Pending when ops: 0, Queue size: 10630
Processing batch, queue size: 10633
Pending when ops: 0, Queue size: 11782
Processing batch, queue size: 11802
Pending when ops: 0, Queue size: 12960
Processing batch, queue size: 12962
Pending when ops: 0, Queue size: 14182
Processing batch, queue size: 14184
Pending when ops: 0, Queue size: 15377
Processing batch, queue size: 15379
Pending when ops: 0, Queue size: 16384
Processing batch, queue size: 16427
Pending when ops: 0, Queue size: 17540
Processing batch, queue size: 17542
Pending when ops: 0, Queue size: 18683
Processing batch, queue size: 18685
Pending when ops: 0, Queue size: 19795
Processing batch, queue size: 19798
Pending when ops: 0, Queue size: 21079
Processing batch, queue size: 21082
Pending when ops: 0, Queue size: 22265
Processing batch, queue size: 22272
Pending when ops: 0, Queue size: 23423
Processing batch, queue size: 23424
Pending when ops: 0, Queue size: 24545
Processing batch, queue size: 24547
Pending when ops: 0, Queue size: 25677
Processing batch, queue size: 25680
Pending when ops: 0, Queue size: 26809
Processing batch, queue size: 26811
Pending when ops: 0, Queue size: 27946
Processing batch, queue size: 27950
Pending when ops: 0, Queue size: 29125
Processing batch, queue size: 29127
Pending when ops: 0, Queue size: 30274
Processing batch, queue size: 30276
Pending when ops: 0, Queue size: 31488
Processing batch, queue size: 31491
Pending when ops: 0, Queue size: 32668
Processing batch, queue size: 32687
Pending when ops: 0, Queue size: 32768
Processing batch, queue size: 32806
Pending when ops: 0, Queue size: 33844
Processing batch, queue size: 33847
Pending when ops: 0, Queue size: 35032
Processing batch, queue size: 35045
Pending when ops: 0, Queue size: 36204
Processing batch, queue size: 36206
Pending when ops: 0, Queue size: 37332
Processing batch, queue size: 37334
Pending when ops: 0, Queue size: 38514
Processing batch, queue size: 38520
Pending when ops: 0, Queue size: 39629
Processing batch, queue size: 39632
Pending when ops: 0, Queue size: 40819
Processing batch, queue size: 40820
Pending when ops: 0, Queue size: 41929
Processing batch, queue size: 41932
Pending when ops: 0, Queue size: 43101
Processing batch, queue size: 43109
Pending when ops: 0, Queue size: 44247
Processing batch, queue size: 44250
Pending when ops: 0, Queue size: 45438
Processing batch, queue size: 45450
Pending when ops: 0, Queue size: 46584
Processing batch, queue size: 46589
Pending when ops: 0, Queue size: 47744
Processing batch, queue size: 47746
Pending when ops: 0, Queue size: 48835
Processing batch, queue size: 48837
Pending when ops: 0, Queue size: 50016
Processing batch, queue size: 50016
Pending when ops: 0, Queue size: 51136
Processing batch, queue size: 51179
Pending when ops: 0, Queue size: 52321
Processing batch, queue size: 52344
Pending when ops: 0, Queue size: 53471
Processing batch, queue size: 53490
Pending when ops: 0, Queue size: 54596
Processing batch, queue size: 54600
Pending when ops: 0, Queue size: 55711
Processing batch, queue size: 55712
Pending when ops: 0, Queue size: 56863
Processing batch, queue size: 56864
Pending when ops: 0, Queue size: 57968
Processing batch, queue size: 57996
Pending when ops: 0, Queue size: 59157
Processing batch, queue size: 59160
Pending when ops: 0, Queue size: 60300
Processing batch, queue size: 60302
Pending when ops: 0, Queue size: 61476
Processing batch, queue size: 61478
Pending when ops: 0, Queue size: 62602
Processing batch, queue size: 62604
Pending when ops: 0, Queue size: 63777
Processing batch, queue size: 63779
Pending when ops: 0, Queue size: 64851
Processing batch, queue size: 64861
Pending when ops: 0, Queue size: 65536
Processing batch, queue size: 65613
Pending when ops: 0, Queue size: 66687
Processing batch, queue size: 66688
Pending when ops: 0, Queue size: 67784
Processing batch, queue size: 67802
Pending when ops: 0, Queue size: 68919
Processing batch, queue size: 68929
Pending when ops: 0, Queue size: 70045
Processing batch, queue size: 70047
Pending when ops: 0, Queue size: 71203
Processing batch, queue size: 71204
Pending when ops: 0, Queue size: 72288
Processing batch, queue size: 72289
Pending when ops: 0, Queue size: 73447
Processing batch, queue size: 73451
Pending when ops: 0, Queue size: 74628
Processing batch, queue size: 74631
Pending when ops: 0, Queue size: 75847
Processing batch, queue size: 75862
Pending when ops: 0, Queue size: 76993
Processing batch, queue size: 76999
Pending when ops: 0, Queue size: 78188
Processing batch, queue size: 78219
Pending when ops: 0, Queue size: 79295
Processing batch, queue size: 79296
Pending when ops: 0, Queue size: 80466
Processing batch, queue size: 80471
Pending when ops: 0, Queue size: 81569
Processing batch, queue size: 81570
Pending when ops: 0, Queue size: 82734
Processing batch, queue size: 82738
Pending when ops: 0, Queue size: 83886
Processing batch, queue size: 83889
Pending when ops: 0, Queue size: 85062
Processing batch, queue size: 85073
Pending when ops: 0, Queue size: 86229
Processing batch, queue size: 86231
Pending when ops: 0, Queue size: 87398
Processing batch, queue size: 87402
Pending when ops: 0, Queue size: 88487
Processing batch, queue size: 88490
Pending when ops: 0, Queue size: 89662
Processing batch, queue size: 89674
Pending when ops: 0, Queue size: 90806
Processing batch, queue size: 90816
Pending when ops: 0, Queue size: 92000
Processing batch, queue size: 92002
Pending when ops: 0, Queue size: 93132
Processing batch, queue size: 93135
Pending when ops: 0, Queue size: 94275
Processing batch, queue size: 94287
Pending when ops: 0, Queue size: 95383
Processing batch, queue size: 95385
Pending when ops: 0, Queue size: 96531
Processing batch, queue size: 96543
Pending when ops: 0, Queue size: 97712
Processing batch, queue size: 97715
Pending when ops: 0, Queue size: 98885
Processing batch, queue size: 98900
Pending when ops: 0, Queue size: 100073
Processing batch, queue size: 100089
Pending when ops: 0, Queue size: 101274
Processing batch, queue size: 101276
Pending when ops: 0, Queue size: 102406
Processing batch, queue size: 102407
Pending when ops: 0, Queue size: 103552
Processing batch, queue size: 103569
Pending when ops: 0, Queue size: 104729
Processing batch, queue size: 104731
Pending when ops: 0, Queue size: 105917
Processing batch, queue size: 105918
Pending when ops: 0, Queue size: 107007
Processing batch, queue size: 107025
Pending when ops: 0, Queue size: 108172
Processing batch, queue size: 108174
Pending when ops: 0, Queue size: 109325
Processing batch, queue size: 109329
Pending when ops: 0, Queue size: 110526
Processing batch, queue size: 110533
Pending when ops: 0, Queue size: 111695
Processing batch, queue size: 111697
Pending when ops: 0, Queue size: 112900
Processing batch, queue size: 112916
Pending when ops: 0, Queue size: 114079
Processing batch, queue size: 114080
Pending when ops: 0, Queue size: 115277
Processing batch, queue size: 115279
Pending when ops: 0, Queue size: 116448
Processing batch, queue size: 116448
Pending when ops: 0, Queue size: 117631
Processing batch, queue size: 117632
Pending when ops: 0, Queue size: 118820
Processing batch, queue size: 118823
Pending when ops: 0, Queue size: 120007
Processing batch, queue size: 120009
Pending when ops: 0, Queue size: 121150
Processing batch, queue size: 121163
Pending when ops: 0, Queue size: 122402
Processing batch, queue size: 122404
Pending when ops: 0, Queue size: 123599
Processing batch, queue size: 123601
Pending when ops: 0, Queue size: 124799
Processing batch, queue size: 124801
Pending when ops: 0, Queue size: 125888
Processing batch, queue size: 125890
Pending when ops: 0, Queue size: 127071
Processing batch, queue size: 127092
Pending when ops: 0, Queue size: 128307
Processing batch, queue size: 128312
Pending when ops: 0, Queue size: 129508
Processing batch, queue size: 129509
Pending when ops: 0, Queue size: 130646
Processing batch, queue size: 130650
Pending when ops: 0, Queue size: 131072
Processing batch, queue size: 131130
Pending when ops: 0, Queue size: 132127
Processing batch, queue size: 132128
Pending when ops: 0, Queue size: 133265
Processing batch, queue size: 133268
Pending when ops: 0, Queue size: 134463
Processing batch, queue size: 134465
Pending when ops: 0, Queue size: 135647
Processing batch, queue size: 135648
Pending when ops: 0, Queue size: 136862
Processing batch, queue size: 136881
Pending when ops: 0, Queue size: 138054
Processing batch, queue size: 138056
Pending when ops: 0, Queue size: 139231
Processing batch, queue size: 139233
Pending when ops: 0, Queue size: 140442
Processing batch, queue size: 140445
Pending when ops: 0, Queue size: 141666
Processing batch, queue size: 141669
Pending when ops: 0, Queue size: 142880
Processing batch, queue size: 142881
Pending when ops: 0, Queue size: 144065
Processing batch, queue size: 144067
Pending when ops: 0, Queue size: 145280
Processing batch, queue size: 145281
Pending when ops: 0, Queue size: 146486
Processing batch, queue size: 146491
Pending when ops: 0, Queue size: 147682
Processing batch, queue size: 147684
Pending when ops: 0, Queue size: 148876
Processing batch, queue size: 148879
Pending when ops: 0, Queue size: 150046
Processing batch, queue size: 150055
Pending when ops: 0, Queue size: 151257
Processing batch, queue size: 151260
Pending when ops: 0, Queue size: 152480
Processing batch, queue size: 152482
Pending when ops: 0, Queue size: 153664
Processing batch, queue size: 153667
Pending when ops: 0, Queue size: 154836
Processing batch, queue size: 154839
Pending when ops: 0, Queue size: 156024
Processing batch, queue size: 156026
Pending when ops: 0, Queue size: 157181
Processing batch, queue size: 157198
Pending when ops: 0, Queue size: 158390
Processing batch, queue size: 158394
Pending when ops: 0, Queue size: 159571
Processing batch, queue size: 159574
Pending when ops: 0, Queue size: 160740
Processing batch, queue size: 160741
Pending when ops: 0, Queue size: 161937
Processing batch, queue size: 161960
Pending when ops: 0, Queue size: 163169
Processing batch, queue size: 163181
Pending when ops: 0, Queue size: 164311
Processing batch, queue size: 164314
Pending when ops: 0, Queue size: 165523
Processing batch, queue size: 165526
Pending when ops: 0, Queue size: 166697
Processing batch, queue size: 166700
Pending when ops: 0, Queue size: 167871
Processing batch, queue size: 167872
Pending when ops: 0, Queue size: 169085
Processing batch, queue size: 169087
Pending when ops: 0, Queue size: 170304
Processing batch, queue size: 170308
Pending when ops: 0, Queue size: 171533
Processing batch, queue size: 171537
Pending when ops: 0, Queue size: 172717
Processing batch, queue size: 172719
Pending when ops: 0, Queue size: 173951
Processing batch, queue size: 173952
Pending when ops: 0, Queue size: 175167
Processing batch, queue size: 175168
Pending when ops: 0, Queue size: 176332
Processing batch, queue size: 176345
Pending when ops: 0, Queue size: 177520
Processing batch, queue size: 177524
Pending when ops: 0, Queue size: 178736
Processing batch, queue size: 178750
Pending when ops: 0, Queue size: 179949
Processing batch, queue size: 179953
Pending when ops: 0, Queue size: 181126
Processing batch, queue size: 181127
Pending when ops: 0, Queue size: 182363
Processing batch, queue size: 182366
Pending when ops: 0, Queue size: 183530
Processing batch, queue size: 183534
Pending when ops: 0, Queue size: 184768
Processing batch, queue size: 184770
Pending when ops: 0, Queue size: 185917
Processing batch, queue size: 185924
Pending when ops: 0, Queue size: 187125
Processing batch, queue size: 187128
Pending when ops: 0, Queue size: 188365
Processing batch, queue size: 188376
Pending when ops: 0, Queue size: 189578
Processing batch, queue size: 189579
Pending when ops: 0, Queue size: 190814
Processing batch, queue size: 190838
Pending when ops: 0, Queue size: 191985
Processing batch, queue size: 191988
Pending when ops: 0, Queue size: 193205
Processing batch, queue size: 193209
Pending when ops: 0, Queue size: 194459
Processing batch, queue size: 194462
Pending when ops: 0, Queue size: 195628
Processing batch, queue size: 195631
Pending when ops: 0, Queue size: 196824
Processing batch, queue size: 196828
Pending when ops: 0, Queue size: 197972
Processing batch, queue size: 197975
Pending when ops: 0, Queue size: 199078
Processing batch, queue size: 199088
Pending when ops: 0, Queue size: 200268
Processing batch, queue size: 200270
Pending when ops: 0, Queue size: 201470
Processing batch, queue size: 201482
Pending when ops: 0, Queue size: 202737
Processing batch, queue size: 202740
Pending when ops: 0, Queue size: 203955
Processing batch, queue size: 203958
Pending when ops: 0, Queue size: 205189
Processing batch, queue size: 205193
Pending when ops: 0, Queue size: 206415
Processing batch, queue size: 206437
Pending when ops: 0, Queue size: 207635
Processing batch, queue size: 207638
Pending when ops: 0, Queue size: 208783
Processing batch, queue size: 208798
Pending when ops: 0, Queue size: 210025
Processing batch, queue size: 210028
Pending when ops: 0, Queue size: 211213
Processing batch, queue size: 211214
Pending when ops: 0, Queue size: 212424
Processing batch, queue size: 212437
Pending when ops: 0, Queue size: 213599
Processing batch, queue size: 213600
Pending when ops: 0, Queue size: 214837
Processing batch, queue size: 214840
Pending when ops: 0, Queue size: 216149
Processing batch, queue size: 216177
Pending when ops: 0, Queue size: 217371
Processing batch, queue size: 217374
Pending when ops: 0, Queue size: 218596
Processing batch, queue size: 218609
Pending when ops: 0, Queue size: 219792
Processing batch, queue size: 219807
Pending when ops: 0, Queue size: 221037
Processing batch, queue size: 221039
Pending when ops: 0, Queue size: 222250
Processing batch, queue size: 222253
Pending when ops: 0, Queue size: 223482
Processing batch, queue size: 223484
Pending when ops: 0, Queue size: 224671
Processing batch, queue size: 224675
Pending when ops: 0, Queue size: 225924
Processing batch, queue size: 225927
Pending when ops: 0, Queue size: 227199
Processing batch, queue size: 227201
Pending when ops: 0, Queue size: 228434
Processing batch, queue size: 228438
Pending when ops: 0, Queue size: 229651
Processing batch, queue size: 229656
Pending when ops: 0, Queue size: 230838
Processing batch, queue size: 230839
Pending when ops: 0, Queue size: 232029
Processing batch, queue size: 232041
Pending when ops: 0, Queue size: 233728
Processing batch, queue size: 233730
Pending when ops: 0, Queue size: 251363
Processing batch, queue size: 251365
Pausing: active threads: 7
Pausing: active threads: 6
Pausing: active threads: 5
Pausing: active threads: 4
Pausing: active threads: 3
Pausing: active threads: 2
Pausing: active threads: 1
Teardown: all threads stopped
[report]: scheduler_run_time_ns : 64801591
[report]: scheduler_total_when_schedules : 202413
[report]: scheduler_total_when_time_ns : 122080743697689
Teardown: all threads stopped
[report]: insert_overall_operation_number : 201213
[report]: insert_overall_throughput : 3105062.651934
[report]: scheduler_avg_when_time_ns : 603126991.337953
[report]: insert_avg_insert_time_ns : 322.000000
completed_ops: 201213
hash_rt: tpp.c:83: __pthread_tpp_change_priority: Assertion `new_prio == -1 || (new_prio >= fifo_min_prio && new_prio <= fifo_max_prio)' failed.
