/users/Xuran/hash_rt/build/hash_rt --num_threads=8 --str_key_size=8 --str_value_size=100 --num_ops=5000000 --first_mode=true --work_usec=0 --batch_size=80
Harness starting.
 /users/Xuran/hash_rt/build/hash_rt --num_threads=8 --str_key_size=8 --str_value_size=100 --num_ops=5000000 --first_mode=true --work_usec=0 --batch_size=80 --seed 150371286
Init time:1182464654
Scheduler cores: 4
External thread 0 is running on core 4
External thread 2 is running on core 6
External thread 1 is running on core 5
External thread 3 is running on core 7
Pausing: active threads: 4
Pausing: active threads: 3
Pausing: active threads: 2
Pausing: active threads: 1
Teardown: all threads stopped

=== Thread 4 Steal Statistics ===
Total work items processed: 0
Steal attempts: 116572824
Successful steals: 1
Success rate: 8.57833e-07%

Steals from each victim:
  From thread 1: 1 steals
===========================

=== Thread 3 Steal Statistics ===
Total work items processed: 848239
Steal attempts: 106725203
Successful steals: 659452
Success rate: 0.617897%

Steals from each victim:
  From thread 1: 160493 steals
  From thread 2: 173401 steals
  From thread 4: 325558 steals
===========================

=== Thread 2 Steal Statistics ===
Total work items processed: 818053
Steal attempts: 122481287
Successful steals: 776100
Success rate: 0.633648%

Steals from each victim:
  From thread 1: 99852 steals
  From thread 3: 148933 steals
  From thread 4: 527315 steals
===========================

=== Thread 1 Steal Statistics ===
Total work items processed: 931219
Steal attempts: 125466877
Successful steals: 767087
Success rate: 0.611386%

Steals from each victim:
  From thread 2: 193524 steals
  From thread 3: 177175 steals
  From thread 4: 396388 steals
===========================

=== Summary ===
Total work items: 2597511
Total steal attempts: 471246191
Total successful steals: 2202640
Overall success rate: 0.467408%
====================
[report]: insert_run_time_ns : 14080351894
[report]: scheduler_total_when_schedules : 5000000
[report]: scheduler_total_when_time_ns : 12885505972
Teardown: all threads stopped
[report]: insert_overall_operation_number : 4479832
[report]: insert_overall_throughput : 318161.934711
[report]: scheduler_avg_when_time_ns : 2577.101194
[report]: insert_avg_insert_time_ns : 3143.000000
terminate called without an active exception
