GNU gdb (Ubuntu 12.1-0ubuntu1~22.04) 12.1
Copyright (C) 2022 Free Software Foundation, Inc.
License GPLv3+: GNU GPL version 3 or later <http://gnu.org/licenses/gpl.html>
This is free software: you are free to change and redistribute it.
There is NO WARRANTY, to the extent permitted by law.
Type "show copying" and "show warranty" for details.
This GDB was configured as "x86_64-linux-gnu".
Type "show configuration" for configuration details.
For bug reporting instructions, please see:
<https://www.gnu.org/software/gdb/bugs/>.
Find the GDB manual and other documentation resources online at:
    <http://www.gnu.org/software/gdb/documentation/>.

For help, type "help".
Type "apropos word" to search for commands related to "word"...
Reading symbols from ./hash_rt...
[?2004h(gdb) r
[?2004lStarting program: /mnt/nvme0/home/gxr/Myhash_boc/Hash_rt/build/hash_rt 
[Thread debugging using libthread_db enabled]
Using host libthread_db library "/lib/x86_64-linux-gnu/libthread_db.so.1".
Set fair: 1
Init runtime
Scheduler Thread created
Scheduler Thread created
Runtime initialised
Init time:1757233369
[New Thread 0x7fbfdf3e8640 (LWP 1160571)]
Starting all threads
[New Thread 0x7fbfdebe7640 (LWP 1160572)]
[New Thread 0x7fbfde3e6640 (LWP 1160573)]
BehaviourCore::schedule_many1
Prepare phase duration: 720
Acquire phase duration: 730
Exchange duration: 390
Release phase duration: 90
Process phase duration: 810
BehaviourCore::schedule_many1
Prepare phase duration: 190
Acquire phase duration: 500
Exchange duration: 370
Release phase duration: 50
Process phase duration: 200
BehaviourCore::schedule_many1
Prepare phase duration: 150
Acquire phase duration: 320
Exchange duration: 190
Release phase duration: 40
Process phase duration: 160
BehaviourCore::schedule_many1
Prepare phase duration: 140
Acquire phase duration: 410
Exchange duration: 280
Release phase duration: 40
Process phase duration: 130
[New Thread 0x7fbfddbe5640 (LWP 1160574)]
get work duration: 4430
get work duration: 1030
get body duration: 1410
get body duration: 180
run body duration: 9910
run body duration: 6790
release cown duration: 7490
release cown duration: 5020
dealloc behaviour duration: 20
dealloc behaviour duration: 30
dealloc work duration: 93890
dealloc work duration: 87820
get work duration: 240
get body duration: 40
get work duration: 230
run body duration: 1500
release cown duration: 340
get body duration: 40
dealloc behaviour duration: 30
dealloc work duration: 240
run body duration: 1550
release cown duration: 400
dealloc behaviour duration: 30
dealloc work duration: 340

Thread 1 "hash_rt" received signal SIGINT, Interrupt.
__futex_abstimed_wait_common64 (private=128, cancel=true, abstime=0x0, op=265, expected=1160573, futex_word=0x7fbfde3e6910) at ./nptl/futex-internal.c:57
57	./nptl/futex-internal.c: No such file or directory.
[?2004h[?2004l[?2004h(gdb) 