GNU gdb (Ubuntu 12.1-0ubuntu1~22.04) 12.1
Copyright (C) 2022 Free Software Foundation, Inc.
License GPLv3+: GNU GPL version 3 or later <http://gnu.org/licenses/gpl.html>
This is free software: you are free to change and redistribute it.
There is NO WARRANTY, to the extent permitted by law.
Type "show copying" and "show warranty" for details.
This GDB was configured as "x86_64-linux-gnu".
Type "show configuration" for configuration details.
For bug reporting instructions, please see:
<https://www.gnu.org/software/gdb/bugs/>.
Find the GDB manual and other documentation resources online at:
    <http://www.gnu.org/software/gdb/documentation/>.

For help, type "help".
Type "apropos word" to search for commands related to "word"...
Reading symbols from ./hash_rt...
[?2004h(gdb) 
[?2004l[?2004h(gdb) 
[?2004l[?2004h(gdb) r
[?2004lStarting program: /mnt/nvme0/home/gxr/Myhash_boc/Hash_rt/build/hash_rt 
[Thread debugging using libthread_db enabled]
Using host libthread_db library "/lib/x86_64-linux-gnu/libthread_db.so.1".
Set fair: 1
Init runtime
Scheduler Thread created
Scheduler Thread created
Runtime initialised
Init time:2032199723
[New Thread 0x7fbfdf3e8640 (LWP 1132076)]
Starting all threads
[New Thread 0x7fbfdebe7640 (LWP 1132077)]
BehaviourCore::schedule_many1
Prepare phase duration: 620
Acquire phase duration: 660
[New Thread 0x7fbfde3e6640 (LWP 1132078)]
Exchange duration: 350
Release phase duration: 90
Process phase duration: 770
BehaviourCore::schedule_many1
Prepare phase duration: 160
Acquire phase duration: 450
Exchange duration: 330
Release phase duration: 40
Process phase duration: 180
BehaviourCore::schedule_many1
Prepare phase duration: 140
Acquire phase duration: 440
Exchange duration: 330
Release phase duration: 40
Process phase duration: 140
BehaviourCore::schedule_many1
Prepare phase duration: 140
Acquire phase duration: 310
Exchange duration: 200
Release phase duration: 40
Process phase duration: 130
BehaviourCore::schedule_many1
Prepare phase duration: 140
Acquire phase duration: 440
Exchange duration: 320
Release phase duration: 40
Process phase duration: 170
BehaviourCore::schedule_many1
Prepare phase duration: 130
Acquire phase duration: 430
Exchange duration: 320
Release phase duration: 40
Process phase duration: 140
BehaviourCore::schedule_many1
Prepare phase duration: 180
Acquire phase duration: 450
Exchange duration: 320
Release phase duration: 40
Process phase duration: 130
BehaviourCore::schedule_many1
Prepare phase duration: 150
Acquire phase duration: 220
Exchange duration: 100
Release phase duration: 50
Process phase duration: 150
[New Thread 0x7fbfddbe5640 (LWP 1132079)]
get work duration: 5220
get work duration: 990
thread id: 1 Schedule work 0x7fbfe03ec2a0
the total count of insert: 1
thread id: 2 Schedule work 0x7fbfe03ec0c0
the total count of insert: 2
thread id: 1 work duration: 122779
thread id: 1 completed_count_last_batch: 3
get work duration: 270
thread id: 1 Schedule work 0x7fbfe03ec1e0
the total count of insert: 3
thread id: 1 work duration: 3940
thread id: 1 completed_count_last_batch: 2
get work duration: 130
thread id: 1 Schedule work 0x7fbfe03ec120
the total count of insert: 4
thread id: 1 work duration: 2640
thread id: 1 completed_count_last_batch: 1
get work duration: 460
thread id: 1 Schedule work 0x7fbfe03ec060
the total count of insert: 5
thread id: 1 work duration: 7370
thread id: 1 completed_count_last_batch: 4
thread id: 2 work duration: 37780
thread id: 2 completed_count_last_batch: 3
get work duration: 330
BehaviourCore::schedule_many1
thread id: 2 Schedule work 0x7fbfe03ec240
Prepare phase duration: 160
Acquire phase duration: 350
Exchange duration: 220
the total count of insert: 6
thread id: 2 work duration: 3850
thread id: 2 completed_count_last_batch: 2
get work duration: 190
thread id: 2 Schedule work 0x7fbfe03ec180
the total count of insert: 7
Release phase duration: 60
thread id: 2 work duration: 3110
Process phase duration: 190
BehaviourCore::schedule_many1
thread id: 2 completed_count_last_batch: 1
Prepare phase duration: 160
Acquire phase duration: 220
Exchange duration: 110
Release phase duration: 40
Process phase duration: 140
get work duration: 720
BehaviourCore::schedule_many1
get work duration: 830
thread id: 1 Schedule work 0x7fbfe03ec360
Prepare phase duration: 130
Acquire phase duration: 370
Exchange duration: 260
Release phase duration: 40
thread id: 2 Schedule work 0x7fbfe03ec300
the total count of insert: 8
the total count of insert: 9
thread id: 2 work duration: 7000
thread id: 2 completed_count_last_batch: 0
Process phase duration: 150
BehaviourCore::schedule_many1
Prepare phase duration: 140
Acquire phase duration: 340
Exchange duration: 230
Release phase duration: 40
Process phase duration: 150
thread id: 1 work duration: 4000
thread id: 1 completed_count_last_batch: 3
BehaviourCore::schedule_many1
Prepare phase duration: 150
Acquire phase duration: 350
Exchange duration: 230
get work duration: 760
Release phase duration: 50
thread id: 2 Schedule work 0x7fbfe03ec3c0
Process phase duration: 150
the total count of insert: 10
thread id: 2 work duration: 6520
BehaviourCore::schedule_many1
Prepare phase duration: 130
get work duration: 110
Acquire phase duration: 360
thread id: 2 completed_count_last_batch: 2
thread id: 1 Schedule work 0x7fbfe03ec420
get work duration: 460
the total count of insert: 11
thread id: 1 work duration: 4490
Exchange duration: 250
thread id: 2 Schedule work 0x7fbfe03ec480
the total count of insert: 12
thread id: 1 completed_count_last_batch: 1
Release phase duration: 680
Process phase duration: 170
get work duration: 730
BehaviourCore::schedule_many1
thread id: 2 work duration: 29090
thread id: 2 completed_count_last_batch: 0
thread id: 1 Schedule work 0x7fbfe03ec4e0
Prepare phase duration: 160
Acquire phase duration: 340
the total count of insert: 13
Exchange duration: 220
Release phase duration: 360
Process phase duration: 150
BehaviourCore::schedule_many1
Prepare phase duration: 140
Acquire phase duration: 370
Exchange duration: 240
Release phase duration: 60
Process phase duration: 130
thread id: 1 work duration: 6240
get work duration: 1110
thread id: 1 completed_count_last_batch: 3
BehaviourCore::schedule_many1
thread id: 2 Schedule work 0x7fbfe03ec540
the total count of insert: 14
get work duration: 500
thread id: 1 Schedule work 0x7fbfe03ec5a0
Prepare phase duration: 460
Acquire phase duration: 370
Exchange duration: 260
the total count of insert: 15
thread id: 2 work duration: 2820
thread id: 2 completed_count_last_batch: 1
Release phase duration: 40
get work duration: 450
thread id: 1 work duration: 7710
thread id: 1 completed_count_last_batch: 1
thread id: 2 Schedule work 0x7fbfe03ec000
the total count of insert: 16
thread id: 2 work duration: 2990
Process phase duration: 150
thread id: 2 completed_count_last_batch: 0
BehaviourCore::schedule_many1
Prepare phase duration: 140
Acquire phase duration: 340
Exchange duration: 220
Release phase duration: 40
Process phase duration: 150
BehaviourCore::schedule_many1
Prepare phase duration: 150
Acquire phase duration: 360
Exchange duration: 240
Release phase duration: 40
Process phase duration: 130
BehaviourCore::schedule_many1
Prepare phase duration: 130
Acquire phase duration: 440
Exchange duration: 320
Release phase duration: 40
Process phase duration: 160
scheduler loop time: 1757116
get work duration: 800
get work duration: 1030
thread id: 1 Schedule work 0x7fbfe03ec720
the total count of insert: 17
thread id: 2 Schedule work 0x7fbfe03ec6c0
the total count of insert: 18
thread id: 1 work duration: 3590
thread id: 2 work duration: 4340
thread id: 2 completed_count_last_batch: 2
thread id: 1 completed_count_last_batch: 2
get work duration: 120
thread id: 1 Schedule work 0x7fbfe03ec660
get work duration: 400
the total count of insert: 19
thread id: 1 work duration: 4020
thread id: 1 completed_count_last_batch: 1
thread id: 2 Schedule work 0x7fbfe03ec600
the total count of insert: 20
thread id: 2 work duration: 2610
thread id: 2 completed_count_last_batch: 0
Destroying core 1
Destroying core 2
All threads stopped
[Thread 0x7fbfdebe7640 (LWP 1132077) exited]
All threads deallocated
the total count of insert: 20
[report]: overall_duration_ns : 2089314155
[report]: overall_operation_number : 20
[report]: overall_throughput : 9.572519
[report]: overall_avg_time_per_ops : 104465707.000000
[Thread 0x7fbfddbe5640 (LWP 1132079) exited]
[Thread 0x7fbfde3e6640 (LWP 1132078) exited]
[Thread 0x7fbfdf3e8640 (LWP 1132076) exited]
[Inferior 1 (process 1132032) exited normally]
[?2004h[?2004l[?2004h(gdb) q
[?2004l