GNU gdb (Ubuntu 12.1-0ubuntu1~22.04) 12.1
Copyright (C) 2022 Free Software Foundation, Inc.
License GPLv3+: GNU GPL version 3 or later <http://gnu.org/licenses/gpl.html>
This is free software: you are free to change and redistribute it.
There is NO WARRANTY, to the extent permitted by law.
Type "show copying" and "show warranty" for details.
This GDB was configured as "x86_64-linux-gnu".
Type "show configuration" for configuration details.
For bug reporting instructions, please see:
<https://www.gnu.org/software/gdb/bugs/>.
Find the GDB manual and other documentation resources online at:
    <http://www.gnu.org/software/gdb/documentation/>.

For help, type "help".
Type "apropos word" to search for commands related to "word"...
Reading symbols from ./hash_rt...
[?2004h(gdb) 
[?2004l[?2004h(gdb) r
[?2004lStarting program: /mnt/nvme0/home/gxr/Myhash_boc/Hash_rt/build/hash_rt 
[Thread debugging using libthread_db enabled]
Using host libthread_db library "/lib/x86_64-linux-gnu/libthread_db.so.1".
Set fair: 1
Init runtime
Scheduler Thread created
Scheduler Thread created
Scheduler Thread created
Scheduler Thread created
Runtime initialised
Init time:1773548625
[New Thread 0x7fbfdf3e8640 (LWP 989521)]
[New Thread 0x7fbfdebe7640 (LWP 989522)]
BehaviourCore::schedule_many1
Prepare phase duration: 710
Acquire phase duration: 500
Exchange duration: 170
Release phase duration: 100
Process phase duration: 670
[New Thread 0x7fbfde3e6640 (LWP 989523)]
[New Thread 0x7fbfddbe5640 (LWP 989524)]
[New Thread 0x7fbfdd3e4640 (LWP 989525)]
[New Thread 0x7fbfdcbe3640 (LWP 989526)]
[New Thread 0x7fbfaaff3640 (LWP 989527)]
[New Thread 0x7fbfa2ff0640 (LWP 989528)]
Starting all threads
[New Thread 0x7fbf9afed640 (LWP 989529)]
[New Thread 0x7fbf9a7ec640 (LWP 989530)]
BehaviourCore::schedule_many1
Prepare phase duration: 180
Acquire phase duration: 230
Exchange duration: 70
Release phase duration: 50
Process phase duration: 180
thread id: 4 get work duration:8520
[New Thread 0x7fbf99feb640 (LWP 989531)]
thread id: BehaviourCore::schedule_many1
3 get work duration:Prepare phase duration: 170
Acquire phase duration: 500
1410Exchange duration: 390
Release phase duration: 60
Process phase duration: 140

[New Thread 0x7fbf997ea640 (LWP 989532)]
Schedule work 0x7fbfe03ec000
Schedule work 0x7fbfe03ec060
BehaviourCore::schedule_many1
thread id: Prepare phase duration: 140
Acquire phase duration: 210
Exchange duration: 70
2Release phase duration: 40
 get work duration:Process phase duration: 140
1790
Schedule work 0x7fbfe03ec0c0
thread id: 4 work duration: 90700
thread id: 3 work duration: 80030
thread id: 3 get work duration:250thread id: 4 get work duration:BehaviourCore::schedule_many1

Prepare phase duration: 130
Acquire phase duration: 180
Exchange duration: 80
730Schedule work 0x7fbff7a04020

Schedule work 0x7fbff7a04000
thread id: 4 work duration: 1240
Release phase duration: 50
thread id: 4 get work duration:1510
Schedule work 0x7fbfe03ec120
thread id: 3 work duration: 570
thread id: 2 work duration: 67070
Process phase duration: 430
thread id: 4 work duration: 2870
thread id: 4 get work duration:1110
Schedule work 0x7fbff7a04040
thread id: 4 work duration: 440
[New Thread 0x7fbf98fe9640 (LWP 989533)]
thread id: 4 get work duration:BehaviourCore::schedule_many1
1050Prepare phase duration: 180
Acquire phase duration: 180
Exchange duration: 70
Release phase duration: 50

Process phase duration: 160
thread id: 1 get work duration:thread id: 2840Schedule work 0x7fbfe03ec180

thread id: 2 get work duration:2730thread id: 4 work duration: 2070
3 get work duration:1640

Schedule work 0x7fbff7a04020
Schedule work 0x7fbfe03ec1e0
BehaviourCore::schedule_many1
thread id: 2 work duration: 200
Prepare phase duration: 140
Acquire phase duration: 620
Exchange duration: 160
thread id: 3 work duration: 2180
Release phase duration: 400
Process phase duration: 130
thread id: 2 get work duration:27040
Schedule work 0x7fbfe03ec240
Schedule work 0x7fbff7a04000
thread id: 2 work duration: 2790
BehaviourCore::schedule_many1
thread id: 1 work duration: 520
Prepare phase duration: 490
Acquire phase duration: 190
Exchange duration: 70
Release phase duration: 50
Process phase duration: 140
thread id: 1 get work duration:12790
Schedule work 0x7fbfe03ec2a0
thread id: 1 work duration: 31130
BehaviourCore::schedule_many1
Prepare phase duration: 140
Acquire phase duration: 390
Exchange duration: 290
Release phase duration: 50
Process phase duration: 130
thread id: 4 get work duration:157969
Schedule work 0x7fbfe03ec300
thread id: 4 work duration: 5940
BehaviourCore::schedule_many1
Prepare phase duration: 150
Acquire phase duration: 610
Exchange duration: 470
Release phase duration: 60
Process phase duration: 130
thread id: 3 get work duration:136040
Schedule work 0x7fbfe03ec360
thread id: 3 work duration: 1670
BehaviourCore::schedule_many1
Prepare phase duration: 160
Acquire phase duration: 330
Exchange duration: 230
Release phase duration: 40
Process phase duration: 130
thread id: 2 get work duration:163100
Schedule work 0x7fbfe03ec3c0
thread id: 2 work duration: 1980
BehaviourCore::schedule_many1
Prepare phase duration: 170
Acquire phase duration: 370
Exchange duration: 250
Release phase duration: 50
Process phase duration: 130
thread id: 1 get work duration:93630
Schedule work 0x7fbfe03ec420
thread id: 1 work duration: 2410
BehaviourCore::schedule_many1
Prepare phase duration: 150
Acquire phase duration: 360
Exchange duration: 240
Release phase duration: 50
Process phase duration: 130
thread id: 4 get work duration:87810
Schedule work 0x7fbfe03ec480
thread id: 4 work duration: 2060
BehaviourCore::schedule_many1
Prepare phase duration: 150
Acquire phase duration: 360
Exchange duration: 260
Release phase duration: 50
Process phase duration: 130
thread id: 3 get work duration:85960
Schedule work 0x7fbfe03ec4e0
thread id: 3 work duration: 4910
BehaviourCore::schedule_many1
Prepare phase duration: 160
Acquire phase duration: 270
Exchange duration: 160
Release phase duration: 50
Process phase duration: 130
thread id: 1 get work duration:63820
Schedule work 0x7fbfe03ec540
thread id: 1 work duration: 2390
BehaviourCore::schedule_many1
Prepare phase duration: 130
Acquire phase duration: 240
Exchange duration: 150
Release phase duration: 40
Process phase duration: 130
thread id: 1 get work duration:14380
Schedule work 0x7fbfe03ec5a0
thread id: 1 work duration: 4700
BehaviourCore::schedule_many1
Prepare phase duration: 490
Acquire phase duration: 380
Exchange duration: 240
Release phase duration: 40
Process phase duration: 130
thread id: 4 get work duration:90870
Schedule work 0x7fbfe03ec600
thread id: 4 work duration: 2160
BehaviourCore::schedule_many1
Prepare phase duration: 830
Acquire phase duration: 200
Exchange duration: 80
Release phase duration: 40
Process phase duration: 140
thread id: 1 get work duration:40910
Schedule work 0x7fbfe03ec660
thread id: 1 work duration: 1760
BehaviourCore::schedule_many1
Prepare phase duration: 140
Acquire phase duration: 180
Exchange duration: 60
Release phase duration: 50
Process phase duration: 130
thread id: 2 get work duration:183740
Schedule work 0x7fbfe03ec6c0
thread id: 2 work duration: 5300
BehaviourCore::schedule_many1
Prepare phase duration: 820
Acquire phase duration: 360
Exchange duration: 230
Release phase duration: 60
Process phase duration: 140
thread id: 1 get work duration:40800
Schedule work 0x7fbfe03ec720
thread id: 1 work duration: 1610
BehaviourCore::schedule_many1
Prepare phase duration: 140
Acquire phase duration: 250
Exchange duration: 140
Release phase duration: 40
Process phase duration: 130
thread id: 4 get work duration:88610
Schedule work 0x7fbfe03ec780
thread id: 4 work duration: 2020
BehaviourCore::schedule_many1
Prepare phase duration: 130
Acquire phase duration: 440
Exchange duration: 300
Release phase duration: 50
Process phase duration: 130
thread id: 3 get work duration:184540
Schedule work 0x7fbfe03ec7e0
thread id: 3 work duration: 1520
BehaviourCore::schedule_many1
Prepare phase duration: 150
Acquire phase duration: 260
Exchange duration: 150
Release phase duration: 40
Process phase duration: 130
thread id: 2 get work duration:84970
Schedule work 0x7fbfe03ec840
thread id: 2 work duration: 1860
BehaviourCore::schedule_many1
Prepare phase duration: 130
Acquire phase duration: 340
Exchange duration: 240
Release phase duration: 40
Process phase duration: 130
thread id: 1 get work duration:83450
Schedule work 0x7fbfe03ec8a0
thread id: 1 work duration: 1700
BehaviourCore::schedule_many1
Prepare phase duration: 160
Acquire phase duration: 370
Exchange duration: 250
Release phase duration: 50
Process phase duration: 130
thread id: 4 get work duration:83800
Schedule work 0x7fbfe03ec900
thread id: 4 work duration: 1930
BehaviourCore::schedule_many1
Prepare phase duration: 150
Acquire phase duration: 250
Exchange duration: 150
Release phase duration: 50
Process phase duration: 140
thread id: 3 get work duration:83470
Schedule work 0x7fbfe03ec960
thread id: 3 work duration: 1770
BehaviourCore::schedule_many1
Prepare phase duration: 490
Acquire phase duration: 270
Exchange duration: 170
Release phase duration: 40
Process phase duration: 130
thread id: 2 get work duration:83269
Schedule work 0x7fbfe03ec9c0
thread id: 2 work duration: 1740
BehaviourCore::schedule_many1
Prepare phase duration: 130
Acquire phase duration: 350
Exchange duration: 250
Release phase duration: 100
Process phase duration: 140
thread id: 3 get work duration:37960
Schedule work 0x7fbfe03eca20
thread id: 3 work duration: 1520
BehaviourCore::schedule_many1
Prepare phase duration: 150
Acquire phase duration: 260
Exchange duration: 150
Release phase duration: 40
Process phase duration: 140
thread id: 4 get work duration:82639
Schedule work 0x7fbfe03eca80
thread id: 4 work duration: 1810
BehaviourCore::schedule_many1
Prepare phase duration: 130
Acquire phase duration: 440
Exchange duration: 330
Release phase duration: 40
Process phase duration: 130
thread id: 3 get work duration:38050
Schedule work 0x7fbfe03ecae0
thread id: 3 work duration: 1880
BehaviourCore::schedule_many1
Prepare phase duration: 140
Acquire phase duration: 260
Exchange duration: 150
Release phase duration: 50
Process phase duration: 130
thread id: 2 get work duration:82870
Schedule work 0x7fbfe03ecb40
thread id: 2 work duration: 1730
BehaviourCore::schedule_many1
Prepare phase duration: 140
Acquire phase duration: 260
Exchange duration: 140
Release phase duration: 40
Process phase duration: 130
scheduler loop time: thread id: 72765161
 get work duration:173489
Schedule work 0x7fbfe03ecba0
thread id: 1 work duration: 2200
Destroying core 1
No pending work!
Locking Scheduler.
Locking Scheduler done
Pausing
Add to list of waiters
Unlock Scheduler lock
Sleep
No pending work!
Locking Scheduler.
Locking Scheduler done
Pausing
Add to list of waiters
Unlock Scheduler lock
Sleep
No pending work!
Locking Scheduler.
Locking Scheduler done
Pausing
Add to list of waiters
Unlock Scheduler lock
Sleep
[Thread 0x7fbf98fe9640 (LWP 989533) exited]
[Thread 0x7fbf9afed640 (LWP 989529) exited]
[Thread 0x7fbfa2ff0640 (LWP 989528) exited]
[Thread 0x7fbfaaff3640 (LWP 989527) exited]
[Thread 0x7fbfdcbe3640 (LWP 989526) exited]
[Thread 0x7fbfdd3e4640 (LWP 989525) exited]
[Thread 0x7fbfddbe5640 (LWP 989524) exited]
[Thread 0x7fbfde3e6640 (LWP 989523) exited]
[Thread 0x7fbfdebe7640 (LWP 989522) exited]
[Thread 0x7fbfdf3e8640 (LWP 989521) exited]

Thread 1 "hash_rt" received signal SIGINT, Interrupt.
__futex_abstimed_wait_common64 (private=128, cancel=true, abstime=0x0, op=265, expected=989530, futex_word=0x7fbf9a7ec910) at ./nptl/futex-internal.c:57
57	./nptl/futex-internal.c: No such file or directory.
[?2004h[?2004l[?2004h(gdb) q
[?2004l[?2004hA debugging session is active.

	Inferior 1 [process 989505] will be killed.

Quit anyway? (y or n) y
[?2004l