/users/Xuran/hash_rt/build/hash_rt --num_threads=14 --str_key_size=8 --str_value_size=100 --num_ops=100 --first_mode=true --work_usec=0
Running with 14 cores
Init time:2355301027
Init scheduler time:56080
Schedule behaviours time:104448
[report]: insert_sched_avg_time : 1044.000000
Pausing: active threads: 14
Pausing: active threads: 13
Pausing: active threads: 12
Pausing: active threads: 11
Pausing: active threads: 10
Pausing: active threads: 9
Pausing: active threads: 8
Pausing: active threads: 7
Pausing: active threads: 6
Pausing: active threads: 5
Pausing: active threads: 4
Pausing: active threads: 3
Pausing: active threads: 2
Pausing: active threads: 1
Teardown: all threads stopped
Run behaviours time:1641731
[report]: insert_run_avg_time : 16417.000000
[report]: insert_overall_duration_ns : 1641731
[report]: insert_overall_operation_number : 100
[report]: insert_overall_throughput : 60911.318602
/users/Xuran/hash_rt/build/hash_rt --num_threads=15 --str_key_size=8 --str_value_size=100 --num_ops=100 --first_mode=true --work_usec=0
Running with 15 cores
Init time:2340049316
Init scheduler time:57076
Schedule behaviours time:111744
[report]: insert_sched_avg_time : 1117.000000
Pausing: active threads: 15
Pausing: active threads: 14
Pausing: active threads: 13
Pausing: active threads: 12
Pausing: active threads: 11
Pausing: active threads: 10
Pausing: active threads: 9
Pausing: active threads: 8
Pausing: active threads: 7
Pausing: active threads: 6
Pausing: active threads: 5
Pausing: active threads: 4
Pausing: active threads: 3
Pausing: active threads: 2
Pausing: active threads: 1
Teardown: all threads stopped
Run behaviours time:1767922
[report]: insert_run_avg_time : 17679.000000
[report]: insert_overall_duration_ns : 1767922
[report]: insert_overall_operation_number : 100
[report]: insert_overall_throughput : 56563.581425
