/users/Xuran/hash_rt/build/hash_rt --num_threads=2 --str_key_size=8 --str_value_size=100 --num_ops=100 --first_mode=true --work_usec=0
Running with 2 cores
Init time:2340933794
Init scheduler time:43869
Schedule behaviours time:111679
[report]: insert_sched_avg_time : 1116.000000
Pausing: active threads: 2
Pausing: active threads: 1
Teardown: all threads stopped
Run behaviours time:833532
[report]: insert_run_avg_time : 8335.000000
[report]: insert_overall_duration_ns : 833532
[report]: insert_overall_operation_number : 100
[report]: insert_overall_throughput : 119971.398819
/users/Xuran/hash_rt/build/hash_rt --num_threads=3 --str_key_size=8 --str_value_size=100 --num_ops=100 --first_mode=true --work_usec=0
Running with 3 cores
Init time:2336401737
Init scheduler time:48709
Schedule behaviours time:107259
[report]: insert_sched_avg_time : 1072.000000
Pausing: active threads: 3
Pausing: active threads: 2
Pausing: active threads: 1
Teardown: all threads stopped
Run behaviours time:849628
[report]: insert_run_avg_time : 8496.000000
[report]: insert_overall_duration_ns : 849628
[report]: insert_overall_operation_number : 100
[report]: insert_overall_throughput : 117698.569256
