/users/Xuran/hash_rt/build/hash_rt --num_threads=12 --str_key_size=8 --str_value_size=100 --num_ops=100 --first_mode=true --work_usec=0
Running with 12 cores
Init time:2340391080
Init scheduler time:52033
Schedule behaviours time:112366
[report]: insert_sched_avg_time : 1123.000000
Pausing: active threads: 12
Pausing: active threads: 11
Pausing: active threads: 10
Pausing: active threads: 9
Pausing: active threads: 8
Pausing: active threads: 7
Pausing: active threads: 6
Pausing: active threads: 5
Pausing: active threads: 4
Pausing: active threads: 3
Pausing: active threads: 2
Pausing: active threads: 1
Teardown: all threads stopped
Run behaviours time:1551461
[report]: insert_run_avg_time : 15514.000000
[report]: insert_overall_duration_ns : 1551461
[report]: insert_overall_operation_number : 100
[report]: insert_overall_throughput : 64455.374644
/users/Xuran/hash_rt/build/hash_rt --num_threads=13 --str_key_size=8 --str_value_size=100 --num_ops=100 --first_mode=true --work_usec=0
Running with 13 cores
Init time:2347612104
Init scheduler time:54580
Schedule behaviours time:111224
[report]: insert_sched_avg_time : 1112.000000
Pausing: active threads: 13
Pausing: active threads: 12
Pausing: active threads: 11
Pausing: active threads: 10
Pausing: active threads: 9
Pausing: active threads: 8
Pausing: active threads: 7
Pausing: active threads: 6
Pausing: active threads: 5
Pausing: active threads: 4
Pausing: active threads: 3
Pausing: active threads: 2
Pausing: active threads: 1
Teardown: all threads stopped
Run behaviours time:1653720
[report]: insert_run_avg_time : 16537.000000
[report]: insert_overall_duration_ns : 1653720
[report]: insert_overall_operation_number : 100
[report]: insert_overall_throughput : 60469.728854
