/users/Xuran/hash_rt/build/hash_rt --num_threads=16 --str_key_size=8 --str_value_size=100 --num_ops=100 --first_mode=true --work_usec=0
Running with 16 cores
Init time:2357118391
Init scheduler time:55683
Schedule behaviours time:111318
[report]: insert_sched_avg_time : 1113.000000
Pausing: active threads: 16
Pausing: active threads: 15
Pausing: active threads: 14
Pausing: active threads: 13
Pausing: active threads: 12
Pausing: active threads: 11
Pausing: active threads: 10
Pausing: active threads: 9
Pausing: active threads: 8
Pausing: active threads: 7
Pausing: active threads: 6
Pausing: active threads: 5
Pausing: active threads: 4
Pausing: active threads: 3
Pausing: active threads: 2
Pausing: active threads: 1
Teardown: all threads stopped
Run behaviours time:1787697
[report]: insert_run_avg_time : 17876.000000
[report]: insert_overall_duration_ns : 1787697
[report]: insert_overall_operation_number : 100
[report]: insert_overall_throughput : 55937.891041
