/users/Xuran/hash_rt/build/hash_rt --num_threads=16 --str_key_size=8 --str_value_size=100 --num_ops=1000000 --first_mode=true --work_usec=0
Harness starting.
 /users/Xuran/hash_rt/build/hash_rt --num_threads=16 --str_key_size=8 --str_value_size=100 --num_ops=1000000 --first_mode=true --work_usec=0 --seed 3781568854
Init time:899255974
scheduler_cores: 8
Adding work to queue: lyyqpxv
Adding work to queue: rexzkbd
Adding work to queue: woxgvvs
Adding work to queue: hvjbsfk
Adding work to queue: fftiuro
Adding work to queue: qppovqv
Adding work to queue: lwdfffe
Adding work to queue: lsedaci
Adding work to queue: yjjcppo
Adding work to queue: tyncdor
Adding work to queue: rkltsfl
Adding work to queue: fvbsksh
Adding work to queue: yjyvmvp
Adding work to queue: qycrbuq
Adding work to queue: mubqqjj
Adding work to queue: anrafhk
Adding work to queue: yzanqzd
Adding work to queue: hojmbpd
Adding work to queue: phsooxo
Adding work to queue: xslsowm
Adding work to queue: nrslect
Adding work to queue: wefbcwg
Adding work to queue: xlishun
Adding work to queue: coephal
Adding work to queue: npiwlal
Adding work to queue: icojcdm
Adding work to queue: hggpnxt
Adding work to queue: dvxppbh
Adding work to queue: kjyvnaf
Adding work to queue: oftxroa
Adding work to queue: gxqmklo
Adding work to queue: ilduace
Adding work to queue: stqkucs
Adding work to queue: jbucian
Adding work to queue: vtvocbm
Adding work to queue: xyaufxk
Adding work to queue: lfpndhn
Adding work to queue: ujmqvev
Adding work to queue: itpfaaw
Adding work to queue: wionsak
Adding work to queue: lprtpek
Adding work to queue: fqdxolt
Adding work to queue: vdysybs
Adding work to queue: rpcbnle
Adding work to queue: zlgpfvk
Adding work to queue: esusrsp
Adding work to queue: dvzmfvt
Adding work to queue: ozkbumu
Adding work to queue: lnjolvd
Adding work to queue: lwemqeb
Processing batch, queue size: 50
Adding work to queue: nkpithn
Adding work to queue: wsnkpco
Adding work to queue: wykothw
Adding work to queue: tybaizd
Adding work to queue: zkyblad
Adding work to queue: huqbrot
Adding work to queue: gpniili
Adding work to queue: bozguxg
Adding work to queue: mkmxlve
Adding work to queue: codiiwm
Adding work to queue: lvkomcz
Adding work to queue: htophkl
Adding work to queue: jggblxw
Adding work to queue: qcyzjjh
Adding work to queue: jbdbxsp
Adding work to queue: sznganv
Adding work to queue: jkdrfbf
Adding work to queue: eenvhxi
Adding work to queue: jcgqjny
Adding work to queue: xcouubq
Adding work to queue: jgggibi
Adding work to queue: gzbtyjw
Adding work to queue: elitimn
Adding work to queue: axaiyip
Adding work to queue: ymyshqy
Adding work to queue: npuleup
Adding work to queue: uaiknhc
Adding work to queue: ufgapdm
Adding work to queue: bedhhmk
Adding work to queue: llgyxsy
Adding work to queue: xdxhohd
Adding work to queue: wiiarbm
Processing batch, queue size: 50
Adding work to queue: xadspst
Adding work to queue: gzmpyhe
Adding work to queue: kjoldek
Adding work to queue: kaxlfmd
Adding work to queue: cxjqjte
Adding work to queue: uiowegh
Adding work to queue: hiwkuuf
Adding work to queue: pscsvkt
Adding work to queue: vkfkssr
Adding work to queue: kvzhzma
Adding work to queue: kguhgnw
Adding work to queue: gaiipro
Adding work to queue: pgbdlkl
Adding work to queue: pcjtcbr
Adding work to queue: aycwqwj
Processing batch, queue size: 33
Adding work to queue: ediqfxl
Adding work to queue: ecobxww
Adding work to queue: zwquxxf
Adding work to queue: armukwk
Adding work to queue: gbnxcgd
Adding work to queue: cornllc
Adding work to queue: ityfxtv
Adding work to queue: krezbcf
Adding work to queue: xmcwikn
Adding work to queue: zyzpmml
Adding work to queue: ftbjjqf
Adding work to queue: eyvredh
Adding work to queue: xlkrixh
Adding work to queue: niwiild
Adding work to queue: sxeqcak
Adding work to queue: blgwono
Adding work to queue: aqkxrnb
Adding work to queue: xelozes
Adding work to queue: jpegyme
Adding work to queue: bfubugr
Adding work to queue: whwzzam
Adding work to queue: spctcqj
Adding work to queue: slsuvum
Adding work to queue: rhxzlvm
Adding work to queue: tljioey
Adding work to queue: umfolix
Adding work to queue: rqtgobz
Adding work to queue: glljpxi
Adding work to queue: eksrrkt
Adding work to queue: xxndupv
Adding work to queue: zinuvjz
Adding work to queue: mudmclo
Adding work to queue: opgldht
Adding work to queue: wtyyvba
Adding work to queue: kbzqfrg
Adding work to queue: aubitgj
Adding work to queue: pgmfjua
Adding work to queue: hsprtza
Adding work to queue: zoklhjz
Adding work to queue: rioaasq
Adding work to queue: okkpgfv
Adding work to queue: belxjqc
Adding work to queue: dybifzo
Adding work to queue: vyezafm
Adding work to queue: vrdmwzf
Adding work to queue: zvolmkz
Adding work to queue: kclpcmc
Adding work to queue: lultwrz
Adding work to queue: lrbeqlj
Adding work to queue: cqgytcv
Adding work to queue: uraikzy
Adding work to queue: ynovmpi
Adding work to queue: zkwnbkk
Adding work to queue: gczftek
Adding work to queue: sdfusag
Adding work to queue: vnvvsru
Adding work to queue: dbauqwh
Adding work to queue: vzabgpw
Adding work to queue: xsqawtq
Adding work to queue: zdzrqlf
Adding work to queue: hayzbgc
Adding work to queue: yybitcn
Adding work to queue: xebvyjc
Adding work to queue: avjgjlt
Adding work to queue: ojlvgef
Adding work to queue: vbpdpsj
Adding work to queue: mvnamvw
Adding work to queue: tplzayq
Adding work to queue: ztmlimg
Adding work to queue: byahnpv
Adding work to queue: okbpwuh
Adding work to queue: rgnhcgv
Adding work to queue: ujufikj
Adding work to queue: enymlsa
Adding work to queue: uffyqde
Adding work to queue: alpskkh
Adding work to queue: kmykhjk
Adding work to queue: qvnmnqp
Adding work to queue: ppsfbse
Adding work to queue: fqcnrdf
Adding work to queue: qsxlcyc
Adding work to queue: izfpiqq
Adding work to queue: vsfztwq
Adding work to queue: yiagcnp
Adding work to queue: llwipro
Adding work to queue: qlmkkkt
Adding work to queue: ajjnuhm
Adding work to queue: rvsfirx
Adding work to queue: jxmjojk
Adding work to queue: kqhiuwo
Adding work to queue: kayuodn
Adding work to queue: nyhczhf
Adding work to queue: linxxvh
Adding work to queue: pksndgy
Adding work to queue: dxrdrub
Adding work to queue: lftvazt
Adding work to queue: pxgqfvc
Adding work to queue: vskgpkg
Adding work to queue: gtfvpdt
Adding work to queue: mcvrlag
Adding work to queue: nhmgzxg
Adding work to queue: zgrifjn
Adding work to queue: mbofnad
Adding work to queue: jvvkafy
Adding work to queue: dghnqph
Adding work to queue: yucziid
Adding work to queue: gnidxhr
Adding work to queue: lqduigc
Adding work to queue: jyueuao
Adding work to queue: agulbzs
Adding work to queue: zbvtqma
Adding work to queue: wecydwj
Adding work to queue: fgowqhi
Adding work to queue: hmzofbi
Adding work to queue: dahwdyv
Adding work to queue: cmamwtr
Adding work to queue: byvwmyc
Adding work to queue: oprngrq
Adding work to queue: cuvofot
Adding work to queue: rigjheh
Adding work to queue: qduhxlj
Adding work to queue: ubnvqww
Adding work to queue: bvbvxtd
Adding work to queue: oqsbwzl
Adding work to queue: psejwxo
Adding work to queue: dttpvxw
Adding work to queue: ntxuehv
Adding work to queue: chiriqk
Adding work to queue: vjfxmyg
Adding work to queue: wikyalx
Adding work to queue: ryrafkj
Adding work to queue: qtcfngi
Adding work to queue: stiodgv
Adding work to queue: gvffjle
Adding work to queue: ynzaywj
Adding work to queue: bdwkaky
Adding work to queue: llclgbg
Adding work to queue: ddwyfgj
Adding work to queue: zywfdyw
Adding work to queue: mcdvdxf
Adding work to queue: glbypfq
Adding work to queue: dgywxeg
Adding work to queue: funrwct
Adding work to queue: rvtbkdh
Adding work to queue: wmhvjdn
Adding work to queue: eizrcmk
Adding work to queue: yeeuoon
Adding work to queue: djdfpgt
Adding work to queue: ysonang
Adding work to queue: hbvsipv
Adding work to queue: ofalptn
Adding work to queue: ctgnrkq
Adding work to queue: xtoygzi
Adding work to queue: tfojasi
Adding work to queue: dadevvd
Adding work to queue: ldcrqqw
Adding work to queue: acjbclm
Adding work to queue: orkeiga
Adding work to queue: tbasjqm
Adding work to queue: ysbqszr
Adding work to queue: emizteb
Adding work to queue: ppgpxar
Adding work to queue: rpdccmj
Adding work to queue: bzxnsds
Adding work to queue: wvvfkop
Adding work to queue: kjecpeh
Adding work to queue: umcihzx
Adding work to queue: fjmedez
Adding work to queue: nohqjve
Adding work to queue: fljpugi
Adding work to queue: vjzrasr
Adding work to queue: chsigpk
Adding work to queue: iatayzr
Adding work to queue: pwucync
Adding work to queue: sdfkvbn
Adding work to queue: aozbxeb
Adding work to queue: rlqbcbv
Adding work to queue: vthgnzy
Adding work to queue: zdkatgg
Adding work to queue: jzrirgy
Adding work to queue: tlsjict
Adding work to queue: dlujsyg
Adding work to queue: gnavurv
Adding work to queue: sgfwgzz
Adding work to queue: qlvwsmm
Adding work to queue: jxdxmrc
Adding work to queue: wcpvsnp
Adding work to queue: ytsumea
Adding work to queue: ttgcevl
Adding work to queue: uivnnva
Adding work to queue: ppuewol
Adding work to queue: tmzjanl
Adding work to queue: ejamuyr
Adding work to queue: ealvqfb
Adding work to queue: dwlmkcu
Adding work to queue: brbctxf
Adding work to queue: uqwceru
Adding work to queue: wtvzkre
Adding work to queue: glmcims
Adding work to queue: mxhxxzr
Adding work to queue: lcttzxn
Adding work to queue: xxcwrft
Adding work to queue: rjpbidw
Adding work to queue: wuyscrs
Adding work to queue: fdylahp
Adding work to queue: hrzfpum
Adding work to queue: jwjjlcu
Adding work to queue: ylpbmup
Adding work to queue: vuxwqfx
Adding work to queue: lkjmzim
Adding work to queue: bgvnmug
Adding work to queue: jcvxzvz
Adding work to queue: ztbcgwu
Adding work to queue: rzjeumx
Adding work to queue: tszrkri
Adding work to queue: voigtnv
Adding work to queue: jkbemad
Adding work to queue: mwqikzv
Adding work to queue: zembeko
Adding work to queue: fwlzzhw
Adding work to queue: yadbhtr
Adding work to queue: zzpuhdr
Adding work to queue: ojoglmu
Adding work to queue: oftvnrs
Adding work to queue: sluelkm
Adding work to queue: afwtbdh
Adding work to queue: bhgztjb
Adding work to queue: gtdkryk
Adding work to queue: eirksjx
Adding work to queue: ylyxzra
Adding work to queue: xbumlcq
Adding work to queue: mhofvsk
Adding work to queue: xbfcouu
Adding work to queue: dtujhiu
Adding work to queue: rmlxrso
Adding work to queue: jifbnlj
Adding work to queue: cngfcji
Adding work to queue: basqxoh
Adding work to queue: oretaeu
Adding work to queue: ywpidob
Adding work to queue: kihyzpr
Adding work to queue: tvtxsks
Adding work to queue: ljzjhop
Adding work to queue: lsijfee
Adding work to queue: klznkit
Adding work to queue: dzezzsn
Adding work to queue: kjchaag
Adding work to queue: gbhgvqe
Adding work to queue: jbtompg
Adding work to queue: gopefzh
Adding work to queue: tzabmjd
Adding work to queue: wrgbvsf
Adding work to queue: lyzhndu
Adding work to queue: cvhcmkj
Adding work to queue: tutshqz
Adding work to queue: tkvtbls
Adding work to queue: sswfgpb
Adding work to queue: ykjxjwm
Adding work to queue: sjtwuzt
Adding work to queue: dxjlxux
Adding work to queue: xxefdgp
Adding work to queue: ayietms
Adding work to queue: hpdacxj
Adding work to queue: ldbaggs
Adding work to queue: ajlowqt
Adding work to queue: exjhhbx
Adding work to queue: voqxolk
Adding work to queue: rqdnjpx
Adding work to queue: oebucqg
Adding work to queue: izuduqd
Adding work to queue: eptopxd
Adding work to queue: ivanpzk
Adding work to queue: xkclrgy
Adding work to queue: kaxmasj
Adding work to queue: etkoxpl
Adding work to queue: xqisaqe
Adding work to queue: kfxfihl
Adding work to queue: xvzbyep
Adding work to queue: tkgzfjf
Adding work to queue: noqggvj
Adding work to queue: oaxphzg
Adding work to queue: kyleeqq
Adding work to queue: mmlvakc
Adding work to queue: xwldedo
Adding work to queue: kzoaddr
Adding work to queue: yhcowun
Adding work to queue: rspakwd
Adding work to queue: qzzhurz
Adding work to queue: odyldbi
Adding work to queue: rxktral
Adding work to queue: dswuymu
Adding work to queue: cxpzneb
Adding work to queue: cqqqdrh
Adding work to queue: tdqkdnl
Adding work to queue: sfypevj
Adding work to queue: hnwlzik
Adding work to queue: egsthkm
Adding work to queue: nvqqeso
Adding work to queue: sgvtowx
Adding work to queue: mumfdqx
Adding work to queue: sdbszbt
Adding work to queue: inyznut
Adding work to queue: dkffisd
Adding work to queue: wyettmc
Adding work to queue: ipgwjkv
Adding work to queue: dkxmquz
Adding work to queue: sznztlt
Adding work to queue: ulywetf
Adding work to queue: fxdffew
Adding work to queue: hqjknnm
Adding work to queue: mjspjjw
Adding work to queue: uvgsxgn
Adding work to queue: udiawem
Adding work to queue: tjazzyt
Adding work to queue: uzkeagu
Adding work to queue: itcmrnd
Adding work to queue: ueibhla
Adding work to queue: zleszoz
Adding work to queue: bruujok
Adding work to queue: zwkdwxz
Adding work to queue: gniedly
Adding work to queue: opshxye
Adding work to queue: xjlmjmg
Adding work to queue: eaunexg
Adding work to queue: ujionxt
Adding work to queue: ywgvfhd
Adding work to queue: difbnix
Adding work to queue: qnecghm
Adding work to queue: pefudzv
Adding work to queue: gxgkyvu
Adding work to queue: emnprqh
Adding work to queue: bftjjmn
Adding work to queue: sejvoye
Adding work to queue: fhlrmlk
Adding work to queue: ducbxpy
Adding work to queue: npcivxy
Adding work to queue: fjboitp
Adding work to queue: trjjgwq
Adding work to queue: wxodhsm
Adding work to queue: mzgpuok
Adding work to queue: tefruao
Adding work to queue: uklyvtu
Adding work to queue: hlgqwuj
Adding work to queue: wxslucq
Adding work to queue: xhjhvkw
Adding work to queue: xcbvpze
Adding work to queue: owxabci
Adding work to queue: jihtxef
Adding work to queue: jjvfgge
Adding work to queue: tjwwxyl
Adding work to queue: xvfjomu
Adding work to queue: xtjgoby
Adding work to queue: kntlvbt
Adding work to queue: bwpgnhb
Adding work to queue: xghgpqm
Adding work to queue: cnkcvrd
Adding work to queue: fttkmfo
Adding work to queue: cqyrwoa
Adding work to queue: ohyawgv
Adding work to queue: hcafmfw
Adding work to queue: xiggwbt
Adding work to queue: bcpcqhp
Adding work to queue: izshzfv
Adding work to queue: vpaejqq
Adding work to queue: rujebgj
Adding work to queue: asycicf
Adding work to queue: rtrzguf
Adding work to queue: rqzmdwi
Adding work to queue: vjbijav
Adding work to queue: bceipmg
Processing batch, queue size: 371
Adding work to queue: pgarijh
Adding work to queue: lkxedap
Adding work to queue: ovfsdxm
Adding work to queue: jmqsrfn
Adding work to queue: muzihbj
Adding work to queue: jcuilzt
Adding work to queue: nmvdvhb
Adding work to queue: ndiutyy
Adding work to queue: idqkzby
Adding work to queue: ukksvjb
Adding work to queue: hlljvom
Adding work to queue: ktyfhzu
Adding work to queue: eejhcxl
Adding work to queue: ebmlzws
Adding work to queue: sbndwdz
Adding work to queue: uiryxdr
Adding work to queue: fgngfho
Adding work to queue: fiheylb
Adding work to queue: dgkagch
Adding work to queue: sscmeqb
Adding work to queue: udtrequ
Adding work to queue: fqydxoz
Adding work to queue: fierfom
Adding work to queue: wsosccs
Processing batch, queue size: 363
Adding work to queue: qvniecn
Adding work to queue: yrrqiom
Adding work to queue: dbzaadb
Adding work to queue: yqigrvw
Adding work to queue: dxrjqrk
Adding work to queue: bcdadul
Adding work to queue: zvmwlfp
Adding work to queue: tlslaeh
Adding work to queue: iiotstj
Adding work to queue: cncbjvv
Adding work to queue: difwoay
Adding work to queue: webzvpj
Adding work to queue: piegtbw
Adding work to queue: eondsks
Adding work to queue: cxpjhek
Adding work to queue: kkefnit
Adding work to queue: waqrouz
Adding work to queue: amgdkpo
Adding work to queue: kuaumpp
Adding work to queue: yizyrip
Adding work to queue: bwpbzed
Adding work to queue: hmvkjgv
Adding work to queue: dhftgda
Adding work to queue: fnkgdjl
Adding work to queue: bzwxhhr
Adding work to queue: rrxfttl
Adding work to queue: dhninby
Adding work to queue: gsggdjf
Adding work to queue: qmjdlfo
Adding work to queue: rndsewu
Adding work to queue: leklkrp
Adding work to queue: xzwseua
Adding work to queue: pjxdmbj
Adding work to queue: bbxrsvz
Adding work to queue: xkymvzl
Adding work to queue: nsanfrh
Adding work to queue: peozatt
Adding work to queue: mimzvjz
Adding work to queue: ltnpnra
Adding work to queue: xptcwbw
Adding work to queue: vdifdni
Adding work to queue: amhuzfv
Adding work to queue: tpddvjv
Adding work to queue: ydvjopf
Adding work to queue: rutuuit
Adding work to queue: wioxgaq
Adding work to queue: jefifin
Adding work to queue: bsvqiqm
Adding work to queue: ziupnui
Adding work to queue: zexbagk
Adding work to queue: obnfbdb
Adding work to queue: gpnyumy
Adding work to queue: wziuztl
Adding work to queue: alroztm
Adding work to queue: jorifrv
Adding work to queue: xksayju
Adding work to queue: scxewnf
Adding work to queue: vcieoyk
Adding work to queue: siwyfbs
Adding work to queue: vapihij
Adding work to queue: blmtdsf
Adding work to queue: yiyyjmv
Adding work to queue: adfwvut
Adding work to queue: akukeha
Adding work to queue: gflsupt
Adding work to queue: gbcvpng
Adding work to queue: lreqpvd
Adding work to queue: hbhiamn
Adding work to queue: skoyekd
Adding work to queue: uuphsct
Adding work to queue: ucybsep
Adding work to queue: blxhnna
Adding work to queue: hdwpnea
Adding work to queue: yeelykp
Adding work to queue: cfmluhp
Adding work to queue: jlqbsns
Adding work to queue: uecokih
Adding work to queue: jcdmchj
Adding work to queue: towwwxu
Adding work to queue: euhnffj
Adding work to queue: twbrbet
Adding work to queue: minmwyb
Adding work to queue: ynxxoan
Adding work to queue: jxvtjch
Adding work to queue: lcfggxp
Adding work to queue: bzxifmb
Adding work to queue: eybtivi
Adding work to queue: awkqjwm
Adding work to queue: vqjrpvy
Adding work to queue: wlhmeex
Adding work to queue: datrbbg
Adding work to queue: oealjih
Adding work to queue: jvhuflo
Adding work to queue: sfrlexl
Adding work to queue: guieffy
Adding work to queue: ejdfzec
Adding work to queue: imlvsra
Adding work to queue: zptsvrj
Processing batch, queue size: 429
Adding work to queue: mqyiocx
Adding work to queue: whfmekc
Adding work to queue: femgepe
Adding work to queue: cacaton
Adding work to queue: jvghaxj
Adding work to queue: ojvuxhj
Adding work to queue: anjqiyh
Adding work to queue: ewucldd
Adding work to queue: ygujetd
Adding work to queue: cpjkvrq
Adding work to queue: zmqchfi
Adding work to queue: kgvjuxr
Adding work to queue: ncbbprm
Adding work to queue: pqodick
Adding work to queue: knqnokb
Adding work to queue: wxalhga
Adding work to queue: ctutdvd
Adding work to queue: mzibtyg
Adding work to queue: ppkjjex
Adding work to queue: dlvtrdm
Adding work to queue: upbuyvg
Adding work to queue: xpabytc
Adding work to queue: cjabpza
Adding work to queue: dxdrbkx
Adding work to queue: awqoorr
Adding work to queue: lnkiutu
Adding work to queue: eqnerlw
Adding work to queue: wettsoy
Adding work to queue: rtyxssc
Adding work to queue: vnxtdye
Adding work to queue: tkuvhxr
Adding work to queue: qwvjmtj
Adding work to queue: zrhvcst
Processing batch, queue size: 430
Adding work to queue: zwwcoxg
Adding work to queue: fxozadu
Adding work to queue: zfvbctv
Adding work to queue: juuallm
Adding work to queue: sqzycxy
Adding work to queue: ouyxhuf
Adding work to queue: harokdx
Adding work to queue: hasemzp
Adding work to queue: bezqhpd
Adding work to queue: aykknni
Adding work to queue: ujsmiyw
Adding work to queue: mbzgrix
Adding work to queue: urbxxtg
Adding work to queue: wijadwi
Adding work to queue: wmmqajz
Adding work to queue: sxfectr
Processing batch, queue size: 414
Adding work to queue: hoihjmk
Adding work to queue: kjgunve
Adding work to queue: edakxik
Adding work to queue: pmmqmpo
Adding work to queue: izgbhob
Adding work to queue: ufllagq
Adding work to queue: mmcdact
Adding work to queue: tstmlob
Adding work to queue: zzvgdry
Adding work to queue: gtkazbp
Adding work to queue: xduytdb
Adding work to queue: tasiacc
Adding work to queue: dxxpioy
Adding work to queue: wloonwk
Processing batch, queue size: 396
Adding work to queue: hxnaffh
Adding work to queue: fozcfxr
Adding work to queue: indohml
Adding work to queue: xxrblhc
Adding work to queue: irofifx
Adding work to queue: mncessv
Adding work to queue: xporkzx
Adding work to queue: ynlnqcq
Adding work to queue: imyldhu
Adding work to queue: nluojkr
Adding work to queue: aesoszm
Adding work to queue: wtobiyl
Adding work to queue: dnnmfzi
Adding work to queue: rduvwsy
Adding work to queue: gghmelv
Adding work to queue: wymiicy
Adding work to queue: bjwgqcs
Adding work to queue: rbetjkg
Adding work to queue: pqvzbyl
Adding work to queue: floeadq
Adding work to queue: pqtsjfr
Adding work to queue: nhreseq
Adding work to queue: sdaotmq
Adding work to queue: bgnhwiz
Adding work to queue: bjifggo
Adding work to queue: dfxlyjo
Adding work to queue: pwmpcan
Adding work to queue: fnysddd
Processing batch, queue size: 392
Adding work to queue: xvgewnn
Adding work to queue: prowyvd
Adding work to queue: yqrzrfu
Adding work to queue: wqbhvov
Adding work to queue: wcqcagl
Adding work to queue: gjhfvre
Adding work to queue: zzthsln
Adding work to queue: yozjucl
Adding work to queue: sllyocf
Adding work to queue: ugzahmo
Adding work to queue: itjnrwi
Adding work to queue: vyzyaer
Adding work to queue: rtkyruv
Adding work to queue: xraesnf
Adding work to queue: hejrpue
Processing batch, queue size: 375
Adding work to queue: qzffwxc
Adding work to queue: ehlguib
Adding work to queue: cbflnwo
Adding work to queue: chmczvs
Adding work to queue: padbhtv
Adding work to queue: ydrstzf
Adding work to queue: mbhhrrh
Adding work to queue: fjamnii
Adding work to queue: kxkwwim
Adding work to queue: qxlhcgm
Adding work to queue: cvtmimv
Adding work to queue: qxyqeoy
Adding work to queue: fgbolnd
Adding work to queue: fdcdhll
Adding work to queue: dxmtcry
Processing batch, queue size: 358
Adding work to queue: crlopjm
Adding work to queue: dzqqhso
Adding work to queue: zfxowya
Adding work to queue: rgkyess
Adding work to queue: evfnsnb
Adding work to queue: mldfiab
Adding work to queue: kcdwwoi
Adding work to queue: krcitsf
Adding work to queue: oodebym
Adding work to queue: gkveqxu
Adding work to queue: jlakjwx
Adding work to queue: tnfyixp
Adding work to queue: etzbrzk
Adding work to queue: kzpjmzc
Adding work to queue: nvzjklj
Adding work to queue: wlokvbj
Adding work to queue: rmfwxef
Adding work to queue: nphzrtn
Adding work to queue: uemioga
Adding work to queue: mwdolqb
Adding work to queue: xewgxav
Adding work to queue: tuknhqq
Adding work to queue: mzsfxht
Adding work to queue: ocerapr
Adding work to queue: twbqaad
Adding work to queue: fuupsym
Adding work to queue: udzitsj
Adding work to queue: ipkrjwf
Adding work to queue: nkkvard
Adding work to queue: kdprneo
Adding work to queue: weblvhi
Processing batch, queue size: 357
Adding work to queue: spoyeps
Adding work to queue: pmckmsx
Adding work to queue: fsujjom
Adding work to queue: odmyiqo
Adding work to queue: laruauj
Adding work to queue: enayirl
Adding work to queue: dbjcvbm
Adding work to queue: znnakam
Adding work to queue: sdquiam
Adding work to queue: qintlox
Adding work to queue: iwpyooz
Adding work to queue: fhunffb
Adding work to queue: oyvlktp
Processing batch, queue size: 338
Adding work to queue: bslmbhi
Adding work to queue: emnency
Adding work to queue: kepdxyu
Adding work to queue: zxnfmfl
Adding work to queue: ntlhvmy
Adding work to queue: lximrqf
Adding work to queue: jxjbhkz
Adding work to queue: mzteroe
Adding work to queue: uyjdkmq
Adding work to queue: hkcakxs
Adding work to queue: mhujpcn
Adding work to queue: mzgkdtn
Adding work to queue: sauovdq
Adding work to queue: nuaprxu
Adding work to queue: qpcbiaj
Adding work to queue: hatjqzt
Adding work to queue: fnyawog
Adding work to queue: psafvys
Adding work to queue: bcoeoye
Adding work to queue: hsiuinc
Adding work to queue: qpcoztq
Adding work to queue: gatmqvx
Adding work to queue: klpxqus
Adding work to queue: gqnzund
Adding work to queue: fzwrkqf
Adding work to queue: dzlmuhe
Adding work to queue: anxttbw
Adding work to queue: yjcubiy
Adding work to queue: hssnyte
Adding work to queue: tszssbi
Adding work to queue: rnbvnby
Adding work to queue: yfdjluk
Adding work to queue: peecngw
Adding work to queue: akupibc
Adding work to queue: ktvubrt
Adding work to queue: axwkyau
Adding work to queue: ipehrev
Adding work to queue: aavsqzo
Adding work to queue: xevjdbb
Adding work to queue: ksdhakk
Adding work to queue: kxndhbi
Adding work to queue: flxjnvx
Adding work to queue: zxxxens
Adding work to queue: dunzzfr
Adding work to queue: olptjnb
Adding work to queue: wghzvoa
Adding work to queue: vtchchh
Adding work to queue: hzynqui
Adding work to queue: metmkdt
Adding work to queue: zfavuax
Adding work to queue: bsipwqk
Adding work to queue: fhkkwfb
Adding work to queue: xjqodgq
Adding work to queue: yaqmuap
Adding work to queue: mtvxjfc
Adding work to queue: apefqoj
Adding work to queue: fhljght
Adding work to queue: tndzzzv
Adding work to queue: ljebift
Adding work to queue: gvjdfrf
Adding work to queue: llpbsyq
Adding work to queue: vxdynvw
Adding work to queue: pkgrsee
Adding work to queue: orpoikr
Adding work to queue: uogiamr
Adding work to queue: yomsqst
Adding work to queue: qrhkzur
Adding work to queue: ublfloe
Adding work to queue: ikgaxnw
Adding work to queue: potbmyj
Adding work to queue: nmpovfg
Adding work to queue: lfnptks
Adding work to queue: hwpnzjp
Adding work to queue: peespyp
Adding work to queue: spnrrvt
Adding work to queue: nupsqmy
Adding work to queue: vvwtuqc
Adding work to queue: tvsiyic
Adding work to queue: niopjqn
Adding work to queue: suqeeve
Adding work to queue: lsvefde
Adding work to queue: ezloowm
Adding work to queue: bjjdngg
Adding work to queue: fgcwtkq
Adding work to queue: ktqgrra
Adding work to queue: fqlwzni
Adding work to queue: aadyjhk
Adding work to queue: tdxvuxl
Adding work to queue: jjsomzv
Adding work to queue: jsdqons
Adding work to queue: ybaqjmc
Adding work to queue: rcqptps
Adding work to queue: awtcwdx
Adding work to queue: itbglxq
Adding work to queue: exgtzwl
Adding work to queue: xxnuiop
Adding work to queue: llgmxew
Adding work to queue: ztusfct
Adding work to queue: oxtguls
Adding work to queue: wxgjhwf
Adding work to queue: jfyjrqt
Adding work to queue: nctsthm
Adding work to queue: upsddoy
Adding work to queue: isfabihRun behaviours time:7499500

[report]: Adding work to queue: lcpylnsinsert_overall_duration_ns : 7499500

Adding work to queue: xfjnpqb
[report]: insert_overall_operation_number : 448Adding work to queue: jcvwghi

Adding work to queue: mjhhukv
Adding work to queue: rpbffqe
Adding work to queue: aydizgx
Adding work to queue: [report]: insert_overall_throughput : 133342222.814854
ufvgmzwcompleted_ops: 448

Adding work to queue: kwtokdm
Adding work to queue: ffvdwal
Adding work to queue: eimynvj
Adding work to queue: cygxhsc
Adding work to queue: fxnscrs
Adding work to queue: dtcwwbo
Processing batch, queue size: 423
