GNU gdb (Ubuntu 12.1-0ubuntu1~22.04) 12.1
Copyright (C) 2022 Free Software Foundation, Inc.
License GPLv3+: GNU GPL version 3 or later <http://gnu.org/licenses/gpl.html>
This is free software: you are free to change and redistribute it.
There is NO WARRANTY, to the extent permitted by law.
Type "show copying" and "show warranty" for details.
This GDB was configured as "x86_64-linux-gnu".
Type "show configuration" for configuration details.
For bug reporting instructions, please see:
<https://www.gnu.org/software/gdb/bugs/>.
Find the GDB manual and other documentation resources online at:
    <http://www.gnu.org/software/gdb/documentation/>.

For help, type "help".
Type "apropos word" to search for commands related to "word"...
Reading symbols from ./hash_rt...
[?2004h(gdb) r
[?2004lStarting program: /mnt/nvme0/home/gxr/Myhash_boc/Hash_rt/build/hash_rt 
[Thread debugging using libthread_db enabled]
Using host libthread_db library "/lib/x86_64-linux-gnu/libthread_db.so.1".
Set fair: 1
Init runtime
Scheduler Thread created
Runtime initialised
Init time:1792958963
[New Thread 0x7fbfdf3e8640 (LWP 1027267)]
Starting all threads
[New Thread 0x7fbfdebe7640 (LWP 1027268)]
[New Thread 0x7fbfde3e6640 (LWP 1027269)]
BehaviourCore::schedule_many1
Prepare phase duration: 850
Acquire phase duration: 630
Exchange duration: 250
Release phase duration: 120
Process phase duration: 600
BehaviourCore::schedule_many1
Prepare phase duration: 160
Acquire phase duration: 210
Exchange duration: 80
Release phase duration: 50
Process phase duration: 130
thread id: BehaviourCore::schedule_many1
Prepare phase duration: 150
Acquire phase duration: 380
Exchange duration: 260
1 get work duration:Release phase duration: 50
Process phase duration: 130
BehaviourCore::schedule_many1
Prepare phase duration: 160
Acquire phase duration: 270
Exchange duration: 150
Release phase duration: 40
Process phase duration: 130
scheduler loop time: 998498
6170
Schedule work 0x7fbfe03ec000
[Thread 0x7fbfdebe7640 (LWP 1027268) exited]
thread id: 1 work duration: 32679
thread id: 1 get work duration:1930
Schedule work 0x7fbfe03ec120
thread id: 1 work duration: 2040
thread id: 1 get work duration:480
Schedule work 0x7fbfe03ec0c0
thread id: 1 work duration: 1800
thread id: 1 get work duration:120
Schedule work 0x7fbfe03ec060
thread id: 1 work duration: 5770
[Thread 0x7fbfdf3e8640 (LWP 1027267) exited]

Thread 1 "hash_rt" received signal SIGINT, Interrupt.
__futex_abstimed_wait_common64 (private=128, cancel=true, abstime=0x0, op=265, expected=1027269, futex_word=0x7fbfde3e6910) at ./nptl/futex-internal.c:57
57	./nptl/futex-internal.c: No such file or directory.
[?2004h[?2004l[?2004h(gdb) r[Kq
[?2004l[?2004hA debugging session is active.

	Inferior 1 [process 1027234] will be killed.

Quit anyway? (y or n) y
[?2004l