GNU gdb (Ubuntu 12.1-0ubuntu1~22.04) 12.1
Copyright (C) 2022 Free Software Foundation, Inc.
License GPLv3+: GNU GPL version 3 or later <http://gnu.org/licenses/gpl.html>
This is free software: you are free to change and redistribute it.
There is NO WARRANTY, to the extent permitted by law.
Type "show copying" and "show warranty" for details.
This GDB was configured as "x86_64-linux-gnu".
Type "show configuration" for configuration details.
For bug reporting instructions, please see:
<https://www.gnu.org/software/gdb/bugs/>.
Find the GDB manual and other documentation resources online at:
    <http://www.gnu.org/software/gdb/documentation/>.

For help, type "help".
Type "apropos word" to search for commands related to "word"...
Reading symbols from ./hash_rt...
[?2004h(gdb) r
[?2004lStarting program: /mnt/nvme0/home/gxr/Myhash_boc/Hash_rt/build/hash_rt 
[Thread debugging using libthread_db enabled]
Using host libthread_db library "/lib/x86_64-linux-gnu/libthread_db.so.1".
Set fair: 1
Init runtime
Scheduler Thread created
Scheduler Thread created
Runtime initialised
Init time:1816422043
[New Thread 0x7fbfdf3e8640 (LWP 1120309)]
Starting all threads
[New Thread 0x7fbfdebe7640 (LWP 1120310)]
BehaviourCore::schedule_many1
Prepare phase duration: 750
Acquire phase duration: 950
[New Thread 0x7fbfde3e6640 (LWP 1120311)]
Exchange duration: 560
Release phase duration: 110
Process phase duration: 790
BehaviourCore::schedule_many1
Prepare phase duration: 170
Acquire phase duration: 580
Exchange duration: 430
Release phase duration: 50
Process phase duration: 160
BehaviourCore::schedule_many1
Prepare phase duration: 140
Acquire phase duration: 500
Exchange duration: 380
Release phase duration: 50
Process phase duration: 160
BehaviourCore::schedule_many1
Prepare phase duration: 140
Acquire phase duration: 520
Exchange duration: 390
Release phase duration: 40
Process phase duration: 150
BehaviourCore::schedule_many1
Prepare phase duration: 2790
Acquire phase duration: 1370
Exchange duration: 1250
Release phase duration: 50
Process phase duration: 170
BehaviourCore::schedule_many1
Prepare phase duration: 120
Acquire phase duration: 380
Exchange duration: 250
Release phase duration: 50
Process phase duration: 130
BehaviourCore::schedule_many1
Prepare phase duration: 130
Acquire phase duration: 590
Exchange duration: 450
Release phase duration: 50
Process phase duration: 180
BehaviourCore::schedule_many1
Prepare phase duration: 150
Acquire phase duration: 400
Exchange duration: 280
Release phase duration: 60
Process phase duration: 140
[New Thread 0x7fbfddbe5640 (LWP 1120312)]
get work duration: 3540
thread id: 2 Schedule work 0x7fbfe03ec0c0
the total count of insert: 1
get work duration: 1350
thread id: 1 Schedule work 0x7fbfe03ec2a0
the total count of insert: 2
thread id: 1 work duration: 76780
thread id: 2 work duration: 96810
thread id: 2 completed_count_last_batch: 3
thread id: 1 completed_count_last_batch: 2
get work duration: 580
thread id: 1 Schedule work 0x7fbfe03ec1e0
the total count of insert: 3
get work duration: 850
thread id: 1 work duration: 3460
thread id: 1 completed_count_last_batch: 1
thread id: 2 Schedule work 0x7fbfe03ec240
the total count of insert: 4
get work duration: 150
thread id: 1 Schedule work 0x7fbfe03ec120
the total count of insert: 5
thread id: 2 work duration: 3250
thread id: 1 work duration: 4130
thread id: 1 completed_count_last_batch: 3
thread id: 2 completed_count_last_batch: 0
get work duration: 180
get work duration: 260
BehaviourCore::schedule_many1
Prepare phase duration: 160
thread id: 2 Schedule work 0x7fbfe03ec180
Acquire phase duration: 720
thread id: 1 Schedule work 0x7fbfe03ec060
the total count of insert: 6
Exchange duration: 590
thread id: 1 work duration: 7680
thread id: 1 completed_count_last_batch: 2
Release phase duration: 90
Process phase duration: 210
BehaviourCore::schedule_many1
Prepare phase duration: 140
Acquire phase duration: 430
Exchange duration: 300
the total count of insert: 7
thread id: 2 work duration: 5760
Release phase duration: 40
Process phase duration: 210
thread id: 2 completed_count_last_batch: 1
get work duration: 860
get work duration: 830
thread id: 1 Schedule work 0x7fbfe03ec360
the total count of insert: 8
BehaviourCore::schedule_many1
Prepare phase duration: 140
thread id: 2 Schedule work 0x7fbfe03ec300
thread id: 1 work duration: 3210
thread id: 1 completed_count_last_batch: 0
the total count of insert: 9
Acquire phase duration: 590
thread id: 2 work duration: 6670
Exchange duration: 440
thread id: 2 completed_count_last_batch: 18446744073709551615
get work duration: 130
thread id: 2 Schedule work 0x7fbfe03ec000
the total count of insert: 10
thread id: 2 work duration: 3070
thread id: 2 completed_count_last_batch: 18446744073709551614
Release phase duration: 70
Process phase duration: 160
get work duration: 960
BehaviourCore::schedule_many1
thread id: 2 Schedule work 0x7fbfe03ec3c0
the total count of insert: 11
thread id: 2 work duration: 3300
thread id: 2 completed_count_last_batch: 18446744073709551613
Prepare phase duration: 490
Acquire phase duration: 400
Exchange duration: 270
Release phase duration: 40
Process phase duration: 140
get work duration: 440
thread id: 1 Schedule work 0x7fbfe03ec420
the total count of insert: 12
thread id: 1 work duration: 3030
thread id: 1 completed_count_last_batch: 18446744073709551612

Thread 1 "hash_rt" received signal SIGINT, Interrupt.
__futex_abstimed_wait_common64 (private=128, cancel=true, abstime=0x0, op=265, expected=1120311, futex_word=0x7fbfde3e6910) at ./nptl/futex-internal.c:57
57	./nptl/futex-internal.c: No such file or directory.
[?2004h[?2004l[?2004h(gdb) q
[?2004l[?2004hA debugging session is active.

	Inferior 1 [process 1120277] will be killed.

Quit anyway? (y or n) y
[?2004l