/users/Xuran/hash_rt/build/hash_rt --num_threads=2 --str_key_size=8 --str_value_size=100 --num_ops=10 --first_mode=true
Running with 2 cores
Init time:281492
Schedule time:124583
bucketID:7
bucketID:5
bucketID:1
bucketID:4
bucketID:1
bucketID:2
bucketID:3
bucketID:1
bucketID:5
bucketID:7
Insert time:129655
inserting key:00000007 value:abcdefghijklmnopqrstuvwxyzabcdefghijklmnopqrstuvwxyzabcdefghijklmnopqrstuvwxyzabcdefghijklmnopqrstuv
inserting key:00000007 value:abcdefghijklmnopqrstuvwxyzabcdefghijklmnopqrstuvwxyzabcdefghijklmnopqrstuvwxyzabcdefghijklmnopqrstuv
inserting key:00000005 value:abcdefghijklmnopqrstuvwxyzabcdefghijklmnopqrstuvwxyzabcdefghijklmnopqrstuvwxyzabcdefghijklmnopqrstuv
inserting key:00000008 value:abcdefghijklmnopqrstuvwxyzabcdefghijklmnopqrstuvwxyzabcdefghijklmnopqrstuvwxyzabcdefghijklmnopqrstuv
inserting key:00000000 value:abcdefghijklmnopqrstuvwxyzabcdefghijklmnopqrstuvwxyzabcdefghijklmnopqrstuvwxyzabcdefghijklmnopqrstuv
inserting key:00000000 value:abcdefghijklmnopqrstuvwxyzabcdefghijklmnopqrstuvwxyzabcdefghijklmnopqrstuvwxyzabcdefghijklmnopqrstuv
inserting key:00000001 value:abcdefghijklmnopqrstuvwxyzabcdefghijklmnopqrstuvwxyzabcdefghijklmnopqrstuvwxyzabcdefghijklmnopqrstuv
inserting key:00000002 value:abcdefghijklmnopqrstuvwxyzabcdefghijklmnopqrstuvwxyzabcdefghijklmnopqrstuvwxyzabcdefghijklmnopqrstuv
inserting key:00000002 value:abcdefghijklmnopqrstuvwxyzabcdefghijklmnopqrstuvwxyzabcdefghijklmnopqrstuvwxyzabcdefghijklmnopqrstuv
inserting key:00000002 value:abcdefghijklmnopqrstuvwxyzabcdefghijklmnopqrstuvwxyzabcdefghijklmnopqrstuvwxyzabcdefghijklmnopqrstuv
Run time:831102
[report]: insert_overall_duration_ns : 831102
[report]: insert_overall_operation_number : 10
[report]: insert_overall_throughput : 12032.217465
