/users/Xuran/hash_rt/build/hash_rt --num_threads=22 --str_key_size=8 --str_value_size=100 --num_ops=1000000 --first_mode=true --work_usec=0
Harness starting.
 /users/Xuran/hash_rt/build/hash_rt --num_threads=22 --str_key_size=8 --str_value_size=100 --num_ops=1000000 --first_mode=true --work_usec=0 --seed 797257234
Init time:894821441
Scheduler cores: 11
Pending when ops: 0, Queue size: 64
Processing batch, queue size: 65
Pending when ops: 0, Queue size: 256
Processing batch, queue size: 301
Pending when ops: 0, Queue size: 713
Processing batch, queue size: 739
Pending when ops: 0, Queue size: 1855
Processing batch, queue size: 1858
Pending when ops: 0, Queue size: 3219
Processing batch, queue size: 3225
Pending when ops: 0, Queue size: 4404
Processing batch, queue size: 4409
Pending when ops: 0, Queue size: 6060
Processing batch, queue size: 6065
Pending when ops: 0, Queue size: 7673
Processing batch, queue size: 7676
Pending when ops: 0, Queue size: 8351
Processing batch, queue size: 8390
Pending when ops: 0, Queue size: 10057
Processing batch, queue size: 10062
Pending when ops: 0, Queue size: 11653
Processing batch, queue size: 11668
Pending when ops: 0, Queue size: 13317
Processing batch, queue size: 13319
Pending when ops: 0, Queue size: 14993
Processing batch, queue size: 14996
Pending when ops: 0, Queue size: 16384
Processing batch, queue size: 16432
Pending when ops: 0, Queue size: 17985
Processing batch, queue size: 17987
Pending when ops: 0, Queue size: 19559
Processing batch, queue size: 19565
Pending when ops: 0, Queue size: 21202
Processing batch, queue size: 21219
Pending when ops: 0, Queue size: 22889
Processing batch, queue size: 22891
Pending when ops: 0, Queue size: 24456
Processing batch, queue size: 24473
Pending when ops: 0, Queue size: 26049
Processing batch, queue size: 26051
Pending when ops: 0, Queue size: 27679
Processing batch, queue size: 27691
Pending when ops: 0, Queue size: 29338
Processing batch, queue size: 29347
Pending when ops: 0, Queue size: 30900
Processing batch, queue size: 30903
Pending when ops: 0, Queue size: 32524
Processing batch, queue size: 32530
Pending when ops: 0, Queue size: 32768
Processing batch, queue size: 32797
Pending when ops: 0, Queue size: 34122
Processing batch, queue size: 34156
Pending when ops: 0, Queue size: 35776
Processing batch, queue size: 35803
Pending when ops: 0, Queue size: 37343
Processing batch, queue size: 37347
Pending when ops: 0, Queue size: 38949
Processing batch, queue size: 38962
Pending when ops: 0, Queue size: 40550
Processing batch, queue size: 40551
Pending when ops: 0, Queue size: 42204
Processing batch, queue size: 42224
Pending when ops: 0, Queue size: 43752
Processing batch, queue size: 43766
Pending when ops: 0, Queue size: 45270
Processing batch, queue size: 45274
Pending when ops: 0, Queue size: 46841
Processing batch, queue size: 46851
Pending when ops: 0, Queue size: 48418
Processing batch, queue size: 48421
Pending when ops: 0, Queue size: 49969
Processing batch, queue size: 49971
Pending when ops: 0, Queue size: 51499
Processing batch, queue size: 51524
Pending when ops: 0, Queue size: 53097
Processing batch, queue size: 53098
Pending when ops: 0, Queue size: 54647
Processing batch, queue size: 54649
Pending when ops: 0, Queue size: 56161
Processing batch, queue size: 56163
Pending when ops: 0, Queue size: 57770
Processing batch, queue size: 57773
Pending when ops: 0, Queue size: 59354
Processing batch, queue size: 59376
Pending when ops: 0, Queue size: 60930
Processing batch, queue size: 60931
Pending when ops: 0, Queue size: 62370
Processing batch, queue size: 62375
Pending when ops: 0, Queue size: 63999
Processing batch, queue size: 64001
Pending when ops: 0, Queue size: 65500
Processing batch, queue size: 65503
Pending when ops: 0, Queue size: 65536
Processing batch, queue size: 65625
Pending when ops: 0, Queue size: 66975
Processing batch, queue size: 66989
Pending when ops: 0, Queue size: 68480
Processing batch, queue size: 68484
Pending when ops: 0, Queue size: 70043
Processing batch, queue size: 70059
Pending when ops: 0, Queue size: 71641
Processing batch, queue size: 71673
Pending when ops: 0, Queue size: 73210
Processing batch, queue size: 73223
Pending when ops: 0, Queue size: 74731
Processing batch, queue size: 74742
Pending when ops: 0, Queue size: 76287
Processing batch, queue size: 76301
Pending when ops: 0, Queue size: 77823
Processing batch, queue size: 77824
Pending when ops: 0, Queue size: 79356
Processing batch, queue size: 79358
Pending when ops: 0, Queue size: 80923
Processing batch, queue size: 80926
Pending when ops: 0, Queue size: 82518
Processing batch, queue size: 82526
Pending when ops: 0, Queue size: 84068
Processing batch, queue size: 84081
Pending when ops: 0, Queue size: 85632
Processing batch, queue size: 85634
Pending when ops: 0, Queue size: 87179
Processing batch, queue size: 87182
Pending when ops: 0, Queue size: 88736
Processing batch, queue size: 88750
Pending when ops: 0, Queue size: 90327
Processing batch, queue size: 90329
Pending when ops: 0, Queue size: 91926
Processing batch, queue size: 91966
Pending when ops: 0, Queue size: 93503
Processing batch, queue size: 93504
Pending when ops: 0, Queue size: 95115
Processing batch, queue size: 95121
Pending when ops: 0, Queue size: 96664
Processing batch, queue size: 96667
Pending when ops: 0, Queue size: 98211
Processing batch, queue size: 98212
Pending when ops: 0, Queue size: 99739
Processing batch, queue size: 99758
Pending when ops: 0, Queue size: 101311
Processing batch, queue size: 101328
Pending when ops: 0, Queue size: 102852
Processing batch, queue size: 102854
Pending when ops: 0, Queue size: 104403
Processing batch, queue size: 104422
Pending when ops: 0, Queue size: 106048
Processing batch, queue size: 106048
Pending when ops: 0, Queue size: 107619
Processing batch, queue size: 107623
Pending when ops: 0, Queue size: 109124
Processing batch, queue size: 109125
Pending when ops: 0, Queue size: 110700
Processing batch, queue size: 110702
Pending when ops: 0, Queue size: 112255
Processing batch, queue size: 112257
Pending when ops: 0, Queue size: 113875
Processing batch, queue size: 113907
Pending when ops: 0, Queue size: 115474
Processing batch, queue size: 115487
Pending when ops: 0, Queue size: 117023
Processing batch, queue size: 117035
Pending when ops: 0, Queue size: 118624
Processing batch, queue size: 118626
Pending when ops: 0, Queue size: 120197
Processing batch, queue size: 120199
Pending when ops: 0, Queue size: 121805
Processing batch, queue size: 121811
Pending when ops: 0, Queue size: 123394
Processing batch, queue size: 123396
Pending when ops: 0, Queue size: 125008
Processing batch, queue size: 125011
Pending when ops: 0, Queue size: 126657
Processing batch, queue size: 126671
Pending when ops: 0, Queue size: 128272
Processing batch, queue size: 128300
Pending when ops: 0, Queue size: 129914
Processing batch, queue size: 129919
Pending when ops: 0, Queue size: 131072
Processing batch, queue size: 131168
Pending when ops: 0, Queue size: 132609
Processing batch, queue size: 132627
Pending when ops: 0, Queue size: 134290
Processing batch, queue size: 134326
Pending when ops: 0, Queue size: 135925
Processing batch, queue size: 135928
Pending when ops: 0, Queue size: 137599
Processing batch, queue size: 137601
Pending when ops: 0, Queue size: 139359
Processing batch, queue size: 139361
Pending when ops: 0, Queue size: 141004
Processing batch, queue size: 141026
Pending when ops: 0, Queue size: 142744
Processing batch, queue size: 142746
Pending when ops: 0, Queue size: 144472
Processing batch, queue size: 144477
Pending when ops: 0, Queue size: 146061
Processing batch, queue size: 146064
Pending when ops: 0, Queue size: 147741
Processing batch, queue size: 147756
Pending when ops: 0, Queue size: 149402
Processing batch, queue size: 149404
Pending when ops: 0, Queue size: 151039
Processing batch, queue size: 151040
Pending when ops: 0, Queue size: 152633
Processing batch, queue size: 152646
Pending when ops: 0, Queue size: 154248
Processing batch, queue size: 154286
Pending when ops: 0, Queue size: 155902
Processing batch, queue size: 155907
Pending when ops: 0, Queue size: 157475
Processing batch, queue size: 157479
Pending when ops: 0, Queue size: 159044
Processing batch, queue size: 159047
Pending when ops: 0, Queue size: 160654
Processing batch, queue size: 160657
Pending when ops: 0, Queue size: 162230
Processing batch, queue size: 162240
Pending when ops: 0, Queue size: 163878
Processing batch, queue size: 163928
Pending when ops: 0, Queue size: 165517
Processing batch, queue size: 165529
Pending when ops: 0, Queue size: 167193
Processing batch, queue size: 167198
Pending when ops: 0, Queue size: 168852
Processing batch, queue size: 168875
Pending when ops: 0, Queue size: 170492
Processing batch, queue size: 170494
Pending when ops: 0, Queue size: 172087
Processing batch, queue size: 172096
Pending when ops: 0, Queue size: 173744
Processing batch, queue size: 173746
Pending when ops: 0, Queue size: 175397
Processing batch, queue size: 175411
Pending when ops: 0, Queue size: 177059
Processing batch, queue size: 177084
Pending when ops: 0, Queue size: 178697
Processing batch, queue size: 178700
Pending when ops: 0, Queue size: 180296
Processing batch, queue size: 180298
Pending when ops: 0, Queue size: 181939
Processing batch, queue size: 181945
Pending when ops: 0, Queue size: 183518
Processing batch, queue size: 183535
Pending when ops: 0, Queue size: 185102
Processing batch, queue size: 185104
Pending when ops: 0, Queue size: 186757
Processing batch, queue size: 186772
Pending when ops: 0, Queue size: 188367
Processing batch, queue size: 188369
Pending when ops: 0, Queue size: 190017
Processing batch, queue size: 190019
Pending when ops: 0, Queue size: 191676
Processing batch, queue size: 191689
Pending when ops: 0, Queue size: 193378
Processing batch, queue size: 193380
Pending when ops: 0, Queue size: 195001
Processing batch, queue size: 195006
Pending when ops: 0, Queue size: 196691
Processing batch, queue size: 196697
Pending when ops: 0, Queue size: 198359
Processing batch, queue size: 198364
Pending when ops: 0, Queue size: 200049
Processing batch, queue size: 200063
Pending when ops: 0, Queue size: 201707
Processing batch, queue size: 201710
Pending when ops: 0, Queue size: 203357
Processing batch, queue size: 203371
Pending when ops: 0, Queue size: 205051
Processing batch, queue size: 205055
Pending when ops: 0, Queue size: 206688
Processing batch, queue size: 206690
Pending when ops: 0, Queue size: 208369
Processing batch, queue size: 208372
Pending when ops: 0, Queue size: 209989
Processing batch, queue size: 209994
Pending when ops: 0, Queue size: 211647
Processing batch, queue size: 211649
Pending when ops: 0, Queue size: 213315
Processing batch, queue size: 213320
Pending when ops: 0, Queue size: 215009
Processing batch, queue size: 215065
Pending when ops: 0, Queue size: 216667
Processing batch, queue size: 216671
Pending when ops: 0, Queue size: 218361
Processing batch, queue size: 218373
Pending when ops: 0, Queue size: 220054
Processing batch, queue size: 220065
Pending when ops: 0, Queue size: 221700
Processing batch, queue size: 221703
Pending when ops: 0, Queue size: 223342
Processing batch, queue size: 223346
Pending when ops: 0, Queue size: 225006
Processing batch, queue size: 225026
Pending when ops: 0, Queue size: 226690
Processing batch, queue size: 226712
Pending when ops: 0, Queue size: 228351
Processing batch, queue size: 228353
Pending when ops: 0, Queue size: 230014
Processing batch, queue size: 230017
Pending when ops: 0, Queue size: 231662
Processing batch, queue size: 231664
Pending when ops: 0, Queue size: 233325
Processing batch, queue size: 233347
Pending when ops: 0, Queue size: 235057
Processing batch, queue size: 235062
Pending when ops: 0, Queue size: 236763
Processing batch, queue size: 236775
Pending when ops: 0, Queue size: 238409
Processing batch, queue size: 238413
Pending when ops: 0, Queue size: 240101
Processing batch, queue size: 240105
Pending when ops: 0, Queue size: 241792
Processing batch, queue size: 241794
Pending when ops: 0, Queue size: 243516
Processing batch, queue size: 243528
Pending when ops: 0, Queue size: 245215
Processing batch, queue size: 245232
Pending when ops: 0, Queue size: 246943
Processing batch, queue size: 246945
Pending when ops: 0, Queue size: 248646
Processing batch, queue size: 248678
Pending when ops: 0, Queue size: 250335
Processing batch, queue size: 250351
Pending when ops: 0, Queue size: 251999
Processing batch, queue size: 252033
Pending when ops: 0, Queue size: 253724
Processing batch, queue size: 253741
Pending when ops: 0, Queue size: 255412
Processing batch, queue size: 255426
Pending when ops: 0, Queue size: 257147
Processing batch, queue size: 257158
Pending when ops: 0, Queue size: 258861
Processing batch, queue size: 258868
Pending when ops: 0, Queue size: 260567
Processing batch, queue size: 260577
Pending when ops: 0, Queue size: 262144
Processing batch, queue size: 262261
Pending when ops: 0, Queue size: 263816
Processing batch, queue size: 263819
Pending when ops: 0, Queue size: 265541
Processing batch, queue size: 265545
Pending when ops: 0, Queue size: 267270
Processing batch, queue size: 267322
Pending when ops: 0, Queue size: 269028
Processing batch, queue size: 269031
Pending when ops: 0, Queue size: 270757
Processing batch, queue size: 270782
Pending when ops: 0, Queue size: 272419
Processing batch, queue size: 272433
Pending when ops: 0, Queue size: 274131
Processing batch, queue size: 274136
Pending when ops: 0, Queue size: 275807
Processing batch, queue size: 275808
Pending when ops: 0, Queue size: 277530
Processing batch, queue size: 277558
Pending when ops: 0, Queue size: 279243
Processing batch, queue size: 279246
Pending when ops: 0, Queue size: 297330
Processing batch, queue size: 297333
Pausing: active threads: 11
Pausing: active threads: 10
Pausing: active threads: 9
Pausing: active threads: 8
Pausing: active threads: 7
Pausing: active threads: 6
Pausing: active threads: 5
Pausing: active threads: 4
Pausing: active threads: 3
Pausing: active threads: 2
Pausing: active threads: 1
Teardown: all threads stopped
[report]: scheduler_run_time_ns : 41498098
[report]: scheduler_total_when_schedules : 176237
[report]: scheduler_total_when_time_ns : 108341238766937
Teardown: all threads stopped
[report]: insert_overall_operation_number : 175371
[report]: insert_overall_throughput : 4226000.912138
[report]: scheduler_avg_when_time_ns : 614747406.997038
[report]: insert_avg_insert_time_ns : 236.000000
completed_ops: 175371
hash_rt: tpp.c:83: __pthread_tpp_change_priority: Assertion `new_prio == -1 || (new_prio >= fifo_min_prio && new_prio <= fifo_max_prio)' failed.
