GNU gdb (Ubuntu 12.1-0ubuntu1~22.04) 12.1
Copyright (C) 2022 Free Software Foundation, Inc.
License GPLv3+: GNU GPL version 3 or later <http://gnu.org/licenses/gpl.html>
This is free software: you are free to change and redistribute it.
There is NO WARRANTY, to the extent permitted by law.
Type "show copying" and "show warranty" for details.
This GDB was configured as "x86_64-linux-gnu".
Type "show configuration" for configuration details.
For bug reporting instructions, please see:
<https://www.gnu.org/software/gdb/bugs/>.
Find the GDB manual and other documentation resources online at:
    <http://www.gnu.org/software/gdb/documentation/>.

For help, type "help".
Type "apropos word" to search for commands related to "word"...
Reading symbols from ./hash_rt...
[?2004h(gdb) r
[?2004lStarting program: /mnt/nvme0/home/gxr/Myhash_boc/Hash_rt/build/hash_rt 
[Thread debugging using libthread_db enabled]
Using host libthread_db library "/lib/x86_64-linux-gnu/libthread_db.so.1".
Init time:1820173167
[New Thread 0x7fbfdf3e8640 (LWP 1230390)]
[New Thread 0x7fbfdebe7640 (LWP 1230391)]
[New Thread 0x7fbfde3e6640 (LWP 1230392)]
[New Thread 0x7fbfddbe5640 (LWP 1230393)]
the total count of insert: the total count of insert: 10

the total count of insert: 2
the total count of insert: 3
the total count of insert: 4
the total count of insert: 5
the total count of insert: 6
the total count of insert: 7
the total count of insert: 8
the total count of insert: 9
the total count of insert: 10
the total count of insert: 11
the total count of insert: 12
the total count of insert: 13
the total count of insert: 14
the total count of insert: 15the total count of insert: 
16
the total count of insert: 17
the total count of insert: the total count of insert: 1819

the total count of insert: 20
the total count of insert: 21
the total count of insert: 22
the total count of insert: the total count of insert: 24
23
scheduler loop time: the total count of insert: 142503725
the total count of insert: 
26
the total count of insert: 27
the total count of insert: 28
the total count of insert: 29
[report]: overall_duration_ns : 1880792812
[report]: overall_operation_number : 29
[report]: overall_throughput : 15.419030
[report]: overall_avg_time_per_ops : 64854924.000000
[Thread 0x7fbfddbe5640 (LWP 1230393) exited]
[Thread 0x7fbfde3e6640 (LWP 1230392) exited]
[Thread 0x7fbfdebe7640 (LWP 1230391) exited]
[Thread 0x7fbfdf3e8640 (LWP 1230390) exited]
[Inferior 1 (process 1230374) exited normally]
[?2004h[?2004l[?2004h(gdb) q
[?2004l