/users/Xuran/hash_rt/build/hash_rt --num_threads=16 --str_key_size=8 --str_value_size=100 --num_ops=1000000 --first_mode=true --work_usec=0
Harness starting.
 /users/Xuran/hash_rt/build/hash_rt --num_threads=16 --str_key_size=8 --str_value_size=100 --num_ops=1000000 --first_mode=true --work_usec=0 --seed 1498445166
Init time:903522490
scheduler_cores: 8
Adding work to queue: atlatik
Adding work to queue: wyxdopc
Processing batch, queue size: 2
Adding work to queue: ehtrwdj
Adding work to queue: ycvmydr
Adding work to queue: kyhlgld
Adding work to queue: bcfaulj
Adding work to queue: wfhsrwh
Adding work to queue: ndcbbxv
Adding work to queue: wkdtjpw
Adding work to queue: ybcreix
Adding work to queue: crrxjxa
Adding work to queue: boskvjb
Adding work to queue: wfucckv
Processing batch, queue size: 11
Adding work to queue: xkxnwyw
Adding work to queue: asnsftd
Adding work to queue: alvvzpc
Adding work to queue: xgdcref
Processing batch, queue size: 4
Adding work to queue: pvwkwgi
Adding work to queue: tktlokw
Adding work to queue: ildnaad
Adding work to queue: veokyxm
Adding work to queue: jhpivgl
Adding work to queue: viqoyvy
Adding work to queue: xeufomg
Processing batch, queue size: 7
Adding work to queue: vuxjnyo
Adding work to queue: qwxerul
Adding work to queue: xrycaro
Processing batch, queue size: 3
Adding work to queue: gerklzi
Adding work to queue: aqgheli
Adding work to queue: cnffzxj
Adding work to queue: kawqoqi
Adding work to queue: bqvtbkf
Adding work to queue: straxaz
Adding work to queue: frvliyn
Adding work to queue: fplhecd
Adding work to queue: khpovxl
Adding work to queue: uzdjawd
Adding work to queue: pxnpipt
Adding work to queue: uissehk
Adding work to queue: mhmjegt
Processing batch, queue size: 13
Adding work to queue: palzyvy
Adding work to queue: mprykxx
Adding work to queue: jbdvyht
Adding work to queue: pfvuvgw
Adding work to queue: qxsddqj
Adding work to queue: saxzjjo
Processing batch, queue size: 6
Adding work to queue: vkbbfom
Adding work to queue: ebdkbbu
Processing batch, queue size: 2
Adding work to queue: kehzikp
Processing batch, queue size: 1
Adding work to queue: dforgox
Processing batch, queue size: 1
Adding work to queue: geqzmhc
Processing batch, queue size: 1
Adding work to queue: ybygcaz
Adding work to queue: daejpoj
Adding work to queue: yhoakya
Adding work to queue: lpvtixz
Adding work to queue: mxnlkst
Adding work to queue: vjqzoki
Adding work to queue: dlwnuco
Adding work to queue: muhhqwc
Processing batch, queue size: 8
Adding work to queue: gvucqyt
Adding work to queue: jgwakjb
Adding work to queue: xdjbzod
Adding work to queue: fkpbrrl
Adding work to queue: sfrsecx
Adding work to queue: axtxuop
Adding work to queue: vyibltu
Adding work to queue: hfexwbk
Adding work to queue: lfmtxtz
Processing batch, queue size: 9
Adding work to queue: byfijto
Adding work to queue: huqlsyb
Adding work to queue: hzbeobx
Adding work to queue: sqooxkw
Adding work to queue: hequqmo
Adding work to queue: okfqnit
Adding work to queue: vmmxyxe
Adding work to queue: xpacbfz
Adding work to queue: avpymmt
Adding work to queue: kxlfekg
Adding work to queue: xvbtkpo
Adding work to queue: vsdjnav
Adding work to queue: wgyifru
Adding work to queue: zldbcgl
Adding work to queue: sljjfte
Adding work to queue: bhhjlfv
Processing batch, queue size: 16
Adding work to queue: vdkuawb
Adding work to queue: lgktjjk
Adding work to queue: bktljgs
Adding work to queue: vfrtoyc
Adding work to queue: feuztfu
Adding work to queue: zohvqce
Adding work to queue: pzamztb
Adding work to queue: udlclzz
Processing batch, queue size: 8
Adding work to queue: ghdnraj
Adding work to queue: cvmznzq
Adding work to queue: dpbmans
Adding work to queue: iiupawz
Processing batch, queue size: 4
Adding work to queue: qhenwoc
Adding work to queue: adwefpf
Processing batch, queue size: 2
Adding work to queue: bducxcc
Processing batch, queue size: 1
Adding work to queue: jtjtlsi
Adding work to queue: fbgfsth
Adding work to queue: csixkud
Adding work to queue: ptsdjqq
Adding work to queue: yewgzur
Adding work to queue: pcbvzdx
Adding work to queue: pkeumbo
Adding work to queue: bdvpqof
Adding work to queue: zjttmji
Adding work to queue: vunhtlz
Adding work to queue: tggnugt
Adding work to queue: yzezzbj
Adding work to queue: pharhla
Adding work to queue: yqryqvr
Adding work to queue: swghlzo
Adding work to queue: bvopxdq
Adding work to queue: umlabmc
Adding work to queue: jmlgvad
Adding work to queue: symembn
Adding work to queue: iiqytqt
Adding work to queue: trxxncp
Adding work to queue: edwinwm
Adding work to queue: swxwytk
Adding work to queue: autbotz
Adding work to queue: yfztros
Adding work to queue: qvuclsp
Adding work to queue: rmxzwob
Adding work to queue: cmmnkvy
Adding work to queue: dyzaxsw
Adding work to queue: aokhswu
Adding work to queue: bcvwuba
Adding work to queue: aywbyud
Adding work to queue: dqpykff
Adding work to queue: mxnuwku
Adding work to queue: wmyyfue
Adding work to queue: rbyophf
Adding work to queue: ohmcvzi
Adding work to queue: yztiwpu
Adding work to queue: sesbbum
Adding work to queue: ayqjnjo
Adding work to queue: kgqkfsd
Adding work to queue: fhpvjbd
Processing batch, queue size: 42
Adding work to queue: chrklqi
Adding work to queue: lolvjfl
Adding work to queue: sftmbhx
Adding work to queue: jfzwjxc
Adding work to queue: kkrpiix
Adding work to queue: azuunwz
Adding work to queue: wkkvqwx
Adding work to queue: bwhbhqv
Adding work to queue: ksotnfg
Adding work to queue: fqmgzra
Adding work to queue: hldaofz
Adding work to queue: wbfwypc
Adding work to queue: lfarojf
Adding work to queue: ywivlsz
Adding work to queue: wcahiwe
Adding work to queue: pajdmbb
Adding work to queue: elxeubu
Adding work to queue: zyvdmcy
Adding work to queue: wzhehnm
Adding work to queue: ajidjlj
Adding work to queue: lpelmme
Adding work to queue: bjznzkd
Adding work to queue: heqwbum
Adding work to queue: fbumbpu
Adding work to queue: bqiesfh
Adding work to queue: ycabzjo
Adding work to queue: kwhxbfc
Adding work to queue: zvgvovi
Adding work to queue: fuwzurm
Adding work to queue: tsoftey
Adding work to queue: gurzfxq
Adding work to queue: mjuidxf
Adding work to queue: jusgamd
Adding work to queue: cvfnuvm
Adding work to queue: lgvbclt
Adding work to queue: ndjskzc
Adding work to queue: prbliyl
Adding work to queue: uhiilaa
Adding work to queue: jltfucd
Adding work to queue: hghemij
Adding work to queue: eogampy
Adding work to queue: nsjbzld
Adding work to queue: kthwpnn
Adding work to queue: ocyviom
Adding work to queue: jfhrjrj
Adding work to queue: neoizoi
Adding work to queue: fnnfzmj
Adding work to queue: rozpcjk
Adding work to queue: hlexrgu
Adding work to queue: rqsfqtw
Adding work to queue: ihueymu
Adding work to queue: tbghtzb
Adding work to queue: ulujlop
Adding work to queue: tfcwsqr
Adding work to queue: tyzmkaw
Adding work to queue: llijykp
Adding work to queue: uhwgdsd
Adding work to queue: thwwayu
Adding work to queue: tsfuuex
Adding work to queue: emkcumt
Adding work to queue: hoypxrz
Adding work to queue: cfxnxtj
Adding work to queue: nhmleuf
Adding work to queue: tzskonc
Adding work to queue: nqvlpfv
Adding work to queue: watcdxj
Adding work to queue: adpjgey
Adding work to queue: mcwngdp
Adding work to queue: cfuqtgs
Adding work to queue: axgculg
Adding work to queue: byfpbdm
Adding work to queue: jbndwnc
Adding work to queue: rdgconr
Adding work to queue: ixolbdr
Adding work to queue: cmdvdmu
Adding work to queue: vdgjdri
Adding work to queue: mdadpul
Adding work to queue: bdhceug
Adding work to queue: eecwlfq
Adding work to queue: urzvpxg
Adding work to queue: dergjrt
Adding work to queue: ehnyrgo
Processing batch, queue size: 92
Adding work to queue: gcleywu
Adding work to queue: iyfuqjn
Adding work to queue: rfoozsm
Adding work to queue: mpnglpk
Adding work to queue: nrlhyhh
Adding work to queue: zshblzn
Adding work to queue: lcibmsk
Adding work to queue: mnhgxpe
Adding work to queue: bgkkyed
Adding work to queue: aydgmmj
Adding work to queue: lzblcxg
Adding work to queue: ygipbid
Adding work to queue: phdwhnp
Adding work to queue: ablbpvf
Adding work to queue: uoehlvy
Adding work to queue: cjpwbih
Adding work to queue: fsbkrbo
Adding work to queue: mjdbqem
Adding work to queue: gffknbd
Adding work to queue: kmzrqbp
Adding work to queue: mudtnce
Adding work to queue: hgfjnho
Adding work to queue: dkvqfjw
Adding work to queue: gintale
Adding work to queue: nahzons
Adding work to queue: hmkjfuc
Adding work to queue: wtwjwxh
Adding work to queue: okbuuvz
Adding work to queue: zvgjxgq
Adding work to queue: aiuouwo
Adding work to queue: cvknqyo
Adding work to queue: rhaagli
Adding work to queue: padogcr
Adding work to queue: skxghpg
Adding work to queue: wnpdwkt
Adding work to queue: atvbejp
Adding work to queue: bjvrpae
Adding work to queue: aiokoau
Adding work to queue: ncdmmar
Adding work to queue: lhdwbrp
Adding work to queue: jbfixxh
Adding work to queue: aadynie
Adding work to queue: niqiisz
Adding work to queue: wxswpsv
Adding work to queue: gxhonup
Adding work to queue: wktbpnh
Adding work to queue: tlsskhg
Adding work to queue: tvewupn
Adding work to queue: fmeawxd
Adding work to queue: tswumkb
Adding work to queue: xwsuejp
Adding work to queue: ymphppc
Adding work to queue: zyiovhp
Adding work to queue: jbzxzpg
Adding work to queue: rnvvfaa
Adding work to queue: bmcgpey
Adding work to queue: mxnkhnj
Adding work to queue: wkedyrt
Adding work to queue: uarieef
Adding work to queue: gcesbvu
Adding work to queue: ggbbzaa
Adding work to queue: lzgqoaw
Adding work to queue: mnjvjhg
Adding work to queue: benzkpq
Adding work to queue: gwhvduu
Adding work to queue: bdrzibt
Adding work to queue: nqwtouc
Adding work to queue: kfabwrt
Adding work to queue: tevoehi
Adding work to queue: dbyfdfc
Adding work to queue: slukfxf
Adding work to queue: fmhrgyu
Adding work to queue: wfdntyz
Adding work to queue: itgjgtk
Adding work to queue: yrtbaxo
Adding work to queue: egtvndz
Adding work to queue: kxjxklg
Adding work to queue: xtjfhwe
Adding work to queue: ydsriza
Adding work to queue: xfscfci
Adding work to queue: cmzkhif
Adding work to queue: jlqnryq
Adding work to queue: ovnuphv
Adding work to queue: lhspumj
Adding work to queue: jdrhbzz
Adding work to queue: mbswsal
Adding work to queue: ujgsqkb
Adding work to queue: nntmohd
Adding work to queue: nrmgfwc
Adding work to queue: aemoiby
Adding work to queue: srjdfjs
Adding work to queue: ioiuiym
Adding work to queue: odiltlw
Adding work to queue: ewnquti
Adding work to queue: nwabany
Adding work to queue: clhucuv
Adding work to queue: qkpojok
Adding work to queue: lzjctqr
Adding work to queue: hfrfdqb
Adding work to queue: rwowkqh
Adding work to queue: ktagbqe
Adding work to queue: kvyccrk
Adding work to queue: ubwjmmj
Adding work to queue: dhdecgy
Adding work to queue: zfbghip
Adding work to queue: ktmoxhr
Adding work to queue: xifyrla
Adding work to queue: nnagvkj
Adding work to queue: hjsdakr
Adding work to queue: htjohnd
Adding work to queue: wddnemp
Adding work to queue: jmnonik
Adding work to queue: mjwhdoa
Adding work to queue: npzlhlc
Adding work to queue: atboynf
Adding work to queue: orwopyo
Adding work to queue: ukkkkph
Adding work to queue: avhvnjt
Adding work to queue: akfdocf
Adding work to queue: htosiyh
Adding work to queue: xlyehzs
Adding work to queue: hjrjwko
Adding work to queue: zcfyerp
Adding work to queue: edtrlsa
Adding work to queue: goutzuj
Adding work to queue: rtvcsab
Processing batch, queue size: 186
Adding work to queue: fsomagz
Adding work to queue: kzygfkq
Adding work to queue: qmplewf
Adding work to queue: shqngqt
Adding work to queue: mldnrbg
Adding work to queue: ngljqfj
Adding work to queue: sbtifpz
Adding work to queue: qufokid
Adding work to queue: ibkgyrx
Adding work to queue: xirdunm
Adding work to queue: rpoqgfc
Adding work to queue: hbowfxe
Adding work to queue: wgjjjzi
Adding work to queue: rcfedbh
Adding work to queue: yrtbank
Adding work to queue: uatshky
Adding work to queue: zkwuipu
Adding work to queue: dppmkir
Adding work to queue: vfsqlvo
Adding work to queue: ynkxljn
Processing batch, queue size: 174
Adding work to queue: akkscuz
Adding work to queue: dgxcmpw
Adding work to queue: gmpljhi
Adding work to queue: nfuzxsj
Adding work to queue: hzksbcr
Adding work to queue: xcyeauq
Adding work to queue: ajhbvfa
Adding work to queue: kxivosv
Adding work to queue: xdozran
Adding work to queue: nirnimh
Adding work to queue: nrwlgub
Adding work to queue: ghtoofe
Adding work to queue: kfhiobh
Adding work to queue: gjaajyn
Adding work to queue: oyefefg
Adding work to queue: xjesepy
Adding work to queue: pyupdpe
Adding work to queue: afoypbp
Adding work to queue: hujiexb
Adding work to queue: pikgzbv
Adding work to queue: svrepdd
Adding work to queue: hqpcrxe
Adding work to queue: gffkxcy
Adding work to queue: yvciwdd
Adding work to queue: kpjrwlv
Adding work to queue: bglsxtr
Processing batch, queue size: 168
Adding work to queue: szwcdoy
Adding work to queue: rokjeba
Adding work to queue: dodpksg
Adding work to queue: daqfdwc
Adding work to queue: yekcdua
Adding work to queue: bdgsyjx
Adding work to queue: ebaypsn
Adding work to queue: tmdqhvg
Adding work to queue: tesurhq
Adding work to queue: cnqpsls
Adding work to queue: hrjdozu
Adding work to queue: ibuperz
Adding work to queue: qywqywo
Adding work to queue: gksdmot
Adding work to queue: bqqnqup
Adding work to queue: wmwimzk
Processing batch, queue size: 152
Adding work to queue: qifinfq
Adding work to queue: yharlyi
Adding work to queue: asvnvbl
Adding work to queue: wmbcudd
Adding work to queue: vtxwqba
Adding work to queue: olrxzxu
Adding work to queue: cjkxmmf
Adding work to queue: mxtxabt
Adding work to queue: wvzpybq
Adding work to queue: qhzwnzm
Adding work to queue: hgxjiel
Adding work to queue: glhckyt
Adding work to queue: caprqqc
Adding work to queue: zamvklk
Adding work to queue: rqcstao
Adding work to queue: vuarizk
Adding work to queue: sjmnmll
Adding work to queue: pyjvpwv
Adding work to queue: ytosytg
Adding work to queue: fpmqdrg
Adding work to queue: zxfjgcp
Adding work to queue: bsjmpcr
Adding work to queue: vfepflk
Adding work to queue: cgjijkn
Adding work to queue: hbmmrgr
Processing batch, queue size: 145
Adding work to queue: ezvqvbd
Adding work to queue: twucxpc
Adding work to queue: obdboin
Adding work to queue: iuthqid
Adding work to queue: uutfdwe
Adding work to queue: odqpnso
Adding work to queue: jvldyol
Adding work to queue: fbwtdyb
Adding work to queue: jyipcfg
Adding work to queue: nyqdtxo
Adding work to queue: efuuxgy
Adding work to queue: dqqjqpe
Adding work to queue: keudpia
Adding work to queue: qptwzwh
Adding work to queue: fezrecy
Adding work to queue: todwafn
Adding work to queue: pivfmas
Adding work to queue: tbcbrpg
Adding work to queue: udfytbo
Processing batch, queue size: 132
Adding work to queue: bfntufe
Adding work to queue: xuscasz
Adding work to queue: nhizwmu
Adding work to queue: eooasgp
Adding work to queue: fxomzam
Adding work to queue: jutoerz
Adding work to queue: mlbeylb
Adding work to queue: mxadcbq
Adding work to queue: ywcijyt
Adding work to queue: coemcxk
Adding work to queue: wplmyta
Adding work to queue: ufhdgij
Adding work to queue: mkvhrvj
Adding work to queue: rmkdsrt
Adding work to queue: tleaieh
Adding work to queue: riqcath
Adding work to queue: viccaqn
Adding work to queue: dzuycqd
Adding work to queue: tlzzmcv
Adding work to queue: efjmmnr
Adding work to queue: mqhrewa
Adding work to queue: lmcxmvw
Adding work to queue: qufbaks
Adding work to queue: tahofdl
Adding work to queue: wczsxxj
Adding work to queue: incrqsl
Adding work to queue: eqbdexp
Adding work to queue: vrkznxx
Adding work to queue: zmxkhea
Adding work to queue: lfmjnrd
Adding work to queue: tiyohnp
Adding work to queue: bqymbfb
Adding work to queue: irhqber
Adding work to queue: vzacttx
Adding work to queue: lulisso
Adding work to queue: tjurbxc
Adding work to queue: waibjum
Adding work to queue: ppsafss
Adding work to queue: hgavils
Adding work to queue: strtxgt
Processing batch, queue size: 140
Adding work to queue: vkuqxlu
Adding work to queue: ayrarca
Adding work to queue: gureszr
Adding work to queue: czrxxfa
Adding work to queue: jwvoifu
Adding work to queue: gmlxdzv
Adding work to queue: xbnldya
Adding work to queue: peiisqd
Adding work to queue: zssmcnd
Adding work to queue: ywemkht
Adding work to queue: sxfeqjy
Adding work to queue: jxosjhg
Adding work to queue: acsrhgz
Adding work to queue: ehldbhy
Adding work to queue: sdrnigb
Processing batch, queue size: 123
Adding work to queue: jojeokk
Adding work to queue: jqnxyye
Adding work to queue: ypbxqty
Adding work to queue: cytkhyp
Adding work to queue: wmsopyz
Adding work to queue: zbszvjp
Adding work to queue: fadlpty
Adding work to queue: nkjmjmg
Adding work to queue: naggxjf
Adding work to queue: qbtrtpt
Adding work to queue: qeolvat
Adding work to queue: mmeojyj
Adding work to queue: chzpmqe
Adding work to queue: iofcncf
Processing batch, queue size: 105
Adding work to queue: xeujcpx
Adding work to queue: gbekkmv
Adding work to queue: iorylen
Adding work to queue: kyevvuh
Adding work to queue: enfeczz
Adding work to queue: xcxoncc
Adding work to queue: ngqroje
Adding work to queue: coodzhm
Adding work to queue: ukosjvq
Adding work to queue: uhndzym
Adding work to queue: mnlymxj
Adding work to queue: jcdddhw
Adding work to queue: ivokbfs
Adding work to queue: mqniqak
Adding work to queue: waxoevd
Adding work to queue: ritkjnf
Adding work to queue: dqoaerg
Adding work to queue: wlfcxwi
Adding work to queue: dyozyxb
Adding work to queue: qkslihh
Adding work to queue: jpyyhvk
Adding work to queue: wvqyyly
Adding work to queue: wqqjgfr
Adding work to queue: qmsijfw
Adding work to queue: zafomcc
Adding work to queue: kpstmlj
Adding work to queue: gkugfbv
Adding work to queue: kuetise
Adding work to queue: atffele
Adding work to queue: pwetfxd
Adding work to queue: owfydzl
Adding work to queue: bppvcqx
Adding work to queue: egwdhfv
Adding work to queue: vmayeqi
Adding work to queue: mnzlavf
Adding work to queue: xzctqxu
Adding work to queue: oyxhowo
Adding work to queue: muhwkln
Adding work to queue: zykebxo
Adding work to queue: mmazrug
Adding work to queue: fpdjjlj
Adding work to queue: bwmbwym
Adding work to queue: gkwjxhg
Adding work to queue: qrqdpqx
Adding work to queue: fysxclo
Adding work to queue: ajkoevt
Adding work to queue: mnfrong
Adding work to queue: ozigrrg
Adding work to queue: flljbfs
Adding work to queue: tyrdqdw
Adding work to queue: ybhvahz
Adding work to queue: rzqmgbc
Adding work to queue: jhlxfvk
Adding work to queue: uvkkpyb
Adding work to queue: yypjhzk
Adding work to queue: hhyrgui
Adding work to queue: yvakmwa
Adding work to queue: cjlplci
Adding work to queue: twxceii
Adding work to queue: higwcxr
Adding work to queue: xconshp
Adding work to queue: vjdnbtv
Adding work to queue: chvqwxj
Adding work to queue: tyneoxb
Adding work to queue: wffdker
Adding work to queue: ndptbrx
Adding work to queue: qzlukmv
Adding work to queue: ufxgfcf
Adding work to queue: fmrnbem
Adding work to queue: smjvdvn
Processing batch, queue size: 143
Adding work to queue: cwgrmdn
Adding work to queue: sdxdfjs
Adding work to queue: amtsxtp
Adding work to queue: kfncgrm
Adding work to queue: aoyphlj
Adding work to queue: nlyzafj
Adding work to queue: zfyqpqb
Adding work to queue: cthwuht
Adding work to queue: uzkjrwv
Adding work to queue: skxymoc
Adding work to queue: rvivfad
Adding work to queue: kknnpwl
Adding work to queue: erpyvra
Processing batch, queue size: 124
Adding work to queue: dkpmtam
Adding work to queue: phqtlbd
Adding work to queue: xwqvyga
Adding work to queue: cqbpkks
Adding work to queue: jvukfks
Adding work to queue: ytasrjj
Adding work to queue: fzapzad
Adding work to queue: ehzzdli
Adding work to queue: lfxueon
Adding work to queue: chfkchf
Adding work to queue: tltdxub
Adding work to queue: bdixxmv
Adding work to queue: fdzcosf
Adding work to queue: mhvgmqb
Adding work to queue: mkvfvtn
Adding work to queue: toezpje
Processing batch, queue size: 108
Adding work to queue: dmbxink
Adding work to queue: snmnoao
Adding work to queue: nqlinne
Adding work to queue: xtjxsov
Adding work to queue: vfnycxe
Adding work to queue: dsgbtyh
Adding work to queue: uginkiw
Adding work to queue: zhdyjtt
Adding work to queue: eumteqt
Adding work to queue: skoxexe
Adding work to queue: fxehhqu
Adding work to queue: njnmirm
Adding work to queue: zimzxcl
Processing batch, queue size: 89
Adding work to queue: szmkmwn
Adding work to queue: ipbsgmw
Adding work to queue: hytmszn
Adding work to queue: eajxvng
Adding work to queue: mpkhbdf
Adding work to queue: fvmjriq
Adding work to queue: jsgkops
Adding work to queue: uslbkpe
Adding work to queue: vjajpmu
Adding work to queue: qsygzsx
Adding work to queue: psgrqbs
Adding work to queue: pyenjzi
Adding work to queue: qaurgsv
Adding work to queue: qvtspsv
Processing batch, queue size: 71
Adding work to queue: fpilukr
Adding work to queue: qumxqpt
Adding work to queue: uhfqfeg
Adding work to queue: ajxqbdk
Adding work to queue: nlouahz
Adding work to queue: fgcjukd
Adding work to queue: gebhghh
Adding work to queue: capulzl
Adding work to queue: gsfdpqd
Adding work to queue: jjcrixx
Adding work to queue: knlmibw
Adding work to queue: gmwgofq
Adding work to queue: uvbehsz
Adding work to queue: tfvuqmv
Adding work to queue: kicoctq
Adding work to queue: itrzmtg
Adding work to queue: ponpewn
Adding work to queue: qtvydye
Adding work to queue: exfvyld
Processing batch, queue size: 58
Adding work to queue: rptpbgp
Adding work to queue: vxiiefo
Adding work to queue: ztvaski
Adding work to queue: dvujanc
Adding work to queue: nxrfzmr
Adding work to queue: izfiscz
Adding work to queue: jxscjug
Adding work to queue: hcuctiv
Adding work to queue: xyhbuzi
Adding work to queue: iktfosx
Adding work to queue: jkghysc
Adding work to queue: elxazyp
Adding work to queue: apuqstw
Processing batch, queue size: 39
Adding work to queue: vlkfrxb
Adding work to queue: ookpenz
Adding work to queue: gmsvvgr
Adding work to queue: tgxulmb
Adding work to queue: zqymkhn
Adding work to queue: hwvjatj
Adding work to queue: vyjfxtc
Adding work to queue: ttckvdo
Adding work to queue: zvdnhyr
Adding work to queue: uaryvaf
Adding work to queue: ojqsvyy
Adding work to queue: itsycwc
Processing batch, queue size: 19
Adding work to queue: qmhwkhu
Adding work to queue: agbizlh
Adding work to queue: pntzgwl
Adding work to queue: vyudnqc
Adding work to queue: vgifzau
Adding work to queue: vocmmbk
Adding work to queue: xzpzecx
Adding work to queue: gierfjb
Adding work to queue: lrtwvsm
Adding work to queue: tbpurpu
Adding work to queue: cecvjzj
Adding work to queue: frdtzff
Adding work to queue: hndeemg
Processing batch, queue size: 13
Adding work to queue: aizcnaa
Adding work to queue: yiitlzh
Adding work to queue: tenaums
Adding work to queue: apznkgn
Adding work to queue: hxhwhoi
Adding work to queue: mynvxzr
Adding work to queue: qftoydd
Adding work to queue: wmlwrww
Adding work to queue: wbgfjuz
Adding work to queue: fibfzrw
Adding work to queue: roqtoeg
Adding work to queue: zqsnlky
Adding work to queue: gqwtcbj
Adding work to queue: zpvjofg
Processing batch, queue size: 14
Adding work to queue: zzwrmtr
Adding work to queue: wzuoirv
Adding work to queue: ffumzhv
Adding work to queue: lrisasc
Adding work to queue: ndwawyu
Adding work to queue: wzeswha
Adding work to queue: erciqut
Adding work to queue: uittqsb
Adding work to queue: qgcovwy
Adding work to queue: gbnyppl
Adding work to queue: atjxvjy
Adding work to queue: qodjdhs
Adding work to queue: moyfkrw
Adding work to queue: pqcipwz
Adding work to queue: mipfzjd
Adding work to queue: irtrpgg
Adding work to queue: tzfsdas
Adding work to queue: hfbyvkv
Adding work to queue: iobrluz
Processing batch, queue size: 19
Adding work to queue: yubtikt
Adding work to queue: jspaqlp
Adding work to queue: phcywrx
Adding work to queue: iclqfwq
Adding work to queue: kbldxfo
Adding work to queue: vpykmtx
Adding work to queue: kvvlxzt
Adding work to queue: tpeeond
Adding work to queue: iszexda
Adding work to queue: viituqs
Adding work to queue: ljkydwr
Adding work to queue: ldzyzjd
Adding work to queue: apnafns
Adding work to queue: imnqgdp
Adding work to queue: ezqstfm
Adding work to queue: lrpfcqa
Adding work to queue: ljrtwic
Adding work to queue: mcwdccb
Processing batch, queue size: 18
Adding work to queue: yepmyuy
Adding work to queue: fhosahb
Adding work to queue: zgpymgo
Adding work to queue: yaaxiji
Adding work to queue: qpwvnrp
Adding work to queue: abvdrri
Adding work to queue: qiowpzh
Adding work to queue: fxkpizo
Adding work to queue: txhyxqv
Processing batch, queue size: 9
Adding work to queue: ldoqqoz
Adding work to queue: brjutsz
Adding work to queue: gspsgzh
Adding work to queue: mmrgqkv
Adding work to queue: xcnkugs
Adding work to queue: wckksar
Adding work to queue: wstbcrq
Adding work to queue: vizkvct
Adding work to queue: litnkur
Adding work to queue: rulxwsk
Processing batch, queue size: 10
Adding work to queue: eftcbvi
Adding work to queue: xavialb
Adding work to queue: udjlvxo
Adding work to queue: ytpcttl
Adding work to queue: fleaelu
Adding work to queue: iqqvaaw
Adding work to queue: bflsssk
Adding work to queue: cnttxbt
Adding work to queue: yphhovx
Adding work to queue: ffelwnn
Adding work to queue: ytxdibo
Adding work to queue: fvptasc
Processing batch, queue size: 12
Adding work to queue: mdxnyii
Adding work to queue: qjvacyj
Adding work to queue: ffelnbk
Adding work to queue: zjdgqzn
Adding work to queue: clbqkfk
Adding work to queue: mqslfzi
Adding work to queue: cwafgdw
Adding work to queue: brsdvzx
Processing batch, queue size: 8
Adding work to queue: siizhbm
Adding work to queue: dtlsfwn
Adding work to queue: pielkyl
Adding work to queue: qiurxho
Processing batch, queue size: 4
Adding work to queue: vbnbkpr
Adding work to queue: gzzfkdl
Adding work to queue: xmnvjnc
Adding work to queue: mznalpc
Adding work to queue: hvifxjq
Adding work to queue: xuzfigf
Adding work to queue: ydlfkdf
Processing batch, queue size: 7
Adding work to queue: ovotiat
Adding work to queue: bjwpnku
Adding work to queue: pejigqe
Adding work to queue: xawjbbh
Adding work to queue: ltzzond
Adding work to queue: ltjsxvc
Adding work to queue: ffpoetn
Adding work to queue: tmqphie
Adding work to queue: relecnk
Adding work to queue: jxvysjc
Adding work to queue: elaxjck
Adding work to queue: fbloasy
Adding work to queue: dgfmnlv
Adding work to queue: obbsmko
Adding work to queue: zgsbszm
Adding work to queue: haefyja
Processing batch, queue size: 16
Adding work to queue: aceecey
Adding work to queue: xaaiwat
Adding work to queue: pjvenpd
Adding work to queue: jnvyrwn
Adding work to queue: qpqzmhz
Adding work to queue: hvhmisx
Adding work to queue: tuusgfb
Adding work to queue: sakcomz
Adding work to queue: ebhaahc
Adding work to queue: gvyriee
Adding work to queue: mhbdzjv
Adding work to queue: wjyzdfh
Adding work to queue: dcvihih
Adding work to queue: bqnuaix
Adding work to queue: phflguj
Adding work to queue: qfceljb
Adding work to queue: tkkzomv
Adding work to queue: ifdakho
Adding work to queue: yremxai
Adding work to queue: mcugxvi
Adding work to queue: yqlnnel
Adding work to queue: mbxwfqq
Adding work to queue: zhqrcdb
Adding work to queue: zroqagd
Adding work to queue: ayozpip
Adding work to queue: kbwhcoo
Adding work to queue: eahmnfa
Adding work to queue: itblogb
Adding work to queue: jtoprfh
Adding work to queue: hxihygd
Adding work to queue: eofluhi
Processing batch, queue size: 31
Adding work to queue: jqjhyat
Adding work to queue: loyqqay
Adding work to queue: zhoiuje
Adding work to queue: xqiyksa
Adding work to queue: hquseic
Adding work to queue: iymegbj
Adding work to queue: pwnrbkk
Adding work to queue: ushtntw
Adding work to queue: grojvsa
Adding work to queue: fgvylwf
Adding work to queue: xnunsdl
Adding work to queue: kqpwdqw
Adding work to queue: wybcega
Adding work to queue: bxmvhqn
Adding work to queue: voozfqx
Adding work to queue: yrzvkop
Adding work to queue: ntkzdaz
Adding work to queue: jkpteyc
Adding work to queue: aaiqmgc
Adding work to queue: txefput
Adding work to queue: vwwvxya
Adding work to queue: rqxmfva
Adding work to queue: xvmaetm
Adding work to queue: lrwgbdw
Adding work to queue: pakpyvs
Processing batch, queue size: 25
Adding work to queue: msdvhnv
Adding work to queue: ozrnmfl
Adding work to queue: blibuec
Adding work to queue: jonjxmf
Adding work to queue: vfvyrat
Adding work to queue: xhqtaip
Adding work to queue: hvhbmgu
Adding work to queue: oeegdpf
Adding work to queue: ubfkxhq
Adding work to queue: pnpkmuy
Adding work to queue: iiylvew
Adding work to queue: ssgavbu
Adding work to queue: piwpgeb
Adding work to queue: vcutlbn
Adding work to queue: xyxrrgj
Adding work to queue: xholepc
Adding work to queue: uhshwvm
Adding work to queue: opkvmrb
Adding work to queue: qbhtjpb
Adding work to queue: becdymg
Adding work to queue: scqtyej
Adding work to queue: rlwczyb
Adding work to queue: tfiabcg
Adding work to queue: fiajkpr
Adding work to queue: yhncuar
Adding work to queue: zroghpe
Adding work to queue: obhgizw
Adding work to queue: ueanzyx
Adding work to queue: gmwwgrx
Adding work to queue: oiblpyg
Adding work to queue: glispps
Adding work to queue: kwdeeqk
Adding work to queue: lsllcqh
Adding work to queue: xrgqedy
Processing batch, queue size: 34
Adding work to queue: egwsbby
Adding work to queue: hipnflb
Adding work to queue: uvcummd
Adding work to queue: jsxjmrz
Adding work to queue: fppkuxg
Adding work to queue: ijfddsu
Adding work to queue: zaxsiao
Adding work to queue: plezbim
Adding work to queue: orhfvqt
Adding work to queue: xnzzxlf
Adding work to queue: dtmdgts
Adding work to queue: fvglymq
Adding work to queue: hbwmcxc
Adding work to queue: dhhxyoe
Adding work to queue: orsloki
Adding work to queue: vgebzau
Adding work to queue: guvmmbj
Adding work to queue: pavfxvf
Adding work to queue: tfmrdpt
Adding work to queue: vjxccdg
Adding work to queue: wrothst
Adding work to queue: tuwbrbw
Adding work to queue: byfyvvj
Adding work to queue: tqyxykh
Adding work to queue: jmyxmli
Adding work to queue: wzovbxx
Processing batch, queue size: 28
Adding work to queue: rhtxboe
Adding work to queue: lvqdnbt
Adding work to queue: sbchbit
Adding work to queue: fdhpnvx
Adding work to queue: qazfmza
Adding work to queue: ikzurre
Adding work to queue: idqtbuj
Adding work to queue: vgvqafe
Adding work to queue: ytwhpag
Adding work to queue: ytztmcj
Adding work to queue: bhfqenj
Adding work to queue: nyybhvy
Adding work to queue: fnwoaht
Adding work to queue: isuqhbb
Adding work to queue: jbexnuc
Adding work to queue: ugqolrj
Adding work to queue: jpshiok
Adding work to queue: gwqmywk
Adding work to queue: zdnjqii
Adding work to queue: xytaczo
Adding work to queue: qseblfj
Adding work to queue: wtokirc
Adding work to queue: fqehgbo
Adding work to queue: xwydhnh
Adding work to queue: utktnqu
Adding work to queue: grulqiw
Adding work to queue: jzoispc
Adding work to queue: bouztnx
Adding work to queue: bysshkz
Adding work to queue: jdasjdr
Adding work to queue: vhicpis
Adding work to queue: uqzhbxc
Adding work to queue: mlsdgru
Adding work to queue: faigqac
Adding work to queue: grdhpdz
Adding work to queue: vgukqxn
Adding work to queue: ukeakbx
Adding work to queue: ywxcexq
Adding work to queue: mowoeqg
Adding work to queue: ltbqoni
Adding work to queue: yottvyy
Adding work to queue: lyojpqg
Adding work to queue: vcedvss
Processing batch, queue size: 43
Adding work to queue: vzeftqd
Adding work to queue: uxkidgs
Adding work to queue: gzndgfg
Adding work to queue: fzzbzum
Adding work to queue: uqvsyuz
Adding work to queue: llardch
Adding work to queue: nmlmkxz
Adding work to queue: ojtkoxo
Adding work to queue: rxstxci
Adding work to queue: xnvwuny
Adding work to queue: tdlinld
Adding work to queue: afynxab
Adding work to queue: rvyxhxc
Adding work to queue: epnwjzn
Adding work to queue: ouybphg
Processing batch, queue size: 26
Adding work to queue: xwmoqog
Adding work to queue: vbegvpj
Adding work to queue: dhuwqeg
Adding work to queue: pmryche
Adding work to queue: qcvpmch
Adding work to queue: gzxrelj
Adding work to queue: lcfhtlq
Adding work to queue: zvrftqs
Adding work to queue: qdujmqn
Adding work to queue: lveujat
Adding work to queue: vqowlqa
Adding work to queue: bsdieav
Adding work to queue: hgcfabj
Adding work to queue: mkhtlhi
Adding work to queue: rrzcifw
Adding work to queue: wdeeqti
Adding work to queue: uudewqu
Adding work to queue: uqyrcyi
Adding work to queue: nqqzepc
Adding work to queue: rxzlmmc
Adding work to queue: tdcllsd
Adding work to queue: qejlavs
Processing batch, queue size: 22
Adding work to queue: xkxfvvw
Adding work to queue: jllobbs
Adding work to queue: ykrfiol
Adding work to queue: zhsckvd
Adding work to queue: uenwyna
Adding work to queue: rcnnjng
Adding work to queue: liphgdl
Adding work to queue: pojquxq
Adding work to queue: qqviepw
Adding work to queue: jnraaje
Adding work to queue: mrrlebs
Processing batch, queue size: 11
Adding work to queue: hrukzet
Adding work to queue: ycxsybb
Adding work to queue: ncesxqu
Adding work to queue: qfyfasi
Adding work to queue: nzkwgch
Adding work to queue: zunpfwg
Adding work to queue: ubtyzou
Adding work to queue: bnsnedp
Adding work to queue: epfvtni
Adding work to queue: aohkmtp
Adding work to queue: zcnpcen
Processing batch, queue size: 11
Adding work to queue: vmkmvnu
Adding work to queue: okhagzx
Adding work to queue: lflykal
Adding work to queue: qzqxfab
Processing batch, queue size: 4
Adding work to queue: faxtrsk
Adding work to queue: tsmgxvz
Processing batch, queue size: 2
Adding work to queue: jtgxcym
Adding work to queue: tgzwvph
Adding work to queue: bflolnj
Adding work to queue: ubtjvnv
Adding work to queue: uoexpjp
Adding work to queue: ughnsus
Adding work to queue: pcnvnlg
Processing batch, queue size: 7
Adding work to queue: ypcxswa
Adding work to queue: aafrgtm
Adding work to queue: wxmwwiy
Adding work to queue: dazvwpt
Processing batch, queue size: 4
Adding work to queue: cobuuyn
Adding work to queue: obsrghk
Adding work to queue: rdrhgdn
Adding work to queue: nnzkymt
Adding work to queue: dixecni
Adding work to queue: lnleyjr
Adding work to queue: rwtygur
Adding work to queue: lsrqslf
Adding work to queue: eitacvt
Adding work to queue: lzeratp
Adding work to queue: irfybok
Adding work to queue: pstectq
Adding work to queue: phvlnwg
Adding work to queue: kmahuud
Adding work to queue: bkewafx
Adding work to queue: pawjgdt
Adding work to queue: rhbjrfv
Adding work to queue: wyqdjdt
Processing batch, queue size: 18
Adding work to queue: zhxekgo
Adding work to queue: nkubddu
Adding work to queue: vlsvntf
Adding work to queue: njwrihy
Adding work to queue: zxrgevx
Adding work to queue: eqcbwre
Adding work to queue: ojifubk
Adding work to queue: tnsecky
Adding work to queue: fhmcsvu
Adding work to queue: darvkdu
Adding work to queue: qdjryba
Adding work to queue: krzxgzs
Adding work to queue: zgcrbbl
Adding work to queue: exgnauy
Adding work to queue: vjkphru
Adding work to queue: iwnoneq
Adding work to queue: jwotpyn
Adding work to queue: ghakfcy
Adding work to queue: tvvnvyf
Adding work to queue: rdmyfqm
Adding work to queue: ixxviyn
Adding work to queue: pkaqaka
Adding work to queue: xvntxml
Adding work to queue: fwtqhvp
Adding work to queue: bfcdrpv
Adding work to queue: efmrjea
Adding work to queue: nzjlivs
Adding work to queue: edxtday
Adding work to queue: gufswug
Adding work to queue: otzgcor
Adding work to queue: bztdjbj
Adding work to queue: pcrewkz
Adding work to queue: hpcmmkv
Processing batch, queue size: 33
Adding work to queue: rredpog
Adding work to queue: vowimav
Adding work to queue: gtpdsxg
Adding work to queue: laqfjfd
Adding work to queue: jwvabcu
Adding work to queue: mdezffv
Adding work to queue: wlkmsod
Adding work to queue: brqhman
Adding work to queue: chrcwbp
Adding work to queue: vyfejpx
Adding work to queue: dmrailb
Adding work to queue: pkcpjsw
Adding work to queue: ckjbvos
Adding work to queue: hcrcnvt
Adding work to queue: etszgvg
Adding work to queue: hepkqxn
Adding work to queue: qdwqivs
Adding work to queue: mjdodls
Adding work to queue: odbduew
Adding work to queue: loqjgct
Adding work to queue: skhubmh
Adding work to queue: bpkhwgl
Adding work to queue: kbuivtz
Adding work to queue: demywrz
Adding work to queue: cgzdtgr
Adding work to queue: pfomdus
Adding work to queue: jiajmdx
Adding work to queue: kaqvwpg
Adding work to queue: xetpzop
Processing batch, queue size: 30
Adding work to queue: lixysit
Adding work to queue: dyzjwny
Adding work to queue: lkdlijo
Adding work to queue: sjoowwq
Adding work to queue: xbzceoc
Adding work to queue: ctlnkvu
Adding work to queue: eohiruh
Adding work to queue: wjzxuwo
Adding work to queue: mybembw
Adding work to queue: niqonkb
Adding work to queue: enlhtjv
Adding work to queue: fnuacvr
Adding work to queue: ocqegsg
Adding work to queue: xngcouj
Adding work to queue: iiocipj
Adding work to queue: wgetwun
Adding work to queue: eelzdbd
Adding work to queue: jvvpofx
Adding work to queue: fyumewr
Adding work to queue: prbsnqf
Adding work to queue: nbzmlax
Adding work to queue: lbqvkoi
Adding work to queue: wbmuhew
Adding work to queue: anisrlf
Adding work to queue: bpncywl
Adding work to queue: sqwnlct
Adding work to queue: dsppmdc
Adding work to queue: bfowbug
Processing batch, queue size: 28
Adding work to queue: vezegnm
Adding work to queue: bbvplcp
Adding work to queue: kxajwbh
Adding work to queue: euvggin
Adding work to queue: uogjgpn
Adding work to queue: syuzxxf
Adding work to queue: rewcvks
Adding work to queue: xocddby
Adding work to queue: flzfdds
Adding work to queue: ymumdxs
Adding work to queue: vrmbuxw
Adding work to queue: drbhsla
Adding work to queue: oaryzwh
Adding work to queue: gquwoqv
Adding work to queue: xmrwtjx
Adding work to queue: qxmvxmf
Adding work to queue: qeliufn
Processing batch, queue size: 17
Adding work to queue: vhakenv
Adding work to queue: mxyrpan
Adding work to queue: ojkyvfx
Adding work to queue: hnmxpad
Adding work to queue: ijrdtkk
Adding work to queue: qifcneh
Adding work to queue: ndvhdlu
Adding work to queue: obqdqiu
Adding work to queue: ahlxklf
Adding work to queue: kqameeo
Adding work to queue: pmbpzhq
Adding work to queue: gbjsnvz
Adding work to queue: zcewwpr
Adding work to queue: irhbxqb
Adding work to queue: dwmtoic
Adding work to queue: egbtjgy
Adding work to queue: khmnppl
Adding work to queue: tlcertw
Adding work to queue: bodvnkn
Adding work to queue: kyrgvia
Adding work to queue: tspzbxv
Processing batch, queue size: 21
Adding work to queue: kokfdsh
Adding work to queue: mrhluat
Adding work to queue: augewyz
Adding work to queue: dhkfjnv
Adding work to queue: yfvbtpr
Adding work to queue: jztvyod
Adding work to queue: hhgtzbv
Adding work to queue: xfcrpnx
Adding work to queue: vimfblu
Adding work to queue: iqoekgy
Adding work to queue: jrtpuwr
Adding work to queue: bamhtbk
Adding work to queue: sfxglzt
Adding work to queue: bbjvpel
Processing batch, queue size: 14
Adding work to queue: jjyeqcg
Adding work to queue: zogbbka
Adding work to queue: whadcmb
Adding work to queue: hzrxqum
Adding work to queue: xvwxmlu
Adding work to queue: wngnckc
Adding work to queue: cwcqisf
Adding work to queue: yyyymsi
Adding work to queue: bnenwlw
Adding work to queue: xnnnoox
Adding work to queue: cehkmcr
Adding work to queue: bjycvax
Adding work to queue: jdaeacf
Adding work to queue: uqglsqn
Adding work to queue: eudakvs
Adding work to queue: ivmvotx
Adding work to queue: lrymwep
Adding work to queue: fthujci
Adding work to queue: byzfxnx
Adding work to queue: lkzutdw
Adding work to queue: jexkijn
Adding work to queue: rroqhjq
Adding work to queue: ptqexjo
Adding work to queue: ywqrwxw
Adding work to queue: aebrgdg
Adding work to queue: enevyle
Adding work to queue: blluyin
Adding work to queue: bbiffso
Adding work to queue: fczkagh
Adding work to queue: defhqgm
Adding work to queue: mfjzxws
Adding work to queue: vnxybqx
Adding work to queue: kdvmnux
Adding work to queue: wuibmmm
Adding work to queue: nhhsxlc
Adding work to queue: mpxrybd
Adding work to queue: xdermis
Adding work to queue: ljizrfk
Adding work to queue: whmagvp
Adding work to queue: ymtkzcc
Adding work to queue: ahxjuzt
Adding work to queue: nwddgbd
Adding work to queue: wgwaqvs
Adding work to queue: antsgwj
Adding work to queue: bdrhhhp
Adding work to queue: huefejq
Processing batch, queue size: 46
Adding work to queue: zqptafq
Adding work to queue: dlupnbv
Adding work to queue: pktqovd
Adding work to queue: avqffqi
Adding work to queue: hpqfmwz
Adding work to queue: cavwrfu
Adding work to queue: yoxerlq
Adding work to queue: iwiwioo
Adding work to queue: djnwedg
Adding work to queue: qoigyim
Adding work to queue: xjuoctu
Adding work to queue: sofkdnk
Adding work to queue: ldwovwm
Adding work to queue: givevzo
Adding work to queue: tzwngna
Adding work to queue: piwiwzi
Adding work to queue: quyelbh
Processing batch, queue size: 31
Adding work to queue: xtarpxo
Adding work to queue: ikrojxr
Adding work to queue: sowywzw
Adding work to queue: spmwgug
Adding work to queue: qtqxmyx
Adding work to queue: eabsixo
Adding work to queue: pizqncu
Adding work to queue: kjntvra
Adding work to queue: mduzokq
Adding work to queue: nntpexc
Adding work to queue: erscpzm
Adding work to queue: ktffxpi
Adding work to queue: hfkqpgh
Adding work to queue: vifulai
Processing batch, queue size: 14
Adding work to queue: dqwhthd
Adding work to queue: zgacbhl
Adding work to queue: uoixgpd
Adding work to queue: zxkxwys
Adding work to queue: znfxxdm
Adding work to queue: jjwdceh
Adding work to queue: zuntdkc
Adding work to queue: qtnmcld
Adding work to queue: ipajypk
Adding work to queue: mrcuons
Adding work to queue: ujnjlms
Adding work to queue: uhlpeuz
Adding work to queue: bscemki
Adding work to queue: tukvdoi
Adding work to queue: scfschu
Adding work to queue: kpdtqtp
Adding work to queue: evkkpjd
Adding work to queue: rxyzwqx
Adding work to queue: mquilqe
Adding work to queue: acgqyao
Adding work to queue: mmcubmo
Adding work to queue: zdokaxw
Adding work to queue: ncemllm
Adding work to queue: amkpbxs
Adding work to queue: cjrrulr
Adding work to queue: obhaifw
Adding work to queue: ohbmrnj
Adding work to queue: zuvflyq
Adding work to queue: djrhfjx
Adding work to queue: jpvyvck
Adding work to queue: wuedwdi
Adding work to queue: sflvwzc
Adding work to queue: dhtzanh
Processing batch, queue size: 33
Adding work to queue: ljthify
Adding work to queue: uljqgqh
Adding work to queue: qgpkjyt
Adding work to queue: qtasrgj
Adding work to queue: ounrvdv
Adding work to queue: swswimv
Adding work to queue: dpimkkq
Adding work to queue: skaagaf
Adding work to queue: lbzwlsq
Adding work to queue: zoywltp
Adding work to queue: juggriv
Adding work to queue: qzeyenr
Adding work to queue: zwsogzf
Processing batch, queue size: 14
Adding work to queue: wftkyuk
Adding work to queue: gszkwce
Adding work to queue: lleliux
Adding work to queue: fyxmwcs
Adding work to queue: tbxvneh
Adding work to queue: ybaolfu
Adding work to queue: rwymqog
Adding work to queue: xmdqiuh
Adding work to queue: syrlhxv
Adding work to queue: qkisaoo
Adding work to queue: cicbksw
Adding work to queue: uazvrbi
Adding work to queue: cozeqpu
Adding work to queue: ljbcrlo
Adding work to queue: fqhwqlc
Adding work to queue: uwurxqp
Adding work to queue: qzvcoba
Adding work to queue: npdzkwb
Adding work to queue: itueiay
Adding work to queue: ruckhut
Adding work to queue: cmxlcdj
Adding work to queue: mdpqord
Adding work to queue: ryraybs
Adding work to queue: sqhabom
Adding work to queue: hwjhbek
Adding work to queue: rkzvrks
Adding work to queue: lxrilxt
Adding work to queue: kbslmys
Adding work to queue: donbexa
Adding work to queue: ncibewt
Adding work to queue: fzfjpbo
Processing batch, queue size: 31
Adding work to queue: xfgfzkp
Adding work to queue: lqkewae
Adding work to queue: rsdunme
Adding work to queue: chskmcl
Adding work to queue: hzacvxt
Adding work to queue: aetzhov
Adding work to queue: ajreena
Adding work to queue: affnmpk
Adding work to queue: frusnac
Adding work to queue: ifwvnpy
Adding work to queue: dizmiqm
Adding work to queue: gkewsqx
Adding work to queue: auyyfep
Adding work to queue: rlveuqy
Adding work to queue: cpzfrjc
Adding work to queue: jugrzvs
Adding work to queue: kpunrip
Processing batch, queue size: 17
Adding work to queue: iupwpnp
Adding work to queue: kcwaqkl
Adding work to queue: yniyjhp
Adding work to queue: wyghxnh
Adding work to queue: taaukvb
Adding work to queue: mlddbci
Adding work to queue: hiryefy
Adding work to queue: qfjywus
Adding work to queue: ctvyxno
Adding work to queue: byeiill
Adding work to queue: isjtmhw
Adding work to queue: dltefkg
Adding work to queue: raimahb
Adding work to queue: biasnah
Adding work to queue: xqkmsey
Adding work to queue: htvrksj
Adding work to queue: uirflek
Processing batch, queue size: 17
Adding work to queue: irqceby
Adding work to queue: rocwkqy
Adding work to queue: turbnce
Adding work to queue: ntaasuw
Adding work to queue: fzfkavw
Adding work to queue: epchlpj
Adding work to queue: ocxdopj
Processing batch, queue size: 7
Adding work to queue: rhktrvz
Adding work to queue: oxketez
Adding work to queue: rpdhney
Adding work to queue: zfansqe
Adding work to queue: dihkccc
Adding work to queue: hiqnxoo
Adding work to queue: qzioeau
Adding work to queue: lhfzkjy
Adding work to queue: xxwkyro
Adding work to queue: frczckc
Adding work to queue: slibjih
Adding work to queue: svjijyt
Adding work to queue: twqkbeq
Adding work to queue: hivmkfd
Adding work to queue: phdshdm
Adding work to queue: mvpdkat
Processing batch, queue size: 16
Adding work to queue: flkwwaz
Adding work to queue: ehbsmnd
Adding work to queue: xfrllne
Adding work to queue: zganvcu
Adding work to queue: fuiweia
Adding work to queue: bmmtill
Adding work to queue: eorzyny
Adding work to queue: wbygacy
Adding work to queue: rldbdhk
Adding work to queue: zcrevcx
Adding work to queue: uulipjm
Adding work to queue: ljxfble
Processing batch, queue size: 12
Adding work to queue: pljhghu
Adding work to queue: rxbzhia
Adding work to queue: hmwbqwm
Adding work to queue: pgmlxko
Adding work to queue: tfxiovt
Adding work to queue: hdrsfrn
Adding work to queue: tqnwvcu
Adding work to queue: iygzbdt
Adding work to queue: izezfgv
Processing batch, queue size: 9
Adding work to queue: iayrmlx
Adding work to queue: ybbyipv
Adding work to queue: rldpnvj
Adding work to queue: fuiayum
Adding work to queue: lbfajqd
Adding work to queue: chsjabw
Adding work to queue: wjaibrv
Adding work to queue: nndzcpl
Adding work to queue: ttdupyt
Adding work to queue: tnuvwme
Adding work to queue: nnhvagi
Adding work to queue: hunxfud
Adding work to queue: ounhkuc
Adding work to queue: kvhpjbh
Adding work to queue: dwjgerf
Adding work to queue: zetvcdg
Adding work to queue: bizbzyr
Adding work to queue: vrpytah
Adding work to queue: iibpbsn
Adding work to queue: urtjpgk
Adding work to queue: kvpmjtw
Adding work to queue: yzecuga
Processing batch, queue size: 22
Adding work to queue: gtnlxiw
Adding work to queue: fatwyxv
Adding work to queue: xrtbbnd
Adding work to queue: ihmiqxe
Adding work to queue: sfqfvmd
Adding work to queue: ifdkfnz
Adding work to queue: iskbglj
Adding work to queue: xqocpts
Adding work to queue: vtfmjvk
Adding work to queue: qibzbuv
Adding work to queue: jrdrpjn
Adding work to queue: kfscnuz
Adding work to queue: uaxwxhq
Adding work to queue: uufvapj
Adding work to queue: zruwudd
Adding work to queue: kitsnpz
Adding work to queue: xqvnbdc
Adding work to queue: ivzprja
Adding work to queue: ssucdvr
Adding work to queue: rsgucbo
Adding work to queue: pinynej
Adding work to queue: pfoygzu
Adding work to queue: jyeifpc
Adding work to queue: lhtssnv
Adding work to queue: qxgwrpv
Adding work to queue: mnlbnaq
Adding work to queue: dxlubff
Adding work to queue: luruzxt
Adding work to queue: qslivko
Adding work to queue: hhqoplr
Adding work to queue: qjplmfj
Adding work to queue: bbxlyyz
Adding work to queue: hxrqtra
Adding work to queue: bivfyha
Processing batch, queue size: 34
Adding work to queue: umluvmh
Adding work to queue: tgbhfvh
Adding work to queue: vmecwuj
Adding work to queue: rhylxbv
Adding work to queue: jxgqoil
Adding work to queue: qtgcbpt
Adding work to queue: nlkdepy
Adding work to queue: pnndxds
Adding work to queue: swqzgud
Adding work to queue: dcdltes
Adding work to queue: irdusbc
Adding work to queue: sibpuin
Processing batch, queue size: 14
Adding work to queue: xantbik
Adding work to queue: dbxpzyy
Adding work to queue: zdojjoc
Adding work to queue: bgjsnex
Adding work to queue: cflclel
Adding work to queue: shimpsg
Adding work to queue: eumogfn
Processing batch, queue size: 7
Adding work to queue: ywznexi
Adding work to queue: adjoddq
Adding work to queue: ztzwfhe
Processing batch, queue size: 3
Adding work to queue: fmtoalt
Processing batch, queue size: 1
Adding work to queue: yrngamt
Adding work to queue: znfdahm
Adding work to queue: ljxcoep
Adding work to queue: pqylhhk
Adding work to queue: kmhnbqp
Adding work to queue: badwzfz
Adding work to queue: wehutql
Processing batch, queue size: 7
Adding work to queue: gbxqexo
Adding work to queue: dzeuoio
Adding work to queue: ntcnmzw
Adding work to queue: jssiimi
Adding work to queue: bdwpdcr
Adding work to queue: umpcuqu
Adding work to queue: coszqqu
Adding work to queue: jcfrqhk
Processing batch, queue size: 8
Adding work to queue: xqbvujg
Adding work to queue: cyhmtqp
Adding work to queue: yqkzgjc
Processing batch, queue size: 3
Adding work to queue: pewvpax
Processing batch, queue size: 1
Adding work to queue: kzafcbn
Adding work to queue: kikoehv
Adding work to queue: kegdwrd
Adding work to queue: awiyeht
Adding work to queue: wtnwwwa
Adding work to queue: xysysrn
Adding work to queue: spphxpl
Adding work to queue: ydurbdb
Adding work to queue: autexua
Adding work to queue: gckbwlv
Adding work to queue: qooohuf
Adding work to queue: tixmssv
Adding work to queue: okswbst
Adding work to queue: jmjxqqx
Adding work to queue: nmgnrdh
Adding work to queue: gaiolyr
Adding work to queue: tjydlch
Adding work to queue: qpzwofc
Adding work to queue: tlmgjrw
Adding work to queue: ihzzods
Adding work to queue: zueramy
Adding work to queue: qfswihm
Adding work to queue: stlipft
Adding work to queue: ghscpqs
Adding work to queue: ffyjyez
Adding work to queue: sqgdnli
Adding work to queue: bptiujr
Adding work to queue: dokrtem
Adding work to queue: kxhcsiv
Adding work to queue: hjxifth
Adding work to queue: jqnsiuz
Adding work to queue: aqueusl
Adding work to queue: ksmonhl
Adding work to queue: bkxiqll
Adding work to queue: bfhugfw
Adding work to queue: heiqfuv
Adding work to queue: rmujuik
Adding work to queue: lhmsxxz
Adding work to queue: qrzciqa
Adding work to queue: wfadnmb
Adding work to queue: mdkjstq
Adding work to queue: hbaymcz
Adding work to queue: ztofnbc
Adding work to queue: jwvfzeb
Adding work to queue: kayhxxy
Adding work to queue: uoegrtt
Adding work to queue: apkqlaf
Adding work to queue: byskmgi
Adding work to queue: xmybwaq
Adding work to queue: kjhgmpw
Adding work to queue: dkxemuw
Adding work to queue: tjrnypd
Adding work to queue: okaegmu
Adding work to queue: wzfhljf
Adding work to queue: retxzpu
Adding work to queue: ybggnzi
Adding work to queue: ccaevwh
Adding work to queue: stlypbt
Adding work to queue: xxevqth
Adding work to queue: dxvpvrf
Adding work to queue: ykaxqcy
Adding work to queue: mbfikka
Adding work to queue: lkwhlxl
Adding work to queue: qutttzt
Adding work to queue: biejnox
Adding work to queue: ovcjsdb
Adding work to queue: atilqpa
Adding work to queue: zgawiqu
Adding work to queue: xtparhp
Adding work to queue: nbzkhox
Adding work to queue: qoleefz
Adding work to queue: uaageld
Adding work to queue: jeickoc
Adding work to queue: wzrttiy
Adding work to queue: nogkdbq
Adding work to queue: lpkshrs
Adding work to queue: wtvowhp
Adding work to queue: elanqyo
Adding work to queue: jcpjldm
Adding work to queue: zrkbbdf
Adding work to queue: badbkdj
Adding work to queue: tfrydla
Adding work to queue: soywotm
Adding work to queue: ygndfmn
Adding work to queue: qwcynqk
Adding work to queue: gjjvqgb
Run behaviours time:15284188
Adding work to queue: nqeqqip
[report]: [report]: _Adding work to queue: bzicpga
overall_duration_ns : 15284188
[report]: [report]: _overall_operation_number : 1000000
Adding work to queue: isxbtgo
[report]: [report]: _overall_throughput : 65427093.673540
Adding work to queue: ufpxxci
completed_ops: 1549
Adding work to queue: hesanam
Adding work to queue: gbxbeps
Adding work to queue: ynuktpy
Adding work to queue: efriwrx
Processing batch, queue size: 94
Adding work to queue: yobqbtb
