GNU gdb (Ubuntu 12.1-0ubuntu1~22.04) 12.1
Copyright (C) 2022 Free Software Foundation, Inc.
License GPLv3+: GNU GPL version 3 or later <http://gnu.org/licenses/gpl.html>
This is free software: you are free to change and redistribute it.
There is NO WARRANTY, to the extent permitted by law.
Type "show copying" and "show warranty" for details.
This GDB was configured as "x86_64-linux-gnu".
Type "show configuration" for configuration details.
For bug reporting instructions, please see:
<https://www.gnu.org/software/gdb/bugs/>.
Find the GDB manual and other documentation resources online at:
    <http://www.gnu.org/software/gdb/documentation/>.

For help, type "help".
Type "apropos word" to search for commands related to "word"...
Reading symbols from ./hash_rt...
[?2004h(gdb) r
[?2004lStarting program: /mnt/nvme0/home/gxr/Myhash_boc/Hash_rt/build/hash_rt 
[Thread debugging using libthread_db enabled]
Using host libthread_db library "/lib/x86_64-linux-gnu/libthread_db.so.1".
Set fair: 1
Init runtime
Scheduler Thread created
Scheduler Thread created
Runtime initialised
Init time:1789069098
[New Thread 0x7fbfdf3e8640 (LWP 1187741)]
Starting all threads
[New Thread 0x7fbfdebe7640 (LWP 1187742)]
[New Thread 0x7fbfde3e6640 (LWP 1187743)]
BehaviourCore::schedule_many1
Prepare phase duration: 640
Acquire phase duration: 640
Exchange duration: 330
Release phase duration: 80
Process phase duration: 850
BehaviourCore::schedule_many1
Prepare phase duration: 170
Acquire phase duration: 770
Exchange duration: 650
Release phase duration: 50
Process phase duration: 180
BehaviourCore::schedule_many1
Prepare phase duration: 150
Acquire phase duration: 420
Exchange duration: 310
Release phase duration: 40
Process phase duration: 130
BehaviourCore::schedule_many1
Prepare phase duration: 140
Acquire phase duration: 420
Exchange duration: 310
Release phase duration: 40
Process phase duration: 130
this thread id: 140462060897856 completed_count_last_batch: 3
[New Thread 0x7fbfddbe5640 (LWP 1187744)]
this thread id: 2 completed_count_last_batch: 2
this thread id: 1 completed_count_last_batch: 2
get work duration: 5400
get work duration: 4240
get body duration: 1050
get body duration: 170
run body duration: 9700
run body duration: 7540
release cown duration: 8930
release cown duration: 5460
dealloc behaviour duration: 30
dealloc behaviour duration: 20
dealloc work duration: 96430
dealloc work duration: 91550
this thread id: 1 completed_count_last_batch: 1
this thread id: 2 completed_count_last_batch: 0
get work duration: 460
get work duration: 520
get body duration: 60
get body duration: 50
run body duration: 2060
run body duration: 1370
release cown duration: 470
release cown duration: 430
dealloc behaviour duration: 30
dealloc work duration: 370
dealloc behaviour duration: 30
dealloc work duration: 350

Thread 1 "hash_rt" received signal SIGINT, Interrupt.
__futex_abstimed_wait_common64 (private=128, cancel=true, abstime=0x0, op=265, expected=1187743, futex_word=0x7fbfde3e6910) at ./nptl/futex-internal.c:57
57	./nptl/futex-internal.c: No such file or directory.
[?2004h[?2004l[?2004h(gdb) q
[?2004l[?2004hA debugging session is active.

	Inferior 1 [process 1187725] will be killed.

Quit anyway? (y or n) q[Ky
[?2004l