/users/Xuran/hash_rt/build/hash_rt --num_threads=8 --str_key_size=8 --str_value_size=100 --num_ops=100 --first_mode=true --work_usec=0
Running with 8 cores
Init time:2342043309
Init scheduler time:54875
When creation time: 377 ns
create_behaviour time: 17649
sort indexes time: 300
first phase time: 482
second phase time: 125
resolve time: 341
one when time: 88083
When creation time: 343 ns
create_behaviour time: 109
sort indexes time: 109
first phase time: 549
second phase time: 78
resolve time: 253
one when time: 42317
When creation time: 338 ns
create_behaviour time: 82
sort indexes time: 110
first phase time: 422
second phase time: 71
resolve time: 129
one when time: 43528
When creation time: 227 ns
create_behaviour time: 80
sort indexes time: 129
first phase time: 562
second phase time: 71
resolve time: 156
one when time: 42355
When creation time: 230 ns
create_behaviour time: 80
sort indexes time: 135
first phase time: 384
second phase time: 62
resolve time: 144
one when time: 42771
When creation time: 357 ns
create_behaviour time: 71
sort indexes time: 86
first phase time: 433
second phase time: 69
resolve time: 136
one when time: 41795
When creation time: 248 ns
create_behaviour time: 84
sort indexes time: 107
first phase time: 398
second phase time: 64
resolve time: 95
one when time: 33193
When creation time: 226 ns
create_behaviour time: 93
sort indexes time: 100
first phase time: 385
second phase time: 67
resolve time: 127
one when time: 33633
When creation time: 225 ns
create_behaviour time: 80
sort indexes time: 85
first phase time: 369
second phase time: 69
resolve time: 86
one when time: 32753
When creation time: 311 ns
create_behaviour time: 79
sort indexes time: 106
first phase time: 379
second phase time: 65
resolve time: 100
one when time: 32853
When creation time: 220 ns
create_behaviour time: 75
sort indexes time: 95
first phase time: 383
second phase time: 64
resolve time: 129
one when time: 33029
When creation time: 216 ns
create_behaviour time: 88
sort indexes time: 98
first phase time: 385
second phase time: 63
resolve time: 85
one when time: 33731
When creation time: 218 ns
create_behaviour time: 78
sort indexes time: 99
first phase time: 384
second phase time: 54
resolve time: 84
one when time: 33180
When creation time: 229 ns
create_behaviour time: 71
sort indexes time: 115
first phase time: 293
second phase time: 60
resolve time: 82
one when time: 33483
When creation time: 220 ns
create_behaviour time: 71
sort indexes time: 94
first phase time: 380
second phase time: 64
resolve time: 82
one when time: 32622
When creation time: 220 ns
create_behaviour time: 78
sort indexes time: 106
first phase time: 395
second phase time: 71
resolve time: 74
one when time: 32198
When creation time: 234 ns
create_behaviour time: 69
sort indexes time: 95
first phase time: 593
second phase time: 69
resolve time: 90
one when time: 33438
When creation time: 220 ns
create_behaviour time: 69
sort indexes time: 102
first phase time: 389
second phase time: 60
resolve time: 87
one when time: 32738
When creation time: 223 ns
create_behaviour time: 68
sort indexes time: 97
first phase time: 300
second phase time: 69
resolve time: 89
one when time: 33851
When creation time: 211 ns
create_behaviour time: 43
sort indexes time: 67
first phase time: 366
second phase time: 45
resolve time: 67
one when time: 22654
When creation time: 100 ns
create_behaviour time: 54
sort indexes time: 64
first phase time: 158
second phase time: 45
resolve time: 62
one when time: 21678
When creation time: 225 ns
create_behaviour time: 44
sort indexes time: 62
first phase time: 436
second phase time: 49
resolve time: 62
one when time: 22585
When creation time: 223 ns
create_behaviour time: 40
sort indexes time: 72
first phase time: 358
second phase time: 49
resolve time: 66
one when time: 22825
When creation time: 220 ns
create_behaviour time: 42
sort indexes time: 71
first phase time: 471
second phase time: 42
resolve time: 63
one when time: 22826
When creation time: 213 ns
create_behaviour time: 40
sort indexes time: 66
first phase time: 377
second phase time: 43
resolve time: 67
one when time: 22256
When creation time: 213 ns
create_behaviour time: 42
sort indexes time: 69
first phase time: 282
second phase time: 50
resolve time: 74
one when time: 21367
When creation time: 209 ns
create_behaviour time: 40
sort indexes time: 60
first phase time: 398
second phase time: 42
resolve time: 62
one when time: 22622
When creation time: 218 ns
create_behaviour time: 69
sort indexes time: 105
first phase time: 407
second phase time: 70
resolve time: 89
one when time: 43596
When creation time: 215 ns
create_behaviour time: 65
sort indexes time: 106
first phase time: 415
second phase time: 62
resolve time: 96
one when time: 42042
When creation time: 215 ns
create_behaviour time: 80
sort indexes time: 76
first phase time: 368
second phase time: 36
resolve time: 60
one when time: 29820
When creation time: 209 ns
create_behaviour time: 38
sort indexes time: 67
first phase time: 365
second phase time: 38
resolve time: 62
one when time: 22316
When creation time: 207 ns
create_behaviour time: 42
sort indexes time: 67
first phase time: 403
second phase time: 42
resolve time: 62
one when time: 22700
When creation time: 200 ns
create_behaviour time: 40
sort indexes time: 70
first phase time: 369
second phase time: 45
resolve time: 73
one when time: 22204
When creation time: 212 ns
create_behaviour time: 40
sort indexes time: 69
first phase time: 413
second phase time: 51
resolve time: 71
one when time: 22791
When creation time: 207 ns
create_behaviour time: 40
sort indexes time: 62
first phase time: 366
second phase time: 43
resolve time: 60
one when time: 22860
When creation time: 209 ns
create_behaviour time: 44
sort indexes time: 76
first phase time: 392
second phase time: 49
resolve time: 87
one when time: 37531
When creation time: 220 ns
create_behaviour time: 42
sort indexes time: 73
first phase time: 368
second phase time: 43
resolve time: 69
one when time: 23377
When creation time: 223 ns
create_behaviour time: 42
sort indexes time: 75
first phase time: 300
second phase time: 41
resolve time: 64
one when time: 22481
When creation time: 209 ns
create_behaviour time: 40
sort indexes time: 73
first phase time: 376
second phase time: 44
resolve time: 84
one when time: 22564
When creation time: 215 ns
create_behaviour time: 55
sort indexes time: 73
first phase time: 351
second phase time: 43
resolve time: 84
one when time: 22377
When creation time: 253 ns
create_behaviour time: 40
sort indexes time: 74
first phase time: 365
second phase time: 42
resolve time: 70
one when time: 22715
When creation time: 211 ns
create_behaviour time: 40
sort indexes time: 75
first phase time: 285
second phase time: 44
resolve time: 69
one when time: 22822
When creation time: 217 ns
create_behaviour time: 42
sort indexes time: 73
first phase time: 373
second phase time: 46
resolve time: 96
one when time: 23515
When creation time: 210 ns
create_behaviour time: 44
sort indexes time: 73
first phase time: 373
second phase time: 43
resolve time: 76
one when time: 23240
When creation time: 209 ns
create_behaviour time: 41
sort indexes time: 68
first phase time: 298
second phase time: 42
resolve time: 59
one when time: 22293
When creation time: 207 ns
create_behaviour time: 44
sort indexes time: 74
first phase time: 365
second phase time: 44
resolve time: 64
one when time: 22929
When creation time: 203 ns
create_behaviour time: 51
sort indexes time: 72
first phase time: 372
second phase time: 51
resolve time: 66
one when time: 22728
When creation time: 155 ns
create_behaviour time: 40
sort indexes time: 74
first phase time: 291
second phase time: 45
resolve time: 71
one when time: 22109
When creation time: 204 ns
create_behaviour time: 42
sort indexes time: 74
first phase time: 360
second phase time: 45
resolve time: 68
one when time: 22264
When creation time: 203 ns
create_behaviour time: 42
sort indexes time: 74
first phase time: 275
second phase time: 48
resolve time: 67
one when time: 22111
When creation time: 207 ns
create_behaviour time: 42
sort indexes time: 73
first phase time: 362
second phase time: 46
resolve time: 75
one when time: 22577
When creation time: 215 ns
create_behaviour time: 41
sort indexes time: 73
first phase time: 295
second phase time: 47
resolve time: 80
one when time: 22271
When creation time: 204 ns
create_behaviour time: 42
sort indexes time: 73
first phase time: 356
second phase time: 46
resolve time: 64
one when time: 22182
When creation time: 202 ns
create_behaviour time: 40
sort indexes time: 68
first phase time: 362
second phase time: 45
resolve time: 59
one when time: 23211
When creation time: 218 ns
create_behaviour time: 40
sort indexes time: 68
first phase time: 404
second phase time: 49
resolve time: 58
one when time: 22100
When creation time: 203 ns
create_behaviour time: 42
sort indexes time: 73
first phase time: 358
second phase time: 45
resolve time: 69
one when time: 22680
When creation time: 207 ns
create_behaviour time: 41
sort indexes time: 72
first phase time: 529
second phase time: 43
resolve time: 65
one when time: 23048
When creation time: 204 ns
create_behaviour time: 42
sort indexes time: 73
first phase time: 362
second phase time: 42
resolve time: 67
one when time: 22317
When creation time: 209 ns
create_behaviour time: 39
sort indexes time: 71
first phase time: 274
second phase time: 42
resolve time: 65
one when time: 22731
When creation time: 200 ns
create_behaviour time: 42
sort indexes time: 71
first phase time: 640
second phase time: 44
resolve time: 67
one when time: 22476
When creation time: 208 ns
create_behaviour time: 40
sort indexes time: 74
first phase time: 373
second phase time: 38
resolve time: 64
one when time: 22757
When creation time: 208 ns
create_behaviour time: 45
sort indexes time: 73
first phase time: 391
second phase time: 47
resolve time: 62
one when time: 22729
When creation time: 222 ns
create_behaviour time: 38
sort indexes time: 73
first phase time: 276
second phase time: 38
resolve time: 60
one when time: 23022
When creation time: 227 ns
create_behaviour time: 38
sort indexes time: 71
first phase time: 411
second phase time: 47
resolve time: 55
one when time: 22171
When creation time: 209 ns
create_behaviour time: 41
sort indexes time: 74
first phase time: 285
second phase time: 60
resolve time: 69
one when time: 22504
When creation time: 207 ns
create_behaviour time: 40
sort indexes time: 73
first phase time: 287
second phase time: 40
resolve time: 62
one when time: 22558
When creation time: 205 ns
create_behaviour time: 40
sort indexes time: 77
first phase time: 362
second phase time: 40
resolve time: 67
one when time: 23173
When creation time: 215 ns
create_behaviour time: 42
sort indexes time: 71
first phase time: 339
second phase time: 42
resolve time: 65
one when time: 22997
When creation time: 209 ns
create_behaviour time: 40
sort indexes time: 73
first phase time: 302
second phase time: 42
resolve time: 62
one when time: 22104
When creation time: 240 ns
create_behaviour time: 42
sort indexes time: 71
first phase time: 271
second phase time: 43
resolve time: 62
one when time: 23754
When creation time: 236 ns
create_behaviour time: 38
sort indexes time: 73
first phase time: 369
second phase time: 40
resolve time: 60
one when time: 22578
When creation time: 203 ns
create_behaviour time: 40
sort indexes time: 71
first phase time: 365
second phase time: 40
resolve time: 65
one when time: 22594
When creation time: 147 ns
create_behaviour time: 42
sort indexes time: 73
first phase time: 282
second phase time: 42
resolve time: 73
one when time: 22813
When creation time: 209 ns
create_behaviour time: 40
sort indexes time: 65
first phase time: 365
second phase time: 41
resolve time: 61
one when time: 22405
When creation time: 215 ns
create_behaviour time: 40
sort indexes time: 71
first phase time: 371
second phase time: 44
resolve time: 78
one when time: 22237
When creation time: 205 ns
create_behaviour time: 40
sort indexes time: 73
first phase time: 337
second phase time: 51
resolve time: 60
one when time: 23227
When creation time: 207 ns
create_behaviour time: 42
sort indexes time: 69
first phase time: 413
second phase time: 51
resolve time: 53
one when time: 22358
When creation time: 208 ns
create_behaviour time: 40
sort indexes time: 67
first phase time: 395
second phase time: 50
resolve time: 59
one when time: 22417
When creation time: 148 ns
create_behaviour time: 40
sort indexes time: 71
first phase time: 285
second phase time: 45
resolve time: 69
one when time: 22673
When creation time: 205 ns
create_behaviour time: 40
sort indexes time: 69
first phase time: 326
second phase time: 51
resolve time: 58
one when time: 22094
When creation time: 217 ns
create_behaviour time: 40
sort indexes time: 76
first phase time: 298
second phase time: 45
resolve time: 60
one when time: 22949
When creation time: 373 ns
create_behaviour time: 40
sort indexes time: 70
first phase time: 375
second phase time: 45
resolve time: 58
one when time: 22468
When creation time: 220 ns
create_behaviour time: 43
sort indexes time: 65
first phase time: 280
second phase time: 44
resolve time: 74
one when time: 23044
When creation time: 216 ns
create_behaviour time: 38
sort indexes time: 73
first phase time: 368
second phase time: 42
resolve time: 74
one when time: 22947
When creation time: 209 ns
create_behaviour time: 40
sort indexes time: 72
first phase time: 365
second phase time: 45
resolve time: 64
one when time: 22287
When creation time: 207 ns
create_behaviour time: 89
sort indexes time: 69
first phase time: 287
second phase time: 42
resolve time: 56
one when time: 22505
When creation time: 338 ns
create_behaviour time: 42
sort indexes time: 71
first phase time: 287
second phase time: 39
resolve time: 58
one when time: 22358
When creation time: 216 ns
create_behaviour time: 40
sort indexes time: 73
first phase time: 298
second phase time: 40
resolve time: 64
one when time: 22635
When creation time: 216 ns
create_behaviour time: 40
sort indexes time: 72
first phase time: 367
second phase time: 43
resolve time: 69
one when time: 22476
When creation time: 209 ns
create_behaviour time: 51
sort indexes time: 70
first phase time: 367
second phase time: 40
resolve time: 86
one when time: 22282
When creation time: 211 ns
create_behaviour time: 40
sort indexes time: 69
first phase time: 365
second phase time: 42
resolve time: 56
one when time: 22549
When creation time: 207 ns
create_behaviour time: 42
sort indexes time: 73
first phase time: 359
second phase time: 42
resolve time: 68
one when time: 22532
When creation time: 209 ns
create_behaviour time: 40
sort indexes time: 63
first phase time: 323
second phase time: 49
resolve time: 56
one when time: 22407
When creation time: 200 ns
create_behaviour time: 42
sort indexes time: 65
first phase time: 379
second phase time: 42
resolve time: 55
one when time: 22662
When creation time: 204 ns
create_behaviour time: 40
sort indexes time: 69
first phase time: 278
second phase time: 46
resolve time: 59
one when time: 22587
When creation time: 215 ns
create_behaviour time: 38
sort indexes time: 66
first phase time: 391
second phase time: 47
resolve time: 56
one when time: 23146
When creation time: 198 ns
create_behaviour time: 40
sort indexes time: 64
first phase time: 320
second phase time: 47
resolve time: 59
one when time: 22357
When creation time: 209 ns
create_behaviour time: 40
sort indexes time: 69
first phase time: 322
second phase time: 48
resolve time: 55
one when time: 22142
When creation time: 143 ns
create_behaviour time: 40
sort indexes time: 66
first phase time: 280
second phase time: 38
resolve time: 62
one when time: 22409
When creation time: 205 ns
create_behaviour time: 40
sort indexes time: 69
first phase time: 358
second phase time: 45
resolve time: 62
one when time: 22131
Schedule behaviours time:3013825
[report]: insert_sched_avg_time : 30138.000000
Pausing: active threads: 8
Pausing: active threads: 7
Pausing: active threads: 6
Pausing: active threads: 5
Pausing: active threads: 4
Pausing: active threads: 3
Pausing: active threads: 2
Pausing: active threads: 1
Teardown: all threads stopped
Run behaviours time:1273236
[report]: insert_run_avg_time : 12732.000000
[report]: insert_overall_duration_ns : 1273236
[report]: insert_overall_operation_number : 100
[report]: insert_overall_throughput : 78540.034997
