/users/Xuran/hash_rt/build/hash_rt --num_threads=16 --str_key_size=8 --str_value_size=100 --num_ops=1000000 --first_mode=true --work_usec=0
Harness starting.
 /users/Xuran/hash_rt/build/hash_rt --num_threads=16 --str_key_size=8 --str_value_size=100 --num_ops=1000000 --first_mode=true --work_usec=0 --seed 3569877948
Init time:890378733
scheduler_cores: 8
Adding work to queue: wdmbomi
Adding work to queue: litejvl
Adding work to queue: wmeycwc
Adding work to queue: otmbdsy
Adding work to queue: rqtfpaq
Adding work to queue: jzijilu
Adding work to queue: coyuqft
Adding work to queue: uriaitq
Processing batch, queue size: 8
Adding work to queue: bbdxbfq
Adding work to queue: hxfrdum
Adding work to queue: bfzlcbu
Adding work to queue: qibxoon
Adding work to queue: gixumlf
Adding work to queue: wrlvift
Adding work to queue: kvrmlwc
Adding work to queue: kgstiwv
Adding work to queue: kgdjgqa
Adding work to queue: fvcmhvy
Adding work to queue: oitkjee
Adding work to queue: omjoyej
Adding work to queue: mfocrfp
Adding work to queue: iteryhd
Adding work to queue: aqvblpu
Adding work to queue: hjninmp
Adding work to queue: rdtiupq
Adding work to queue: qpumgzf
Adding work to queue: aklelzd
Adding work to queue: juhhprj
Adding work to queue: yqpspvx
Adding work to queue: okeuokk
Adding work to queue: iscafry
Adding work to queue: qugzjhm
Adding work to queue: dpdtdjh
Adding work to queue: ydedpuc
Processing batch, queue size: 26
Adding work to queue: byzhnju
Adding work to queue: bomqguv
Adding work to queue: uhhtuwe
Adding work to queue: yyhpqvy
Adding work to queue: yosbecq
Adding work to queue: uerzowi
Adding work to queue: jzhjaxi
Adding work to queue: gxvuckr
Adding work to queue: hizcpvx
Adding work to queue: ayvekak
Adding work to queue: cakpxog
Adding work to queue: mzxodqo
Adding work to queue: ezodsww
Adding work to queue: fkuhwov
Adding work to queue: ylbraad
Adding work to queue: fkouurd
Adding work to queue: fvvkdaz
Processing batch, queue size: 17
Adding work to queue: qlloxry
Adding work to queue: ciefgcw
Adding work to queue: pwbblaf
Adding work to queue: pdfxtga
Adding work to queue: ctxlqdz
Adding work to queue: ghptsbd
Adding work to queue: vxenobb
Processing batch, queue size: 7
Adding work to queue: zceljcr
Adding work to queue: broiqxy
Adding work to queue: mdotlby
Adding work to queue: ugznash
Adding work to queue: zewuuzt
Adding work to queue: fsleryz
Adding work to queue: iiiuoev
Adding work to queue: kuagvpb
Adding work to queue: ueoyyzd
Adding work to queue: bzjjxyf
Adding work to queue: cwagwdw
Processing batch, queue size: 11
Adding work to queue: tvagiyw
Adding work to queue: pwowrhc
Adding work to queue: huiyloq
Processing batch, queue size: 3
Adding work to queue: wzzaxnv
Processing batch, queue size: 1
Adding work to queue: klfssfx
Adding work to queue: owaxogu
Adding work to queue: omhrjrh
Adding work to queue: qvgsbyw
Adding work to queue: drrtiws
Adding work to queue: lfkplmj
Adding work to queue: xlxigxq
Adding work to queue: uyvdoij
Adding work to queue: gzfdnxt
Adding work to queue: pjlsmjl
Adding work to queue: qddnjul
Adding work to queue: ehnfjjp
Adding work to queue: ovmfqqd
Adding work to queue: cnxhnze
Adding work to queue: arnjluj
Adding work to queue: mnkpvyp
Adding work to queue: gvbmxec
Adding work to queue: eedmvkp
Adding work to queue: itpacuk
Adding work to queue: phjtxij
Adding work to queue: xzhpthp
Adding work to queue: hbhdijj
Adding work to queue: bbypjxy
Adding work to queue: bfhkhmz
Adding work to queue: diikmrl
Adding work to queue: grahbct
Adding work to queue: woamnwv
Adding work to queue: twvqgab
Adding work to queue: nouhpuk
Adding work to queue: qzrzksy
Adding work to queue: tzmzbve
Adding work to queue: ohtzsfr
Adding work to queue: cngclmw
Adding work to queue: bxfjykw
Adding work to queue: uinpoez
Adding work to queue: vxqefxq
Adding work to queue: locfwjg
Adding work to queue: hsunagl
Adding work to queue: twxirgr
Adding work to queue: gdcmesc
Adding work to queue: fibxacn
Adding work to queue: rynchfa
Adding work to queue: fljummz
Adding work to queue: dmtfekv
Adding work to queue: ajtqahp
Adding work to queue: kpuwgjt
Adding work to queue: qtvxxge
Adding work to queue: awiftuc
Adding work to queue: idvjnfy
Adding work to queue: grsgupi
Adding work to queue: spjnkej
Adding work to queue: aqwzvkz
Adding work to queue: kmytfuq
Adding work to queue: pqynehj
Adding work to queue: yjjipzs
Adding work to queue: ijpuxki
Adding work to queue: buoudbo
Adding work to queue: ksfacuq
Adding work to queue: degzrgu
Adding work to queue: vjermxt
Adding work to queue: ndrpfrx
Adding work to queue: olhrmat
Adding work to queue: ppdhkqp
Adding work to queue: nlappix
Adding work to queue: xnzipdp
Adding work to queue: ihzklyc
Adding work to queue: acycalc
Adding work to queue: ytfsant
Adding work to queue: zsjfaxl
Adding work to queue: nmkmwts
Adding work to queue: hmlhhnw
Adding work to queue: ajtuevw
Adding work to queue: siotitg
Adding work to queue: jfxmxvp
Adding work to queue: erolcbb
Adding work to queue: tmdpvma
Adding work to queue: bxplqyx
Adding work to queue: gafhxwu
Adding work to queue: zswjdex
Adding work to queue: dmbuomi
Adding work to queue: ydpqare
Adding work to queue: slpdldy
Adding work to queue: ptalyfr
Adding work to queue: iswrjht
Adding work to queue: hmwpzth
Adding work to queue: ynfjllp
Adding work to queue: xkbjsxy
Adding work to queue: pxdguov
Adding work to queue: dobysuc
Adding work to queue: dnqwyie
Adding work to queue: qnhrcpj
Adding work to queue: ueikcfp
Adding work to queue: dfbtezf
Processing batch, queue size: 93
Adding work to queue: sombeij
Adding work to queue: cjnnkkq
Adding work to queue: xvooqif
Adding work to queue: lfsofjc
Adding work to queue: shjynkk
Adding work to queue: kmxnlsr
Adding work to queue: jypysrg
Adding work to queue: tvylljg
Adding work to queue: prxwlro
Adding work to queue: tvlkhxg
Adding work to queue: chhdgtf
Adding work to queue: ffqwjbj
Adding work to queue: qlazavw
Adding work to queue: shsncvn
Processing batch, queue size: 75
Adding work to queue: ruichtx
Adding work to queue: sqongnf
Adding work to queue: rutlqqw
Adding work to queue: vsgttsu
Adding work to queue: zkfvvyp
Adding work to queue: hgwaypg
Adding work to queue: hrlkatc
Adding work to queue: oonamgh
Adding work to queue: dphdidv
Adding work to queue: rshgmui
Adding work to queue: axrovje
Adding work to queue: cwliiyl
Adding work to queue: mmhjinp
Adding work to queue: bqpfeqv
Adding work to queue: nswcapl
Adding work to queue: fobmedv
Adding work to queue: zylbzty
Adding work to queue: cqypwws
Adding work to queue: ilkvmwj
Adding work to queue: olsrsak
Adding work to queue: cyswdec
Adding work to queue: tkpgirc
Adding work to queue: hpeujpl
Adding work to queue: hpdgsuq
Adding work to queue: wuxdzhu
Processing batch, queue size: 68
Adding work to queue: sqgzpjl
Adding work to queue: kdmpvxx
Adding work to queue: rrqrhip
Adding work to queue: dgtccwh
Adding work to queue: zfvukae
Adding work to queue: kfzvvoq
Adding work to queue: csmhxjm
Adding work to queue: tadytpc
Adding work to queue: coqfaux
Adding work to queue: wossfye
Adding work to queue: ulikbja
Adding work to queue: dnkrxzb
Adding work to queue: iivrpbx
Adding work to queue: tflpyrb
Adding work to queue: vxgtkyy
Adding work to queue: ikuurbp
Adding work to queue: dsnsgfi
Adding work to queue: mujdfff
Adding work to queue: apjrdoa
Adding work to queue: tnvkesp
Adding work to queue: vnoiphd
Adding work to queue: slojjti
Adding work to queue: qbkhrnk
Adding work to queue: ctgyfja
Adding work to queue: relgtna
Adding work to queue: qihetdj
Adding work to queue: xyumrug
Adding work to queue: jrogbrf
Adding work to queue: graqxhg
Adding work to queue: fajzbxl
Adding work to queue: xjnmjen
Adding work to queue: dbyksps
Adding work to queue: pqqsxop
Adding work to queue: xialmfo
Adding work to queue: ilngqrf
Adding work to queue: xbedpeo
Adding work to queue: wwndadd
Adding work to queue: gxqjchl
Adding work to queue: ywopbwn
Adding work to queue: mggawsp
Adding work to queue: vsdbrmz
Adding work to queue: krabubi
Processing batch, queue size: 78
Adding work to queue: vhmvcea
Adding work to queue: ezpkudy
Adding work to queue: ktsfryx
Adding work to queue: zhkimkp
Adding work to queue: membpyf
Adding work to queue: hvnjqqi
Adding work to queue: wdhsetw
Adding work to queue: diincki
Adding work to queue: jsaockp
Adding work to queue: dwginyz
Adding work to queue: hlunxrz
Adding work to queue: evptdcj
Adding work to queue: xaaqbvj
Adding work to queue: bpgrgki
Adding work to queue: cfvhubg
Adding work to queue: lhqhjnb
Adding work to queue: qdzutkz
Adding work to queue: vixqtwp
Adding work to queue: lyklexx
Adding work to queue: izwtuue
Adding work to queue: fvqmahu
Adding work to queue: idvaxda
Adding work to queue: ihgtuhs
Processing batch, queue size: 69
Adding work to queue: ndulrtw
Adding work to queue: rmhgqzj
Adding work to queue: wtwwyay
Adding work to queue: cqbliqa
Adding work to queue: layzqek
Adding work to queue: xzybsbf
Adding work to queue: otofivu
Adding work to queue: ilzjgsn
Adding work to queue: dfykgvq
Adding work to queue: nlbmmns
Adding work to queue: gfwjrul
Adding work to queue: ywkdjtn
Processing batch, queue size: 49
Adding work to queue: zljisxa
Adding work to queue: lldyqcd
Adding work to queue: zbyolna
Adding work to queue: kjgssjx
Adding work to queue: sipijhe
Adding work to queue: mephpyu
Adding work to queue: tlfdhis
Adding work to queue: oxgiajj
Adding work to queue: ecacjme
Adding work to queue: uhtuyku
Adding work to queue: yzpodbx
Adding work to queue: tcwhofp
Adding work to queue: xreyffv
Adding work to queue: nwvgjwb
Adding work to queue: nlrpsge
Adding work to queue: qbjgepg
Adding work to queue: htxxvxi
Processing batch, queue size: 34
Adding work to queue: kahfluy
Adding work to queue: iyxjzsw
Adding work to queue: ufqmmgv
Adding work to queue: nkknbqk
Adding work to queue: fcjnqfq
Adding work to queue: avhhorz
Adding work to queue: vnruejz
Adding work to queue: xkwgqdd
Adding work to queue: nxwwxgp
Adding work to queue: lbaeuzb
Adding work to queue: wnldcku
Adding work to queue: xgktkaw
Adding work to queue: ovvksbl
Adding work to queue: givfxrg
Processing batch, queue size: 16
Adding work to queue: uxfuvtq
Adding work to queue: rwtdudq
Adding work to queue: ulrxlax
Adding work to queue: sfyjzav
Adding work to queue: vemkesq
Adding work to queue: jinbdsn
Adding work to queue: mogzdjl
Adding work to queue: jizglyh
Adding work to queue: ezpclav
Adding work to queue: empwsek
Adding work to queue: hwcdirs
Adding work to queue: wfrdyvt
Adding work to queue: zfkymht
Adding work to queue: lzbbedd
Adding work to queue: akwadgg
Adding work to queue: ctdagvv
Adding work to queue: sfmewnt
Adding work to queue: wxifaxv
Adding work to queue: fybxrpt
Adding work to queue: dinrhcf
Adding work to queue: fkfoahq
Adding work to queue: okjwbmv
Adding work to queue: uvakmyy
Adding work to queue: czrajty
Adding work to queue: mkconhs
Adding work to queue: wtknypt
Adding work to queue: vrvaiqt
Adding work to queue: decbasv
Adding work to queue: hpueayq
Adding work to queue: gwhisqe
Adding work to queue: zyixmit
Adding work to queue: uydwjyn
Adding work to queue: ebebvyb
Adding work to queue: qkkclck
Adding work to queue: ehlkuab
Processing batch, queue size: 35
Adding work to queue: zajdvti
Adding work to queue: kjjqucm
Adding work to queue: ddopajs
Adding work to queue: hcpghrk
Adding work to queue: woxxuna
Adding work to queue: uhtszta
Adding work to queue: yfnuxew
Adding work to queue: xodueng
Adding work to queue: jmczpbv
Adding work to queue: xntumvy
Adding work to queue: wmuavqd
Adding work to queue: orqixme
Adding work to queue: iumzusx
Adding work to queue: oakdlnc
Adding work to queue: ckcmjca
Adding work to queue: ljmzupq
Adding work to queue: cmxglym
Adding work to queue: harhprv
Adding work to queue: ejkfqmn
Adding work to queue: ubnlvld
Adding work to queue: ttnxysl
Adding work to queue: spcnlhe
Processing batch, queue size: 25
Adding work to queue: xntotnh
Adding work to queue: gbnkznt
Adding work to queue: devrmmi
Adding work to queue: wcgcuuv
Adding work to queue: dkexhgj
Adding work to queue: jdqcofv
Adding work to queue: nsdxlet
Adding work to queue: hokyioz
Adding work to queue: uizcyzz
Adding work to queue: qotvslq
Adding work to queue: zjytvkw
Adding work to queue: ssegywn
Adding work to queue: omcqiom
Adding work to queue: vhspbxs
Adding work to queue: rfskxpd
Adding work to queue: wyjjipy
Adding work to queue: fgegkyw
Adding work to queue: iytxbak
Adding work to queue: zfngrrf
Adding work to queue: osuhfir
Adding work to queue: otgfzwd
Adding work to queue: yhpemgg
Adding work to queue: jhqnlcz
Adding work to queue: zewnjal
Adding work to queue: qamhzbo
Adding work to queue: fvfeysm
Adding work to queue: lpncqaw
Adding work to queue: vaerxxp
Adding work to queue: grwvxgo
Adding work to queue: jpipkyr
Adding work to queue: ywtphff
Adding work to queue: swoljpa
Adding work to queue: gkyzkgt
Adding work to queue: cvbjaid
Adding work to queue: ronnwwk
Adding work to queue: atjjxmx
Adding work to queue: roghxcm
Adding work to queue: mrwaeae
Processing batch, queue size: 38
Adding work to queue: rrtppeb
Adding work to queue: huiwgwk
Adding work to queue: yldfisj
Adding work to queue: rszzufq
Adding work to queue: naooihx
Adding work to queue: vmfqaqv
Adding work to queue: kosfvbk
Adding work to queue: lmtrbtp
Adding work to queue: fzoqvac
Adding work to queue: cyrsriu
Adding work to queue: eoitbum
Adding work to queue: krhkfjw
Processing batch, queue size: 18
Adding work to queue: rwdefht
Adding work to queue: sveuclx
Adding work to queue: defgtfd
Adding work to queue: vrlguua
Adding work to queue: mygxmrf
Adding work to queue: micshpg
Adding work to queue: fywsrrs
Adding work to queue: zjksciy
Adding work to queue: ttslngg
Adding work to queue: lqnaoqv
Adding work to queue: tymgbiu
Adding work to queue: cscgrzr
Adding work to queue: pvoglvg
Adding work to queue: caidmry
Adding work to queue: hsztral
Adding work to queue: welzzsg
Adding work to queue: jipaqrl
Adding work to queue: hydzsmk
Adding work to queue: hqpaffh
Adding work to queue: axdludl
Adding work to queue: lvwrxwt
Adding work to queue: noguafi
Adding work to queue: xatfshk
Adding work to queue: yjdxifg
Adding work to queue: uwsnuav
Adding work to queue: lijamdq
Adding work to queue: dyvrdhb
Adding work to queue: ceqjizy
Adding work to queue: iqoiyyk
Adding work to queue: vhepqsp
Adding work to queue: ntfijqw
Adding work to queue: jvrwqlv
Adding work to queue: jennuzj
Adding work to queue: nmljxdz
Adding work to queue: lbjhsix
Adding work to queue: htmohsf
Processing batch, queue size: 36
Adding work to queue: fqjihza
Adding work to queue: vkgottt
Adding work to queue: ztzhfff
Adding work to queue: qtcjbrs
Adding work to queue: rqexumo
Adding work to queue: lgynrkv
Adding work to queue: mvdunjr
Adding work to queue: ptynpxo
Adding work to queue: gpamlrh
Adding work to queue: eqwfahb
Adding work to queue: buasnge
Adding work to queue: lajtssn
Processing batch, queue size: 16
Adding work to queue: ywksxzs
Adding work to queue: tfxwnwj
Adding work to queue: npsapwe
Adding work to queue: udgddbl
Adding work to queue: ypfvjxy
Adding work to queue: wzvxxzm
Adding work to queue: efzyxqc
Processing batch, queue size: 7
Adding work to queue: zuuvzys
Adding work to queue: rtsnunv
Adding work to queue: gbymkan
Processing batch, queue size: 3
Adding work to queue: ojeltjc
Processing batch, queue size: 1
Adding work to queue: vijgbvx
Adding work to queue: kycrqqc
Adding work to queue: tirpgbu
Adding work to queue: sfuqwgx
Adding work to queue: tasempg
Adding work to queue: vrngprj
Adding work to queue: nzrogrl
Adding work to queue: olsiiml
Adding work to queue: rvbgpwc
Adding work to queue: xhtbusd
Adding work to queue: jdbuufw
Adding work to queue: eyqflgv
Adding work to queue: yywlsjb
Adding work to queue: hoycdty
Adding work to queue: qjxrnus
Adding work to queue: zfhroly
Adding work to queue: kqiysik
Adding work to queue: ngulefy
Adding work to queue: kvpiezl
Adding work to queue: lsallbe
Adding work to queue: ucjflzq
Adding work to queue: ormhneh
Adding work to queue: udmpdyd
Adding work to queue: nyapxue
Adding work to queue: xkuahpx
Adding work to queue: ljydytg
Adding work to queue: hctsbzq
Adding work to queue: dhyleiw
Adding work to queue: hyeqmwh
Adding work to queue: rwwfoya
Adding work to queue: xbxhjpc
Adding work to queue: wffhvvv
Adding work to queue: ygcrwxp
Adding work to queue: xxujpcf
Adding work to queue: njpryar
Adding work to queue: jrnalrz
Adding work to queue: vwjgons
Adding work to queue: yfxiqlv
Processing batch, queue size: 38
Adding work to queue: znuysdf
Adding work to queue: ctuecpn
Adding work to queue: ozridkr
Adding work to queue: khpbgeb
Adding work to queue: igtsyyu
Adding work to queue: pvjidkh
Adding work to queue: ikmqnno
Adding work to queue: nkmcfvo
Adding work to queue: fshlskn
Adding work to queue: hgodhvt
Adding work to queue: mokhtev
Adding work to queue: cyuttsb
Adding work to queue: iknvqud
Adding work to queue: ivjwown
Adding work to queue: uvnughe
Adding work to queue: wkpkdvj
Adding work to queue: ocqwozc
Adding work to queue: ewfvqkn
Adding work to queue: wmgkrhr
Adding work to queue: rbhphkv
Adding work to queue: uqnnkkb
Adding work to queue: vdfxgag
Adding work to queue: vkuwkew
Adding work to queue: bbxwjwh
Adding work to queue: cqxlnjo
Adding work to queue: vypjzrm
Adding work to queue: lqqdycb
Adding work to queue: zjxulwf
Adding work to queue: ynmjcit
Processing batch, queue size: 35
Adding work to queue: vflssgj
Adding work to queue: pplimci
Adding work to queue: buikvaq
Adding work to queue: chyznal
Adding work to queue: ctcauoz
Adding work to queue: ptbdphf
Adding work to queue: tbpoexo
Adding work to queue: xfwsdgs
Adding work to queue: vtbmqro
Adding work to queue: tpxrhvv
Adding work to queue: pvckxhf
Adding work to queue: dplgvfj
Adding work to queue: qkdtbxv
Adding work to queue: ddaxxog
Adding work to queue: tbizajf
Adding work to queue: smotohc
Adding work to queue: vnfxezs
Adding work to queue: zosgrrs
Adding work to queue: azrgigt
Adding work to queue: dqkzjhb
Adding work to queue: qljvxbq
Adding work to queue: bapquoo
Adding work to queue: oclqioo
Adding work to queue: wxaaatk
Adding work to queue: hanuddl
Adding work to queue: kjdrjze
Adding work to queue: wdfsfga
Adding work to queue: wnmkemq
Adding work to queue: rlvbvkb
Adding work to queue: xawajtt
Adding work to queue: gsncurn
Adding work to queue: ihvjjbh
Adding work to queue: wdanzfy
Adding work to queue: gsarixo
Adding work to queue: fosdsyl
Adding work to queue: mkgduvp
Adding work to queue: kcjnvaj
Adding work to queue: kktbebo
Adding work to queue: mpzfzcs
Adding work to queue: goeztvv
Adding work to queue: lyhahct
Adding work to queue: pwbblye
Adding work to queue: eqfdnpd
Adding work to queue: rjctqne
Adding work to queue: nbdodtc
Adding work to queue: dqwqqxn
Adding work to queue: ohbhmcp
Adding work to queue: edmqgmi
Adding work to queue: aocilqb
Adding work to queue: zgcdner
Adding work to queue: lxxcrmm
Adding work to queue: rxayftb
Adding work to queue: hzvigvc
Adding work to queue: hfvcsrs
Adding work to queue: vpqlyqs
Adding work to queue: gtlyeqg
Adding work to queue: bnopejz
Adding work to queue: ngyzjwk
Adding work to queue: gcogsxx
Adding work to queue: uljqqbf
Adding work to queue: rnabtzc
Adding work to queue: geskrji
Adding work to queue: lnazdik
Adding work to queue: fzbgicc
Adding work to queue: yhftvan
Adding work to queue: ctdbhgl
Adding work to queue: srcaqzm
Adding work to queue: rgnhnti
Adding work to queue: yjgrcvr
Adding work to queue: ostbhhi
Adding work to queue: bmdxgrd
Adding work to queue: idhkczx
Adding work to queue: mlpkdlw
Adding work to queue: ogjcxbf
Adding work to queue: fnphtcr
Adding work to queue: nqomcjn
Adding work to queue: cqhueuw
Adding work to queue: kvejbhy
Adding work to queue: wgypvki
Adding work to queue: kyruiio
Adding work to queue: gvjkbsg
Adding work to queue: lpceiqp
Adding work to queue: qjksrup
Adding work to queue: wolfvtn
Adding work to queue: jeimrud
Adding work to queue: vqmpnwr
Adding work to queue: dwmgxkx
Adding work to queue: irdgema
Adding work to queue: rlqduku
Adding work to queue: nfpydyg
Adding work to queue: zdbhmza
Adding work to queue: egynjgl
Adding work to queue: fnomucs
Adding work to queue: uqkevsp
Adding work to queue: mkudieg
Adding work to queue: bpugujc
Adding work to queue: wylsevz
Adding work to queue: tgixfht
Adding work to queue: jqsodwc
Adding work to queue: wmhtqvj
Adding work to queue: lfmbifi
Adding work to queue: ypehqbz
Adding work to queue: hlhrtjr
Adding work to queue: jjcyqis
Adding work to queue: kcgcjtr
Adding work to queue: hkmthbq
Adding work to queue: tsaadyg
Adding work to queue: ddopqvb
Adding work to queue: bzzwwaw
Adding work to queue: pgwoggc
Adding work to queue: wdasqqf
Adding work to queue: imfiqzm
Processing batch, queue size: 115
Adding work to queue: xskugsr
Adding work to queue: ydwuipb
Adding work to queue: xlkraqu
Adding work to queue: zzyzgtn
Adding work to queue: ddiujwo
Adding work to queue: ujisfvr
Adding work to queue: fzampcz
Adding work to queue: fkpkahk
Adding work to queue: bxcmlyw
Adding work to queue: gluxwkh
Adding work to queue: bwonrhw
Adding work to queue: swuoofm
Adding work to queue: cfxihbf
Adding work to queue: zfqcace
Adding work to queue: pghbbpe
Adding work to queue: icvbakx
Adding work to queue: ncfnaym
Adding work to queue: emvhkqn
Adding work to queue: duvhyju
Adding work to queue: eetaara
Adding work to queue: sbisdyl
Adding work to queue: wtzwvvi
Adding work to queue: meumhpb
Adding work to queue: kksshsb
Adding work to queue: rhxjhys
Adding work to queue: milbatg
Adding work to queue: rlljlka
Processing batch, queue size: 110
Adding work to queue: pyiovrk
Adding work to queue: aysgyjs
Adding work to queue: fxomrob
Adding work to queue: fnuxexm
Adding work to queue: emjequj
Adding work to queue: ycwaigd
Adding work to queue: cepdssa
Adding work to queue: pwfszob
Adding work to queue: fwlulne
Adding work to queue: qczghyx
Adding work to queue: dgvewpp
Adding work to queue: xxdefoi
Adding work to queue: xqsaapg
Adding work to queue: zzoorte
Adding work to queue: godctlg
Adding work to queue: pkmnwbu
Adding work to queue: dopktay
Adding work to queue: ffogjsl
Adding work to queue: kxrovpn
Adding work to queue: eipwzkl
Adding work to queue: laoansh
Adding work to queue: zgniyln
Adding work to queue: wcfaisk
Adding work to queue: moegbgl
Adding work to queue: lyjbllv
Processing batch, queue size: 103
Adding work to queue: ambzjqt
Adding work to queue: oozgocg
Adding work to queue: ppwtaua
Adding work to queue: frcxqzz
Adding work to queue: gejrsqy
Adding work to queue: yohjtax
Adding work to queue: veltyas
Adding work to queue: aiyetfg
Adding work to queue: odsijgs
Adding work to queue: xxhdwjn
Adding work to queue: stnfpeq
Adding work to queue: lsinxbm
Adding work to queue: wdmfywo
Processing batch, queue size: 84
Adding work to queue: ckqnqvm
Adding work to queue: icpxdyv
Adding work to queue: pufuryn
Adding work to queue: moeuzlj
Adding work to queue: fdjeeio
Adding work to queue: aivdwzq
Adding work to queue: tmtipef
Adding work to queue: yhokrjj
Adding work to queue: pfhfvzj
Adding work to queue: dflbypv
Adding work to queue: dfiayuf
Adding work to queue: dwkacgf
Adding work to queue: gfscwhm
Adding work to queue: xnwwfit
Adding work to queue: bfkkisz
Adding work to queue: sirazew
Adding work to queue: fcfbjkw
Adding work to queue: rchwivo
Adding work to queue: ghqkcis
Adding work to queue: lfmpfby
Adding work to queue: xqspjxi
Adding work to queue: vbsrlli
Adding work to queue: kquskea
Adding work to queue: ruxlkgv
Adding work to queue: zqqfxca
Adding work to queue: ykkbjwj
Adding work to queue: zgeldki
Adding work to queue: urwodvv
Adding work to queue: cctkluf
Adding work to queue: xylieni
Adding work to queue: lusgllr
Adding work to queue: hsrhwtg
Adding work to queue: zauodmf
Adding work to queue: wxwdvid
Adding work to queue: ltlcxbl
Processing batch, queue size: 87
Adding work to queue: karqjhl
Adding work to queue: jbensbj
Adding work to queue: axxtvtb
Adding work to queue: cjzebhx
Adding work to queue: wgdkeqf
Adding work to queue: eujraur
Adding work to queue: gndxatq
Adding work to queue: oqgwvnb
Adding work to queue: ojboqvk
Adding work to queue: qxuryxx
Adding work to queue: favfxgn
Adding work to queue: qdbsisk
Adding work to queue: nevwmxf
Adding work to queue: dwlkbtg
Adding work to queue: ezxvtxt
Adding work to queue: wusroag
Adding work to queue: wnlvbcw
Adding work to queue: jropcdb
Adding work to queue: vzjjlfl
Adding work to queue: yryapyl
Adding work to queue: zetrdog
Adding work to queue: nwxkeow
Adding work to queue: vtbgfxo
Adding work to queue: bxozori
Adding work to queue: ixlspqu
Adding work to queue: ngrjgwo
Adding work to queue: ociylst
Adding work to queue: zfiyztz
Adding work to queue: grbpvxr
Adding work to queue: eelrrzk
Adding work to queue: fklotmn
Adding work to queue: klhjrbi
Adding work to queue: usfrwlv
Adding work to queue: mzyrapp
Adding work to queue: tdhzopp
Adding work to queue: tagxovn
Adding work to queue: itxrvpl
Adding work to queue: odauzss
Adding work to queue: razxogb
Adding work to queue: qqlehpx
Adding work to queue: pxqtyfe
Adding work to queue: hdqrryc
Adding work to queue: nxwvvto
Adding work to queue: zjscnkb
Adding work to queue: fmuarpe
Adding work to queue: whzpiln
Adding work to queue: luursyh
Adding work to queue: zqzttdv
Adding work to queue: gwedesj
Adding work to queue: rjzhdzn
Adding work to queue: fimovds
Adding work to queue: ofxsnfr
Adding work to queue: fgbawql
Adding work to queue: nwxzmaw
Adding work to queue: hzjwybt
Adding work to queue: qczkpsw
Processing batch, queue size: 111
Adding work to queue: ikrybjs
Adding work to queue: gdsvoel
Adding work to queue: rcqwydg
Adding work to queue: rcrwgnl
Adding work to queue: jkwjjow
Adding work to queue: kgllzzv
Adding work to queue: doxycpr
Adding work to queue: wxeddzk
Adding work to queue: udbbnob
Adding work to queue: nvhfrro
Adding work to queue: hscwvlg
Processing batch, queue size: 90
Adding work to queue: sveyrdm
Adding work to queue: hlpungr
Adding work to queue: msmpasn
Adding work to queue: tjmwgqe
Adding work to queue: topopzo
Adding work to queue: xzmahsk
Adding work to queue: wzhrqqp
Adding work to queue: svhhpmf
Adding work to queue: ygqqfoy
Adding work to queue: qyaozff
Adding work to queue: xzetzfo
Adding work to queue: tbyqlhp
Adding work to queue: otchwqb
Adding work to queue: yquoqvc
Adding work to queue: azhefoz
Adding work to queue: yysqkub
Adding work to queue: giswakm
Adding work to queue: cgelxls
Adding work to queue: fktelun
Adding work to queue: ahwtpgu
Adding work to queue: iijenhf
Adding work to queue: piyrwep
Adding work to queue: clhcykk
Adding work to queue: zdrjwby
Adding work to queue: eyqqwlf
Adding work to queue: znmajqh
Adding work to queue: dqtybnt
Adding work to queue: mlnitrq
Adding work to queue: xmwsbjt
Adding work to queue: yhmarci
Adding work to queue: drvxhbc
Adding work to queue: zszfiyr
Adding work to queue: kwgewts
Adding work to queue: ihsetpd
Adding work to queue: kklwcag
Adding work to queue: fxaerhv
Adding work to queue: jywukdr
Adding work to queue: ydlbxqm
Adding work to queue: ywelwrz
Adding work to queue: ilxgsgn
Adding work to queue: zdrqewe
Adding work to queue: gkhrhye
Adding work to queue: nieafwk
Processing batch, queue size: 101
Adding work to queue: bcvudtz
Adding work to queue: cdpmzze
Adding work to queue: jdviktc
Adding work to queue: oukjcvy
Adding work to queue: lvqortu
Adding work to queue: uelounu
Adding work to queue: irdyyjs
Adding work to queue: dnmsdgu
Adding work to queue: skavvbt
Adding work to queue: huwtsre
Adding work to queue: erexava
Adding work to queue: pvzpoyc
Adding work to queue: ulnretj
Adding work to queue: snydllc
Adding work to queue: gloryln
Adding work to queue: rvttymj
Adding work to queue: dfjauns
Adding work to queue: qhohsku
Adding work to queue: tnsxewx
Adding work to queue: bnjilmp
Adding work to queue: silqeyt
Adding work to queue: bvpyuif
Processing batch, queue size: 91
Adding work to queue: govtbmh
Adding work to queue: bjujaci
Adding work to queue: bbxvwvt
Adding work to queue: rblzrtt
Adding work to queue: irfkaxa
Adding work to queue: gjutkqb
Adding work to queue: rkyquwc
Adding work to queue: iifpmku
Adding work to queue: evkkbzt
Adding work to queue: tutfagj
Adding work to queue: enhqekn
Adding work to queue: mbwouvd
Adding work to queue: zzuijqa
Adding work to queue: wdenfvg
Processing batch, queue size: 73
Adding work to queue: kcyberb
Adding work to queue: ogncvmo
Adding work to queue: sfyffli
Adding work to queue: blrdmes
Adding work to queue: nabjpbh
Adding work to queue: ptwtvdg
Adding work to queue: zdwujsg
Adding work to queue: usowevo
Adding work to queue: xbpxzcd
Adding work to queue: rbpwnrg
Adding work to queue: pacfmqn
Adding work to queue: vrezvpx
Adding work to queue: xzqrbcw
Adding work to queue: mdkxtnq
Adding work to queue: exealgg
Adding work to queue: dprummg
Adding work to queue: ofhiqbt
Adding work to queue: vscxfjd
Adding work to queue: xnsswpd
Processing batch, queue size: 60
Adding work to queue: afrnnhy
Adding work to queue: hjfvfcu
Adding work to queue: moiegwq
Adding work to queue: qzsupss
Adding work to queue: vbjlesm
Adding work to queue: fkydtwb
Adding work to queue: mvxhpia
Adding work to queue: rnbdrez
Adding work to queue: semgrdo
Adding work to queue: cupholj
Adding work to queue: ykaiybz
Adding work to queue: vkuvgqj
Adding work to queue: edbirgz
Adding work to queue: kppgshn
Adding work to queue: magpuaq
Adding work to queue: rppkjkc
Adding work to queue: cybqyds
Adding work to queue: qfvwcbn
Adding work to queue: ygmolti
Adding work to queue: cqrpiin
Adding work to queue: dvhwhyu
Adding work to queue: hybcftp
Adding work to queue: nzygsop
Adding work to queue: ibquokz
Adding work to queue: ssxyqvy
Adding work to queue: dijfbfh
Processing batch, queue size: 54
Adding work to queue: qhsazbt
Adding work to queue: xxqkbvw
Adding work to queue: iissvfi
Adding work to queue: nenklmc
Adding work to queue: glouktz
Adding work to queue: sveenhz
Adding work to queue: nvhjniy
Adding work to queue: yuqyqqg
Adding work to queue: lmzrquv
Adding work to queue: pgwmyqm
Adding work to queue: ojnflxv
Adding work to queue: uoaniyf
Adding work to queue: nbjmidd
Adding work to queue: gcjvfxo
Processing batch, queue size: 36
Adding work to queue: qqclrwm
Adding work to queue: ueahnai
Adding work to queue: holivef
Adding work to queue: jejufbd
Adding work to queue: oniabbc
Adding work to queue: hyfmghl
Adding work to queue: yhpsrdy
Adding work to queue: wamvxtu
Adding work to queue: vxoblkb
Adding work to queue: cljxdbg
Adding work to queue: qzwgfis
Adding work to queue: usnbhsh
Adding work to queue: yxighov
Adding work to queue: qwqaurb
Adding work to queue: jgigckw
Processing batch, queue size: 19
Adding work to queue: ivedxrj
Adding work to queue: fbhzser
Adding work to queue: uthabik
Adding work to queue: jbhmpaz
Adding work to queue: gfznuqe
Adding work to queue: pjdigqa
Adding work to queue: ixbbwpv
Adding work to queue: mcilrlh
Adding work to queue: phascxl
Adding work to queue: fthvgoj
Adding work to queue: uyovipl
Adding work to queue: uamkjpw
Adding work to queue: shjtnys
Adding work to queue: vwxgojn
Adding work to queue: fykmhul
Adding work to queue: bjmsduh
Adding work to queue: ntyclbx
Adding work to queue: qygwutm
Adding work to queue: qdcxidu
Adding work to queue: ojdzayi
Processing batch, queue size: 20
Adding work to queue: cmajmjr
Adding work to queue: sccymux
Adding work to queue: qptxttt
Adding work to queue: dzltrxe
Adding work to queue: xykcpzf
Adding work to queue: eljwtex
Adding work to queue: hobsdvd
Adding work to queue: gpuijhq
Adding work to queue: lryhzup
Processing batch, queue size: 9
Adding work to queue: tnqcntv
Adding work to queue: ayuqpuq
Adding work to queue: nfnpycm
Adding work to queue: fltwvdn
Adding work to queue: qiqrmct
Processing batch, queue size: 5
Adding work to queue: hjxolnj
Adding work to queue: pakrzzc
Adding work to queue: pbjpxij
Adding work to queue: dhxoyhv
Adding work to queue: ggotfww
Adding work to queue: ginmjri
Adding work to queue: cxncqin
Adding work to queue: vsxrnun
Adding work to queue: amiqgjv
Adding work to queue: tzqpdhw
Adding work to queue: ijlahhh
Adding work to queue: utaexqp
Adding work to queue: thtvnpc
Adding work to queue: yupvmqm
Adding work to queue: ioxuaaj
Adding work to queue: ceasijr
Adding work to queue: gconvgu
Adding work to queue: aznmizn
Adding work to queue: oabzvkt
Adding work to queue: brnhwqq
Adding work to queue: hgsugcg
Adding work to queue: fpyprjo
Adding work to queue: uzhnpcn
Adding work to queue: ywvatuu
Adding work to queue: ftjblal
Adding work to queue: dcicbdj
Adding work to queue: osjjfvq
Adding work to queue: rvihsjt
Adding work to queue: xkugtyl
Adding work to queue: lstphls
Adding work to queue: zihiics
Adding work to queue: tzcnslk
Adding work to queue: qqnkybo
Adding work to queue: rtnrdzw
Processing batch, queue size: 34
Adding work to queue: kglxigk
Adding work to queue: ittqlfx
Adding work to queue: aqrfugt
Adding work to queue: vvhtobt
Adding work to queue: hwdcikd
Adding work to queue: oyahqxk
Adding work to queue: wuarkxe
Adding work to queue: kaocwxx
Adding work to queue: lghoktx
Adding work to queue: nadqleo
Adding work to queue: sgpibwj
Adding work to queue: aixptgw
Adding work to queue: ribecel
Adding work to queue: bygtioc
Adding work to queue: ctetxdm
Adding work to queue: bpfzyrv
Adding work to queue: jicwfnl
Adding work to queue: vobvmbu
Adding work to queue: jidzotn
Adding work to queue: yopvpes
Adding work to queue: vdimvpb
Adding work to queue: mpaxdft
Adding work to queue: litnjyf
Processing batch, queue size: 25
Adding work to queue: pdawxtx
Adding work to queue: btngbhh
Adding work to queue: clrlwan
Adding work to queue: dyrkswf
Adding work to queue: ktkespe
Adding work to queue: pyvihom
Adding work to queue: rmffcrb
Adding work to queue: pxlwaqd
Adding work to queue: drpxtok
Processing batch, queue size: 9
Adding work to queue: wrwdmiw
Adding work to queue: ngcgayr
Adding work to queue: nzsrhei
Processing batch, queue size: 3
Adding work to queue: qevbqlq
Processing batch, queue size: 1
Adding work to queue: gvitequ
Adding work to queue: fmosokb
Adding work to queue: wfmrkzt
Adding work to queue: vzqwkzz
Adding work to queue: qvyfoxx
Adding work to queue: timrllu
Adding work to queue: xnbmanr
Adding work to queue: loavbwi
Adding work to queue: tzhcqfr
Adding work to queue: dvslbyv
Adding work to queue: srllawq
Adding work to queue: dttfpna
Adding work to queue: adgvqvw
Adding work to queue: frcfrhl
Adding work to queue: cvjzsss
Adding work to queue: zscheqg
Adding work to queue: mrgkhdr
Adding work to queue: xcvfeci
Adding work to queue: wxlvism
Adding work to queue: phckivi
Adding work to queue: hvezfqm
Adding work to queue: lwprcwf
Adding work to queue: yeysvdw
Adding work to queue: rbnrpmc
Adding work to queue: vjbzelj
Adding work to queue: adxtymg
Adding work to queue: xkmrfrp
Adding work to queue: gaauvzr
Adding work to queue: jajsgyr
Adding work to queue: dpcxott
Adding work to queue: fjitmor
Adding work to queue: jydvlgz
Adding work to queue: tyxrxjq
Adding work to queue: xcfmczo
Adding work to queue: cdjmgdy
Adding work to queue: sunopco
Adding work to queue: fctigtg
Adding work to queue: tjsfmbe
Adding work to queue: dhampll
Adding work to queue: ndhnqxb
Adding work to queue: dwovwce
Adding work to queue: hausvvm
Adding work to queue: rgwcksu
Adding work to queue: gtbbchx
Adding work to queue: rhunwzr
Adding work to queue: hacahuc
Adding work to queue: ysyphov
Adding work to queue: kssmddu
Adding work to queue: tbtizre
Processing batch, queue size: 49
Adding work to queue: thfihbk
Adding work to queue: pthpekf
Adding work to queue: wemabwm
Adding work to queue: yljtgas
Adding work to queue: hfhdcwi
Adding work to queue: qptuobo
Adding work to queue: sqcnkcd
Adding work to queue: aafdpgy
Adding work to queue: kstnanq
Adding work to queue: fdrpapk
Adding work to queue: wefqmec
Adding work to queue: dztpoxk
Adding work to queue: rcdquna
Processing batch, queue size: 30
Adding work to queue: thnkgfx
Adding work to queue: wsyvicj
Adding work to queue: qjxnfbd
Adding work to queue: kigfjts
Adding work to queue: ftzgfwh
Adding work to queue: shxeavu
Adding work to queue: wgbimeu
Adding work to queue: gzgmdaz
Adding work to queue: ehmdmqy
Adding work to queue: oufrgpl
Adding work to queue: ojubqbr
Adding work to queue: vlcgyba
Processing batch, queue size: 12
Adding work to queue: lzznitn
Adding work to queue: ocjhkxw
Adding work to queue: ykeuzft
Adding work to queue: ongcohn
Adding work to queue: xtwqibc
Adding work to queue: uvmkjtx
Adding work to queue: lqdbuzh
Adding work to queue: mraztcd
Adding work to queue: ksepgzr
Adding work to queue: moioepr
Adding work to queue: ipgubyw
Adding work to queue: eftxepm
Adding work to queue: jmquzoq
Adding work to queue: ezxucio
Adding work to queue: pcnzdpl
Adding work to queue: auoooey
Adding work to queue: uiiwtff
Adding work to queue: jdrsuri
Adding work to queue: yvltlhq
Processing batch, queue size: 19
Adding work to queue: kapeoca
Adding work to queue: yavvqkz
Adding work to queue: cwsgqtl
Adding work to queue: udedvko
Adding work to queue: hatduqj
Adding work to queue: vkoikpo
Adding work to queue: mhfwkqh
Processing batch, queue size: 7
Adding work to queue: qobwnpp
Adding work to queue: rsuiotl
Adding work to queue: pfnswxh
Adding work to queue: aosskiy
Adding work to queue: qrlhlhy
Adding work to queue: pueomje
Adding work to queue: cmslbff
Adding work to queue: glfjiob
Adding work to queue: tgfafbm
Adding work to queue: yuiyjhh
Adding work to queue: filkset
Adding work to queue: dvqhtqc
Adding work to queue: lzvsqsf
Adding work to queue: kicriss
Adding work to queue: ykelxqa
Adding work to queue: iznokga
Adding work to queue: dgouxso
Adding work to queue: xmxsmvt
Adding work to queue: oxkisnu
Adding work to queue: floandh
Adding work to queue: qzqgrsr
Adding work to queue: dkcibuc
Adding work to queue: kwuwuys
Processing batch, queue size: 23
Adding work to queue: jzwoxap
Adding work to queue: beqpnfz
Adding work to queue: zrbdeau
Adding work to queue: uqfrwcn
Adding work to queue: mxmzydn
Adding work to queue: nzyytvx
Adding work to queue: fkloxxa
Adding work to queue: rhwfxxg
Processing batch, queue size: 8
Adding work to queue: myuwvqo
Adding work to queue: tymynum
Adding work to queue: mekzimi
Adding work to queue: slrdonq
Adding work to queue: jcyyljk
Adding work to queue: zjgmwio
Adding work to queue: soiwavm
Adding work to queue: syulcuu
Adding work to queue: jawwhfn
Adding work to queue: idphxkh
Adding work to queue: uffcjvp
Adding work to queue: ccfnhhb
Adding work to queue: maqvhiy
Adding work to queue: znbclpf
Adding work to queue: rxyesmb
Adding work to queue: naoxshe
Adding work to queue: kbremmh
Adding work to queue: smganeg
Adding work to queue: xbdmayn
Adding work to queue: tzjfpiu
Adding work to queue: mgvzkys
Adding work to queue: krmlane
Adding work to queue: lqdogfh
Adding work to queue: qmcpuss
Adding work to queue: hbtriru
Adding work to queue: kmejiuj
Adding work to queue: lfxoybo
Adding work to queue: azsbrgg
Adding work to queue: zftbuno
Adding work to queue: pasowck
Adding work to queue: tbglcyw
Adding work to queue: xycfjxy
Processing batch, queue size: 32
Adding work to queue: vdksjxd
Adding work to queue: osxdwxt
Adding work to queue: lckrccr
Adding work to queue: epgttbe
Adding work to queue: dxmhzgs
Adding work to queue: nksdkho
Adding work to queue: igfridk
Adding work to queue: cuusqgr
Adding work to queue: aqmxgrq
Adding work to queue: ntwdega
Adding work to queue: besnbpu
Adding work to queue: bixzrot
Adding work to queue: ualvqkt
Adding work to queue: avqzljn
Processing batch, queue size: 14
Adding work to queue: zgbiyyg
Adding work to queue: shppmqy
Adding work to queue: mpovxzv
Adding work to queue: wodnqgn
Adding work to queue: dazloeo
Adding work to queue: vtoadtf
Adding work to queue: hganppu
Adding work to queue: muuwcre
Adding work to queue: dpqlslx
Adding work to queue: xnrqtat
Adding work to queue: upzubgl
Adding work to queue: cfoyalg
Adding work to queue: hqfoajj
Adding work to queue: vgzhkpz
Adding work to queue: dszxwpl
Adding work to queue: jidzfun
Adding work to queue: bhelagk
Adding work to queue: gdcpavg
Adding work to queue: bzodria
Adding work to queue: busdzdf
Adding work to queue: ouooewu
Adding work to queue: uybobmd
Adding work to queue: mvanrkv
Adding work to queue: ucuzuge
Adding work to queue: kznvujk
Adding work to queue: xrexntj
Adding work to queue: aouygwg
Adding work to queue: sjojovt
Adding work to queue: xdaizxv
Adding work to queue: mxukwhb
Adding work to queue: rguhlsb
Adding work to queue: tmjpdbp
Adding work to queue: divspbw
Adding work to queue: rndsuhi
Adding work to queue: rcppwpz
Adding work to queue: hksnuah
Adding work to queue: yirmdso
Adding work to queue: ngsbmdc
Adding work to queue: pcuyzda
Adding work to queue: orkgafb
Adding work to queue: nmpqels
Adding work to queue: phmdibk
Processing batch, queue size: 42
Adding work to queue: fusirhv
Adding work to queue: yenisbw
Adding work to queue: awhhexr
Adding work to queue: lsvtpjc
Adding work to queue: tpeiuiz
Adding work to queue: mkdgnwd
Adding work to queue: lwrkrrc
Adding work to queue: lxkpnis
Adding work to queue: dfocpvk
Adding work to queue: xbexuuv
Adding work to queue: rgihqya
Adding work to queue: urhiylo
Adding work to queue: bidpozw
Adding work to queue: umzrtrz
Adding work to queue: psdiaej
Adding work to queue: fegrekz
Adding work to queue: ljjuqfj
Adding work to queue: kzyrulh
Adding work to queue: gerzvoe
Adding work to queue: giwodtu
Adding work to queue: vseypht
Adding work to queue: mpckqex
Adding work to queue: epejtep
Adding work to queue: wuvppse
Adding work to queue: nflabny
Adding work to queue: jbbjdvx
Adding work to queue: iwvqfjo
Adding work to queue: jvstvxz
Adding work to queue: drpeqaz
Adding work to queue: ghmvobq
Processing batch, queue size: 40
Adding work to queue: znycbqk
Adding work to queue: eukcled
Adding work to queue: gpdsmwv
Adding work to queue: oviwaie
Adding work to queue: ycsebge
Adding work to queue: ojgtily
Adding work to queue: lqendqv
Adding work to queue: fyphoqt
Adding work to queue: tvwlhhm
Adding work to queue: aeotrex
Adding work to queue: wdrtxgz
Adding work to queue: ritgewt
Adding work to queue: lwdiakm
Adding work to queue: cqeczme
Processing batch, queue size: 22
Adding work to queue: zkmqehw
Adding work to queue: gxshzlq
Adding work to queue: ozzzygr
Adding work to queue: pyfvrfd
Adding work to queue: czidtwv
Adding work to queue: hqimsjc
Adding work to queue: gmezqbq
Adding work to queue: vrrcpsw
Adding work to queue: puykrxp
Adding work to queue: ychrzwn
Adding work to queue: zqjpuik
Adding work to queue: gzeugdv
Adding work to queue: enxdplq
Adding work to queue: xkzgfny
Adding work to queue: oxymntu
Adding work to queue: javmekw
Adding work to queue: hcxcrtc
Adding work to queue: xdlqxcs
Adding work to queue: yaqfdev
Adding work to queue: eywruwf
Adding work to queue: piwkrlh
Adding work to queue: migcyvm
Adding work to queue: rlqjjig
Adding work to queue: leqelok
Adding work to queue: hjrtnsl
Adding work to queue: jgpdywj
Adding work to queue: xlvcpam
Adding work to queue: nkwbvrp
Adding work to queue: inrdlyw
Adding work to queue: nfxnyty
Adding work to queue: hjcgxii
Adding work to queue: lppmofu
Adding work to queue: estwkmp
Adding work to queue: qlkjokg
Adding work to queue: fuqpcel
Adding work to queue: ncadhdn
Adding work to queue: rxfvcjk
Adding work to queue: wdzvccy
Adding work to queue: phmzpcx
Adding work to queue: exdvyjv
Adding work to queue: abwkfvu
Adding work to queue: gowznoh
Adding work to queue: hauxhxm
Adding work to queue: kjfeqep
Adding work to queue: vozyagw
Adding work to queue: iburrkm
Adding work to queue: vynpqmz
Adding work to queue: ibfmoqn
Adding work to queue: cjwravd
Adding work to queue: ohkbuxk
Adding work to queue: armlzpn
Adding work to queue: oeryzqp
Adding work to queue: omryqwj
Adding work to queue: fymuqzf
Adding work to queue: ffftpop
Adding work to queue: tftztgt
Adding work to queue: bmyputt
Adding work to queue: tjhzbbl
Adding work to queue: rdetsct
Adding work to queue: vosindk
Adding work to queue: qnuwsxi
Adding work to queue: edvgzgn
Adding work to queue: eqqtqjo
Adding work to queue: tvrrbdl
Adding work to queue: hwlhsgk
Adding work to queue: rwmiihb
Adding work to queue: ggnimfv
Adding work to queue: kvvcnoo
Adding work to queue: htnhpez
Adding work to queue: bubtoiz
Adding work to queue: aqzfgka
Adding work to queue: xytjlsl
Adding work to queue: egtpsst
Adding work to queue: jwwcddz
Adding work to queue: wagruga
Adding work to queue: uzekixn
Adding work to queue: leveque
Adding work to queue: ikfcxkj
Adding work to queue: bzfmmaz
Adding work to queue: oauejqb
Adding work to queue: kxwwzga
Processing batch, queue size: 81
Adding work to queue: goatyjx
Adding work to queue: nbunhej
Adding work to queue: ytfujiz
Adding work to queue: whwvfss
Adding work to queue: kdjvyhc
Adding work to queue: sxezokf
Adding work to queue: nemwsnp
Adding work to queue: ugisahz
Adding work to queue: byuqqic
Adding work to queue: jgyzbdi
Adding work to queue: tlgkaes
Adding work to queue: qijruwz
Adding work to queue: oicemsh
Adding work to queue: pxoaeye
Adding work to queue: npzadkh
Adding work to queue: nvlzxzg
Adding work to queue: limkdoc
Adding work to queue: lsgrtte
Adding work to queue: fubyhxx
Adding work to queue: cejagqv
Adding work to queue: nziszvu
Adding work to queue: utxfdnf
Adding work to queue: lcbyloj
Adding work to queue: gvphwaj
Adding work to queue: iqvmoxm
Adding work to queue: vqaospe
Adding work to queue: pwntvze
Adding work to queue: akfslqt
Adding work to queue: areqsdr
Adding work to queue: ezhstsw
Adding work to queue: jrnqply
Adding work to queue: zfxhznw
Adding work to queue: altkkxy
Adding work to queue: vcsislf
Adding work to queue: ciebblz
Adding work to queue: fsyriqc
Adding work to queue: hcqfpro
Adding work to queue: lbyaolt
Adding work to queue: ysqtfax
Adding work to queue: fzprqmr
Adding work to queue: tgczapn
Adding work to queue: nxaefrj
Adding work to queue: lzfcskc
Adding work to queue: kjipqhh
Adding work to queue: ulliszh
Adding work to queue: avuctya
Adding work to queue: tbvkxqb
Adding work to queue: fsxicfp
Adding work to queue: mnwxydu
Adding work to queue: jgbitgz
Adding work to queue: kfemigr
Adding work to queue: iajxazz
Adding work to queue: tmdjlci
Adding work to queue: rdkkfdo
Adding work to queue: haffmfw
Adding work to queue: ovrkvqk
Adding work to queue: gqbjkiu
Adding work to queue: jzomtuz
Adding work to queue: qfnarli
Adding work to queue: glawnwn
Adding work to queue: jpdmbts
Processing batch, queue size: 110
Adding work to queue: guodbpv
Adding work to queue: izvtsnt
Adding work to queue: tzdjrvt
Adding work to queue: wplgjjk
Adding work to queue: uxgxmzv
Adding work to queue: yjkxnmt
Adding work to queue: rpdusju
Adding work to queue: blefnzf
Adding work to queue: ncmbsso
Adding work to queue: rrvzzta
Adding work to queue: hhxjchw
Adding work to queue: xxvxiao
Adding work to queue: lsvwakk
Adding work to queue: glducrl
Processing batch, queue size: 92
Adding work to queue: nxerrix
Adding work to queue: yeplqvf
Adding work to queue: pyvcojs
Adding work to queue: vwzgyer
Adding work to queue: ajfgvyj
Adding work to queue: caqrcdn
Adding work to queue: ivzsgay
Adding work to queue: raofsap
Adding work to queue: slockiz
Adding work to queue: gweprbp
Adding work to queue: wibdlvx
Adding work to queue: rnyuzdn
Adding work to queue: rqsbbfh
Adding work to queue: hcoqmhc
Adding work to queue: vsfqfxv
Adding work to queue: iowpnqy
Adding work to queue: hcbyupm
Adding work to queue: ecdsbup
Adding work to queue: gsozech
Adding work to queue: nebygma
Adding work to queue: lhapzry
Adding work to queue: ziuadil
Adding work to queue: juvbhfz
Adding work to queue: ctyepta
Adding work to queue: hbcnnjn
Adding work to queue: dnieivg
Adding work to queue: wrdlxco
Adding work to queue: jbqhikw
Adding work to queue: acjkbfg
Adding work to queue: csmrhvg
Adding work to queue: nfizipr
Adding work to queue: kvrvwvp
Adding work to queue: byabnut
Adding work to queue: hkureyl
Adding work to queue: nfmzexa
Adding work to queue: rhindon
Adding work to queue: nbsdixn
Adding work to queue: uoezsqs
Adding work to queue: hgzaqdx
Adding work to queue: vbjlave
Adding work to queue: ybtroqr
Adding work to queue: sebxjmn
Adding work to queue: gjlyoxu
Adding work to queue: krbexxi
Adding work to queue: pcgmlnm
Adding work to queue: evyrpuo
Adding work to queue: jgonxaz
Adding work to queue: vhnwdhs
Adding work to queue: fgtrzxg
Adding work to queue: sglgwpb
Adding work to queue: sbfrdus
Adding work to queue: hsoleuy
Adding work to queue: aswigpk
Adding work to queue: vihrzpw
Adding work to queue: ktsjtmu
Adding work to queue: qfyyini
Processing batch, queue size: 116
Adding work to queue: qgkwtqu
Adding work to queue: civzlay
Adding work to queue: wdemwhr
Adding work to queue: fzwdixd
Adding work to queue: dvycbit
Adding work to queue: htqpubp
Adding work to queue: lkdepcj
Adding work to queue: epzjxrh
Adding work to queue: vgturnl
Adding work to queue: ajssiyh
Adding work to queue: qaducuj
Adding work to queue: zdeanch
Adding work to queue: sxnxucn
Adding work to queue: nuaqiov
Adding work to queue: qxurzja
Adding work to queue: magtiii
Adding work to queue: lnhmkrq
Adding work to queue: suepctf
Adding work to queue: ayggafw
Adding work to queue: ddoeztk
Adding work to queue: vgmcnfb
Adding work to queue: itrffow
Adding work to queue: rpzkgof
Adding work to queue: vymrqyz
Adding work to queue: moqwrux
Adding work to queue: xbvffty
Adding work to queue: gbfxkrj
Adding work to queue: yivgjno
Adding work to queue: ylzxnns
Adding work to queue: mwkvqnc
Adding work to queue: eblbvvv
Adding work to queue: hhxzrsq
Adding work to queue: baggvns
Adding work to queue: yoeeslz
Adding work to queue: myczdwa
Adding work to queue: xaforoa
Adding work to queue: euawarj
Adding work to queue: zylwwuk
Adding work to queue: dhlrwgn
Adding work to queue: zmpnqev
Adding work to queue: gkfnufi
Adding work to queue: vtrdpgm
Adding work to queue: gtoyptu
Adding work to queue: ptyuxsk
Adding work to queue: tlhzutd
Adding work to queue: vrueoxb
Adding work to queue: hzkukxl
Adding work to queue: ckxzrmj
Adding work to queue: hoquiqh
Adding work to queue: yxdlwth
Adding work to queue: bkdsetk
Adding work to queue: esaclha
Adding work to queue: axcljgl
Adding work to queue: rwrnjxu
Adding work to queue: gjnrylp
Adding work to queue: avanpvh
Adding work to queue: ivcaswr
Adding work to queue: xsbfvjm
Adding work to queue: htkdlzx
Adding work to queue: muxdvxe
Adding work to queue: chbskpk
Adding work to queue: uphhjjj
Adding work to queue: gpcklzj
Adding work to queue: etqxkig
Adding work to queue: cummcwk
Adding work to queue: nmqzruq
Adding work to queue: cwhuoqz
Adding work to queue: eodhjvw
Adding work to queue: qmmywbi
Adding work to queue: tufcrom
Adding work to queue: dfobjwz
Adding work to queue: rftckak
Adding work to queue: wufkyed
Adding work to queue: polzkfp
Adding work to queue: ygyokpn
Adding work to queue: bxeotzd
Adding work to queue: dzvqmnt
Adding work to queue: uqgghlh
Adding work to queue: qcijolv
Adding work to queue: cnfurmy
Adding work to queue: qcxmadv
Adding work to queue: xdgbcwe
Adding work to queue: vcjfydp
Adding work to queue: hojizur
Adding work to queue: ldirjcx
Adding work to queue: uvnaifq
Processing batch, queue size: 170
Adding work to queue: jnuxcye
Adding work to queue: fmkzfsi
Adding work to queue: iekmxno
Adding work to queue: zsqenuf
Adding work to queue: yicylbd
Adding work to queue: pflxzgk
Adding work to queue: ynnymoa
Adding work to queue: ssstpjj
Adding work to queue: oocgrsd
Adding work to queue: thckvon
Adding work to queue: ajgepbe
Adding work to queue: iwwyiws
Adding work to queue: yopmqpz
Adding work to queue: mwxtqqw
Adding work to queue: ldoqdjr
Adding work to queue: rkypdsv
Adding work to queue: dgzsfwe
Adding work to queue: oorgrdb
Adding work to queue: gycxkuc
Adding work to queue: lfhjrns
Adding work to queue: pcfutlj
Adding work to queue: tljlgws
Adding work to queue: cbrwoit
Adding work to queue: nnqyeiw
Adding work to queue: kxvzhuw
Adding work to queue: gpdvuqi
Adding work to queue: zkpmefk
Adding work to queue: qntsgys
Adding work to queue: nncucdn
Adding work to queue: vvktdbe
Adding work to queue: ltdavgu
Adding work to queue: ixsruni
Adding work to queue: jxafvrw
Adding work to queue: sjafuyq
Adding work to queue: tkjohiv
Adding work to queue: qisldiz
Adding work to queue: wtpqbnf
Adding work to queue: gmiqhnk
Processing batch, queue size: 176
Adding work to queue: wjypxpq
Adding work to queue: cutyxtl
Adding work to queue: bpvytel
Adding work to queue: mkpiyfc
Adding work to queue: obtuuyt
Adding work to queue: uiovwra
Adding work to queue: goibdfx
Adding work to queue: llmrzni
Adding work to queue: soqybzb
Adding work to queue: zaknbbt
Adding work to queue: isllzke
Adding work to queue: xfvxykr
Adding work to queue: aumgiff
Adding work to queue: ulgoczd
Adding work to queue: krghdmr
Adding work to queue: flmvvpj
Adding work to queue: efrqsng
Adding work to queue: ohesbon
Adding work to queue: xtxhjvg
Adding work to queue: vndyhrn
Adding work to queue: klaonfl
Adding work to queue: oyxfhcz
Adding work to queue: omvbiiv
Adding work to queue: hctwbai
Adding work to queue: hilxqli
Adding work to queue: ydhpatb
Adding work to queue: kpxalxg
Adding work to queue: sqgpwoi
Adding work to queue: dcaffab
Adding work to queue: jaituqe
Adding work to queue: fzpkspn
Adding work to queue: ikwtpqp
Adding work to queue: pllxxbc
Adding work to queue: skqmrri
Adding work to queue: bjywdch
Adding work to queue: yuijfkg
Adding work to queue: zloyert
Adding work to queue: hghpfdf
Adding work to queue: qyfrtfl
Adding work to queue: aabgwlz
Adding work to queue: sicqosc
Adding work to queue: clljeve
Adding work to queue: jrosrxp
Adding work to queue: orimwxy
Adding work to queue: aafnpix
Adding work to queue: miahdab
Adding work to queue: tlntann
Adding work to queue: jssqtwb
Adding work to queue: tboohos
Adding work to queue: kntoyah
Adding work to queue: mwnueur
Adding work to queue: aqnsowx
Adding work to queue: wzvrmrb
Adding work to queue: taprhzr
Adding work to queue: kwspnlc
Adding work to queue: xqhtwrp
Adding work to queue: rrochtm
Adding work to queue: zuyiafo
Adding work to queue: grnwrax
Adding work to queue: alalwhd
Adding work to queue: xlrmavk
Adding work to queue: guodapl
Adding work to queue: dvnaryu
Adding work to queue: llmeszz
Processing batch, queue size: 208
Adding work to queue: iwmtyxl
Adding work to queue: vwvmxei
Adding work to queue: xksuins
Adding work to queue: rjyoowo
Adding work to queue: hekwttd
Adding work to queue: erfcqom
Adding work to queue: eabfpgb
Adding work to queue: fjyhokm
Adding work to queue: kummvkr
Adding work to queue: imfdgyh
Adding work to queue: psxpdxe
Adding work to queue: kmtytmc
Processing batch, queue size: 188
Adding work to queue: vevjvio
Adding work to queue: hlyfewx
Adding work to queue: hsxqcsf
Adding work to queue: tnenijh
Adding work to queue: wrxtzex
Adding work to queue: ryioujb
Adding work to queue: oaoslib
Adding work to queue: tvtcuon
Adding work to queue: xdzvlmg
Adding work to queue: jttyyjv
Adding work to queue: gcpnivp
Processing batch, queue size: 167
Adding work to queue: wsjvgmg
Adding work to queue: okyqdgi
Adding work to queue: mptnyrv
Adding work to queue: mlfjdda
Adding work to queue: eugdtfi
Adding work to queue: hkavjyj
Adding work to queue: tetmsrc
Adding work to queue: phquybp
Adding work to queue: imzlhvf
Adding work to queue: ituwjlt
Adding work to queue: xzdoeeo
Adding work to queue: ainovnj
Adding work to queue: tlwhreg
Adding work to queue: fsicovh
Adding work to queue: hhqaidz
Adding work to queue: eopxrqp
Adding work to queue: uefesac
Adding work to queue: iaajygw
Adding work to queue: ltpujqp
Adding work to queue: ghesvuo
Adding work to queue: dopydfp
Adding work to queue: ydgxfgn
Adding work to queue: rnqzozb
Adding work to queue: nvtqdhm
Adding work to queue: mqierki
Adding work to queue: dtztfub
Adding work to queue: zidfesv
Adding work to queue: taeqbvk
Adding work to queue: qrqwucu
Adding work to queue: ixnzklc
Adding work to queue: nfkvszh
Processing batch, queue size: 166
Adding work to queue: dmevxss
Adding work to queue: qrfnbbz
Adding work to queue: lhyqhkq
Adding work to queue: khyyjui
Adding work to queue: iyfvmdb
Adding work to queue: zaydhdh
Adding work to queue: wlgxojv
Adding work to queue: mywtzvf
Adding work to queue: khdxjli
Adding work to queue: xvbgpvv
Adding work to queue: vatmnfc
Processing batch, queue size: 145
Adding work to queue: tubcqkp
Adding work to queue: fhsvmwd
Adding work to queue: mbehaor
Adding work to queue: bdreyar
Adding work to queue: aapojwc
Adding work to queue: cacvijo
Adding work to queue: trvwmhc
Adding work to queue: dwpwvep
Adding work to queue: xedlyyt
Adding work to queue: zfifjjm
Adding work to queue: tuteeqv
Adding work to queue: afptlbu
Adding work to queue: gqwvrbg
Adding work to queue: btbyklc
Adding work to queue: brmnvdy
Adding work to queue: izjsrxq
Adding work to queue: gpslmgy
Adding work to queue: dylwqyw
Adding work to queue: xclmgkn
Adding work to queue: kgitycf
Adding work to queue: vgiidqm
Adding work to queue: hejhmwd
Adding work to queue: gczivfp
Adding work to queue: indkspd
Adding work to queue: etvolpo
Adding work to queue: berqear
Adding work to queue: frgbtxb
Adding work to queue: uedfvyh
Adding work to queue: dtyuqjq
Adding work to queue: udvmyrn
Adding work to queue: ezwbvvw
Adding work to queue: uohuuip
Adding work to queue: bqbvzhw
Adding work to queue: lzvepta
Adding work to queue: qzzvvti
Adding work to queue: ahcrebw
Adding work to queue: fvhhnll
Adding work to queue: awaboro
Adding work to queue: yvmfusu
Adding work to queue: sdwthze
Adding work to queue: qcuxkie
Adding work to queue: aotvvzt
Adding work to queue: tvoaodz
Adding work to queue: uqypjcj
Adding work to queue: tglkszd
Adding work to queue: xzsqaue
Adding work to queue: dwolvra
Adding work to queue: zfgdkdf
Adding work to queue: scngnsd
Adding work to queue: kpmedrd
Adding work to queue: ttlroyg
Adding work to queue: qotgysh
Adding work to queue: lfwqqoj
Adding work to queue: kjkcqdg
Adding work to queue: ngjxsto
Adding work to queue: hmognip
Adding work to queue: sfigudt
Adding work to queue: mwcbjtg
Adding work to queue: igxjrvi
Adding work to queue: kpgysun
Adding work to queue: nxpvbtq
Adding work to queue: ihiuaur
Adding work to queue: yjkyrbd
Adding work to queue: ljldavl
Adding work to queue: cwgziml
Adding work to queue: ayzdiyo
Adding work to queue: krcalsm
Adding work to queue: axevafx
Adding work to queue: bvzhtdc
Adding work to queue: hizodub
Processing batch, queue size: 183
Adding work to queue: ycmgxri
Adding work to queue: hgvtfdu
Adding work to queue: ipxaqhm
Adding work to queue: rvgdmjl
Adding work to queue: yaplvrj
Adding work to queue: urqvvpa
Adding work to queue: ezfejuo
Adding work to queue: ptjjshf
Adding work to queue: bhbibht
Adding work to queue: nzfhpef
Adding work to queue: gmkgkbq
Adding work to queue: oibnuqu
Adding work to queue: scqbinq
Adding work to queue: lcgmass
Adding work to queue: xnotspt
Adding work to queue: nhkmgmr
Adding work to queue: ntgqrsm
Adding work to queue: fuqqvoh
Adding work to queue: feppfha
Adding work to queue: eklytob
Adding work to queue: ixggwij
Adding work to queue: zusrrbz
Adding work to queue: ufnsqjp
Adding work to queue: xbpcbnh
Adding work to queue: kwcuioe
Adding work to queue: vdvvnci
Adding work to queue: puszcwv
Adding work to queue: dydfwes
Adding work to queue: ybeajvl
Adding work to queue: mquukpe
Adding work to queue: pxptyuh
Adding work to queue: lhyoljx
Adding work to queue: xzfropl
Adding work to queue: bbcmgte
Adding work to queue: noabyuq
Adding work to queue: yfgqlij
Adding work to queue: oikernn
Adding work to queue: ogbephc
Adding work to queue: rlsmrzs
Adding work to queue: asjjadd
Adding work to queue: ljurmqd
Adding work to queue: oyfomgi
Adding work to queue: bzwmrnz
Adding work to queue: yypvlik
Adding work to queue: nebhkqq
Adding work to queue: egoxqka
Adding work to queue: elwkekp
Adding work to queue: mhoqnrg
Adding work to queue: estldty
Adding work to queue: umigbzn
Adding work to queue: pjjgrwc
Adding work to queue: kppbdnz
Adding work to queue: xkotdbh
Adding work to queue: sshasuo
Adding work to queue: lccaedg
Adding work to queue: cwukren
Adding work to queue: rpebqwm
Adding work to queue: ysnlhhj
Adding work to queue: ohdglyt
Adding work to queue: peshdzs
Adding work to queue: znymusv
Processing batch, queue size: 212
Adding work to queue: khxwxhn
Adding work to queue: ucgfkzm
Adding work to queue: wulbsal
Adding work to queue: lgwtnpj
Adding work to queue: znzyfbv
Adding work to queue: tduduqv
Adding work to queue: cjtfuug
Adding work to queue: jhuibrm
Adding work to queue: jrpzpmg
Adding work to queue: uaojrhi
Adding work to queue: lfdkais
Adding work to queue: rjibiec
Adding work to queue: xmxtdss
Adding work to queue: ysarjzz
Adding work to queue: vzexocb
Adding work to queue: tefutry
Adding work to queue: jbsgqij
Adding work to queue: gjcxwiu
Adding work to queue: uouoqyb
Adding work to queue: rqwuzjb
Adding work to queue: lnnqlnd
Adding work to queue: bnvrexm
Adding work to queue: yfejhzb
Adding work to queue: fsyayml
Adding work to queue: yoiavqp
Adding work to queue: ultgnne
Adding work to queue: ngrmmti
Adding work to queue: hweoaus
Adding work to queue: sfermay
Adding work to queue: qtloquq
Adding work to queue: vmcgeuw
Adding work to queue: gijiqyn
Adding work to queue: dmqfdzj
Adding work to queue: ctsuaht
Adding work to queue: urzmnsz
Adding work to queue: puyjnsl
Adding work to queue: dakyidq
Adding work to queue: fgggjcf
Adding work to queue: mobnfqs
Adding work to queue: bzdegyp
Adding work to queue: fnuylmx
Adding work to queue: cxklwfz
Adding work to queue: jwvgwsx
Adding work to queue: sbboswo
Adding work to queue: mpsthwi
Adding work to queue: nmemqym
Adding work to queue: fmeuamt
Adding work to queue: wavqkmb
Adding work to queue: bvqqzvx
Adding work to queue: utqlump
Processing batch, queue size: 230
Adding work to queue: rdnvyqh
Adding work to queue: udykope
Adding work to queue: fmolnwy
Adding work to queue: orbzlvt
Adding work to queue: rowlqzd
Adding work to queue: kgoljyx
Adding work to queue: pmdifqw
Adding work to queue: bdpqqsz
Adding work to queue: jfgbmua
Adding work to queue: rayjnko
Adding work to queue: wqzlqbl
Adding work to queue: idulxan
Adding work to queue: mrtvuoy
Adding work to queue: shauafg
Adding work to queue: jjlvufe
Adding work to queue: ujkwrcf
Adding work to queue: smxgtle
Adding work to queue: csmgide
Adding work to queue: ogkfckq
Adding work to queue: infoxir
Adding work to queue: vdevind
Adding work to queue: ndzwwie
Adding work to queue: txikwhx
Adding work to queue: pnvjijm
Adding work to queue: zxjrzfx
Adding work to queue: ozczwxr
Adding work to queue: vwcjrdt
Adding work to queue: pthiyeb
Adding work to queue: igiljts
Adding work to queue: gprcwnf
Adding work to queue: ocstpmu
Adding work to queue: yguhbkt
Adding work to queue: jvylaqm
Adding work to queue: qobncgk
Adding work to queue: pjbhnur
Adding work to queue: nftnafn
Adding work to queue: llaukdo
Adding work to queue: cbfirpi
Adding work to queue: lbpqrle
Adding work to queue: rfcvmlf
Adding work to queue: ohefajq
Adding work to queue: psapopk
Adding work to queue: qeyemij
Adding work to queue: wbxiczz
Adding work to queue: mjrjrmv
Adding work to queue: vtninmw
Adding work to queue: rftsefe
Adding work to queue: sjyzuvp
Adding work to queue: vzoqqsz
Adding work to queue: tytdghy
Adding work to queue: ilvxckj
Adding work to queue: tlraqwt
Adding work to queue: kplwnrr
Adding work to queue: jkztgfo
Adding work to queue: upnagwo
Adding work to queue: zarfvyl
Adding work to queue: ubdsbvt
Adding work to queue: plyonlv
Adding work to queue: apttzzp
Adding work to queue: xxqdjxa
Adding work to queue: myvwcte
Adding work to queue: pppxckb
Processing batch, queue size: 260
Adding work to queue: hwiewda
Adding work to queue: fzrpbir
Adding work to queue: jgvjofi
Adding work to queue: gxcnbby
Adding work to queue: zvdgwnm
Adding work to queue: gsosada
Adding work to queue: jwzpmxh
Adding work to queue: lrxvbgw
Adding work to queue: zclbggr
Adding work to queue: noaassd
Adding work to queue: lmpiyun
Adding work to queue: fxcgmkf
Adding work to queue: qqrjkcg
Adding work to queue: lshhktr
Adding work to queue: eqtdylo
Adding work to queue: bxkprpq
Adding work to queue: rceizit
Adding work to queue: udtsniz
Adding work to queue: ajrnaoq
Adding work to queue: ezzfabn
Adding work to queue: daeyhul
Adding work to queue: tvgnzyk
Adding work to queue: osinhoo
Adding work to queue: zhutwmn
Adding work to queue: svmtups
Adding work to queue: vqikylm
Adding work to queue: hoqvtnz
Adding work to queue: uytoais
Adding work to queue: vublfae
Adding work to queue: hnzwbqd
Adding work to queue: jjkngsa
Adding work to queue: znozdep
Adding work to queue: rgjlmzl
Adding work to queue: ojfbwub
Adding work to queue: qvhquop
Adding work to queue: moasoml
Adding work to queue: dygmauk
Adding work to queue: cfyatox
Adding work to queue: ofnvzjk
Adding work to queue: wmuuxji
Processing batch, queue size: 268
Adding work to queue: vnjwoan
Adding work to queue: xztrhlh
Adding work to queue: onubscn
Adding work to queue: yujzkua
Adding work to queue: rkdviil
Adding work to queue: lgycnjf
Adding work to queue: ilcsgsy
Adding work to queue: tfxxgyw
Adding work to queue: woccxsb
Adding work to queue: rsdctmi
Adding work to queue: tajoyyt
Adding work to queue: lxifaqf
Adding work to queue: tnslenn
Adding work to queue: toljisb
Adding work to queue: lepejib
Adding work to queue: qexeuio
Adding work to queue: mvjohux
Adding work to queue: tajrktp
Adding work to queue: emmvbig
Adding work to queue: zgqamsx
Adding work to queue: zrpgxok
Adding work to queue: earzsgi
Adding work to queue: jzuwhtb
Adding work to queue: mjcishy
Adding work to queue: iezdwvx
Adding work to queue: duzlfxq
Adding work to queue: kjdzjiz
Adding work to queue: zxhxsiz
Adding work to queue: ruqoaak
Adding work to queue: tcdfovy
Adding work to queue: mqvjgle
Adding work to queue: qohlzzg
Adding work to queue: eegtmhq
Adding work to queue: kyotdig
Adding work to queue: cxibmms
Adding work to queue: lsnmfly
Adding work to queue: mackppc
Adding work to queue: nvjxoza
Adding work to queue: rkulgag
Adding work to queue: eospfcx
Adding work to queue: dskknli
Adding work to queue: jokcmmi
Adding work to queue: sslohhv
Adding work to queue: aywkfoi
Adding work to queue: rhbftci
Adding work to queue: pjbjowb
Adding work to queue: hplboml
Adding work to queue: rpmuqwj
Adding work to queue: civxeid
Adding work to queue: qwxcfzm
Adding work to queue: imcldvy
Adding work to queue: xmebasj
Adding work to queue: dibmlgj
Adding work to queue: nypyxvh
Adding work to queue: vmsvngf
Adding work to queue: xypxeha
Adding work to queue: fxoaddf
Adding work to queue: vwcanml
Adding work to queue: blexvjt
Adding work to queue: wctionk
Adding work to queue: kvtaqsl
Adding work to queue: zculsuu
Adding work to queue: silnmby
Adding work to queue: kvfpbwi
Adding work to queue: mlhwycz
Adding work to queue: hpelayh
Adding work to queue: eorkdnj
Adding work to queue: bmszjwe
Adding work to queue: dpnnnnf
Adding work to queue: gvfzpre
Adding work to queue: mjkkpvi
Adding work to queue: dkevpdh
Adding work to queue: anhzqks
Adding work to queue: ktoouqb
Adding work to queue: gkvcdlw
Adding work to queue: keednwm
Adding work to queue: kwdgadw
Adding work to queue: wyocyna
Adding work to queue: yuyibsz
Adding work to queue: beixjpw
Adding work to queue: ncgsjmx
Adding work to queue: xojygvs
Adding work to queue: almzoyx
Adding work to queue: bgekngp
Adding work to queue: jueomkx
Adding work to queue: dednbre
Adding work to queue: sstebns
Adding work to queue: esjcvpu
Adding work to queue: zzlqyzy
Adding work to queue: usvpjhn
Processing batch, queue size: 326
Adding work to queue: uxybhfn
Adding work to queue: cyuggtm
Adding work to queue: avrhyhf
Adding work to queue: scadvbw
Adding work to queue: vytjgkv
Adding work to queue: zeljxvr
Adding work to queue: ailhxfz
Adding work to queue: vjftzeg
Adding work to queue: vgjqmef
Adding work to queue: usvyjtw
Adding work to queue: btltpqn
Adding work to queue: cpfkgto
Adding work to queue: lfzrluv
Adding work to queue: yhqhfqv
Adding work to queue: wfowvqn
Adding work to queue: fxdbypo
Adding work to queue: waquxlg
Adding work to queue: addcgmh
Adding work to queue: vomknaf
Adding work to queue: snqcpzp
Adding work to queue: qwjqinh
Adding work to queue: ndjmtxy
Adding work to queue: usqlfja
Adding work to queue: cvbypjx
Adding work to queue: xxlyaao
Adding work to queue: puqmtye
Adding work to queue: bcgrbxo
Adding work to queue: qcdzhbd
Adding work to queue: enrbiaw
Processing batch, queue size: 323
Adding work to queue: rprnoee
Adding work to queue: wusljfs
Adding work to queue: ycywhat
Adding work to queue: mbrbqeg
Adding work to queue: xirupsq
Adding work to queue: jfqrcyu
Adding work to queue: ubnuqra
Adding work to queue: mfgpesg
Adding work to queue: zaakzgh
Adding work to queue: qclqqbz
Adding work to queue: wihdkun
Adding work to queue: ijutlcv
Adding work to queue: xslqzag
Adding work to queue: kpnxmrb
Adding work to queue: ofxhacl
Adding work to queue: syoiyjq
Adding work to queue: pndxdum
Adding work to queue: qngxoqa
Adding work to queue: ulmzccg
Adding work to queue: yvqckuv
Adding work to queue: kspshzc
Adding work to queue: zhvkiwt
Adding work to queue: rxjgnfo
Adding work to queue: ugxyevx
Processing batch, queue size: 315
Adding work to queue: tavyovd
Adding work to queue: rxpkaro
Adding work to queue: xwstwak
Adding work to queue: shywced
Adding work to queue: mzdotmw
Adding work to queue: bdybjlv
Adding work to queue: jtwxrke
Adding work to queue: fbknpia
Adding work to queue: omaymhq
Adding work to queue: cusxmfa
Adding work to queue: nxkutiy
Adding work to queue: xyhxlha
Adding work to queue: kyahmxh
Adding work to queue: qqdbjdm
Adding work to queue: qrjlmoj
Adding work to queue: lqajmso
Adding work to queue: wodgasm
Adding work to queue: vsopqcm
Adding work to queue: hgnqxte
Adding work to queue: rgwgqwr
Adding work to queue: hzyerxe
Adding work to queue: rlbzvkw
Adding work to queue: frfgjfd
Adding work to queue: cmlnddi
Adding work to queue: ljfpekh
Adding work to queue: mbdxzsd
Adding work to queue: jlklwru
Adding work to queue: fmbtfmk
Adding work to queue: fpeipfn
Adding work to queue: uspgdwz
Adding work to queue: avtodue
Adding work to queue: sbgmxst
Adding work to queue: fzripmq
Adding work to queue: hdpifpi
Adding work to queue: aaxfukb
Adding work to queue: fdhhlsa
Adding work to queue: rmltzfw
Adding work to queue: chlbsth
Adding work to queue: iyxdpol
Adding work to queue: ihduvsp
Adding work to queue: bgkdpud
Adding work to queue: ayjbqst
Adding work to queue: kueesmu
Adding work to queue: cmhkuwb
Adding work to queue: zttjshf
Adding work to queue: jogfymq
Adding work to queue: pbhxgam
Adding work to queue: ebzjomy
Adding work to queue: hrldclb
Adding work to queue: ewicqib
Adding work to queue: mcraxdb
Adding work to queue: vzdsgki
Adding work to queue: mvjbpyn
Adding work to queue: czqumgl
Adding work to queue: qzfqfnn
Adding work to queue: wenlqsq
Adding work to queue: gsjktmu
Adding work to queue: prouowo
Adding work to queue: xqignck
Adding work to queue: yrutnwn
Adding work to queue: tcehlzu
Adding work to queue: ojnxpbg
Adding work to queue: wlmmkcj
Adding work to queue: wfjgtoe
Adding work to queue: dewcfqv
Adding work to queue: wevywoc
Adding work to queue: juqmhey
Adding work to queue: lttatwv
Processing batch, queue size: 351
Adding work to queue: ayrslgi
Adding work to queue: isqdeej
Adding work to queue: xvvwecg
Adding work to queue: lboqxqj
Adding work to queue: eylkxmq
Adding work to queue: wggykoo
Adding work to queue: tnflzel
Adding work to queue: wmwcjvx
Adding work to queue: rhpafff
Processing batch, queue size: 328
Adding work to queue: zvkaati
Adding work to queue: xdqqjbo
Adding work to queue: npbblzg
Adding work to queue: esejxpu
Adding work to queue: ygkzgrd
Adding work to queue: umctywz
Adding work to queue: lrghvlz
Adding work to queue: iukgimr
Adding work to queue: zwnkhjs
Adding work to queue: ovespte
Adding work to queue: urgaoiu
Processing batch, queue size: 307
Adding work to queue: moruzog
Adding work to queue: disanwu
Adding work to queue: wsphjfx
Adding work to queue: rkftfps
Adding work to queue: ahefmhp
Adding work to queue: mrbkqzf
Adding work to queue: lyjbeib
Adding work to queue: spkhpfr
Adding work to queue: rguauvk
Adding work to queue: vvbwihm
Adding work to queue: jmqszwb
Adding work to queue: ttqrfjd
Adding work to queue: mbidelj
Adding work to queue: hawgddb
Adding work to queue: znrldxa
Adding work to queue: lhpavrc
Adding work to queue: lmikzss
Adding work to queue: xgikpov
Adding work to queue: hyqxslo
Adding work to queue: yxvtdrx
Adding work to queue: qvroazm
Adding work to queue: nwerjua
Adding work to queue: cfsmdjs
Adding work to queue: cnhetch
Processing batch, queue size: 299
Adding work to queue: uueldom
Adding work to queue: igmyfll
Adding work to queue: phjgnvh
Adding work to queue: mfzfiqh
Adding work to queue: hqtdzhz
Adding work to queue: bxzvzbl
Adding work to queue: ziryifc
Adding work to queue: keuxlbo
Adding work to queue: mnunuhz
Adding work to queue: qllhcqr
Adding work to queue: joegcde
Processing batch, queue size: 278
Adding work to queue: gbdimbm
Adding work to queue: ofyfmcj
Adding work to queue: gltyitd
Adding work to queue: ishhshq
Adding work to queue: bxpxdjh
Adding work to queue: pjtpacn
Adding work to queue: wbgfixc
Adding work to queue: cujipmg
Adding work to queue: fjtkalk
Adding work to queue: sahwdgq
Adding work to queue: eoypdnc
Adding work to queue: uhqxzgf
Processing batch, queue size: 258
Adding work to queue: vxgnxtp
Adding work to queue: nqucewc
Adding work to queue: emdnbfn
Adding work to queue: lebimwc
Adding work to queue: sguylap
Adding work to queue: mvgabkn
Adding work to queue: mofalka
Adding work to queue: cdzwxeo
Adding work to queue: xegayre
Adding work to queue: bmbelzs
Processing batch, queue size: 236
Adding work to queue: meezklg
Adding work to queue: qpngeye
Adding work to queue: gylbcii
Adding work to queue: hiiudbi
Adding work to queue: nusdrlw
Adding work to queue: omvomoy
Adding work to queue: qseybpk
Adding work to queue: nellcvp
Adding work to queue: oovvbgg
Adding work to queue: ecgzqka
Processing batch, queue size: 214
Adding work to queue: oenlwwx
Adding work to queue: fpssjyu
Adding work to queue: zahmgaf
Adding work to queue: eymjlbr
Adding work to queue: zxopduf
Adding work to queue: puxbqyt
Adding work to queue: ewnomig
Adding work to queue: tzdrohv
Adding work to queue: txluihm
Adding work to queue: ouxddjl
Adding work to queue: nqjceud
Processing batch, queue size: 193
Adding work to queue: ufhfvpc
Adding work to queue: jiojcup
Adding work to queue: iqatjdm
Adding work to queue: sucnnsm
Adding work to queue: cidmqaf
Adding work to queue: zirvgmx
Adding work to queue: nvszgss
Adding work to queue: qqbgepx
Adding work to queue: sqgcejp
Adding work to queue: ysxcvxf
Adding work to queue: fkubokb
Adding work to queue: icakdqh
Adding work to queue: quupecm
Adding work to queue: wfndmoh
Adding work to queue: annvsyv
hash_rt: /users/Xuran/hash_rt/include/verona-rt/src/rt/./cpp/../sched/../sched/mpmcq.h:211: verona::rt::MPMCQ<T>::~MPMCQ() [with T = verona::rt::Work]: Assertion `is_empty()' failed.
Adding work to queue: karboqc
Adding work to queue: ptfmxyq
Adding work to queue: kcqyrxt
Adding work to queue: zargozv
