/users/Xuran/hash_rt/build/hash_rt --num_threads=16 --str_key_size=8 --str_value_size=100 --num_ops=1000000 --first_mode=true --work_usec=0
Harness starting.
 /users/Xuran/hash_rt/build/hash_rt --num_threads=16 --str_key_size=8 --str_value_size=100 --num_ops=1000000 --first_mode=true --work_usec=0 --seed 28594798
Init time:893842005
scheduler_cores: 8
Adding work to queue: sxdkgcg
Adding work to queue: xfkwhtb
Adding work to queue: nqvogzk
Adding work to queue: mrrqfsv
Adding work to queue: vfiihkn
Adding work to queue: iqycwka
Adding work to queue: xcvsztn
Adding work to queue: aqxzugg
Adding work to queue: nxnprwd
Adding work to queue: rgelbxc
Adding work to queue: zkvxxfg
Adding work to queue: otwkcga
Adding work to queue: ecaapwu
Adding work to queue: obhthmv
Adding work to queue: prcbtrp
Adding work to queue: qmmudig
Adding work to queue: yrwcqmt
Adding work to queue: dueumyu
Adding work to queue: oyutenk
Adding work to queue: ckbyekn
Adding work to queue: szjtfoc
Adding work to queue: agidzuk
Adding work to queue: dpnkvoa
Adding work to queue: aynyixq
Adding work to queue: uqyzcdh
Adding work to queue: ylpihen
Adding work to queue: aqwuyuc
Adding work to queue: snknrvc
Adding work to queue: lqfgcst
Adding work to queue: wnvhwbx
Adding work to queue: nlaetgh
Adding work to queue: aclfxvf
Adding work to queue: mujsuqf
Adding work to queue: muijinz
Adding work to queue: xzekqdn
Adding work to queue: chhyhjc
Adding work to queue: sskzwue
Adding work to queue: trrnbcz
Adding work to queue: vrvoywl
Adding work to queue: slohkhy
Adding work to queue: eeqrltz
Adding work to queue: naslxuv
Adding work to queue: bnjphwx
Adding work to queue: dhpncvi
Adding work to queue: irjufrb
Adding work to queue: eljmrud
Adding work to queue: lpyizid
Adding work to queue: puoaopd
Adding work to queue: jnfvqqq
Adding work to queue: jjodjcj
Adding work to queue: mbgfxsw
Adding work to queue: kfmlzpx
Adding work to queue: wtwtjyf
Adding work to queue: ofuligg
Adding work to queue: ebldsgu
Adding work to queue: fxomzpn
Adding work to queue: qpbghlr
Adding work to queue: jamdkom
Adding work to queue: fmcwegx
Adding work to queue: ddyugzo
Adding work to queue: qqmewmt
Adding work to queue: zohgmpq
Adding work to queue: dczwwwt
Adding work to queue: iakqiyr
Adding work to queue: jwswjyg
Adding work to queue: dvkycwt
Adding work to queue: nkwwcom
Adding work to queue: ymphfzi
Adding work to queue: pdlogsx
Adding work to queue: ppcjrvf
Adding work to queue: hluxgxg
Adding work to queue: qlnipxg
Adding work to queue: aiqastf
Adding work to queue: utvnhse
Adding work to queue: hwzouab
Adding work to queue: utcvqva
Adding work to queue: txgkdgq
Adding work to queue: jfnxmnd
Adding work to queue: rjgwszj
Adding work to queue: azlfepk
Adding work to queue: rwktojl
Adding work to queue: chatrmt
Adding work to queue: xdtpvhm
Adding work to queue: oncikvy
Adding work to queue: ojqwbsa
Processing batch, queue size: 85
Adding work to queue: clqoyve
Adding work to queue: cyqzdwa
Adding work to queue: wngeexn
Adding work to queue: mlhtznt
Adding work to queue: matxrsm
Adding work to queue: eqibqui
Adding work to queue: feurkdb
Adding work to queue: zbwekku
Adding work to queue: ocghwtt
Adding work to queue: evllkei
Adding work to queue: wadvnep
Adding work to queue: xfbyazs
Adding work to queue: xsfomgk
Adding work to queue: wettmbi
Adding work to queue: aaifmkt
Adding work to queue: eylbwnb
Adding work to queue: xihvqoo
Adding work to queue: ugfdnpn
Adding work to queue: jyklusj
Adding work to queue: mumueag
Adding work to queue: bequtaa
Adding work to queue: lucrsnr
Adding work to queue: chlcyrj
Adding work to queue: cybwzih
Adding work to queue: gshmpsu
Adding work to queue: vsjzazv
Adding work to queue: wmdtrcg
Adding work to queue: phwcwnm
Adding work to queue: anojgjd
Adding work to queue: dmdwsrp
Adding work to queue: ntddeqs
Adding work to queue: tbixfem
Adding work to queue: wnisywc
Adding work to queue: pxqpimo
Adding work to queue: hsupxdr
Adding work to queue: zhghrdp
Adding work to queue: kwvqhjw
Adding work to queue: sfhoiqj
Adding work to queue: ewvawyk
Adding work to queue: llrznnb
Adding work to queue: itfynbt
Adding work to queue: owtwxww
Adding work to queue: qgrktdt
Adding work to queue: pyyqklh
Adding work to queue: sywrypt
Adding work to queue: jqosiex
Adding work to queue: pxfrpdx
Adding work to queue: kbfqdqr
Adding work to queue: snfkaio
Adding work to queue: aakklwu
Adding work to queue: rjknlbq
Adding work to queue: quwixei
Adding work to queue: wjenykg
Adding work to queue: yebcxrq
Adding work to queue: qztwfnk
Adding work to queue: yirfyzx
Adding work to queue: nrkanel
Adding work to queue: ubhlllw
Adding work to queue: hafgvld
Adding work to queue: tujxjuj
Adding work to queue: aplpyni
Adding work to queue: caaljxe
Adding work to queue: bjdggrz
Adding work to queue: xykwbkx
Processing batch, queue size: 117
Adding work to queue: aikvxpu
Adding work to queue: xuikuyf
Adding work to queue: dgmvuku
Adding work to queue: iwwlysr
Adding work to queue: kwgaxto
Adding work to queue: xsiyvcl
Adding work to queue: niloscc
Adding work to queue: pbgvwkb
Adding work to queue: smhsvus
Adding work to queue: ofuvtns
Adding work to queue: lqrjivl
Adding work to queue: luhdjed
Adding work to queue: nzfqfqa
Adding work to queue: kinucmd
Adding work to queue: kaeqebm
Adding work to queue: pyymhzo
Adding work to queue: nojuqyk
Adding work to queue: zmygsds
Adding work to queue: yaiztgn
Adding work to queue: feqpuzv
Adding work to queue: nkaceva
Adding work to queue: ourgeko
Adding work to queue: tzkwpbo
Processing batch, queue size: 108
Adding work to queue: ezekdfz
Adding work to queue: cpdqywc
Adding work to queue: ahnrmks
Adding work to queue: uchrtfz
Adding work to queue: hzmphhi
Adding work to queue: yqyjlni
Adding work to queue: huxaifc
Adding work to queue: zzamfnr
Adding work to queue: deaydcz
Adding work to queue: gzyxcfx
Adding work to queue: lfwvkbu
Adding work to queue: cscglcr
Adding work to queue: svygovb
Adding work to queue: tenggqi
Adding work to queue: eaocymk
Adding work to queue: isjaldy
Adding work to queue: cjpozfy
Adding work to queue: nlppysz
Adding work to queue: fcxzuno
Adding work to queue: kbuugrt
Adding work to queue: hbpjiax
Adding work to queue: mwieqwj
Processing batch, queue size: 98
Adding work to queue: riinmzq
Adding work to queue: tisaois
Adding work to queue: bjmshwp
Adding work to queue: erbgoaj
Adding work to queue: olmpado
Adding work to queue: ngjjeib
Adding work to queue: rayescb
Adding work to queue: lktywdt
Adding work to queue: weklcwe
Adding work to queue: jojxsiv
Adding work to queue: alrjagu
Adding work to queue: ipykybp
Adding work to queue: zjzwyme
Adding work to queue: jgxlpuf
Adding work to queue: zdrhqbb
Adding work to queue: bqjjmdg
Adding work to queue: fmepats
Adding work to queue: hdwaqbl
Adding work to queue: kyndmeq
Adding work to queue: ozvdsih
Processing batch, queue size: 86
Adding work to queue: tlgfdxp
Adding work to queue: cvgqyjj
Adding work to queue: rzvjhlu
Adding work to queue: qjcxuhf
Adding work to queue: jjonama
Adding work to queue: bpockoz
Adding work to queue: qzgdwlb
Adding work to queue: seolumy
Adding work to queue: jtlaymv
Adding work to queue: xncguuh
Adding work to queue: wkrvdof
Adding work to queue: xylixgx
Adding work to queue: nrwhwlu
Adding work to queue: hrdcwmo
Adding work to queue: ppmmcug
Adding work to queue: hjoeqaj
Adding work to queue: wzahhyg
Adding work to queue: modwqkh
Adding work to queue: okgryiv
Adding work to queue: vzsbwbq
Adding work to queue: sgyfles
Adding work to queue: zasuvfm
Adding work to queue: dxvbkgx
Processing batch, queue size: 77
Adding work to queue: cqmkqgq
Adding work to queue: glhpkfk
Adding work to queue: ievapbl
Adding work to queue: jhoybmp
Adding work to queue: erzjyup
Adding work to queue: zvtpkey
Adding work to queue: yvkxevo
Adding work to queue: bnyrqim
Adding work to queue: edsykei
Adding work to queue: lanldwf
Adding work to queue: pofrcup
Adding work to queue: ssiiirj
Adding work to queue: fsyqgts
Adding work to queue: eenusup
Adding work to queue: ilakpua
Adding work to queue: seyekse
Adding work to queue: ckqfpws
Adding work to queue: tjlkqhk
Adding work to queue: bokkbnr
Adding work to queue: mnmwykv
Adding work to queue: veduqaq
Adding work to queue: ofqalpa
Adding work to queue: btdcaht
Adding work to queue: tgxqxzi
Adding work to queue: iuyetxa
Adding work to queue: plhmhms
Adding work to queue: bzyjxza
Adding work to queue: uobisjc
Adding work to queue: lscguus
Adding work to queue: chypxuq
Adding work to queue: kwqnkkz
Adding work to queue: yrmdumr
Processing batch, queue size: 77
Adding work to queue: yycsfjt
Adding work to queue: ydrxvfg
Adding work to queue: mcurmpw
Adding work to queue: jtivufj
Adding work to queue: wijbxoc
Adding work to queue: ljrqdda
Adding work to queue: sfzzpho
Adding work to queue: bsvxdts
Adding work to queue: ilvfhyj
Adding work to queue: lufccye
Adding work to queue: miqejap
Adding work to queue: nfgyvxl
Adding work to queue: qbqkoxr
Adding work to queue: preqrkp
Adding work to queue: opmbmij
Adding work to queue: hbllpyn
Adding work to queue: askjqfh
Adding work to queue: mhqihzs
Adding work to queue: jnqxdjj
Adding work to queue: jwsqntf
Adding work to queue: gsjxdza
Adding work to queue: jwbxahb
Adding work to queue: bmhitzx
Adding work to queue: ipmlebn
Adding work to queue: swwfgmf
Adding work to queue: ldjaqvz
Adding work to queue: vmrcbti
Adding work to queue: bdidlga
Adding work to queue: tbigblg
Adding work to queue: gnowryl
Adding work to queue: ogekusm
Adding work to queue: ikkkupn
Processing batch, queue size: 77
Adding work to queue: hesvcru
Adding work to queue: tbyaikn
Adding work to queue: xdeumft
Adding work to queue: qfgqmtl
Adding work to queue: uwlumbl
Adding work to queue: kqazcqx
Adding work to queue: fuuwnwb
Adding work to queue: hkqtxba
Adding work to queue: ezfmiqr
Adding work to queue: oebztrn
Adding work to queue: oxqpsok
Adding work to queue: pktnahq
Adding work to queue: qtiddoa
Adding work to queue: grqhezi
Adding work to queue: elcyxno
Adding work to queue: ekrlsyr
Adding work to queue: gtotftz
Adding work to queue: pxrmhpv
Adding work to queue: dnjvbgo
Adding work to queue: fczqjga
Adding work to queue: iaklggu
Adding work to queue: mltxgbc
Adding work to queue: asocwof
Adding work to queue: rzrczba
Adding work to queue: mwyypjw
Processing batch, queue size: 70
Adding work to queue: dpliydq
Adding work to queue: umtfbhn
Adding work to queue: elugnfl
Adding work to queue: uvrxxfb
Adding work to queue: moubesn
Adding work to queue: oessjju
Adding work to queue: eepvuot
Adding work to queue: xiydkni
Adding work to queue: dxlgytp
Adding work to queue: dzxzcfn
Adding work to queue: zygmhoh
Adding work to queue: qzfulkt
Adding work to queue: dxnwbgi
Adding work to queue: bfnquyf
Adding work to queue: lczbxan
Adding work to queue: kwznasq
Adding work to queue: mqvpbsv
Adding work to queue: oynaxja
Adding work to queue: nryynql
Adding work to queue: yqtiryr
Adding work to queue: vguvsno
Adding work to queue: vpsbewi
Adding work to queue: zzzxtmb
Adding work to queue: clxopxn
Adding work to queue: xrxaekn
Adding work to queue: eegsgqd
Processing batch, queue size: 64
Adding work to queue: osxyjzj
Adding work to queue: eefqkag
Adding work to queue: gzhmpjb
Adding work to queue: dvsrerx
Adding work to queue: qwiijfu
Adding work to queue: ceryjev
Adding work to queue: pxdcghw
Adding work to queue: xlshger
Adding work to queue: gcmyvea
Adding work to queue: thghcpj
Adding work to queue: iawkwca
Adding work to queue: zrdamcc
Adding work to queue: wqpwglh
Adding work to queue: ykendjk
Adding work to queue: sudsttq
Adding work to queue: afsfhcc
Adding work to queue: xtvveym
Adding work to queue: twpwfod
Adding work to queue: pyouhoq
Adding work to queue: eoovrhp
Adding work to queue: cuhxfhz
Adding work to queue: pidgsjb
Adding work to queue: tbojahc
Adding work to queue: awuiqtu
Adding work to queue: bdondju
Adding work to queue: xvxrjht
Adding work to queue: zzbdmie
Adding work to queue: gxtartz
Adding work to queue: uralgcs
Adding work to queue: roefcmh
Adding work to queue: xmfwmuw
Processing batch, queue size: 63
Adding work to queue: dnwfusw
Adding work to queue: thlgvda
Adding work to queue: vioeutb
Adding work to queue: bweorlr
Adding work to queue: mitmjxv
Adding work to queue: tsoylkg
Adding work to queue: jsnnqlq
Adding work to queue: zjjqlzi
Adding work to queue: aimrkgn
Adding work to queue: qxquhso
Adding work to queue: srlhrpy
Adding work to queue: kvfrnto
Adding work to queue: cmhqzjq
Adding work to queue: nirbnrl
Adding work to queue: ocgcvxz
Adding work to queue: rqirxzb
Adding work to queue: jzxkutm
Adding work to queue: nbisour
Adding work to queue: twiqotd
Adding work to queue: lnzlvyi
Adding work to queue: fyqsxow
Adding work to queue: hfzsxzg
Adding work to queue: xnshiuy
Adding work to queue: tghhjho
Adding work to queue: ogoadjz
Adding work to queue: qmbjatw
Adding work to queue: pubxrcl
Adding work to queue: mpjnouf
Adding work to queue: jxspfps
Adding work to queue: snftzqr
Adding work to queue: lapbksb
Adding work to queue: htwnzyb
Adding work to queue: muhmzmt
Processing batch, queue size: 64
Adding work to queue: ymagfqi
Adding work to queue: khlzfme
Adding work to queue: negwybc
Adding work to queue: rlrchsc
Adding work to queue: gehtuse
Adding work to queue: wwjbtvf
Adding work to queue: iumwfsj
Adding work to queue: fytfkkm
Adding work to queue: ovwmvlg
Adding work to queue: qiknghk
Adding work to queue: wpjwrab
Adding work to queue: uruxmup
Adding work to queue: xezeuss
Adding work to queue: tjezfew
Adding work to queue: erotefl
Adding work to queue: tynzqae
Adding work to queue: pglhvon
Adding work to queue: autsagf
Adding work to queue: bgisdeq
Adding work to queue: cntngly
Adding work to queue: touuggu
Adding work to queue: hpflntu
Adding work to queue: yqhzmhz
Adding work to queue: kxbaknp
Adding work to queue: shhzrpm
Adding work to queue: hudhftc
Adding work to queue: lstfsxg
Adding work to queue: wejvoqw
Adding work to queue: atsgzkc
Adding work to queue: iswjhfm
Processing batch, queue size: 62
Adding work to queue: hanvcnt
Adding work to queue: lgjysha
Adding work to queue: beuqisj
Adding work to queue: ldadhxa
Adding work to queue: tnydpje
Adding work to queue: pixwstj
Adding work to queue: xuobgxq
Adding work to queue: mxxzfdn
Adding work to queue: wdplkfh
Adding work to queue: bqwmwdw
Adding work to queue: oypixsc
Adding work to queue: kdltwer
Adding work to queue: gyyprsy
Adding work to queue: bddblqi
Adding work to queue: ubjhfzj
Adding work to queue: azwugrr
Adding work to queue: mnnjwgw
Adding work to queue: pndreks
Adding work to queue: fkmtgtw
Adding work to queue: inegewv
Adding work to queue: exziyxk
Adding work to queue: saikejb
Adding work to queue: veyadyv
Adding work to queue: xrlqhpf
Adding work to queue: cdlnusb
Adding work to queue: imsezsr
Processing batch, queue size: 56
Adding work to queue: ofpvjoz
Adding work to queue: mghwexj
Adding work to queue: znfttqn
Adding work to queue: tbrvvgv
Adding work to queue: jljzave
Adding work to queue: lsvsrlr
Adding work to queue: tbcslth
Adding work to queue: izbpwvc
Adding work to queue: yxusjna
Adding work to queue: licdsbv
Adding work to queue: kiscrev
Adding work to queue: iwreoxt
Adding work to queue: jdsoyaq
Adding work to queue: idixygv
Processing batch, queue size: 38
Adding work to queue: gtugxue
Adding work to queue: aagfowb
Adding work to queue: rpjnxds
Adding work to queue: mdqnzah
Adding work to queue: vysdmkj
Adding work to queue: fhoistn
Adding work to queue: ittxyok
Adding work to queue: npeqmlh
Adding work to queue: jzmskfc
Adding work to queue: ptfznwa
Adding work to queue: pwezidk
Adding work to queue: rdplzvh
Adding work to queue: fqrkylg
Adding work to queue: xopqsyr
Adding work to queue: btkepji
Adding work to queue: ctxosia
Adding work to queue: mpudzso
Adding work to queue: shzhfxd
Adding work to queue: wuodkkl
Adding work to queue: iprpkpy
Adding work to queue: mrdtbmr
Adding work to queue: okjhurt
Adding work to queue: cocwvhh
Adding work to queue: oqdzual
Adding work to queue: hwodkdd
Adding work to queue: qqszldd
Adding work to queue: hahligf
Adding work to queue: qnozcbd
Adding work to queue: bloqoje
Adding work to queue: sleutfe
Adding work to queue: wgjphnb
Adding work to queue: jsqswpk
Adding work to queue: hclqars
Adding work to queue: yiddlxw
Adding work to queue: qdrwkcy
Adding work to queue: ikyjsqh
Adding work to queue: mxxpfub
Adding work to queue: sqcvwxc
Adding work to queue: nhvupgb
Adding work to queue: xraxgly
Adding work to queue: qkjpzqd
Adding work to queue: vwmpxis
Adding work to queue: vntpgkt
Adding work to queue: uucczih
Adding work to queue: aegogax
Adding work to queue: eokluen
Adding work to queue: ddkmvbw
Adding work to queue: ppyonuz
Adding work to queue: vppcxhv
Adding work to queue: nofwmkm
Adding work to queue: rtvtaim
Adding work to queue: ooxkkxq
Adding work to queue: knfdilb
Adding work to queue: cgmmhln
Adding work to queue: aoabhtt
Adding work to queue: lrttbgi
Adding work to queue: ruojqzy
Adding work to queue: kxyzwke
Adding work to queue: diqrxdw
Adding work to queue: ximavzz
Adding work to queue: laeiyey
Adding work to queue: pufrbxj
Adding work to queue: ylwufus
Adding work to queue: njuifxu
Adding work to queue: zrhtvve
Adding work to queue: gpzvsee
Adding work to queue: tuazhau
Adding work to queue: oxrfpww
Adding work to queue: dkjxdhq
Adding work to queue: estizit
Adding work to queue: vqwpzib
Adding work to queue: qftmlhk
Adding work to queue: omlutxi
Adding work to queue: lxqfbay
Pausing: active threads: 8
Pausing: active threads: 7
Adding work to queue: fevpagc
Adding work to queue: hznufgl
Adding work to queue: Pausing: active threads: 6
dfyspuz
Adding work to queue: zvfsmwq
Pausing: active threads: 5
Pausing: active threads: 4
Pausing: active threads: 3
Pausing: active threads: 2
Adding work to queue: ofzfckw
Adding work to queue: zzzvzoh
Pausing: active threads: 1Adding work to queue: znqkpaw
Adding work to queue: hhlwcim

Teardown: all threads stopped
Adding work to queue: wvrxzjn
Adding work to queue: jjcalzf
Adding work to queue: iddzadb
Adding work to queue: utvqqmj
Adding work to queue: rktsojm
Adding work to queue: agqyvyg
Adding work to queue: aqrgcsk
Adding work to queue: hukjmhc
Adding work to queue: qvdtxtt
Adding work to queue: pneelqw
Adding work to queue: nfinfkn
Adding work to queue: iufexgy
Adding work to queue: fjnrqnl
Adding work to queue: rodmenc
Adding work to queue: usiiwub
Adding work to queue: jrlxvfy
Teardown: all threads stopped
Run behaviours time:5606755
Adding work to queue: fuligoq
[report]: insert_overall_duration_ns : 5606755
[report]: insert_overall_operation_number : 480
Adding work to queue: dkxoadd
Adding work to queue: juczpgy
Adding work to queue: jekqmwd
[report]: insert_overall_throughput : 178356286.301078
Adding work to queue: completed_ops: 480
fvjopdn
Adding work to queue: ylpfyoo
Adding work to queue: usqtldq
Adding work to queue: qlogvih
Adding work to queue: acqmkxq
Adding work to queue: joxxgct
Adding work to queue: dprwfxm
Processing batch, queue size: 115
