GNU gdb (Ubuntu 12.1-0ubuntu1~22.04) 12.1
Copyright (C) 2022 Free Software Foundation, Inc.
License GPLv3+: GNU GPL version 3 or later <http://gnu.org/licenses/gpl.html>
This is free software: you are free to change and redistribute it.
There is NO WARRANTY, to the extent permitted by law.
Type "show copying" and "show warranty" for details.
This GDB was configured as "x86_64-linux-gnu".
Type "show configuration" for configuration details.
For bug reporting instructions, please see:
<https://www.gnu.org/software/gdb/bugs/>.
Find the GDB manual and other documentation resources online at:
    <http://www.gnu.org/software/gdb/documentation/>.

For help, type "help".
Type "apropos word" to search for commands related to "word"...
Reading symbols from ./hash_rt...
[?2004h(gdb) r
[?2004lStarting program: /mnt/nvme0/home/gxr/Myhash_boc/Hash_rt/build/hash_rt 
[Thread debugging using libthread_db enabled]
Using host libthread_db library "/lib/x86_64-linux-gnu/libthread_db.so.1".
Set fair: 1
Init runtime
Scheduler Thread created
Scheduler Thread created
Runtime initialised
Init time:1813463202
[New Thread 0x7fbfdf3e8640 (LWP 1078291)]
Starting all threads
[New Thread 0x7fbfdebe7640 (LWP 1078292)]
[New Thread 0x7fbfde3e6640 (LWP 1078293)]
BehaviourCore::schedule_many1
Prepare phase duration: 1210
Acquire phase duration: 720
Exchange duration: 380
Release phase duration: 90
Process phase duration: 670
BehaviourCore::schedule_many1
Prepare phase duration: 180
Acquire phase duration: 430
Exchange duration: 290
Release phase duration: 50
Process phase duration: 180
BehaviourCore::schedule_many1
Prepare phase duration: 140
Acquire phase duration: 530
Exchange duration: 410
Release phase duration: 40
Process phase duration: 160
BehaviourCore::schedule_many1
Prepare phase duration: 130
Acquire phase duration: 350
Exchange duration: 240
Release phase duration: 50
Process phase duration: 170
[New Thread 0x7fbfddbe5640 (LWP 1078294)]
BehaviourCore::schedule_many1
Prepare phase duration: 150
Acquire phase duration: 400
Exchange duration: 270
Release phase duration: 60
Process phase duration: 130
BehaviourCore::schedule_many1
Prepare phase duration: 130
Acquire phase duration: 600
Exchange duration: 400
Release phase duration: 60
Process phase duration: 190
BehaviourCore::schedule_many1
Prepare phase duration: 140
Acquire phase duration: 430
Exchange duration: 300
Release phase duration: 1130
Process phase duration: 140
BehaviourCore::schedule_many1
Prepare phase duration: 140
Acquire phase duration: 400
Exchange duration: 290
Release phase duration: 60
Process phase duration: 160
Fast-steal work 0x7fbfe03ec060 from 1
Fast-steal work 0x7fbfe03ec000 from 2
get work duration: 172240
get work duration: 198300
thread id: 1 Schedule work 0x7fbfe03ec000
thread id: 2 Schedule work 0x7fbfe03ec060
thread id: 1 work duration: 106359
thread id: 2 work duration: 103339
completed_count_last_batch: 3
get work duration: 250
thread id: 1 Schedule work 0x7fbfe03ec2a0
completed_count_last_batch: 2
thread id: 1 work duration: 2880
completed_count_last_batch: 1
get work duration: 320
thread id: 2 Schedule work 0x7fbfe03ec240
thread id: 2 work duration: 2180
completed_count_last_batch: 0
get work duration: 560
thread id: 1 Schedule work 0x7fbfe03ec1e0
get work duration: 170
thread id: 2 Schedule work 0x7fbfe03ec180
thread id: 1 work duration: 1940
BehaviourCore::schedule_many1
thread id: 2 work duration: 1990
completed_count_last_batch: 3
completed_count_last_batch: 2
get work duration: 200
get work duration: 490
thread id: 1 Schedule work 0x7fbfe03ec120
thread id: 2 Schedule work 0x7fbfe03ec0c0
Prepare phase duration: 130
thread id: 2 work duration: 4650
completed_count_last_batch: 1
get work duration: 210
thread id: 2 Schedule work 0x7fbff7a04000
thread id: 2 work duration: 600
completed_count_last_batch: 0
thread id: 1 work duration: 5920
Acquire phase duration: 540
current thread: 2 stole work 0x7fbff7a04020 from 1
completed_count_last_batch: 18446744073709551615
get work duration: 5640
Exchange duration: 390
thread id: 2 Schedule work 0x7fbff7a04020
thread id: 2 work duration: 80
completed_count_last_batch: 18446744073709551614
Release phase duration: 60
Process phase duration: 200
get work duration: 9760
BehaviourCore::schedule_many1
thread id: 2 Schedule work 0x7fbfe03ec300
thread id: 2 work duration: 2550
completed_count_last_batch: 18446744073709551613
Prepare phase duration: 490
Acquire phase duration: 430
Exchange duration: 290
Release phase duration: 40
Process phase duration: 150
BehaviourCore::schedule_many1
get work duration: 51850
Prepare phase duration: 170
thread id: 1 Schedule work 0x7fbfe03ec360
thread id: 1 work duration: 2090
completed_count_last_batch: 18446744073709551612
Acquire phase duration: 370
Exchange duration: 250
Release phase duration: 50
Process phase duration: 170
current thread: 1 stole work 0x7fbfe03ec3c0 from 2
BehaviourCore::schedule_many1
Prepare phase duration: 140
Acquire phase duration: 520
Exchange duration: 400
Release phase duration: 40
Process phase duration: 180
current thread: 2 stole work 0x7fbfe03ec420 from 1
get work duration: 82710
thread id: 2 Schedule work 0x7fbfe03ec420
get work duration: 13160
thread id: 1 Schedule work 0x7fbfe03ec3c0
thread id: 1 work duration: 1460
completed_count_last_batch: 18446744073709551611
thread id: 2 work duration: 2650
completed_count_last_batch: 18446744073709551610
No pending work!
No pending work!
Locking Scheduler.
Locking Scheduler done
Locking Scheduler.
Pausing
Add to list of waiters
Unlock Scheduler lock
Sleep
Locking Scheduler done
Teardown beginning
Teardown: all threads stopped
cv_notify_all() for teardown
Unlock Scheduler lock
Pending unpause
Teardown: all threads beginning teardown
Awake!
Locking Scheduler.
Locking Scheduler done
Unpausing
Unlock Scheduler lock

Thread 1 "hash_rt" received signal SIGINT, Interrupt.
__futex_abstimed_wait_common64 (private=128, cancel=true, abstime=0x0, op=265, expected=1078293, futex_word=0x7fbfde3e6910) at ./nptl/futex-internal.c:57
57	./nptl/futex-internal.c: No such file or directory.
[?2004h[?2004l[?2004h(gdb) q
[?2004l[?2004hA debugging session is active.

	Inferior 1 [process 1078259] will be killed.

Quit anyway? (y or n) y
[?2004l