/mnt/nvme0/home/gxr/Myhash_boc/Hash_rt/build/hash_rt --num_threads_client=8 --num_threads_worker=1 --str_key_size=8 --str_value_size=100 --num_ops=200 --first_mode=true --work_usec=0 --batch_size=32
Init time:508916741
scheduler loop time: 463969
thread id: 1 work duration: 6460
thread id: 1 work duration: 540
thread id: 1 work duration: 440
thread id: 1 work duration: 520
thread id: 1 work duration: 520
thread id: 1 work duration: 520
thread id: 1 work duration: 520
thread id: 1 work duration: 560
thread id: 1 work duration: 530
thread id: 1 work duration: 520
thread id: 1 work duration: 580
thread id: 1 work duration: 530
thread id: 1 work duration: 420
thread id: 1 work duration: 540
thread id: 1 work duration: 530
thread id: 1 work duration: 540
thread id: 1 work duration: 520
thread id: 1 work duration: 520
thread id: 1 work duration: 520
thread id: 1 work duration: 530
thread id: 1 work duration: 420
thread id: 1 work duration: 540
thread id: 1 work duration: 460
thread id: 1 work duration: 530
thread id: 1 work duration: 400
thread id: 1 work duration: 540
thread id: 1 work duration: 560
thread id: 1 work duration: 570
thread id: 1 work duration: 560
thread id: 1 work duration: 550
thread id: 1 work duration: 530
thread id: 1 work duration: 590
thread id: 1 work duration: 440
thread id: 1 work duration: 560
thread id: 1 work duration: 530
thread id: 1 work duration: 560
thread id: 1 work duration: 560
thread id: 1 work duration: 570
thread id: 1 work duration: 580
thread id: 1 work duration: 870
thread id: 1 work duration: 450
thread id: 1 work duration: 560
thread id: 1 work duration: 450
thread id: 1 work duration: 560
thread id: 1 work duration: 550
thread id: 1 work duration: 570
thread id: 1 work duration: 540
thread id: 1 work duration: 550
thread id: 1 work duration: 630
thread id: 1 work duration: 560
thread id: 1 work duration: 460
thread id: 1 work duration: 440
thread id: 1 work duration: 420
thread id: 1 work duration: 550
thread id: 1 work duration: 740
thread id: 1 work duration: 530
thread id: 1 work duration: 570
thread id: 1 work duration: 430
thread id: 1 work duration: 430
thread id: 1 work duration: 420
thread id: 1 work duration: 450
thread id: 1 work duration: 450
thread id: 1 work duration: 450
thread id: 1 work duration: 460
thread id: 1 work duration: 560
thread id: 1 work duration: 540
thread id: 1 work duration: 440
thread id: 1 work duration: 440
thread id: 1 work duration: 430
thread id: 1 work duration: 450
thread id: 1 work duration: 580
thread id: 1 work duration: 440
thread id: 1 work duration: 420
thread id: 1 work duration: 670
thread id: 1 work duration: 540
thread id: 1 work duration: 450
thread id: 1 work duration: 430
thread id: 1 work duration: 440
thread id: 1 work duration: 630
thread id: 1 work duration: 440
thread id: 1 work duration: 410
thread id: 1 work duration: 430
thread id: 1 work duration: 460
thread id: 1 work duration: 420
thread id: 1 work duration: 420
thread id: 1 work duration: 690
thread id: 1 work duration: 470
thread id: 1 work duration: 450
thread id: 1 work duration: 450
thread id: 1 work duration: 580
thread id: 1 work duration: 570
thread id: 1 work duration: 570
thread id: 1 work duration: 450
thread id: 1 work duration: 440
thread id: 1 work duration: 410
thread id: 1 work duration: 450
thread id: 1 work duration: 540
thread id: 1 work duration: 440
thread id: 1 work duration: 430
thread id: 1 work duration: 450
thread id: 1 work duration: 440
thread id: 1 work duration: 420
thread id: 1 work duration: 440
thread id: 1 work duration: 430
thread id: 1 work duration: 430
thread id: 1 work duration: 460
thread id: 1 work duration: 760
thread id: 1 work duration: 440
thread id: 1 work duration: 440
thread id: 1 work duration: 400
thread id: 1 work duration: 480
thread id: 1 work duration: 450
thread id: 1 work duration: 650
thread id: 1 work duration: 460
thread id: 1 work duration: 440
thread id: 1 work duration: 420
thread id: 1 work duration: 440
thread id: 1 work duration: 430
thread id: 1 work duration: 440
thread id: 1 work duration: 430
thread id: 1 work duration: 430
thread id: 1 work duration: 450
thread id: 1 work duration: 550
thread id: 1 work duration: 720
thread id: 1 work duration: 570
thread id: 1 work duration: 410
thread id: 1 work duration: 420
thread id: 1 work duration: 440
thread id: 1 work duration: 440
thread id: 1 work duration: 550
thread id: 1 work duration: 440
thread id: 1 work duration: 540
thread id: 1 work duration: 430
thread id: 1 work duration: 440
thread id: 1 work duration: 420
thread id: 1 work duration: 440
thread id: 1 work duration: 330
thread id: 1 work duration: 430
thread id: 1 work duration: 420
thread id: 1 work duration: 390
thread id: 1 work duration: 450
thread id: 1 work duration: 550
thread id: 1 work duration: 780
thread id: 1 work duration: 460
thread id: 1 work duration: 420
thread id: 1 work duration: 550
thread id: 1 work duration: 440
thread id: 1 work duration: 440
thread id: 1 work duration: 440
thread id: 1 work duration: 410
thread id: 1 work duration: 440
thread id: 1 work duration: 450
thread id: 1 work duration: 430
thread id: 1 work duration: 440
thread id: 1 work duration: 430
thread id: 1 work duration: 460
thread id: 1 work duration: 530
thread id: 1 work duration: 450
thread id: 1 work duration: 460
thread id: 1 work duration: 420
thread id: 1 work duration: 440
thread id: 1 work duration: 460
thread id: 1 work duration: 460
thread id: 1 work duration: 430
thread id: 1 work duration: 420
thread id: 1 work duration: 440
thread id: 1 work duration: 420
thread id: 1 work duration: 530
thread id: 1 work duration: 540
thread id: 1 work duration: 420
thread id: 1 work duration: 430
thread id: 1 work duration: 540
thread id: 1 work duration: 420
thread id: 1 work duration: 460
thread id: 1 work duration: 480
thread id: 1 work duration: 440
thread id: 1 work duration: 450
thread id: 1 work duration: 440
thread id: 1 work duration: 450
thread id: 1 work duration: 440
thread id: 1 work duration: 440
thread id: 1 work duration: 450
thread id: 1 work duration: 430
thread id: 1 work duration: 400
thread id: 1 work duration: 410
thread id: 1 work duration: 430
thread id: 1 work duration: 530
thread id: 1 work duration: 440
thread id: 1 work duration: 430
thread id: 1 work duration: 450
thread id: 1 work duration: 430
thread id: 1 work duration: 540
thread id: 1 work duration: 420
thread id: 1 work duration: 440
thread id: 1 work duration: 740
thread id: 1 work duration: 460
thread id: 1 work duration: 450
thread id: 1 work duration: 420
thread id: 1 work duration: 440
thread id: 1 work duration: 400
thread id: 1 work duration: 440
thread id: 1 work duration: 430
thread id: 1 work duration: 430
thread id: 1 work duration: 430
thread id: 1 work duration: 430
thread id: 1 work duration: 400
thread id: 1 work duration: 420
thread id: 1 work duration: 440
thread id: 1 work duration: 420
thread id: 1 work duration: 430
thread id: 1 work duration: 450
thread id: 1 work duration: 430
thread id: 1 work duration: 420
thread id: 1 work duration: 400
thread id: 1 work duration: 540
thread id: 1 work duration: 570
thread id: 1 work duration: 430
thread id: 1 work duration: 440
thread id: 1 work duration: 470
thread id: 1 work duration: 420
thread id: 1 work duration: 450
thread id: 1 work duration: 430
thread id: 1 work duration: 390
thread id: 1 work duration: 420
thread id: 1 work duration: 30
[report]: insert_run_time_ns : 1145028
[report]: insert_overall_operation_number : 224
[report]: insert_overall_throughput : 195628.403847
