/mnt/nvme0/home/gxr/Myhash_boc/Hash_rt/build/hash_rt --num_threads_client=8 --num_threads_worker=6 --str_key_size=8 --str_value_size=100 --num_ops=200 --first_mode=true --work_usec=0 --batch_size=32
Init time:506755255
scheduler loop time: 415659
thread id: 6 work duration: 5040
thread id: 6 work duration: 560
thread id: 6 work duration: 570
thread id: 6 work duration: 550
thread id: 6 work duration: 990
thread id: 6 work duration: 540
thread id: 6 work duration: 590
thread id: 6 work duration: 550
thread id: 6 work duration: 710
thread id: 6 work duration: 700
thread id: 6 work duration: 830
thread id: 6 work duration: 540
thread id: 6 work duration: 680
thread id: 6 work duration: 660
thread id: 6 work duration: 720
thread id: 6 work duration: 420
thread id: 6 work duration: 580
thread id: 6 work duration: 530
thread id: 6 work duration: 430
thread id: 6 work duration: 520
thread id: 6 work duration: 550
thread id: 6 work duration: 440
thread id: 6 work duration: 530
thread id: 6 work duration: 770
thread id: 6 work duration: 530
thread id: 6 work duration: 430
thread id: 6 work duration: 570
thread id: 6 work duration: 540
thread id: 6 work duration: 620
thread id: 6 work duration: 540
thread id: 6 work duration: 550
thread id: 6 work duration: 540
thread id: 6 work duration: 430
thread id: 6 work duration: 540
thread id: 6 work duration: 550
thread id: 6 work duration: 540
thread id: 6 work duration: 430
thread id: 6 work duration: 550
thread id: 6 work duration: 420
thread id: 6 work duration: 440
thread id: 6 work duration: 560
thread id: 6 work duration: 450
thread id: 6 work duration: 580
thread id: 6 work duration: 560
thread id: 6 work duration: 430
thread id: 6 work duration: 440
thread id: 6 work duration: 760
thread id: 6 work duration: 680
thread id: 6 work duration: 40
thread id: 6 work duration: 490
thread id: 6 work duration: 430
thread id: 6 work duration: 680
thread id: 6 work duration: 540
thread id: 6 work duration: 550
thread id: 6 work duration: 580
thread id: 6 work duration: 540
thread id: 6 work duration: 560
thread id: 6 work duration: 490
thread id: 6 work duration: 430
thread id: 6 work duration: 40
thread id: 6 work duration: 430
thread id: 6 work duration: 550
thread id: 6 work duration: 420
thread id: 6 work duration: 520
thread id: 6 work duration: 430
thread id: 6 work duration: 540
thread id: 6 work duration: 670
thread id: 6 work duration: 460
thread id: 6 work duration: 550
thread id: 6 work duration: 430
thread id: 6 work duration: 560
thread id: 6 work duration: 550
thread id: 6 work duration: 560
thread id: 6 work duration: 540
thread id: 6 work duration: 550
thread id: 6 work duration: 440
thread id: 6 work duration: 570
thread id: 6 work duration: 440
thread id: 6 work duration: 400
thread id: 6 work duration: 430
thread id: 6 work duration: 40
thread id: 6 work duration: 470
thread id: 6 work duration: 550
thread id: 6 work duration: 670
thread id: 6 work duration: 540
thread id: 6 work duration: 430
thread id: 6 work duration: 540
thread id: 6 work duration: 550
thread id: 6 work duration: 540
thread id: 6 work duration: 420
thread id: 6 work duration: 430
thread id: 6 work duration: 420
thread id: 6 work duration: 560
thread id: 6 work duration: 40
thread id: 6 work duration: 460
thread id: 6 work duration: 450
thread id: 6 work duration: 440
thread id: 6 work duration: 420
thread id: 6 work duration: 430
thread id: 6 work duration: 430
thread id: 6 work duration: 430
thread id: 6 work duration: 430
thread id: 6 work duration: 430
thread id: 6 work duration: 450
thread id: 6 work duration: 560
thread id: 6 work duration: 860
thread id: 6 work duration: 560
thread id: 6 work duration: 430
thread id: 6 work duration: 550
thread id: 6 work duration: 440
thread id: 6 work duration: 490
thread id: 6 work duration: 430
thread id: 6 work duration: 40
thread id: 6 work duration: 400
thread id: 6 work duration: 410
thread id: 6 work duration: 420
thread id: 6 work duration: 530
thread id: 6 work duration: 440
thread id: 6 work duration: 480
thread id: 6 work duration: 430
thread id: 6 work duration: 420
thread id: 6 work duration: 430
thread id: 6 work duration: 570
thread id: 6 work duration: 550
thread id: 6 work duration: 440
thread id: 6 work duration: 550
thread id: 6 work duration: 420
thread id: 6 work duration: 410
thread id: 6 work duration: 430
thread id: 6 work duration: 430
thread id: 6 work duration: 560
thread id: 6 work duration: 30
thread id: 6 work duration: 550
thread id: 6 work duration: 440
thread id: 6 work duration: 450
thread id: 6 work duration: 560
thread id: 6 work duration: 550
thread id: 6 work duration: 430
thread id: 6 work duration: 430
thread id: 6 work duration: 450
thread id: 6 work duration: 490
thread id: 6 work duration: 460
thread id: 6 work duration: 430
thread id: 6 work duration: 40
thread id: 6 work duration: 40
thread id: 6 work duration: 420
thread id: 6 work duration: 560
thread id: 6 work duration: 430
thread id: 6 work duration: 430
thread id: 6 work duration: 430
thread id: 6 work duration: 430
thread id: 6 work duration: 430
thread id: 6 work duration: 420
thread id: 6 work duration: 430
thread id: 6 work duration: 430
thread id: 6 work duration: 560
thread id: 6 work duration: 690
thread id: 6 work duration: 430
thread id: 6 work duration: 410
thread id: 6 work duration: 430
thread id: 6 work duration: 450
thread id: 6 work duration: 420
thread id: 6 work duration: 550
thread id: 6 work duration: 40
thread id: 6 work duration: 420
thread id: 6 work duration: 410
thread id: 6 work duration: 450
thread id: 6 work duration: 430
thread id: 6 work duration: 430
thread id: 6 work duration: 430
thread id: 6 work duration: 430
thread id: 6 work duration: 550
thread id: 6 work duration: 440
thread id: 6 work duration: 420
thread id: 6 work duration: 440
thread id: 6 work duration: 430
thread id: 6 work duration: 550
thread id: 6 work duration: 420
thread id: 6 work duration: 440
thread id: 6 work duration: 450
thread id: 6 work duration: 430
thread id: 6 work duration: 430
thread id: 6 work duration: 30
thread id: 6 work duration: 440
thread id: 6 work duration: 410
thread id: 6 work duration: 550
thread id: 6 work duration: 440
thread id: 6 work duration: 560
thread id: 6 work duration: 420
thread id: 6 work duration: 570
thread id: 6 work duration: 440
thread id: 6 work duration: 420
thread id: 6 work duration: 450
thread id: 6 work duration: 430
thread id: 6 work duration: 430
thread id: 6 work duration: 30
thread id: 6 work duration: 430
thread id: 6 work duration: 430
thread id: 6 work duration: 420
thread id: 6 work duration: 440
thread id: 6 work duration: 640
thread id: 6 work duration: 420
thread id: 6 work duration: 420
thread id: 6 work duration: 440
thread id: 6 work duration: 440
thread id: 6 work duration: 430
thread id: 6 work duration: 630
thread id: 6 work duration: 430
thread id: 6 work duration: 430
thread id: 6 work duration: 430
thread id: 6 work duration: 410
thread id: 6 work duration: 430
thread id: 6 work duration: 460
thread id: 6 work duration: 440
thread id: 6 work duration: 40
thread id: 6 work duration: 440
thread id: 6 work duration: 410
thread id: 6 work duration: 430
thread id: 6 work duration: 430
thread id: 6 work duration: 530
thread id: 6 work duration: 450
thread id: 6 work duration: 430
thread id: 6 work duration: 430
thread id: 6 work duration: 440
thread id: 6 work duration: 430
thread id: 6 work duration: 580
thread id: 6 work duration: 420
thread id: 6 work duration: 550
thread id: 6 work duration: 520
thread id: 6 work duration: 480
thread id: 6 work duration: 710
thread id: 6 work duration: 440
thread id: 6 work duration: 470
thread id: 6 work duration: 30
thread id: 6 work duration: 440
thread id: 6 work duration: 790
thread id: 6 work duration: 30
thread id: 5 work duration: 1199188
[report]: insert_run_time_ns : 2136985
[report]: insert_overall_operation_number : 224
[report]: insert_overall_throughput : 104820.576654
