/users/Xuran/hash_rt/build/hash_rt --num_threads=10 --str_key_size=8 --str_value_size=100 --num_ops=1000000 --first_mode=true --work_usec=0
Running with 10 cores
Init time:877626587
Init scheduler time:136439
Schedule behaviours time:3265132563
Pausing: active threads: 10
Pausing: active threads: 9
Pausing: active threads: 8
Pausing: active threads: 7
Pausing: active threads: 6
Pausing: active threads: 5
Pausing: active threads: 4
Pausing: active threads: 3
Pausing: active threads: 2
Pausing: active threads: 1
Teardown: all threads stopped
Run behaviours time:178305701
[report]: insert_overall_duration_ns : 178305701
[report]: insert_overall_operation_number : 1000000
[report]: insert_overall_throughput : 5608345.635567
