GNU gdb (Ubuntu 12.1-0ubuntu1~22.04) 12.1
Copyright (C) 2022 Free Software Foundation, Inc.
License GPLv3+: GNU GPL version 3 or later <http://gnu.org/licenses/gpl.html>
This is free software: you are free to change and redistribute it.
There is NO WARRANTY, to the extent permitted by law.
Type "show copying" and "show warranty" for details.
This GDB was configured as "x86_64-linux-gnu".
Type "show configuration" for configuration details.
For bug reporting instructions, please see:
<https://www.gnu.org/software/gdb/bugs/>.
Find the GDB manual and other documentation resources online at:
    <http://www.gnu.org/software/gdb/documentation/>.

For help, type "help".
Type "apropos word" to search for commands related to "word"...
Reading symbols from ./hash_rt...
[?2004h(gdb) 
[?2004l[?2004h(gdb) 
[?2004l[?2004h(gdb) r
[?2004lStarting program: /mnt/nvme0/home/gxr/Myhash_boc/hash_rt/build/hash_rt 
[Thread debugging using libthread_db enabled]
Using host libthread_db library "/lib/x86_64-linux-gnu/libthread_db.so.1".
Init time:1837145230
[New Thread 0x7fbfdf3e8640 (LWP 1469209)]
[New Thread 0x7fbfdebe7640 (LWP 1469210)]
[New Thread 0x7fbfde3e6640 (LWP 1469211)]
[New Thread 0x7fbfddbe5640 (LWP 1469212)]
[New Thread 0x7fbfdd3e4640 (LWP 1469213)]
[New Thread 0x7fbfdcbe3640 (LWP 1469214)]
[New Thread 0x7fbfc3fff640 (LWP 1469215)]
[New Thread 0x7fbfc37fe640 (LWP 1469216)]
[New Thread 0x7fbfc2ffd640 (LWP 1469217)]
[New Thread 0x7fbfc27fc640 (LWP 1469218)]
scheduler loop time: 134715647
[Thread 0x7fbfdebe7640 (LWP 1469210) exited]
[Thread 0x7fbfc27fc640 (LWP 1469218) exited]
[Thread 0x7fbfc2ffd640 (LWP 1469217) exited]
[Thread 0x7fbfc37fe640 (LWP 1469216) exited]
[Thread 0x7fbfc3fff640 (LWP 1469215) exited]
[Thread 0x7fbfdcbe3640 (LWP 1469214) exited]
[Thread 0x7fbfdd3e4640 (LWP 1469213) exited]
[Thread 0x7fbfddbe5640 (LWP 1469212) exited]
[Thread 0x7fbfde3e6640 (LWP 1469211) exited]
[Thread 0x7fbfdf3e8640 (LWP 1469209) exited]
[report]: overall_duration_ns : 135563336
[report]: overall_operation_number : 9978
[report]: overall_throughput : 73603.972095
[report]: overall_avg_time_per_ops : 13586.000000
[report]: overall_run_duration : 134409638
[Inferior 1 (process 1469171) exited normally]
[?2004h[?2004l[?2004h(gdb) q
[?2004l