/users/Xuran/hash_rt/build/hash_rt --num_threads=26 --str_key_size=8 --str_value_size=100 --num_ops=5000000 --first_mode=true --work_usec=0 --batch_size=80
Harness starting.
 /users/Xuran/hash_rt/build/hash_rt --num_threads=26 --str_key_size=8 --str_value_size=100 --num_ops=5000000 --first_mode=true --work_usec=0 --batch_size=80 --seed 2890487798
Init time:2362939121
Scheduler cores: 17
External thread 0 is running on core 17
External thread 1 is running on core 18
External thread 2 is running on core 19
External thread 3 is running on core 20
External thread 4 is running on core 21
External thread 5 is running on core 22
External thread 6 is running on core 23
External thread 7 is running on core 24
External thread 8 is running on core 25
Pausing: active threads: 17
Pausing: active threads: 16
Pausing: active threads: 15
Pausing: active threads: 14
Pausing: active threads: 13
Pausing: active threads: 12
Pausing: active threads: 11
Pausing: active threads: 10
Pausing: active threads: 9
Pausing: active threads: 8
Pausing: active threads: 7
Pausing: active threads: 6
Pausing: active threads: 5
Pausing: active threads: 4
Pausing: active threads: 3
Pausing: active threads: 2
Pausing: active threads: 1
Teardown: all threads stopped
[report]: insert_run_time_ns : 122159195
[report]: scheduler_total_when_schedules : 1142188
[report]: scheduler_total_when_time_ns : 630516911
Teardown: all threads stopped
[report]: insert_overall_operation_number : 1139808
[report]: insert_overall_throughput : 9330513.351860
[report]: scheduler_avg_when_time_ns : 552.025508
[report]: insert_avg_insert_time_ns : 107.000000
/users/Xuran/hash_rt/build/hash_rt --num_threads=27 --str_key_size=8 --str_value_size=100 --num_ops=5000000 --first_mode=true --work_usec=0 --batch_size=80
Harness starting.
 /users/Xuran/hash_rt/build/hash_rt --num_threads=27 --str_key_size=8 --str_value_size=100 --num_ops=5000000 --first_mode=true --work_usec=0 --batch_size=80 --seed 4213936310
Init time:2361270872
Scheduler cores: 18
External thread 0 is running on core 18
External thread 1 is running on core 19
External thread 2 is running on core 20
External thread 3 is running on core 21
External thread 4 is running on core 22
External thread 6 is running on core 24
External thread 5 is running on core 23
External thread 7 is running on core 25
External thread 8 is running on core 26
Pausing: active threads: 18
Pausing: active threads: 17
Pausing: active threads: 16
Pausing: active threads: 15
Pausing: active threads: 14
Pausing: active threads: 13
Pausing: active threads: 12
Pausing: active threads: 11
Pausing: active threads: 10
Pausing: active threads: 9
Pausing: active threads: 8
Pausing: active threads: 7
Pausing: active threads: 6
Pausing: active threads: 5
Pausing: active threads: 4
Pausing: active threads: 3
Pausing: active threads: 2
Pausing: active threads: 5
Pausing: active threads: 18
Pausing: active threads: 18
Pausing: active threads: 18
Pausing: active threads: 17
Pausing: active threads: 16
Pausing: active threads: 15
Pausing: active threads: 14
Pausing: active threads: 13
Pausing: active threads: 12
Pausing: active threads: 11
Pausing: active threads: 10
Pausing: active threads: 9
Pausing: active threads: 8
Pausing: active threads: 7
Pausing: active threads: 6
Pausing: active threads: 5
Pausing: active threads: 4
Pausing: active threads: 3
Pausing: active threads: 2
Pausing: active threads: 1
Teardown: all threads stopped
[report]: insert_run_time_ns : 105794424
[report]: scheduler_total_when_schedules : 940385
[report]: scheduler_total_when_time_ns : 538733847
Teardown: all threads stopped
[report]: insert_overall_operation_number : 939028
[report]: insert_overall_throughput : 8875968.737256
[report]: scheduler_avg_when_time_ns : 572.886474
[report]: insert_avg_insert_time_ns : 112.000000
