/users/Xuran/hash_rt/build/hash_rt --num_threads=14 --str_key_size=8 --str_value_size=100 --num_ops=5000000 --first_mode=true --work_usec=0 --batch_size=80
Harness starting.
 /users/Xuran/hash_rt/build/hash_rt --num_threads=14 --str_key_size=8 --str_value_size=100 --num_ops=5000000 --first_mode=true --work_usec=0 --batch_size=80 --seed 3224363202
Init time:2363787394
Scheduler cores: 5
External thread 0 is running on core 5
External thread 1 is running on core 6
External thread 2 is running on core 7
External thread 3 is running on core 8
External thread 5 is running on core 10
External thread 4 is running on core 9
External thread 6 is running on core 11
External thread 7 is running on core 12
External thread 8 is running on core 13
Pausing: active threads: 5
Pausing: active threads: 4
Pausing: active threads: 3
Pausing: active threads: 2
Pausing: active threads: 4
Pausing: active threads: 3
Pausing: active threads: 3
Pausing: active threads: 5
Pausing: active threads: 5
Pausing: active threads: 5
Pausing: active threads: 4
Pausing: active threads: 3
Pausing: active threads: 2
Pausing: active threads: 1
Teardown: all threads stopped
[report]: insert_run_time_ns : 476947641
[report]: scheduler_total_when_schedules : 1083710
[report]: scheduler_total_when_time_ns : 813722294
Teardown: all threads stopped
[report]: insert_overall_operation_number : 1081595
[report]: insert_overall_throughput : 2267743.683001
[report]: scheduler_avg_when_time_ns : 750.867201
[report]: insert_avg_insert_time_ns : 440.000000
/users/Xuran/hash_rt/build/hash_rt --num_threads=15 --str_key_size=8 --str_value_size=100 --num_ops=5000000 --first_mode=true --work_usec=0 --batch_size=80
Harness starting.
 /users/Xuran/hash_rt/build/hash_rt --num_threads=15 --str_key_size=8 --str_value_size=100 --num_ops=5000000 --first_mode=true --work_usec=0 --batch_size=80 --seed 2121977918
Init time:2358210191
Scheduler cores: 6
External thread 0 is running on core 6
External thread 1 is running on core 7
External thread 2 is running on core 8
External thread 3 is running on core 9
External thread 4 is running on core 10
External thread 5 is running on core 11
External thread 6 is running on core 12
External thread 7 is running on core 13
External thread 8 is running on core 14
Pausing: active threads: 6
Pausing: active threads: 5
Pausing: active threads: 4
Pausing: active threads: 3
Pausing: active threads: 2
Pausing: active threads: 4
Pausing: active threads: 4
Pausing: active threads: 5
Pausing: active threads: 6
Pausing: active threads: 6
Pausing: active threads: 6
Pausing: active threads: 5
Pausing: active threads: 5
Pausing: active threads: 6
Pausing: active threads: 5
Pausing: active threads: 4
Pausing: active threads: 3
Pausing: active threads: 2
Pausing: active threads: 4
Pausing: active threads: 5
Pausing: active threads: 4
Pausing: active threads: 6
Pausing: active threads: 6
Pausing: active threads: 6
Pausing: active threads: 5
Pausing: active threads: 4
Pausing: active threads: 3
Pausing: active threads: 2
Pausing: active threads: 5
Pausing: active threads: 6
Pausing: active threads: 5
Pausing: active threads: 4
Pausing: active threads: 4
Pausing: active threads: 6
Pausing: active threads: 6
Pausing: active threads: 6
Pausing: active threads: 6
Pausing: active threads: 6
Pausing: active threads: 6
Pausing: active threads: 6
Pausing: active threads: 5
Pausing: active threads: 4
Pausing: active threads: 3
Pausing: active threads: 2
Pausing: active threads: 6
Pausing: active threads: 5
Pausing: active threads: 4
Pausing: active threads: 3
Pausing: active threads: 2
Pausing: active threads: 1
Teardown: all threads stopped
[report]: insert_run_time_ns : 410621346
[report]: scheduler_total_when_schedules : 883020
[report]: scheduler_total_when_time_ns : 667168910
Teardown: all threads stopped
[report]: insert_overall_operation_number : 874470
