/users/Xuran/hash_rt/build/hash_rt --num_threads=12 --str_key_size=8 --str_value_size=100 --num_ops=5000000 --first_mode=true --work_usec=0 --batch_size=80
Harness starting.
 /users/Xuran/hash_rt/build/hash_rt --num_threads=12 --str_key_size=8 --str_value_size=100 --num_ops=5000000 --first_mode=true --work_usec=0 --batch_size=80 --seed 2692936434
Init time:2371033686
Scheduler cores: 3
External thread 0 is running on core 3
External thread 1 is running on core 4
External thread 2 is running on core 5
External thread 3 is running on core 6
External thread 5 is running on core 8
External thread 4 is running on core 7
External thread 6 is running on core 9
External thread 7 is running on core 10
External thread 8 is running on core 11
Pausing: active threads: 3
Pausing: active threads: 2
Pausing: active threads: 3
Pausing: active threads: 2
Pausing: active threads: 3
Pausing: active threads: 2
Pausing: active threads: 1
Teardown: all threads stopped
[report]: insert_run_time_ns : 578283784
[report]: scheduler_total_when_schedules : 1003932
[report]: scheduler_total_when_time_ns : 910937802
Teardown: all threads stopped
[report]: insert_overall_operation_number : 1002277/users/Xuran/hash_rt/build/hash_rt --num_threads=13 --str_key_size=8 --str_value_size=100 --num_ops=5000000 --first_mode=true --work_usec=0 --batch_size=80
Harness starting.
 /users/Xuran/hash_rt/build/hash_rt --num_threads=13 --str_key_size=8 --str_value_size=100 --num_ops=5000000 --first_mode=true --work_usec=0 --batch_size=80 --seed 636504922
Init time:2346464790
Scheduler cores: 4
External thread 0 is running on core 4
External thread 1 is running on core 5
External thread 2 is running on core 6
External thread 3 is running on core 7
External thread 4 is running on core 8
External thread 5 is running on core 9
External thread 6 is running on core 10
External thread 7 is running on core 11
External thread 8 is running on core 12
Pausing: active threads: 4
Pausing: active threads: 3
Pausing: active threads: 2
Pausing: active threads: 4
Pausing: active threads: 4
Pausing: active threads: 4
Pausing: active threads: 4
Pausing: active threads: 4
Pausing: active threads: 4
Pausing: active threads: 4
Pausing: active threads: 3
Pausing: active threads: 2
Pausing: active threads: 4
Pausing: active threads: 3
Pausing: active threads: 2
Pausing: active threads: 1
Teardown: all threads stopped
[report]: insert_run_time_ns : 551398135
[report]: scheduler_total_when_schedules : 1119906
[report]: scheduler_total_when_time_ns : 915097772
Teardown: all threads stopped
[report]: insert_overall_operation_number : 1117712
[report]: insert_overall_throughput : 2027050.744377
[report]: scheduler_avg_when_time_ns : 817.120162
[report]: insert_avg_insert_time_ns : 493.000000
