/users/Xuran/hash_rt/build/hash_rt --num_threads=28 --str_key_size=8 --str_value_size=100 --num_ops=5000000 --first_mode=true --work_usec=0 --batch_size=80
Harness starting.
 /users/Xuran/hash_rt/build/hash_rt --num_threads=28 --str_key_size=8 --str_value_size=100 --num_ops=5000000 --first_mode=true --work_usec=0 --batch_size=80 --seed 1535690506
Init time:2355465192
Scheduler cores: 19
External thread 0 is running on core 19
External thread 1 is running on core 20
External thread 2 is running on core 21
External thread 3 is running on core 22
External thread 4 is running on core 23
External thread 5 is running on core 24
External thread 6 is running on core 25
External thread 7 is running on core 26
External thread 8 is running on core 27
Pausing: active threads: 19
Pausing: active threads: 18
Pausing: active threads: 17
Pausing: active threads: 16
Pausing: active threads: 15
Pausing: active threads: 14
Pausing: active threads: 13
Pausing: active threads: 12
Pausing: active threads: 11
Pausing: active threads: 10
Pausing: active threads: 9
Pausing: active threads: 8
Pausing: active threads: 7
Pausing: active threads: 6
Pausing: active threads: 5
Pausing: active threads: 4
Pausing: active threads: 3
Pausing: active threads: 2
Pausing: active threads: 1
Teardown: all threads stopped
[report]: insert_run_time_ns : 106005383
[report]: scheduler_total_when_schedules : 972031
[report]: scheduler_total_when_time_ns : 534062968
Teardown: all threads stopped
[report]: insert_overall_operation_number : 970581
[report]: insert_overall_throughput : 9155959.561035
[report]: scheduler_avg_when_time_ns : 549.429975
[report]: insert_avg_insert_time_ns : 109.000000
/users/Xuran/hash_rt/build/hash_rt --num_threads=29 --str_key_size=8 --str_value_size=100 --num_ops=5000000 --first_mode=true --work_usec=0 --batch_size=80
Harness starting.
 /users/Xuran/hash_rt/build/hash_rt --num_threads=29 --str_key_size=8 --str_value_size=100 --num_ops=5000000 --first_mode=true --work_usec=0 --batch_size=80 --seed 3949723046
Init time:2368686459
Scheduler cores: 20
External thread 0 is running on core 20
External thread 1 is running on core 21
External thread 2 is running on core 22
External thread 3 is running on core 23
External thread 4 is running on core 24
External thread 5 is running on core 25
External thread 6 is running on core 26
External thread 7 is running on core 27
External thread 8 is running on core 28
Pausing: active threads: 20
Pausing: active threads: 19
Pausing: active threads: 18
Pausing: active threads: 17
Pausing: active threads: 16
Pausing: active threads: 15
Pausing: active threads: 14
Pausing: active threads: 13
Pausing: active threads: 12
Pausing: active threads: 11
Pausing: active threads: 10
Pausing: active threads: 9
Pausing: active threads: 8
Pausing: active threads: 7
Pausing: active threads: 6
Pausing: active threads: 5
Pausing: active threads: 4
Pausing: active threads: 3
Pausing: active threads: 2
Pausing: active threads: 1
Teardown: all threads stopped
[report]: insert_run_time_ns : 97073284
[report]: scheduler_total_when_schedules : 982312
[report]: scheduler_total_when_time_ns : 712980992
Teardown: all threads stopped
[report]: insert_overall_operation_number : 980839
[report]: insert_overall_throughput : 10104108.561940
[report]: scheduler_avg_when_time_ns : 725.819283
[report]: insert_avg_insert_time_ns : 98.000000
