GNU gdb (Ubuntu 12.1-0ubuntu1~22.04) 12.1
Copyright (C) 2022 Free Software Foundation, Inc.
License GPLv3+: GNU GPL version 3 or later <http://gnu.org/licenses/gpl.html>
This is free software: you are free to change and redistribute it.
There is NO WARRANTY, to the extent permitted by law.
Type "show copying" and "show warranty" for details.
This GDB was configured as "x86_64-linux-gnu".
Type "show configuration" for configuration details.
For bug reporting instructions, please see:
<https://www.gnu.org/software/gdb/bugs/>.
Find the GDB manual and other documentation resources online at:
    <http://www.gnu.org/software/gdb/documentation/>.

For help, type "help".
Type "apropos word" to search for commands related to "word"...
Reading symbols from ./hash_rt...
[?2004h(gdb) 
[?2004l[?2004h(gdb) r
[?2004lStarting program: /mnt/nvme0/home/gxr/Myhash_boc/Hash_rt/build/hash_rt 
[Thread debugging using libthread_db enabled]
Using host libthread_db library "/lib/x86_64-linux-gnu/libthread_db.so.1".
Set fair: 1
Init runtime
Scheduler Thread created
Scheduler Thread created
Runtime initialised
Init time:1886642764
[New Thread 0x7fbfdf3e8640 (LWP 1144643)]
Starting all threads
[New Thread 0x7fbfd73e5640 (LWP 1144644)]
BehaviourCore::schedule_many1
Prepare phase duration: 690
Acquire phase duration: 690
[New Thread 0x7fbfd6be4640 (LWP 1144645)]
Exchange duration: 360
Release phase duration: 100
Process phase duration: 780
BehaviourCore::schedule_many1
Prepare phase duration: 180
Acquire phase duration: 450
Exchange duration: 350
Release phase duration: 50
Process phase duration: 160
BehaviourCore::schedule_many1
Prepare phase duration: 140
Acquire phase duration: 480
Exchange duration: 370
Release phase duration: 40
Process phase duration: 140
BehaviourCore::schedule_many1
Prepare phase duration: 140
Acquire phase duration: 390
Exchange duration: 270
Release phase duration: 50
Process phase duration: 150
BehaviourCore::schedule_many1
Prepare phase duration: 150
Acquire phase duration: 250
Exchange duration: 120
Release phase duration: 40
Process phase duration: 480
BehaviourCore::schedule_many1
Prepare phase duration: 130
Acquire phase duration: 540
Exchange duration: 400
Release phase duration: 50
Process phase duration: 140
BehaviourCore::schedule_many1
Prepare phase duration: 130
Acquire phase duration: 430
Exchange duration: 280
Release phase duration: 40
Process phase duration: 160
BehaviourCore::schedule_many1
Prepare phase duration: 130
Acquire phase duration: 500
Exchange duration: 400
Release phase duration: 40
Process phase duration: 150
[New Thread 0x7fbfd63e3640 (LWP 1144646)]
get work duration: 3520
get work duration: 1220
get body duration: 170
get body duration: 1220
run body duration: 6800
run body duration: 8440
release cown duration: 6120
release cown duration: 2300
dealloc behaviour duration: 30
dealloc behaviour duration: 30
dealloc work duration: 82390
dealloc work duration: 78840
get work duration: 620
get work duration: 620
get body duration: 40
run body duration: 1330
get body duration: 70
release cown duration: 390
dealloc behaviour duration: 30
run body duration: 1970
release cown duration: 420
dealloc behaviour duration: 30
dealloc work duration: 310
dealloc work duration: 310
get work duration: 120
get body duration: 60
get work duration: 230
run body duration: 1320
get body duration: 40
release cown duration: 340
dealloc behaviour duration: 30
BehaviourCore::schedule_many1
run body duration: 1160
release cown duration: 380
dealloc behaviour duration: 30
dealloc work duration: 480
dealloc work duration: 260
get work duration: 500
get work duration: 410
get body duration: 60
Prepare phase duration: 140
get body duration: 60
Acquire phase duration: 550
run body duration: 5110
Exchange duration: 410
Release phase duration: 50
Process phase duration: 190
release cown duration: 340
run body duration: 3790
release cown duration: 360
dealloc behaviour duration: 30
dealloc behaviour duration: 20
dealloc work duration: 240
BehaviourCore::schedule_many1
get work duration: 710
get body duration: 40
Prepare phase duration: 130
Acquire phase duration: 240
Exchange duration: 120
Release phase duration: 40
Process phase duration: 480
dealloc work duration: 250
BehaviourCore::schedule_many1
Prepare phase duration: 150
Acquire phase duration: 630
Exchange duration: 530
Release phase duration: 60
run body duration: 1680
Process phase duration: 160
release cown duration: 330
dealloc behaviour duration: 20
dealloc work duration: 280
BehaviourCore::schedule_many1
Prepare phase duration: 130
Acquire phase duration: 350
Exchange duration: 250
Release phase duration: 40
Process phase duration: 160
scheduler loop time: 1464336
get work duration: 770
get work duration: 840
get body duration: 50
get body duration: 40
run body duration: 1470
release cown duration: 320
dealloc behaviour duration: 30
dealloc work duration: 220
run body duration: 1090
release cown duration: 350
dealloc behaviour duration: 30
dealloc work duration: 260
get work duration: 430
get body duration: 40
run body duration: 1310
release cown duration: 320
dealloc behaviour duration: 30
dealloc work duration: 280
Destroying core 2
Destroying core 1
[Thread 0x7fbfd73e5640 (LWP 1144644) exited]
All threads stopped
All threads deallocated
the total count of insert: 0
[report]: overall_duration_ns : 1945022940
[report]: overall_operation_number : 12
[report]: overall_throughput : 6.169593
[report]: overall_avg_time_per_ops : 162085245.000000
[Thread 0x7fbfd63e3640 (LWP 1144646) exited]
[Thread 0x7fbfd6be4640 (LWP 1144645) exited]
[Thread 0x7fbfdf3e8640 (LWP 1144643) exited]
[Inferior 1 (process 1144593) exited normally]
[?2004h[?2004l[?2004h(gdb) q
[?2004l