/users/Xuran/hash_rt/build/hash_rt --num_threads=8 --str_key_size=8 --str_value_size=100 --num_ops=100 --first_mode=true --work_usec=0
Running with 8 cores
Init time:2349248196
Init scheduler time:56709
When creation time: 318 ns
create_behaviour time: 12617
sort indexes time: 445
first phase time: 478

=== Phase 2 Timing Breakdown ===
Preparation time: 53ns
Set ready time: 91ns
Total phase 2 time: 317ns
Resolve time: 176ns
one when time: 81477
When creation time: 281 ns
create_behaviour time: 47
sort indexes time: 77
first phase time: 375

=== Phase 2 Timing Breakdown ===
Preparation time: 41ns
Set ready time: 40ns
Total phase 2 time: 210ns
Resolve time: 95ns
one when time: 30404
When creation time: 232 ns
create_behaviour time: 36
sort indexes time: 63
first phase time: 494

=== Phase 2 Timing Breakdown ===
Preparation time: 42ns
Set ready time: 38ns
Total phase 2 time: 209ns
Resolve time: 72ns
one when time: 32194
When creation time: 302 ns
create_behaviour time: 66
sort indexes time: 65
first phase time: 393

=== Phase 2 Timing Breakdown ===
Preparation time: 42ns
Set ready time: 40ns
Total phase 2 time: 213ns
Resolve time: 116ns
one when time: 30700
When creation time: 251 ns
create_behaviour time: 36
sort indexes time: 60
first phase time: 396

=== Phase 2 Timing Breakdown ===
Preparation time: 40ns
Set ready time: 38ns
Total phase 2 time: 211ns
Resolve time: 85ns
one when time: 30631
When creation time: 198 ns
create_behaviour time: 36
sort indexes time: 58
first phase time: 367

=== Phase 2 Timing Breakdown ===
Preparation time: 40ns
Set ready time: 38ns
Total phase 2 time: 209ns
Resolve time: 71ns
one when time: 29813
When creation time: 220 ns
create_behaviour time: 36
sort indexes time: 56
first phase time: 367

=== Phase 2 Timing Breakdown ===
Preparation time: 42ns
Set ready time: 38ns
Total phase 2 time: 207ns
Resolve time: 62ns
one when time: 30308
When creation time: 211 ns
create_behaviour time: 38
sort indexes time: 58
first phase time: 358

=== Phase 2 Timing Breakdown ===
Preparation time: 41ns
Set ready time: 38ns
Total phase 2 time: 210ns
Resolve time: 89ns
one when time: 30160
When creation time: 205 ns
create_behaviour time: 37
sort indexes time: 61
first phase time: 360

=== Phase 2 Timing Breakdown ===
Preparation time: 40ns
Set ready time: 38ns
Total phase 2 time: 209ns
Resolve time: 69ns
one when time: 31195
When creation time: 200 ns
create_behaviour time: 39
sort indexes time: 60
first phase time: 354

=== Phase 2 Timing Breakdown ===
Preparation time: 42ns
Set ready time: 38ns
Total phase 2 time: 211ns
Resolve time: 60ns
one when time: 30586
When creation time: 209 ns
create_behaviour time: 38
sort indexes time: 63
first phase time: 366

=== Phase 2 Timing Breakdown ===
Preparation time: 40ns
Set ready time: 38ns
Total phase 2 time: 211ns
Resolve time: 71ns
one when time: 30373
When creation time: 211 ns
create_behaviour time: 36
sort indexes time: 58
first phase time: 359

=== Phase 2 Timing Breakdown ===
Preparation time: 42ns
Set ready time: 38ns
Total phase 2 time: 208ns
Resolve time: 61ns
one when time: 30102
When creation time: 201 ns
create_behaviour time: 38
sort indexes time: 53
first phase time: 358

=== Phase 2 Timing Breakdown ===
Preparation time: 42ns
Set ready time: 38ns
Total phase 2 time: 207ns
Resolve time: 58ns
one when time: 30019
When creation time: 229 ns
create_behaviour time: 38
sort indexes time: 52
first phase time: 373

=== Phase 2 Timing Breakdown ===
Preparation time: 42ns
Set ready time: 34ns
Total phase 2 time: 203ns
Resolve time: 58ns
one when time: 30555
When creation time: 202 ns
create_behaviour time: 38
sort indexes time: 53
first phase time: 491

=== Phase 2 Timing Breakdown ===
Preparation time: 40ns
Set ready time: 38ns
Total phase 2 time: 207ns
Resolve time: 62ns
one when time: 30673
When creation time: 300 ns
create_behaviour time: 36
sort indexes time: 53
first phase time: 380

=== Phase 2 Timing Breakdown ===
Preparation time: 42ns
Set ready time: 38ns
Total phase 2 time: 209ns
Resolve time: 64ns
one when time: 30673
When creation time: 219 ns
create_behaviour time: 36
sort indexes time: 53
first phase time: 380

=== Phase 2 Timing Breakdown ===
Preparation time: 40ns
Set ready time: 38ns
Total phase 2 time: 209ns
Resolve time: 69ns
one when time: 29255
When creation time: 267 ns
create_behaviour time: 38
sort indexes time: 52
first phase time: 280

=== Phase 2 Timing Breakdown ===
Preparation time: 42ns
Set ready time: 38ns
Total phase 2 time: 211ns
Resolve time: 61ns
one when time: 29280
When creation time: 205 ns
create_behaviour time: 38
sort indexes time: 55
first phase time: 367

=== Phase 2 Timing Breakdown ===
Preparation time: 42ns
Set ready time: 38ns
Total phase 2 time: 209ns
Resolve time: 71ns
one when time: 30578
When creation time: 208 ns
create_behaviour time: 38
sort indexes time: 51
first phase time: 375

=== Phase 2 Timing Breakdown ===
Preparation time: 42ns
Set ready time: 39ns
Total phase 2 time: 209ns
Resolve time: 68ns
one when time: 30129
When creation time: 202 ns
create_behaviour time: 36
sort indexes time: 53
first phase time: 280

=== Phase 2 Timing Breakdown ===
Preparation time: 40ns
Set ready time: 34ns
Total phase 2 time: 203ns
Resolve time: 62ns
one when time: 29852
When creation time: 198 ns
create_behaviour time: 40
sort indexes time: 58
first phase time: 282

=== Phase 2 Timing Breakdown ===
Preparation time: 40ns
Set ready time: 38ns
Total phase 2 time: 209ns
Resolve time: 58ns
one when time: 29810
When creation time: 207 ns
create_behaviour time: 36
sort indexes time: 53
first phase time: 388

=== Phase 2 Timing Breakdown ===
Preparation time: 40ns
Set ready time: 38ns
Total phase 2 time: 209ns
Resolve time: 67ns
one when time: 30208
When creation time: 206 ns
create_behaviour time: 36
sort indexes time: 53
first phase time: 352

=== Phase 2 Timing Breakdown ===
Preparation time: 42ns
Set ready time: 38ns
Total phase 2 time: 207ns
Resolve time: 58ns
one when time: 30591
When creation time: 204 ns
create_behaviour time: 36
sort indexes time: 58
first phase time: 369

=== Phase 2 Timing Breakdown ===
Preparation time: 41ns
Set ready time: 40ns
Total phase 2 time: 211ns
Resolve time: 69ns
one when time: 29688
When creation time: 203 ns
create_behaviour time: 37
sort indexes time: 55
first phase time: 364

=== Phase 2 Timing Breakdown ===
Preparation time: 40ns
Set ready time: 38ns
Total phase 2 time: 209ns
Resolve time: 67ns
one when time: 30087
When creation time: 229 ns
create_behaviour time: 36
sort indexes time: 50
first phase time: 369

=== Phase 2 Timing Breakdown ===
Preparation time: 42ns
Set ready time: 39ns
Total phase 2 time: 209ns
Resolve time: 62ns
one when time: 30431
When creation time: 205 ns
create_behaviour time: 38
sort indexes time: 59
first phase time: 367

=== Phase 2 Timing Breakdown ===
Preparation time: 42ns
Set ready time: 38ns
Total phase 2 time: 209ns
Resolve time: 62ns
one when time: 30260
When creation time: 220 ns
create_behaviour time: 37
sort indexes time: 53
first phase time: 393

=== Phase 2 Timing Breakdown ===
Preparation time: 40ns
Set ready time: 38ns
Total phase 2 time: 211ns
Resolve time: 58ns
one when time: 29717
When creation time: 202 ns
create_behaviour time: 36
sort indexes time: 57
first phase time: 362

=== Phase 2 Timing Breakdown ===
Preparation time: 41ns
Set ready time: 38ns
Total phase 2 time: 208ns
Resolve time: 59ns
one when time: 30811
When creation time: 214 ns
create_behaviour time: 37
sort indexes time: 58
first phase time: 361

=== Phase 2 Timing Breakdown ===
Preparation time: 42ns
Set ready time: 38ns
Total phase 2 time: 209ns
Resolve time: 62ns
one when time: 29987
When creation time: 203 ns
create_behaviour time: 38
sort indexes time: 58
first phase time: 373

=== Phase 2 Timing Breakdown ===
Preparation time: 42ns
Set ready time: 38ns
Total phase 2 time: 207ns
Resolve time: 58ns
one when time: 30817
When creation time: 205 ns
create_behaviour time: 36
sort indexes time: 60
first phase time: 356

=== Phase 2 Timing Breakdown ===
Preparation time: 42ns
Set ready time: 38ns
Total phase 2 time: 211ns
Resolve time: 60ns
one when time: 30586
When creation time: 218 ns
create_behaviour time: 37
sort indexes time: 52
first phase time: 360

=== Phase 2 Timing Breakdown ===
Preparation time: 40ns
Set ready time: 38ns
Total phase 2 time: 209ns
Resolve time: 65ns
one when time: 29780
When creation time: 218 ns
create_behaviour time: 36
sort indexes time: 53
first phase time: 362

=== Phase 2 Timing Breakdown ===
Preparation time: 40ns
Set ready time: 38ns
Total phase 2 time: 211ns
Resolve time: 63ns
one when time: 30389
When creation time: 212 ns
create_behaviour time: 36
sort indexes time: 52
first phase time: 371

=== Phase 2 Timing Breakdown ===
Preparation time: 42ns
Set ready time: 40ns
Total phase 2 time: 210ns
Resolve time: 62ns
one when time: 30453
When creation time: 206 ns
create_behaviour time: 40
sort indexes time: 53
first phase time: 280

=== Phase 2 Timing Breakdown ===
Preparation time: 40ns
Set ready time: 38ns
Total phase 2 time: 211ns
Resolve time: 60ns
one when time: 30468
When creation time: 200 ns
create_behaviour time: 38
sort indexes time: 51
first phase time: 380

=== Phase 2 Timing Breakdown ===
Preparation time: 41ns
Set ready time: 39ns
Total phase 2 time: 209ns
Resolve time: 58ns
one when time: 29755
When creation time: 209 ns
create_behaviour time: 37
sort indexes time: 52
first phase time: 357

=== Phase 2 Timing Breakdown ===
Preparation time: 41ns
Set ready time: 40ns
Total phase 2 time: 211ns
Resolve time: 60ns
one when time: 30071
When creation time: 200 ns
create_behaviour time: 37
sort indexes time: 53
first phase time: 287

=== Phase 2 Timing Breakdown ===
Preparation time: 42ns
Set ready time: 44ns
Total phase 2 time: 214ns
Resolve time: 60ns
one when time: 30622
When creation time: 213 ns
create_behaviour time: 36
sort indexes time: 56
first phase time: 280

=== Phase 2 Timing Breakdown ===
Preparation time: 44ns
Set ready time: 40ns
Total phase 2 time: 211ns
Resolve time: 69ns
one when time: 30494
When creation time: 198 ns
create_behaviour time: 38
sort indexes time: 55
first phase time: 280

=== Phase 2 Timing Breakdown ===
Preparation time: 41ns
Set ready time: 38ns
Total phase 2 time: 210ns
Resolve time: 69ns
one when time: 29460
When creation time: 200 ns
create_behaviour time: 38
sort indexes time: 52
first phase time: 531

=== Phase 2 Timing Breakdown ===
Preparation time: 42ns
Set ready time: 40ns
Total phase 2 time: 209ns
Resolve time: 71ns
one when time: 30144
When creation time: 206 ns
create_behaviour time: 38
sort indexes time: 51
first phase time: 360

=== Phase 2 Timing Breakdown ===
Preparation time: 40ns
Set ready time: 38ns
Total phase 2 time: 211ns
Resolve time: 71ns
one when time: 29895
When creation time: 207 ns
create_behaviour time: 39
sort indexes time: 53
first phase time: 369

=== Phase 2 Timing Breakdown ===
Preparation time: 42ns
Set ready time: 39ns
Total phase 2 time: 211ns
Resolve time: 66ns
one when time: 30046
When creation time: 212 ns
create_behaviour time: 38
sort indexes time: 55
first phase time: 351

=== Phase 2 Timing Breakdown ===
Preparation time: 42ns
Set ready time: 39ns
Total phase 2 time: 211ns
Resolve time: 64ns
one when time: 29766
When creation time: 209 ns
create_behaviour time: 40
sort indexes time: 58
first phase time: 613

=== Phase 2 Timing Breakdown ===
Preparation time: 42ns
Set ready time: 43ns
Total phase 2 time: 212ns
Resolve time: 58ns
one when time: 30916
When creation time: 206 ns
create_behaviour time: 37
sort indexes time: 60
first phase time: 393

=== Phase 2 Timing Breakdown ===
Preparation time: 41ns
Set ready time: 38ns
Total phase 2 time: 208ns
Resolve time: 59ns
one when time: 31493
When creation time: 211 ns
create_behaviour time: 37
sort indexes time: 55
first phase time: 280

=== Phase 2 Timing Breakdown ===
Preparation time: 42ns
Set ready time: 40ns
Total phase 2 time: 211ns
Resolve time: 71ns
one when time: 29989
When creation time: 203 ns
create_behaviour time: 37
sort indexes time: 52
first phase time: 361

=== Phase 2 Timing Breakdown ===
Preparation time: 40ns
Set ready time: 38ns
Total phase 2 time: 209ns
Resolve time: 73ns
one when time: 30122
When creation time: 378 ns
create_behaviour time: 37
sort indexes time: 53
first phase time: 284

=== Phase 2 Timing Breakdown ===
Preparation time: 40ns
Set ready time: 38ns
Total phase 2 time: 209ns
Resolve time: 71ns
one when time: 29569
When creation time: 207 ns
create_behaviour time: 37
sort indexes time: 58
first phase time: 360

=== Phase 2 Timing Breakdown ===
Preparation time: 40ns
Set ready time: 38ns
Total phase 2 time: 209ns
Resolve time: 69ns
one when time: 30219
When creation time: 122 ns
create_behaviour time: 36
sort indexes time: 53
first phase time: 304

=== Phase 2 Timing Breakdown ===
Preparation time: 42ns
Set ready time: 40ns
Total phase 2 time: 213ns
Resolve time: 64ns
one when time: 29953
When creation time: 202 ns
create_behaviour time: 47
sort indexes time: 58
first phase time: 362

=== Phase 2 Timing Breakdown ===
Preparation time: 40ns
Set ready time: 38ns
Total phase 2 time: 210ns
Resolve time: 67ns
one when time: 30193
When creation time: 207 ns
create_behaviour time: 37
sort indexes time: 58
first phase time: 286

=== Phase 2 Timing Breakdown ===
Preparation time: 42ns
Set ready time: 38ns
Total phase 2 time: 209ns
Resolve time: 64ns
one when time: 30676
When creation time: 220 ns
create_behaviour time: 37
sort indexes time: 51
first phase time: 587

=== Phase 2 Timing Breakdown ===
Preparation time: 42ns
Set ready time: 40ns
Total phase 2 time: 211ns
Resolve time: 58ns
one when time: 30378
When creation time: 202 ns
create_behaviour time: 36
sort indexes time: 58
first phase time: 286

=== Phase 2 Timing Breakdown ===
Preparation time: 42ns
Set ready time: 38ns
Total phase 2 time: 211ns
Resolve time: 71ns
one when time: 30194
When creation time: 211 ns
create_behaviour time: 36
sort indexes time: 54
first phase time: 589

=== Phase 2 Timing Breakdown ===
Preparation time: 41ns
Set ready time: 38ns
Total phase 2 time: 208ns
Resolve time: 73ns
one when time: 30067
When creation time: 214 ns
create_behaviour time: 36
sort indexes time: 51
first phase time: 597

=== Phase 2 Timing Breakdown ===
Preparation time: 42ns
Set ready time: 38ns
Total phase 2 time: 207ns
Resolve time: 65ns
one when time: 30530
When creation time: 198 ns
create_behaviour time: 39
sort indexes time: 53
first phase time: 371

=== Phase 2 Timing Breakdown ===
Preparation time: 42ns
Set ready time: 40ns
Total phase 2 time: 210ns
Resolve time: 62ns
one when time: 29839
When creation time: 212 ns
create_behaviour time: 37
sort indexes time: 51
first phase time: 359

=== Phase 2 Timing Breakdown ===
Preparation time: 42ns
Set ready time: 38ns
Total phase 2 time: 207ns
Resolve time: 62ns
one when time: 29931
When creation time: 204 ns
create_behaviour time: 37
sort indexes time: 52
first phase time: 363

=== Phase 2 Timing Breakdown ===
Preparation time: 42ns
Set ready time: 38ns
Total phase 2 time: 211ns
Resolve time: 60ns
one when time: 30289
When creation time: 204 ns
create_behaviour time: 36
sort indexes time: 53
first phase time: 371

=== Phase 2 Timing Breakdown ===
Preparation time: 41ns
Set ready time: 40ns
Total phase 2 time: 211ns
Resolve time: 60ns
one when time: 30915
When creation time: 205 ns
create_behaviour time: 36
sort indexes time: 54
first phase time: 269

=== Phase 2 Timing Breakdown ===
Preparation time: 42ns
Set ready time: 38ns
Total phase 2 time: 209ns
Resolve time: 62ns
one when time: 30050
When creation time: 206 ns
create_behaviour time: 38
sort indexes time: 54
first phase time: 291

=== Phase 2 Timing Breakdown ===
Preparation time: 41ns
Set ready time: 41ns
Total phase 2 time: 211ns
Resolve time: 71ns
one when time: 29900
When creation time: 393 ns
create_behaviour time: 40
sort indexes time: 51
first phase time: 282

=== Phase 2 Timing Breakdown ===
Preparation time: 42ns
Set ready time: 38ns
Total phase 2 time: 207ns
Resolve time: 73ns
one when time: 29844
When creation time: 206 ns
create_behaviour time: 36
sort indexes time: 58
first phase time: 282

=== Phase 2 Timing Breakdown ===
Preparation time: 42ns
Set ready time: 38ns
Total phase 2 time: 211ns
Resolve time: 65ns
one when time: 30642
When creation time: 206 ns
create_behaviour time: 37
sort indexes time: 55
first phase time: 368

=== Phase 2 Timing Breakdown ===
Preparation time: 42ns
Set ready time: 35ns
Total phase 2 time: 208ns
Resolve time: 69ns
one when time: 30184
When creation time: 218 ns
create_behaviour time: 38
sort indexes time: 53
first phase time: 371

=== Phase 2 Timing Breakdown ===
Preparation time: 42ns
Set ready time: 38ns
Total phase 2 time: 208ns
Resolve time: 61ns
one when time: 30349
When creation time: 286 ns
create_behaviour time: 36
sort indexes time: 55
first phase time: 365

=== Phase 2 Timing Breakdown ===
Preparation time: 42ns
Set ready time: 40ns
Total phase 2 time: 211ns
Resolve time: 60ns
one when time: 30173
When creation time: 204 ns
create_behaviour time: 36
sort indexes time: 51
first phase time: 271

=== Phase 2 Timing Breakdown ===
Preparation time: 40ns
Set ready time: 38ns
Total phase 2 time: 211ns
Resolve time: 64ns
one when time: 29758
When creation time: 215 ns
create_behaviour time: 36
sort indexes time: 52
first phase time: 365

=== Phase 2 Timing Breakdown ===
Preparation time: 42ns
Set ready time: 38ns
Total phase 2 time: 209ns
Resolve time: 65ns
one when time: 30442
When creation time: 462 ns
create_behaviour time: 36
sort indexes time: 53
first phase time: 350

=== Phase 2 Timing Breakdown ===
Preparation time: 42ns
Set ready time: 38ns
Total phase 2 time: 208ns
Resolve time: 71ns
one when time: 30525
When creation time: 211 ns
create_behaviour time: 36
sort indexes time: 52
first phase time: 358

=== Phase 2 Timing Breakdown ===
Preparation time: 40ns
Set ready time: 38ns
Total phase 2 time: 211ns
Resolve time: 72ns
one when time: 30084
When creation time: 209 ns
create_behaviour time: 38
sort indexes time: 55
first phase time: 278

=== Phase 2 Timing Breakdown ===
Preparation time: 42ns
Set ready time: 38ns
Total phase 2 time: 209ns
Resolve time: 74ns
one when time: 30632
When creation time: 367 ns
create_behaviour time: 36
sort indexes time: 53
first phase time: 280

=== Phase 2 Timing Breakdown ===
Preparation time: 42ns
Set ready time: 38ns
Total phase 2 time: 211ns
Resolve time: 78ns
one when time: 29962
When creation time: 196 ns
create_behaviour time: 36
sort indexes time: 53
first phase time: 364

=== Phase 2 Timing Breakdown ===
Preparation time: 42ns
Set ready time: 38ns
Total phase 2 time: 209ns
Resolve time: 58ns
one when time: 29535
When creation time: 202 ns
create_behaviour time: 36
sort indexes time: 52
first phase time: 287

=== Phase 2 Timing Breakdown ===
Preparation time: 41ns
Set ready time: 40ns
Total phase 2 time: 212ns
Resolve time: 58ns
one when time: 30167
When creation time: 203 ns
create_behaviour time: 36
sort indexes time: 52
first phase time: 287

=== Phase 2 Timing Breakdown ===
Preparation time: 41ns
Set ready time: 40ns
Total phase 2 time: 211ns
Resolve time: 60ns
one when time: 30004
When creation time: 212 ns
create_behaviour time: 40
sort indexes time: 53
first phase time: 375

=== Phase 2 Timing Breakdown ===
Preparation time: 41ns
Set ready time: 39ns
Total phase 2 time: 207ns
Resolve time: 66ns
one when time: 30657
When creation time: 124 ns
create_behaviour time: 38
sort indexes time: 53
first phase time: 287

=== Phase 2 Timing Breakdown ===
Preparation time: 42ns
Set ready time: 40ns
Total phase 2 time: 211ns
Resolve time: 56ns
one when time: 30244
When creation time: 215 ns
create_behaviour time: 36
sort indexes time: 53
first phase time: 284

=== Phase 2 Timing Breakdown ===
Preparation time: 42ns
Set ready time: 40ns
Total phase 2 time: 213ns
Resolve time: 62ns
one when time: 29791
When creation time: 213 ns
create_behaviour time: 38
sort indexes time: 54
first phase time: 276

=== Phase 2 Timing Breakdown ===
Preparation time: 42ns
Set ready time: 38ns
Total phase 2 time: 211ns
Resolve time: 67ns
one when time: 30163
When creation time: 200 ns
create_behaviour time: 37
sort indexes time: 53
first phase time: 282

=== Phase 2 Timing Breakdown ===
Preparation time: 41ns
Set ready time: 40ns
Total phase 2 time: 209ns
Resolve time: 77ns
one when time: 30580
When creation time: 205 ns
create_behaviour time: 37
sort indexes time: 51
first phase time: 369

=== Phase 2 Timing Breakdown ===
Preparation time: 42ns
Set ready time: 38ns
Total phase 2 time: 209ns
Resolve time: 62ns
one when time: 30278
When creation time: 214 ns
create_behaviour time: 38
sort indexes time: 53
first phase time: 289

=== Phase 2 Timing Breakdown ===
Preparation time: 42ns
Set ready time: 40ns
Total phase 2 time: 211ns
Resolve time: 63ns
one when time: 30620
When creation time: 80 ns
create_behaviour time: 40
sort indexes time: 53
first phase time: 136

=== Phase 2 Timing Breakdown ===
Preparation time: 42ns
Set ready time: 38ns
Total phase 2 time: 209ns
Resolve time: 69ns
one when time: 29564
When creation time: 204 ns
create_behaviour time: 38
sort indexes time: 53
first phase time: 280

=== Phase 2 Timing Breakdown ===
Preparation time: 41ns
Set ready time: 40ns
Total phase 2 time: 211ns
Resolve time: 64ns
one when time: 29893
When creation time: 198 ns
create_behaviour time: 38
sort indexes time: 55
first phase time: 282

=== Phase 2 Timing Breakdown ===
Preparation time: 42ns
Set ready time: 38ns
Total phase 2 time: 207ns
Resolve time: 62ns
one when time: 29789
When creation time: 215 ns
create_behaviour time: 38
sort indexes time: 53
first phase time: 375

=== Phase 2 Timing Breakdown ===
Preparation time: 42ns
Set ready time: 44ns
Total phase 2 time: 213ns
Resolve time: 70ns
one when time: 29967
When creation time: 369 ns
create_behaviour time: 37
sort indexes time: 51
first phase time: 290

=== Phase 2 Timing Breakdown ===
Preparation time: 42ns
Set ready time: 38ns
Total phase 2 time: 207ns
Resolve time: 65ns
one when time: 30465
When creation time: 196 ns
create_behaviour time: 38
sort indexes time: 53
first phase time: 278

=== Phase 2 Timing Breakdown ===
Preparation time: 42ns
Set ready time: 38ns
Total phase 2 time: 207ns
Resolve time: 76ns
one when time: 30323
When creation time: 201 ns
create_behaviour time: 38
sort indexes time: 51
first phase time: 297

=== Phase 2 Timing Breakdown ===
Preparation time: 42ns
Set ready time: 42ns
Total phase 2 time: 215ns
Resolve time: 65ns
one when time: 30749
When creation time: 131 ns
create_behaviour time: 37
sort indexes time: 52
first phase time: 278

=== Phase 2 Timing Breakdown ===
Preparation time: 42ns
Set ready time: 38ns
Total phase 2 time: 209ns
Resolve time: 61ns
one when time: 30317
When creation time: 211 ns
create_behaviour time: 38
sort indexes time: 52
first phase time: 276

=== Phase 2 Timing Breakdown ===
Preparation time: 42ns
Set ready time: 40ns
Total phase 2 time: 211ns
Resolve time: 65ns
one when time: 30065
When creation time: 214 ns
create_behaviour time: 36
sort indexes time: 53
first phase time: 370

=== Phase 2 Timing Breakdown ===
Preparation time: 41ns
Set ready time: 40ns
Total phase 2 time: 212ns
Resolve time: 62ns
one when time: 30297
When creation time: 205 ns
create_behaviour time: 37
sort indexes time: 53
first phase time: 366

=== Phase 2 Timing Breakdown ===
Preparation time: 42ns
Set ready time: 38ns
Total phase 2 time: 209ns
Resolve time: 74ns
one when time: 30378
When creation time: 209 ns
create_behaviour time: 36
sort indexes time: 53
first phase time: 273

=== Phase 2 Timing Breakdown ===
Preparation time: 40ns
Set ready time: 38ns
Total phase 2 time: 209ns
Resolve time: 69ns
one when time: 30878
When creation time: 231 ns
create_behaviour time: 37
sort indexes time: 51
first phase time: 367

=== Phase 2 Timing Breakdown ===
Preparation time: 42ns
Set ready time: 38ns
Total phase 2 time: 208ns
Resolve time: 66ns
one when time: 30347
When creation time: 518 ns
create_behaviour time: 37
sort indexes time: 60
first phase time: 371

=== Phase 2 Timing Breakdown ===
Preparation time: 42ns
Set ready time: 40ns
Total phase 2 time: 211ns
Resolve time: 82ns
one when time: 31309
Schedule behaviours time:3440607
[report]: insert_sched_avg_time : 34406.000000
Pausing: active threads: 8
Pausing: active threads: 7
Pausing: active threads: 6
Pausing: active threads: 5
Pausing: active threads: 4
Pausing: active threads: 3
Pausing: active threads: 2
Pausing: active threads: 1
Teardown: all threads stopped
Run behaviours time:1354955
[report]: insert_run_avg_time : 13549.000000
[report]: insert_overall_duration_ns : 1354955
[report]: insert_overall_operation_number : 100
[report]: insert_overall_throughput : 73803.189036
