/users/Xuran/hash_rt/build/hash_rt --num_threads=8 --str_key_size=8 --str_value_size=100 --num_ops=10000 --first_mode=true --work_usec=0
Running with 8 cores
Init time:2342327709
Init scheduler time:52935
Schedule behaviours time:8063755
[report]: insert_sched_avg_time : 806.000000
Pausing: active threads: 8
Pausing: active threads: 7
Pausing: active threads: 6
Pausing: active threads: 5
Pausing: active threads: 4
Pausing: active threads: 3
Pausing: active threads: 2
Pausing: active threads: 1
Teardown: all threads stopped
Run behaviours time:1589049
[report]: insert_run_avg_time : 158.000000
[report]: insert_overall_duration_ns : 1589049
[report]: insert_overall_operation_number : 10000
[report]: insert_overall_throughput : 6293072.145667
