/users/Xuran/hash_rt/build/hash_rt --num_threads=8 --str_key_size=8 --str_value_size=100 --num_ops=5000000 --first_mode=true --work_usec=0 --batch_size=80
Harness starting.
 /users/Xuran/hash_rt/build/hash_rt --num_threads=8 --str_key_size=8 --str_value_size=100 --num_ops=5000000 --first_mode=true --work_usec=0 --batch_size=80 --seed 693989974
Set fair: 1
Init runtime
Scheduler Thread created
Scheduler Thread created
Scheduler Thread created
Scheduler Thread created
Runtime initialised
Init time:1170194384
Scheduler cores: 4
External thread 0 is running on core 4
External thread 1 is running on core 5
External thread 2 is running on core 6
External thread 3 is running on core 7
Locking Scheduler.
Locking Scheduler done
Pausing: active threads: 4
Pausing
Add to list of waiters
Unlock Scheduler lock
Sleep
Locking Scheduler.
Locking Scheduler done
Pausing: active threads: 3
Pausing
Add to list of waiters
Unlock Scheduler lock
Sleep
Locking Scheduler.
Locking Scheduler done
Pausing: active threads: 2
Pausing
Add to list of waiters
Unlock Scheduler lock
Sleep
Locking Scheduler.
Locking Scheduler done
Pausing: active threads: 1
Teardown beginning
Teardown: all threads stopped
cv_notify_all() for teardown
Unlock Scheduler lock
Pending unpause
Teardown: all threads beginning teardown
Awake!
Locking Scheduler.
Locking Scheduler done
Unpausing
Unlock Scheduler lock
Destroying core 4
Awake!
Locking Scheduler.
Locking Scheduler done
Unpausing
Unlock Scheduler lock
Destroying core 1
Destroying core 2
Awake!
Locking Scheduler.
Locking Scheduler done
Unpausing
Unlock Scheduler lock
Destroying core 3
All threads stopped
All threads deallocated
[report]: insert_run_time_ns : 41492248726
[report]: scheduler_total_when_schedules : 0
[report]: scheduler_total_when_time_ns : 0
Teardown: all threads stopped
