GNU gdb (Ubuntu 12.1-0ubuntu1~22.04) 12.1
Copyright (C) 2022 Free Software Foundation, Inc.
License GPLv3+: GNU GPL version 3 or later <http://gnu.org/licenses/gpl.html>
This is free software: you are free to change and redistribute it.
There is NO WARRANTY, to the extent permitted by law.
Type "show copying" and "show warranty" for details.
This GDB was configured as "x86_64-linux-gnu".
Type "show configuration" for configuration details.
For bug reporting instructions, please see:
<https://www.gnu.org/software/gdb/bugs/>.
Find the GDB manual and other documentation resources online at:
    <http://www.gnu.org/software/gdb/documentation/>.

For help, type "help".
Type "apropos word" to search for commands related to "word"...
Reading symbols from ./hash_rt...
[?2004h(gdb) 
[?2004l[?2004h(gdb) r
[?2004lStarting program: /mnt/nvme0/home/gxr/Myhash_boc/Hash_rt/build/hash_rt 
[Thread debugging using libthread_db enabled]
Using host libthread_db library "/lib/x86_64-linux-gnu/libthread_db.so.1".
Set fair: 1
Init runtime
Scheduler Thread created
Scheduler Thread created
Runtime initialised
Init time:1784909069
[New Thread 0x7fbfdf3e8640 (LWP 1194313)]
Starting all threads
[New Thread 0x7fbfd73e5640 (LWP 1194314)]
 batch_size: 4
[New Thread 0x7fbfd6be4640 (LWP 1194315)]
BehaviourCore::schedule_many1
Prepare phase duration: 730
Acquire phase duration: 930
Exchange duration: 590
Release phase duration: 80
Process phase duration: 930
BehaviourCore::schedule_many1
Prepare phase duration: 160
Acquire phase duration: 430
Exchange duration: 300
Release phase duration: 50
Process phase duration: 190
[New Thread 0x7fbfd63e3640 (LWP 1194316)]
BehaviourCore::schedule_many1
Prepare phase duration: 120
Acquire phase duration: 500
Exchange duration: 390
Release phase duration: 40
Process phase duration: 150
BehaviourCore::schedule_many1
Prepare phase duration: 190
Acquire phase duration: 510
Exchange duration: 390
Release phase duration: 40
Process phase duration: 160
this thread id: 140462060897856 completed_count_last_batch: 0
this thread id: 140462060897856 completed_count_last_batch: 4
 batch_size: 4
this thread id: 2 current_count: 4
this thread id: 1 current_count: 4
this thread id: 2 completed_count_last_batch: 3
this thread id: 2 completed_count_last_batch: 3
this thread id: 1 completed_count_last_batch: 3
this thread id: 1 current_count: 3
this thread id: 1 completed_count_last_batch: 2
this thread id: 1 completed_count_last_batch: 2
get work duration: 4190
get work duration: 1110
get body duration: 960
get body duration: 960
run body duration: 9330
run body duration: 7150
release cown duration: 7250
release cown duration: 3570
dealloc behaviour duration: 30
dealloc behaviour duration: 30
dealloc work duration: 92220
dealloc work duration: 88960
this thread id: 2 current_count: 2
this thread id: 2 completed_count_last_batch: 1
this thread id: 2 completed_count_last_batch: 1
this thread id: 1 current_count: 1
this thread id: 1 completed_count_last_batch: 0
this thread id: 1 completed_count_last_batch: 0
get work duration: 540
get work duration: 170
get body duration: 70
get body duration: 40
run body duration: 1880
run body duration: 1670
release cown duration: 500
dealloc behaviour duration: 30
dealloc work duration: 330
release cown duration: 460
dealloc behaviour duration: 30
dealloc work duration: 350

Thread 1 "hash_rt" received signal SIGINT, Interrupt.
__futex_abstimed_wait_common64 (private=128, cancel=true, abstime=0x0, op=265, expected=1194315, futex_word=0x7fbfd6be4910) at ./nptl/futex-internal.c:57
57	./nptl/futex-internal.c: No such file or directory.
[?2004h[?2004l[?2004h(gdb) q
[?2004l[?2004hA debugging session is active.

	Inferior 1 [process 1194242] will be killed.

Quit anyway? (y or n) y
[?2004l