GNU gdb (Ubuntu 12.1-0ubuntu1~22.04) 12.1
Copyright (C) 2022 Free Software Foundation, Inc.
License GPLv3+: GNU GPL version 3 or later <http://gnu.org/licenses/gpl.html>
This is free software: you are free to change and redistribute it.
There is NO WARRANTY, to the extent permitted by law.
Type "show copying" and "show warranty" for details.
This GDB was configured as "x86_64-linux-gnu".
Type "show configuration" for configuration details.
For bug reporting instructions, please see:
<https://www.gnu.org/software/gdb/bugs/>.
Find the GDB manual and other documentation resources online at:
    <http://www.gnu.org/software/gdb/documentation/>.

For help, type "help".
Type "apropos word" to search for commands related to "word"...
Reading symbols from ./hash_rt...
[?2004h(gdb) r
[?2004lStarting program: /mnt/nvme0/home/gxr/Myhash_boc/Hash_rt/build/hash_rt 
[Thread debugging using libthread_db enabled]
Using host libthread_db library "/lib/x86_64-linux-gnu/libthread_db.so.1".
Set fair: 1
Init runtime
Scheduler Thread created
Scheduler Thread created
Runtime initialised
Init time:1788611445
[New Thread 0x7fbfdf3e8640 (LWP 1118141)]
Starting all threads
[New Thread 0x7fbfdebe7640 (LWP 1118142)]
BehaviourCore::schedule_many1
Prepare phase duration: 750
Acquire phase duration: 790
[New Thread 0x7fbfde3e6640 (LWP 1118143)]
Exchange duration: 410
Release phase duration: 80
Process phase duration: 780
BehaviourCore::schedule_many1
Prepare phase duration: 180
Acquire phase duration: 400
Exchange duration: 290
Release phase duration: 70
Process phase duration: 170
BehaviourCore::schedule_many1
Prepare phase duration: 150
Acquire phase duration: 410
Exchange duration: 310
Release phase duration: 60
Process phase duration: 180
BehaviourCore::schedule_many1
Prepare phase duration: 150
Acquire phase duration: 530
Exchange duration: 400
Release phase duration: 40
Process phase duration: 170
BehaviourCore::schedule_many1
Prepare phase duration: 130
Acquire phase duration: 420
Exchange duration: 310
Release phase duration: 40
Process phase duration: 150
BehaviourCore::schedule_many1
Prepare phase duration: 130
Acquire phase duration: 520
Exchange duration: 410
Release phase duration: 40
Process phase duration: 130
BehaviourCore::schedule_many1
Prepare phase duration: 130
Acquire phase duration: 530
Exchange duration: 400
Release phase duration: 50
Process phase duration: 170
BehaviourCore::schedule_many1
Prepare phase duration: 130
Acquire phase duration: 500
Exchange duration: 390
Release phase duration: 50
Process phase duration: 140
[New Thread 0x7fbfddbe5640 (LWP 1118144)]
get work duration: 4350
get work duration: 1150
thread id: 2 Schedule work 0x7fbfe03ec0c0
thread id: 1 Schedule work 0x7fbfe03ec2a0
the total count of insert: 1
the total count of insert: 2
thread id: 2 work duration: 92929
thread id: 1 work duration: 98509
completed_count_last_batch: 3
get work duration: 580
thread id: 2 Schedule work 0x7fbfe03ec240
the total count of insert: 3
completed_count_last_batch: 2
thread id: 2 work duration: 4670
completed_count_last_batch: 1
get work duration: 740
thread id: 1 Schedule work 0x7fbfe03ec1e0
the total count of insert: 4
get work duration: 130
thread id: 2 Schedule work 0x7fbfe03ec180
the total count of insert: 5
thread id: 1 work duration: 3470
thread id: 2 work duration: 4450
completed_count_last_batch: 0
completed_count_last_batch: 3
get work duration: 200
get work duration: 490
BehaviourCore::schedule_many1
thread id: 2 Schedule work 0x7fbfe03ec000
thread id: 1 Schedule work 0x7fbfe03ec120
the total count of insert: 6
the total count of insert: 7
thread id: 1 work duration: 3290
thread id: 2 work duration: 7550
completed_count_last_batch: 1
Prepare phase duration: 140
Acquire phase duration: 460
Exchange duration: 290
completed_count_last_batch: 2
Release phase duration: 40
get work duration: 470
thread id: 1 Schedule work 0x7fbfe03ec060
the total count of insert: 8
Process phase duration: 200
thread id: 1 work duration: 5740
completed_count_last_batch: 0
get work duration: 450
BehaviourCore::schedule_many1
thread id: 2 Schedule work 0x7fbfe03ec300
Prepare phase duration: 160
Acquire phase duration: 490
Exchange duration: 390
the total count of insert: 9
Release phase duration: 40
thread id: 2 work duration: 5150
Process phase duration: 480
completed_count_last_batch: 18446744073709551615
BehaviourCore::schedule_many1
get work duration: 730
thread id: 1 Schedule work 0x7fbfe03ec360
Prepare phase duration: 150
Acquire phase duration: 400
Exchange duration: 280
Release phase duration: 40
Process phase duration: 140
the total count of insert: 10
BehaviourCore::schedule_many1
get work duration: 840
Prepare phase duration: 840
Acquire phase duration: 530
Exchange duration: 400
thread id: 1 work duration: 8640
completed_count_last_batch: 18446744073709551614
Release phase duration: 50
Process phase duration: 140
thread id: 2 Schedule work 0x7fbfe03ec3c0
the total count of insert: 11
get work duration: 430
thread id: 2 work duration: 2950
completed_count_last_batch: 18446744073709551613
thread id: 1 Schedule work 0x7fbfe03ec420
the total count of insert: 12
thread id: 1 work duration: 3050
completed_count_last_batch: 18446744073709551612

Thread 1 "hash_rt" received signal SIGINT, Interrupt.
__futex_abstimed_wait_common64 (private=128, cancel=true, abstime=0x0, op=265, expected=1118143, futex_word=0x7fbfde3e6910) at ./nptl/futex-internal.c:57
57	./nptl/futex-internal.c: No such file or directory.
[?2004h[?2004l[?2004h(gdb) r[Kq
[?2004l[?2004hA debugging session is active.

	Inferior 1 [process 1118108] will be killed.

Quit anyway? (y or n) y
[?2004l