/users/Xuran/hash_rt/build/hash_rt --num_threads=12 --str_key_size=8 --str_value_size=100 --num_ops=5000000 --first_mode=true --work_usec=0 --batch_size=80
Harness starting.
 /users/Xuran/hash_rt/build/hash_rt --num_threads=12 --str_key_size=8 --str_value_size=100 --num_ops=5000000 --first_mode=true --work_usec=0 --batch_size=80 --seed 2345143976
Init time:2320828850
Scheduler cores: 3
External thread 0 is running on core 3External thread 1 is running on core 4

External thread 2 is running on core 5
External thread 3 is running on core 6
External thread 5 is running on core 8
External thread 6 is running on core 9
External thread 7 is running on core 10
External thread 4 is running on core 7
External thread 8 is running on core 11
Pausing: active threads: 3
Pausing: active threads: 2
Pausing: active threads: 2
Pausing: active threads: 3
Pausing: active threads: 2
Pausing: active threads: 2
Pausing: active threads: 2
Pausing: active threads: 2
Pausing: active threads: 3
Pausing: active threads: 3
Pausing: active threads: 3
Pausing: active threads: 3
Pausing: active threads: 3
Pausing: active threads: 3
Pausing: active threads: 3
Pausing: active threads: 3
Pausing: active threads: 3
Pausing: active threads: 3
Pausing: active threads: 3
Pausing: active threads: 3
Pausing: active threads: 3
Pausing: active threads: 3
Pausing: active threads: 3
Pausing: active threads: 3
Pausing: active threads: 3
Pausing: active threads: 3
Pausing: active threads: 3
Pausing: active threads: 3
Pausing: active threads: 3
Pausing: active threads: 3
Pausing: active threads: 3
Pausing: active threads: 3
Pausing: active threads: 3
Pausing: active threads: 3
Pausing: active threads: 3
Pausing: active threads: 3
Pausing: active threads: 3
Pausing: active threads: 3
Pausing: active threads: 3
Pausing: active threads: 3
Pausing: active threads: 3
Pausing: active threads: 3
Pausing: active threads: 3
Pausing: active threads: 3
Pausing: active threads: 3
Pausing: active threads: 3
Pausing: active threads: 3
Pausing: active threads: 3
Pausing: active threads: 3
Pausing: active threads: 3
Pausing: active threads: 3
Pausing: active threads: 3
Pausing: active threads: 3
Pausing: active threads: 3
Pausing: active threads: 3
Pausing: active threads: 3
Pausing: active threads: 3
Pausing: active threads: 3
Pausing: active threads: 3
Pausing: active threads: 3
Pausing: active threads: 3
Pausing: active threads: 3
Pausing: active threads: 3
Pausing: active threads: 3
Pausing: active threads: 3
Pausing: active threads: 3
Pausing: active threads: 3
Pausing: active threads: 3
Pausing: active threads: 3
Pausing: active threads: 3
Pausing: active threads: 3
Pausing: active threads: 3
Pausing: active threads: 3
Pausing: active threads: 3
Pausing: active threads: 3
Pausing: active threads: 3
Pausing: active threads: 3
Pausing: active threads: 3
Pausing: active threads: 3
Pausing: active threads: 3
Pausing: active threads: 3
Pausing: active threads: 3
Pausing: active threads: 3
Pausing: active threads: 3
Pausing: active threads: 3
Pausing: active threads: 3
Pausing: active threads: 3
Pausing: active threads: 3
Pausing: active threads: 3
Pausing: active threads: 3
Pausing: active threads: 3
Pausing: active threads: 3
Pausing: active threads: 3
Pausing: active threads: 3
Pausing: active threads: 3
Pausing: active threads: 3
Pausing: active threads: 3
Pausing: active threads: 3
Pausing: active threads: 3
Pausing: active threads: 3
Pausing: active threads: 3
Pausing: active threads: 3
Pausing: active threads: 3
Pausing: active threads: 3
Pausing: active threads: 3
Pausing: active threads: 3
Pausing: active threads: 3
Pausing: active threads: 3
Pausing: active threads: 3
Pausing: active threads: 3
Pausing: active threads: 3
Pausing: active threads: 3
Pausing: active threads: 3
Pausing: active threads: 3
Pausing: active threads: 3
Pausing: active threads: 3
Pausing: active threads: 3
Pausing: active threads: 3
Pausing: active threads: 3
Pausing: active threads: 3
Pausing: active threads: 3
Pausing: active threads: 3
Pausing: active threads: 3
Pausing: active threads: 3
Pausing: active threads: 3
Pausing: active threads: 3
Pausing: active threads: 3
Pausing: active threads: 3
Pausing: active threads: 3
Pausing: active threads: 3
Pausing: active threads: 3
Pausing: active threads: 3
Pausing: active threads: 3
Pausing: active threads: 3
Pausing: active threads: 3
Pausing: active threads: 3
Pausing: active threads: 3
Pausing: active threads: 3
Pausing: active threads: 3
Pausing: active threads: 3
Pausing: active threads: 3
Pausing: active threads: 3
Pausing: active threads: 3
Pausing: active threads: 3
Pausing: active threads: 3
Pausing: active threads: 3
Pausing: active threads: 3
Pausing: active threads: 3
Pausing: active threads: 3
Pausing: active threads: 3
Pausing: active threads: 3
Pausing: active threads: 3
Pausing: active threads: 3
Pausing: active threads: 3
Pausing: active threads: 3
Pausing: active threads: 3
Pausing: active threads: 3
Pausing: active threads: 3
Pausing: active threads: 3
Pausing: active threads: 3
Pausing: active threads: 3
Pausing: active threads: 3
Pausing: active threads: 3
Pausing: active threads: 3
Pausing: active threads: 3
Pausing: active threads: 3
Pausing: active threads: 3
Pausing: active threads: 3
Pausing: active threads: 3
Pausing: active threads: 3
Pausing: active threads: 3
Pausing: active threads: 3
Pausing: active threads: 3
Pausing: active threads: 3
Pausing: active threads: 3
Pausing: active threads: 3
Pausing: active threads: 3
Pausing: active threads: 3
Pausing: active threads: 3
Pausing: active threads: 3
Pausing: active threads: 3
Pausing: active threads: 3
Pausing: active threads: 3
Pausing: active threads: 3
Pausing: active threads: 3
Pausing: active threads: 3
Pausing: active threads: 3
Pausing: active threads: 3
Pausing: active threads: 3
Pausing: active threads: 3
Pausing: active threads: 3
Pausing: active threads: 3
Pausing: active threads: 3
Pausing: active threads: 3
Pausing: active threads: 3
Pausing: active threads: 3
Pausing: active threads: 3
Pausing: active threads: 3
Pausing: active threads: 3
Pausing: active threads: 3
Pausing: active threads: 3
Pausing: active threads: 3
Pausing: active threads: 3
Pausing: active threads: 3
Pausing: active threads: 3
Pausing: active threads: 3
Pausing: active threads: 3
Pausing: active threads: 3
Pausing: active threads: 3
Pausing: active threads: 3
Pausing: active threads: 3
Pausing: active threads: 3
Pausing: active threads: 3
Pausing: active threads: 3
Pausing: active threads: 3
Pausing: active threads: 3
Pausing: active threads: 3
Pausing: active threads: 3
Pausing: active threads: 3
Pausing: active threads: 3
Pausing: active threads: 3
Pausing: active threads: 3
Pausing: active threads: 3
Pausing: active threads: 3
Pausing: active threads: 3
Pausing: active threads: 3
Pausing: active threads: 3
Pausing: active threads: 3
Pausing: active threads: 3
Pausing: active threads: 3
Pausing: active threads: 3
Pausing: active threads: 3
Pausing: active threads: 3
Pausing: active threads: 3
Pausing: active threads: 3
Pausing: active threads: 3
Pausing: active threads: 3
Pausing: active threads: 3
Pausing: active threads: 3
Pausing: active threads: 3
Pausing: active threads: 3
Pausing: active threads: 3
Pausing: active threads: 3
Pausing: active threads: 3
Pausing: active threads: 3
Pausing: active threads: 3
Pausing: active threads: 3
Pausing: active threads: 3
Pausing: active threads: 3
Pausing: active threads: 3
Pausing: active threads: 3
Pausing: active threads: 3
Pausing: active threads: 3
Pausing: active threads: 3
Pausing: active threads: 3
Pausing: active threads: 3
Pausing: active threads: 3
Pausing: active threads: 3
Pausing: active threads: 3
Pausing: active threads: 3
Pausing: active threads: 3
Pausing: active threads: 3
Pausing: active threads: 3
Pausing: active threads: 3
Pausing: active threads: 3
Pausing: active threads: 3
Pausing: active threads: 3
Pausing: active threads: 3
Pausing: active threads: 3
Pausing: active threads: 3
Pausing: active threads: 3
Pausing: active threads: 3
Pausing: active threads: 3
Pausing: active threads: 3
Pausing: active threads: 3
Pausing: active threads: 3
Pausing: active threads: 3
Pausing: active threads: 3
Pausing: active threads: 3
Pausing: active threads: 3
Pausing: active threads: 3
Pausing: active threads: 3
Pausing: active threads: 3
Pausing: active threads: 3
Pausing: active threads: 3
Pausing: active threads: 3
Pausing: active threads: 3
Pausing: active threads: 3
Pausing: active threads: 3
Pausing: active threads: 3
Pausing: active threads: 3
Pausing: active threads: 3
Pausing: active threads: 3
Pausing: active threads: 3
Pausing: active threads: 3
Pausing: active threads: 3
Pausing: active threads: 3
Pausing: active threads: 3
Pausing: active threads: 3
Pausing: active threads: 3
Pausing: active threads: 3
Pausing: active threads: 3
Pausing: active threads: 3
Pausing: active threads: 3
Pausing: active threads: 3
Pausing: active threads: 2
Pausing: active threads: 1
Teardown: all threads stopped
[report]: insert_run_time_ns : 17887723
[report]: scheduler_total_when_schedules : 3437
[report]: scheduler_total_when_time_ns : 5113926
Teardown: all threads stopped
[report]: insert_overall_operation_number : 3438
[report]: insert_overall_throughput : 192198.861756
[report]: scheduler_avg_when_time_ns : 1487.903986
[report]: insert_avg_insert_time_ns : 5202.000000
/users/Xuran/hash_rt/build/hash_rt --num_threads=13 --str_key_size=8 --str_value_size=100 --num_ops=5000000 --first_mode=true --work_usec=0 --batch_size=80
Harness starting.
 /users/Xuran/hash_rt/build/hash_rt --num_threads=13 --str_key_size=8 --str_value_size=100 --num_ops=5000000 --first_mode=true --work_usec=0 --batch_size=80 --seed 1065446918
Init time:2346697214
Scheduler cores: 4
External thread 1 is running on core 5
External thread 3 is running on core 7
External thread 4 is running on core 8
External thread 5 is running on core 9
External thread 6 is running on core 10
External thread 7 is running on core 11
External thread 8 is running on core 12
External thread 2 is running on core 6
Pausing: active threads: 4
Pausing: active threads: 3
Pausing: active threads: 2
External thread 0 is running on core 4
Pausing: active threads: 4
Pausing: active threads: 3
Pausing: active threads: 2
Pausing: active threads: 1
Teardown: all threads stopped
[report]: insert_run_time_ns : 3068825
[report]: scheduler_total_when_schedules : 340
[report]: scheduler_total_when_time_ns : 292784
Teardown: all threads stopped
[report]: insert_overall_operation_number : 340
