/users/Xuran/hash_rt/build/hash_rt --num_threads=34 --str_key_size=8 --str_value_size=100 --num_ops=5000000 --first_mode=true --work_usec=0 --batch_size=80
Harness starting.
 /users/Xuran/hash_rt/build/hash_rt --num_threads=34 --str_key_size=8 --str_value_size=100 --num_ops=5000000 --first_mode=true --work_usec=0 --batch_size=80 --seed 1159538286
Init time:2353213050
Scheduler cores: 25
External thread 0 is running on core 25
External thread 1 is running on core 26
External thread 2 is running on core 27
External thread 3 is running on core 28
External thread 4 is running on core 29
External thread 5 is running on core 30
External thread 6 is running on core 31
External thread 7 is running on core 32
External thread 8 is running on core 33
Pausing: active threads: 25
Pausing: active threads: 24
Pausing: active threads: 23
Pausing: active threads: 22
Pausing: active threads: 21
Pausing: active threads: 25
Pausing: active threads: 25
Pausing: active threads: 25
Pausing: active threads: 25
Pausing: active threads: 25
Pausing: active threads: 25
Pausing: active threads: 25
Pausing: active threads: 25
Pausing: active threads: 25
Pausing: active threads: 25
Pausing: active threads: 25
Pausing: active threads: 25
Pausing: active threads: 25
Pausing: active threads: 25
Pausing: active threads: 25
Pausing: active threads: 25
Pausing: active threads: 25
Pausing: active threads: 25
Pausing: active threads: 25
Pausing: active threads: 25
Pausing: active threads: 25
Pausing: active threads: 25
Pausing: active threads: 24
Pausing: active threads: 25
Pausing: active threads: 25
Pausing: active threads: 25
Pausing: active threads: 24
Pausing: active threads: 23
Pausing: active threads: 23
Pausing: active threads: 23
Pausing: active threads: 22
Pausing: active threads: 22
Pausing: active threads: 23
Pausing: active threads: 23
Pausing: active threads: 22
Pausing: active threads: 22
Pausing: active threads: 23
Pausing: active threads: 24
Pausing: active threads: 23
Pausing: active threads: 22
Pausing: active threads: 21
Pausing: active threads: 24
Pausing: active threads: 23
Pausing: active threads: 25
Pausing: active threads: 24
Pausing: active threads: 25
Pausing: active threads: 24
Pausing: active threads: 23
Pausing: active threads: 23
Pausing: active threads: 23
Pausing: active threads: 22
Pausing: active threads: 22
Pausing: active threads: 23
Pausing: active threads: 24
Pausing: active threads: 23
Pausing: active threads: 22
Pausing: active threads: 25
Pausing: active threads: 25
Pausing: active threads: 24
Pausing: active threads: 23
Pausing: active threads: 25
Pausing: active threads: 25
Pausing: active threads: 25
Pausing: active threads: 25
Pausing: active threads: 25
Pausing: active threads: 25
Pausing: active threads: 25
Pausing: active threads: 25
Pausing: active threads: 25
Pausing: active threads: 25
Pausing: active threads: 25
Pausing: active threads: 25
Pausing: active threads: 25
Pausing: active threads: 25
Pausing: active threads: 25
Pausing: active threads: 25
Pausing: active threads: 25
Pausing: active threads: 25
Pausing: active threads: 24
Pausing: active threads: 24
Pausing: active threads: 25
Pausing: active threads: 24
Pausing: active threads: 25
Pausing: active threads: 24
Pausing: active threads: 25
Pausing: active threads: 24
Pausing: active threads: 23
Pausing: active threads: 22
Pausing: active threads: 24
Pausing: active threads: 23
Pausing: active threads: 22
Pausing: active threads: 23
Pausing: active threads: 23
Pausing: active threads: 25
Pausing: active threads: 24
Pausing: active threads: 23
Pausing: active threads: 22
Pausing: active threads: 23
Pausing: active threads: 22
Pausing: active threads: 22
Pausing: active threads: 23
Pausing: active threads: 23
Pausing: active threads: 25
Pausing: active threads: 25
Pausing: active threads: 25
Pausing: active threads: 24
Pausing: active threads: 23
Pausing: active threads: 22
Pausing: active threads: 25
Pausing: active threads: 25
Pausing: active threads: 24
Pausing: active threads: 23
Pausing: active threads: 22
Pausing: active threads: 25
Pausing: active threads: 25
Pausing: active threads: 24
Pausing: active threads: 25
Pausing: active threads: 25
Pausing: active threads: 25
Pausing: active threads: 25
Pausing: active threads: 25
Pausing: active threads: 25
Pausing: active threads: 25
Pausing: active threads: 25
Pausing: active threads: 25
Pausing: active threads: 25
Pausing: active threads: 25
Pausing: active threads: 25
Pausing: active threads: 25
Pausing: active threads: 25
Pausing: active threads: 24
Pausing: active threads: 23
Pausing: active threads: 22
Pausing: active threads: 21
Pausing: active threads: 20
Pausing: active threads: 19
Pausing: active threads: 18
Pausing: active threads: 17
Pausing: active threads: 16
Pausing: active threads: 15
Pausing: active threads: 14
Pausing: active threads: 13
Pausing: active threads: 12
Pausing: active threads: 11
Pausing: active threads: 10
Pausing: active threads: 9
Pausing: active threads: 8
Pausing: active threads: 7
Pausing: active threads: 6
Pausing: active threads: 5
Pausing: active threads: 4
Pausing: active threads: 3
Pausing: active threads: 2
Pausing: active threads: 1
Teardown: all threads stopped
[report]: insert_run_time_ns : 135297963
[report]: scheduler_total_when_schedules : 38686
[report]: scheduler_total_when_time_ns : 105128283
Teardown: all threads stopped
[report]: insert_overall_operation_number : 38551
[report]: insert_overall_throughput : 284934.075467
[report]: scheduler_avg_when_time_ns : 2717.476167
[report]: insert_avg_insert_time_ns : 3509.000000
terminate called without an active exception
/users/Xuran/hash_rt/build/hash_rt --num_threads=35 --str_key_size=8 --str_value_size=100 --num_ops=5000000 --first_mode=true --work_usec=0 --batch_size=80
Harness starting.
 /users/Xuran/hash_rt/build/hash_rt --num_threads=35 --str_key_size=8 --str_value_size=100 --num_ops=5000000 --first_mode=true --work_usec=0 --batch_size=80 --seed 302410082
Init time:2344607992
Scheduler cores: 26
External thread 0 is running on core 26
External thread 1 is running on core 27
External thread 2 is running on core 28
External thread 3 is running on core 29
External thread 4 is running on core 30
External thread 5 is running on core 31
External thread 6 is running on core 32
External thread 7 is running on core 33
External thread 8 is running on core 34
Pausing: active threads: 26
Pausing: active threads: 25
Pausing: active threads: 24
Pausing: active threads: 24
Pausing: active threads: 26
Pausing: active threads: 26
Pausing: active threads: 26
Pausing: active threads: 26
Pausing: active threads: 26
Pausing: active threads: 26
Pausing: active threads: 26
Pausing: active threads: 26
Pausing: active threads: 26
Pausing: active threads: 26
Pausing: active threads: 26
Pausing: active threads: 26
Pausing: active threads: 26
Pausing: active threads: 26
Pausing: active threads: 26
Pausing: active threads: 26
Pausing: active threads: 26
Pausing: active threads: 26
Pausing: active threads: 26
Pausing: active threads: 26
Pausing: active threads: 26
Pausing: active threads: 26
Pausing: active threads: 26
Pausing: active threads: 25
Pausing: active threads: 26
Pausing: active threads: 25
Pausing: active threads: 24
Pausing: active threads: 23
Pausing: active threads: 22
Pausing: active threads: 24
Pausing: active threads: 23
Pausing: active threads: 22
Pausing: active threads: 22
Pausing: active threads: 21
Pausing: active threads: 21
Pausing: active threads: 22
Pausing: active threads: 26
Pausing: active threads: 25
Pausing: active threads: 24
Pausing: active threads: 23
Pausing: active threads: 22
Pausing: active threads: 21
Pausing: active threads: 20
Pausing: active threads: 21
Pausing: active threads: 21
Pausing: active threads: 24
Pausing: active threads: 23
Pausing: active threads: 22
Pausing: active threads: 21
Pausing: active threads: 20
Pausing: active threads: 22
Pausing: active threads: 21
Pausing: active threads: 20
Pausing: active threads: 21
Pausing: active threads: 20
Pausing: active threads: 24
Pausing: active threads: 23
Pausing: active threads: 22
Pausing: active threads: 21
Pausing: active threads: 20
Pausing: active threads: 20
Pausing: active threads: 23
Pausing: active threads: 23
Pausing: active threads: 26
Pausing: active threads: 25
Pausing: active threads: 24
Pausing: active threads: 23
Pausing: active threads: 22
Pausing: active threads: 21
Pausing: active threads: 20
Pausing: active threads: 19
Pausing: active threads: 20
Pausing: active threads: 19
Pausing: active threads: 23
Pausing: active threads: 22
Pausing: active threads: 22
Pausing: active threads: 21
Pausing: active threads: 20
Pausing: active threads: 19
Pausing: active threads: 20
Pausing: active threads: 19
Pausing: active threads: 18
Pausing: active threads: 18
Pausing: active threads: 18
Pausing: active threads: 26
Pausing: active threads: 25
Pausing: active threads: 26
Pausing: active threads: 25
Pausing: active threads: 26
Pausing: active threads: 26
Pausing: active threads: 26
Pausing: active threads: 26
Pausing: active threads: 26
Pausing: active threads: 26
Pausing: active threads: 26
Pausing: active threads: 26
Pausing: active threads: 26
Pausing: active threads: 26
Pausing: active threads: 26
Pausing: active threads: 26
Pausing: active threads: 26
Pausing: active threads: 26
Pausing: active threads: 26
Pausing: active threads: 26
Pausing: active threads: 26
Pausing: active threads: 26
Pausing: active threads: 26
Pausing: active threads: 26
Pausing: active threads: 26
Pausing: active threads: 25
Pausing: active threads: 26
Pausing: active threads: 25
Pausing: active threads: 25
Pausing: active threads: 26
Pausing: active threads: 25
Pausing: active threads: 26
Pausing: active threads: 25
Pausing: active threads: 24
Pausing: active threads: 24
Pausing: active threads: 23
Pausing: active threads: 23
Pausing: active threads: 22
Pausing: active threads: 22
Pausing: active threads: 21
Pausing: active threads: 20
Pausing: active threads: 21
Pausing: active threads: 20
Pausing: active threads: 19
Pausing: active threads: 23
Pausing: active threads: 22
Pausing: active threads: 22
Pausing: active threads: 21
Pausing: active threads: 20
Pausing: active threads: 20
Pausing: active threads: 21
Pausing: active threads: 20
Pausing: active threads: 20
Pausing: active threads: 21
Pausing: active threads: 20
Pausing: active threads: 19
Pausing: active threads: 20
Pausing: active threads: 19
Pausing: active threads: 20
Pausing: active threads: 19
Pausing: active threads: 25
Pausing: active threads: 24
Pausing: active threads: 23
Pausing: active threads: 22
Pausing: active threads: 21
Pausing: active threads: 20
Pausing: active threads: 20
Pausing: active threads: 21
Pausing: active threads: 20
Pausing: active threads: 25
Pausing: active threads: 24
Pausing: active threads: 23
Pausing: active threads: 22
Pausing: active threads: 21
Pausing: active threads: 20
Pausing: active threads: 19
Pausing: active threads: 19
Pausing: active threads: 18
Pausing: active threads: 17
Pausing: active threads: 18
Pausing: active threads: 19
Pausing: active threads: 25
Pausing: active threads: 24
Pausing: active threads: 23
Pausing: active threads: 22
Pausing: active threads: 21
Pausing: active threads: 20
Pausing: active threads: 19
Pausing: active threads: 19
Pausing: active threads: 18
Pausing: active threads: 18
Pausing: active threads: 19
Pausing: active threads: 24
Pausing: active threads: 23
Pausing: active threads: 22
Pausing: active threads: 21
Pausing: active threads: 20
Pausing: active threads: 19
Pausing: active threads: 18
Pausing: active threads: 18
Pausing: active threads: 18
Pausing: active threads: 17
Pausing: active threads: 16
Pausing: active threads: 26
Pausing: active threads: 25
Pausing: active threads: 24
Pausing: active threads: 26
Pausing: active threads: 25
Pausing: active threads: 26
Pausing: active threads: 26
Pausing: active threads: 26
Pausing: active threads: 26
Pausing: active threads: 26
Pausing: active threads: 26
Pausing: active threads: 26
Pausing: active threads: 26
Pausing: active threads: 26
Pausing: active threads: 26
Pausing: active threads: 26
Pausing: active threads: 26
Pausing: active threads: 26
Pausing: active threads: 26
Pausing: active threads: 26
Pausing: active threads: 26
Pausing: active threads: 26
Pausing: active threads: 26
Pausing: active threads: 26
Pausing: active threads: 25
Pausing: active threads: 25
Pausing: active threads: 26
Pausing: active threads: 25
Pausing: active threads: 26
Pausing: active threads: 25
Pausing: active threads: 24
Pausing: active threads: 23
Pausing: active threads: 22
Pausing: active threads: 21
Pausing: active threads: 20
Pausing: active threads: 26
Pausing: active threads: 25
Pausing: active threads: 24
Pausing: active threads: 23
Pausing: active threads: 26
Pausing: active threads: 25
Pausing: active threads: 26
Pausing: active threads: 26
Pausing: active threads: 26
Pausing: active threads: 26
Pausing: active threads: 26
Pausing: active threads: 26
Pausing: active threads: 26
Pausing: active threads: 26
Pausing: active threads: 26
Pausing: active threads: 26
Pausing: active threads: 26
Pausing: active threads: 26
Pausing: active threads: 26
Pausing: active threads: 26
Pausing: active threads: 26
Pausing: active threads: 26
Pausing: active threads: 26
Pausing: active threads: 26
Pausing: active threads: 26
Pausing: active threads: 26
Pausing: active threads: 26
Pausing: active threads: 25
Pausing: active threads: 24
Pausing: active threads: 24
Pausing: active threads: 23
Pausing: active threads: 22
Pausing: active threads: 24
Pausing: active threads: 23
Pausing: active threads: 22
Pausing: active threads: 21
Pausing: active threads: 20
Pausing: active threads: 21
Pausing: active threads: 20
Pausing: active threads: 19
Pausing: active threads: 20
Pausing: active threads: 19
Pausing: active threads: 25
Pausing: active threads: 24
Pausing: active threads: 24
Pausing: active threads: 23
Pausing: active threads: 22
Pausing: active threads: 21
Pausing: active threads: 20
Pausing: active threads: 19
Pausing: active threads: 18
Pausing: active threads: 17
Pausing: active threads: 21
Pausing: active threads: 20
Pausing: active threads: 19
Pausing: active threads: 25
Pausing: active threads: 24
Pausing: active threads: 23
Pausing: active threads: 22
Pausing: active threads: 21
Pausing: active threads: 21
Pausing: active threads: 20
Pausing: active threads: 19
Pausing: active threads: 18
Pausing: active threads: 24
Pausing: active threads: 23
Pausing: active threads: 22
Pausing: active threads: 21
Pausing: active threads: 20
Pausing: active threads: 19
Pausing: active threads: 19
Pausing: active threads: 18
Pausing: active threads: 23
Pausing: active threads: 22
Pausing: active threads: 21
Pausing: active threads: 21
Pausing: active threads: 22
Pausing: active threads: 21
Pausing: active threads: 20
Pausing: active threads: 20
Pausing: active threads: 19
Pausing: active threads: 18
Pausing: active threads: 18
Pausing: active threads: 19
Pausing: active threads: 26
Pausing: active threads: 25
Pausing: active threads: 24
Pausing: active threads: 23
Pausing: active threads: 22
Pausing: active threads: 21
Pausing: active threads: 20
Pausing: active threads: 19
Pausing: active threads: 18
Pausing: active threads: 18
Pausing: active threads: 19
Pausing: active threads: 21
Pausing: active threads: 23
Pausing: active threads: 22
Pausing: active threads: 21
Pausing: active threads: 20
Pausing: active threads: 25
Pausing: active threads: 25
Pausing: active threads: 24
Pausing: active threads: 26
Pausing: active threads: 26
Pausing: active threads: 26
Pausing: active threads: 26
Pausing: active threads: 26
Pausing: active threads: 26
Pausing: active threads: 26
Pausing: active threads: 26
Pausing: active threads: 26
Pausing: active threads: 26
Pausing: active threads: 26
Pausing: active threads: 26
Pausing: active threads: 26
Pausing: active threads: 26
Pausing: active threads: 26
Pausing: active threads: 26
Pausing: active threads: 26
Pausing: active threads: 26
Pausing: active threads: 26
Pausing: active threads: 25
Pausing: active threads: 25
Pausing: active threads: 25
Pausing: active threads: 24
Pausing: active threads: 23
Pausing: active threads: 22
Pausing: active threads: 25
Pausing: active threads: 24
Pausing: active threads: 23
Pausing: active threads: 22
Pausing: active threads: 22
Pausing: active threads: 25
Pausing: active threads: 24
Pausing: active threads: 23
Pausing: active threads: 26
Pausing: active threads: 25
Pausing: active threads: 24
Pausing: active threads: 23
Pausing: active threads: 25
Pausing: active threads: 24
Pausing: active threads: 23
Pausing: active threads: 25
Pausing: active threads: 24
Pausing: active threads: 23
Pausing: active threads: 26
Pausing: active threads: 25
Pausing: active threads: 24
Pausing: active threads: 23
Pausing: active threads: 22
Pausing: active threads: 22
Pausing: active threads: 26
Pausing: active threads: 25
Pausing: active threads: 25
Pausing: active threads: 25
Pausing: active threads: 24
Pausing: active threads: 23
Pausing: active threads: 26
Pausing: active threads: 25
Pausing: active threads: 24
Pausing: active threads: 26
Pausing: active threads: 26
Pausing: active threads: 26
Pausing: active threads: 26
Pausing: active threads: 26
Pausing: active threads: 26
Pausing: active threads: 26
Pausing: active threads: 26
Pausing: active threads: 26
Pausing: active threads: 26
Pausing: active threads: 26
Pausing: active threads: 26
Pausing: active threads: 26
Pausing: active threads: 26
Pausing: active threads: 26
Pausing: active threads: 26
Pausing: active threads: 26
Pausing: active threads: 25
Pausing: active threads: 26
Pausing: active threads: 25
Pausing: active threads: 24
Pausing: active threads: 25
Pausing: active threads: 24
Pausing: active threads: 23
Pausing: active threads: 22
Pausing: active threads: 21
Pausing: active threads: 20
Pausing: active threads: 20
Pausing: active threads: 22
Pausing: active threads: 22
Pausing: active threads: 26
Pausing: active threads: 25
Pausing: active threads: 24
Pausing: active threads: 23
Pausing: active threads: 22
Pausing: active threads: 21
Pausing: active threads: 21
Pausing: active threads: 21
Pausing: active threads: 24
Pausing: active threads: 25
Pausing: active threads: 24
Pausing: active threads: 23
Pausing: active threads: 22
Pausing: active threads: 26
Pausing: active threads: 25
Pausing: active threads: 24
Pausing: active threads: 23
Pausing: active threads: 26
Pausing: active threads: 26
Pausing: active threads: 26
Pausing: active threads: 26
Pausing: active threads: 26
Pausing: active threads: 26
Pausing: active threads: 26
Pausing: active threads: 26
Pausing: active threads: 26
Pausing: active threads: 26
Pausing: active threads: 26
Pausing: active threads: 26
Pausing: active threads: 26
Pausing: active threads: 26
Pausing: active threads: 26
Pausing: active threads: 26
Pausing: active threads: 26
Pausing: active threads: 26
Pausing: active threads: 25
Pausing: active threads: 26
Pausing: active threads: 25
Pausing: active threads: 24
Pausing: active threads: 25
Pausing: active threads: 24
Pausing: active threads: 23
Pausing: active threads: 24
Pausing: active threads: 23
Pausing: active threads: 24
Pausing: active threads: 24
Pausing: active threads: 23
Pausing: active threads: 25
Pausing: active threads: 24
Pausing: active threads: 25
Pausing: active threads: 24
Pausing: active threads: 25
Pausing: active threads: 24
Pausing: active threads: 24
Pausing: active threads: 24
Pausing: active threads: 26
Pausing: active threads: 25
Pausing: active threads: 24
Pausing: active threads: 24
Pausing: active threads: 25
Pausing: active threads: 24
Pausing: active threads: 23
Pausing: active threads: 25
Pausing: active threads: 24
Pausing: active threads: 23
Pausing: active threads: 26
Pausing: active threads: 25
Pausing: active threads: 25
Pausing: active threads: 25
Pausing: active threads: 25
Pausing: active threads: 26
Pausing: active threads: 25
Pausing: active threads: 26
Pausing: active threads: 25
Pausing: active threads: 25
Pausing: active threads: 26
Pausing: active threads: 25
Pausing: active threads: 26
Pausing: active threads: 25
Pausing: active threads: 25
Pausing: active threads: 24
Pausing: active threads: 25
Pausing: active threads: 24
Pausing: active threads: 24
Pausing: active threads: 24
Pausing: active threads: 26
Pausing: active threads: 25
Pausing: active threads: 26
Pausing: active threads: 25
Pausing: active threads: 24
Pausing: active threads: 24
Pausing: active threads: 26
Pausing: active threads: 25
Pausing: active threads: 24
Pausing: active threads: 23
Pausing: active threads: 24
Pausing: active threads: 23
Pausing: active threads: 26
Pausing: active threads: 25
Pausing: active threads: 24
Pausing: active threads: 23
Pausing: active threads: 22
Pausing: active threads: 23
Pausing: active threads: 22
Pausing: active threads: 24
Pausing: active threads: 24
Pausing: active threads: 23
Pausing: active threads: 23
Pausing: active threads: 22
Pausing: active threads: 22
Pausing: active threads: 23
Pausing: active threads: 23
Pausing: active threads: 22
Pausing: active threads: 22
Pausing: active threads: 21
Pausing: active threads: 25
Pausing: active threads: 24
Pausing: active threads: 23
Pausing: active threads: 22
Pausing: active threads: 21
Pausing: active threads: 23
Pausing: active threads: 22
Pausing: active threads: 21
Pausing: active threads: 25
Pausing: active threads: 24
Pausing: active threads: 23
Pausing: active threads: 22
Pausing: active threads: 21
Pausing: active threads: 22
Pausing: active threads: 21
Pausing: active threads: 26
Pausing: active threads: 25
Pausing: active threads: 24
Pausing: active threads: 23
Pausing: active threads: 24
Pausing: active threads: 24
Pausing: active threads: 23
Pausing: active threads: 24
Pausing: active threads: 26
Pausing: active threads: 26
Pausing: active threads: 26
Pausing: active threads: 26
Pausing: active threads: 26
Pausing: active threads: 26
Pausing: active threads: 26
Pausing: active threads: 26
Pausing: active threads: 26
Pausing: active threads: 26
Pausing: active threads: 26
Pausing: active threads: 26
Pausing: active threads: 26
Pausing: active threads: 25
Pausing: active threads: 24
Pausing: active threads: 23
Pausing: active threads: 22
Pausing: active threads: 21
Pausing: active threads: 20
Pausing: active threads: 19
Pausing: active threads: 18
Pausing: active threads: 17
Pausing: active threads: 16
Pausing: active threads: 15
Pausing: active threads: 14
Pausing: active threads: 13
Pausing: active threads: 12
Pausing: active threads: 11
Pausing: active threads: 10
Pausing: active threads: 9
Pausing: active threads: 8
Pausing: active threads: 7
Pausing: active threads: 6
Pausing: active threads: 5
Pausing: active threads: 4
Pausing: active threads: 3
Pausing: active threads: 2
Pausing: active threads: 1
Teardown: all threads stopped
[report]: insert_run_time_ns : 240947536
[report]: scheduler_total_when_schedules : 64133
[report]: scheduler_total_when_time_ns : 186906988
Teardown: all threads stopped
[report]: insert_overall_operation_number : 64013
[report]: insert_overall_throughput : 265671.942792
[report]: scheduler_avg_when_time_ns : 2914.365272
[report]: insert_avg_insert_time_ns : 3764.000000
