GNU gdb (Ubuntu 12.1-0ubuntu1~22.04) 12.1
Copyright (C) 2022 Free Software Foundation, Inc.
License GPLv3+: GNU GPL version 3 or later <http://gnu.org/licenses/gpl.html>
This is free software: you are free to change and redistribute it.
There is NO WARRANTY, to the extent permitted by law.
Type "show copying" and "show warranty" for details.
This GDB was configured as "x86_64-linux-gnu".
Type "show configuration" for configuration details.
For bug reporting instructions, please see:
<https://www.gnu.org/software/gdb/bugs/>.
Find the GDB manual and other documentation resources online at:
    <http://www.gnu.org/software/gdb/documentation/>.

For help, type "help".
Type "apropos word" to search for commands related to "word"...
Reading symbols from ./hash_rt...
[?2004h(gdb) 
[?2004l[?2004h(gdb) r
[?2004lStarting program: /mnt/nvme0/home/gxr/Myhash_boc/Hash_rt/build/hash_rt 
[Thread debugging using libthread_db enabled]
Using host libthread_db library "/lib/x86_64-linux-gnu/libthread_db.so.1".
Set fair: 1
Init runtime
Scheduler Thread created
Runtime initialised
Init time:1736034212
[New Thread 0x7fbfdf3e8640 (LWP 1032091)]
Starting all threads
[New Thread 0x7fbfd73e5640 (LWP 1032092)]
BehaviourCore::schedule_many1
Prepare phase duration: 760
Acquire phase duration: 610
[New Thread 0x7fbfd6be4640 (LWP 1032093)]
Exchange duration: 290
Release phase duration: 100
Process phase duration: 730
BehaviourCore::schedule_many1
Prepare phase duration: 160
Acquire phase duration: 530
Exchange duration: 420
Release phase duration: 50
Process phase duration: 130
BehaviourCore::schedule_many1
Prepare phase duration: 140
Acquire phase duration: 410
Exchange duration: 290
Release phase duration: 40
Process phase duration: 220
BehaviourCore::schedule_many1
Prepare phase duration: 160
Acquire phase duration: 510
Exchange duration: 400
Release phase duration: 40
Process phase duration: 130
thread id: 1 get work duration:6890
Schedule work 0x7fbfe03ec120
thread id: 1 work duration: 88910
completed_count_last_batch: 3
thread id: 1 get work duration:190
Schedule work 0x7fbfe03ec0c0
thread id: 1 work duration: 2250
completed_count_last_batch: 2
thread id: 1 get work duration:130
Schedule work 0x7fbfe03ec060
thread id: 1 work duration: 2080
completed_count_last_batch: 1
thread id: 1 get work duration:100
Schedule work 0x7fbfe03ec000
thread id: 1 work duration: 6180
completed_count_last_batch: 0

Thread 1 "hash_rt" received signal SIGINT, Interrupt.
__futex_abstimed_wait_common64 (private=128, cancel=true, abstime=0x0, op=265, expected=1032093, futex_word=0x7fbfd6be4910) at ./nptl/futex-internal.c:57
57	./nptl/futex-internal.c: No such file or directory.
[?2004h[?2004l[?2004h(gdb) r[Kq
[?2004l[?2004hA debugging session is active.

	Inferior 1 [process 1032058] will be killed.

Quit anyway? (y or n) y
[?2004l