/users/Xuran/hash_rt/build/hash_rt --num_threads=34 --str_key_size=8 --str_value_size=100 --num_ops=1000000 --first_mode=true --work_usec=0
Harness starting.
 /users/Xuran/hash_rt/build/hash_rt --num_threads=34 --str_key_size=8 --str_value_size=100 --num_ops=1000000 --first_mode=true --work_usec=0 --seed 1823676840
Init time:898981099
Pending when ops: 0, Queue size: 37
Processing batch, queue size: 38
Pending when ops: 0, Queue size: 152
Processing batch, queue size: 170
Pending when ops: 0, Queue size: 389
Processing batch, queue size: 393
Pending when ops: 0, Queue size: 713
Processing batch, queue size: 769
Pending when ops: 0, Queue size: 1691
Processing batch, queue size: 1721
Pending when ops: 0, Queue size: 2876
Processing batch, queue size: 2922
Pending when ops: 0, Queue size: 4096
Processing batch, queue size: 4174
Pending when ops: 0, Queue size: 5349
Processing batch, queue size: 5378
Pending when ops: 0, Queue size: 6655
Processing batch, queue size: 6730
Pending when ops: 0, Queue size: 7896
Processing batch, queue size: 7898
Pending when ops: 0, Queue size: 8288
Processing batch, queue size: 8308
Pending when ops: 0, Queue size: 9501
Processing batch, queue size: 9521
Pending when ops: 0, Queue size: 10739
Processing batch, queue size: 10741
Pending when ops: 0, Queue size: 11948
Processing batch, queue size: 11949
Pending when ops: 0, Queue size: 13142
Processing batch, queue size: 13144
Pending when ops: 0, Queue size: 14474
Processing batch, queue size: 14511
Pending when ops: 0, Queue size: 15711
Processing batch, queue size: 15728
Pending when ops: 0, Queue size: 16384
Processing batch, queue size: 16413
Pending when ops: 0, Queue size: 17633
Processing batch, queue size: 17635
Pending when ops: 0, Queue size: 18823
Processing batch, queue size: 18868
Pending when ops: 0, Queue size: 20169
Processing batch, queue size: 20173
Pending when ops: 0, Queue size: 21343
Processing batch, queue size: 21361
Pending when ops: 0, Queue size: 22598
Processing batch, queue size: 22619
Pending when ops: 0, Queue size: 23836
Processing batch, queue size: 23837
Pending when ops: 0, Queue size: 25048
Processing batch, queue size: 25050
Pending when ops: 0, Queue size: 26272
Processing batch, queue size: 26277
Pending when ops: 0, Queue size: 27490
Processing batch, queue size: 27510
Pending when ops: 0, Queue size: 28706
Processing batch, queue size: 28730
Pending when ops: 0, Queue size: 30047
Processing batch, queue size: 30078
Pending when ops: 0, Queue size: 31266
Processing batch, queue size: 31349
Pending when ops: 0, Queue size: 32570
Processing batch, queue size: 32612
Pending when ops: 0, Queue size: 32768
Pausing: active threads: 17
Pausing: active threads: 16
Pausing: active threads: 15
Pausing: active threads: 14
Pausing: active threads: 13
Pausing: active threads: 12
Pausing: active threads: 11
Pausing: active threads: 10
Pausing: active threads: 9
Pausing: active threads: 8
Pausing: active threads: 7
Pausing: active threads: 6
Pausing: active threads: 5
Pausing: active threads: 4
Pausing: active threads: 3
Pausing: active threads: 2
Pausing: active threads: 1
Teardown: all threads stopped
Processing batch, queue size: 32806
[report]: scheduler_run_time_ns : 114644062
[report]: scheduler_total_when_schedules : 28370
[report]: scheduler_total_when_time_ns : 703627445
Teardown: all threads stopped
[report]: insert_overall_operation_number : 28366
[report]: insert_overall_throughput : 247426.683119
[report]: scheduler_avg_when_time_ns : 24801.813359
[report]: insert_avg_insert_time_ns : 4041.000000
completed_ops: 28366
