/users/Xuran/hash_rt/build/hash_rt --num_threads=12 --str_key_size=8 --str_value_size=100 --num_ops=1000000 --first_mode=true --work_usec=0
Harness starting.
 /users/Xuran/hash_rt/build/hash_rt --num_threads=12 --str_key_size=8 --str_value_size=100 --num_ops=1000000 --first_mode=true --work_usec=0 --seed 992557200
Init time:898498046
Pending when ops: 0, Queue size: 89
Processing batch, queue size: 99
Pending when ops: 0, Queue size: 242
Processing batch, queue size: 245
Pending when ops: 0, Queue size: 506
Processing batch, queue size: 509
Pending when ops: 0, Queue size: 1092
Processing batch, queue size: 1094
Pending when ops: 0, Queue size: 2143
Processing batch, queue size: 2145
Pending when ops: 0, Queue size: 3506
Processing batch, queue size: 3507
Pending when ops: 0, Queue size: 4291
Processing batch, queue size: 4293
Pending when ops: 0, Queue size: 5480
Processing batch, queue size: 5482
Pending when ops: 0, Queue size: 6787
Processing batch, queue size: 6790
Pending when ops: 0, Queue size: 8004
Processing batch, queue size: 8006
Pending when ops: 0, Queue size: 8447
Processing batch, queue size: 8448
Pending when ops: 0, Queue size: 9845
Processing batch, queue size: 9864
Pending when ops: 0, Queue size: 11148
Processing batch, queue size: 11148
Pending when ops: 0, Queue size: 12421
Processing batch, queue size: 12424
Pending when ops: 0, Queue size: 13793
Processing batch, queue size: 13794
Pending when ops: 0, Queue size: 14967
Processing batch, queue size: 14967
Pending when ops: 0, Queue size: 16384
Processing batch, queue size: 16399Pausing: active threads: 6
Pausing: active threads: 5

Pausing: active threads: 4
Pausing: active threads: 3
Pausing: active threads: 2
Pausing: active threads: 1
Teardown: all threads stopped
hash_rt: /users/Xuran/hash_rt/include/verona-rt/src/rt/./cpp/../sched/../sched/mpmcq.h:211: verona::rt::MPMCQ<T>::~MPMCQ() [with T = verona::rt::Work]: Assertion `is_empty()' failed.
