/users/Xuran/hash_rt/build/hash_rt --num_threads=14 --str_key_size=8 --str_value_size=100 --num_ops=5000000 --first_mode=true --work_usec=0 --batch_size=80
Harness starting.
 /users/Xuran/hash_rt/build/hash_rt --num_threads=14 --str_key_size=8 --str_value_size=100 --num_ops=5000000 --first_mode=true --work_usec=0 --batch_size=80 --seed 1076454026
Init time:1185724224
Scheduler cores: 5
External thread 0 is running on core 5
External thread 1 is running on core 6
External thread 3 is running on core 8
External thread 4 is running on core 9
External thread 2 is running on core 7
External thread 5 is running on core 10
External thread 6 is running on core 11
External thread 7 is running on core 12
External thread 8 is running on core 13
Total scheduler time:12508356190
Pausing: active threads: 5
Pausing: active threads: 4
Pausing: active threads: 3
Pausing: active threads: 2
Pausing: active threads: 1
Teardown: all threads stopped
[report]: insert_run_time_ns : 16451163595
[report]: scheduler_total_when_schedules : 5000000
[report]: scheduler_total_when_time_ns : 11131679124
Teardown: all threads stopped
[report]: insert_overall_operation_number : 4480932
[report]: insert_overall_throughput : 272377.815352
[report]: scheduler_avg_when_time_ns : 2226.335825
[report]: insert_avg_insert_time_ns : 3671.000000
/users/Xuran/hash_rt/build/hash_rt --num_threads=15 --str_key_size=8 --str_value_size=100 --num_ops=5000000 --first_mode=true --work_usec=0 --batch_size=80
Harness starting.
 /users/Xuran/hash_rt/build/hash_rt --num_threads=15 --str_key_size=8 --str_value_size=100 --num_ops=5000000 --first_mode=true --work_usec=0 --batch_size=80 --seed 3513638362
Init time:1183192503
Scheduler cores: 6
External thread 0 is running on core 6
External thread 1 is running on core 7
External thread 2 is running on core 8
External thread 3 is running on core 9
External thread 4 is running on core 10
External thread 6 is running on core 12
External thread 7 is running on core 13
External thread 8 is running on core External thread 5 is running on core 11
14
