GNU gdb (Ubuntu 12.1-0ubuntu1~22.04) 12.1
Copyright (C) 2022 Free Software Foundation, Inc.
License GPLv3+: GNU GPL version 3 or later <http://gnu.org/licenses/gpl.html>
This is free software: you are free to change and redistribute it.
There is NO WARRANTY, to the extent permitted by law.
Type "show copying" and "show warranty" for details.
This GDB was configured as "x86_64-linux-gnu".
Type "show configuration" for configuration details.
For bug reporting instructions, please see:
<https://www.gnu.org/software/gdb/bugs/>.
Find the GDB manual and other documentation resources online at:
    <http://www.gnu.org/software/gdb/documentation/>.

For help, type "help".
Type "apropos word" to search for commands related to "word"...
Reading symbols from ./hash_rt...
[?2004h(gdb) 
[?2004l[?2004h(gdb) r
[?2004lStarting program: /mnt/nvme0/home/gxr/Myhash_boc/Hash_rt/build/hash_rt 
[Thread debugging using libthread_db enabled]
Using host libthread_db library "/lib/x86_64-linux-gnu/libthread_db.so.1".
Set fair: 1
Init runtime
Scheduler Thread created
Runtime initialised
Init time:1793167929
[New Thread 0x7fbfdf3e8640 (LWP 1052341)]
Starting all threads
[New Thread 0x7fbfdebe7640 (LWP 1052342)]
[New Thread 0x7fbfde3e6640 (LWP 1052343)]
BehaviourCore::schedule_many1
Prepare phase duration: 740
Acquire phase duration: 770
Exchange duration: 420
Release phase duration: 80
Process phase duration: 730
BehaviourCore::schedule_many1
Prepare phase duration: 160
Acquire phase duration: 520
Exchange duration: 390
Release phase duration: 40
Process phase duration: 170
BehaviourCore::schedule_many1
Prepare phase duration: 120
Acquire phase duration: 370
Exchange duration: 280
Release phase duration: 50
Process phase duration: 150
BehaviourCore::schedule_many1
Prepare phase duration: 120
Acquire phase duration: 480
Exchange duration: 370
Release phase duration: 50
Process phase duration: 120
BehaviourCore::schedule_many1
Prepare phase duration: 120
Acquire phase duration: 370
Exchange duration: 250
Release phase duration: 750
Process phase duration: 140
BehaviourCore::schedule_many1
Prepare phase duration: 120
thread id: Acquire phase duration: 380
Exchange duration: 280
Release phase duration: 40
Process phase duration: 120
1 get work duration:BehaviourCore::schedule_many1
Prepare phase duration: 120
Acquire phase duration: 390
Exchange duration: 290
Release phase duration: 70
Process phase duration: 140
BehaviourCore::schedule_many1
Prepare phase duration: 140
Acquire phase duration: 400
Exchange duration: 300
7150Release phase duration: 40

Process phase duration: 160
Schedule work 0x7fbfe03ec120
thread id: 1 work duration: 98420
completed_count_last_batch: 3
thread id: 1 get work duration:880
Schedule work 0x7fbfe03ec2a0
thread id: 1 work duration: 2380
completed_count_last_batch: 2
thread id: 1 get work duration:140
Schedule work 0x7fbfe03ec240
thread id: 1 work duration: 2320
completed_count_last_batch: 1
thread id: 1 get work duration:420
Schedule work 0x7fbfe03ec1e0
thread id: 1 work duration: 4840
completed_count_last_batch: 0
thread id: 1 get work duration:510
Schedule work 0x7fbfe03ec180
thread id: 1 work duration: 1890
completed_count_last_batch: 3
BehaviourCore::schedule_many1
Prepare phase duration: 150
thread id: Acquire phase duration: 540
Exchange duration: 400
1Release phase duration: 40
 get work duration:Process phase duration: 160
BehaviourCore::schedule_many1
130
Schedule work 0x7fbfe03ec0c0
thread id: 1 work duration: 2220
completed_count_last_batch: 2
Prepare phase duration: 140
Acquire phase duration: 470
thread id: Exchange duration: 330
1 get work duration:Release phase duration: 50
Process phase duration: 140
800BehaviourCore::schedule_many1

Schedule work 0x7fbfe03ec300
thread id: 1 work duration: 2460
Prepare phase duration: 170
completed_count_last_batch: 1
thread id: 1 get work duration:170
Schedule work 0x7fbfe03ec360
thread id: 1 work duration: 1860
Acquire phase duration: 470
completed_count_last_batch: 0
Exchange duration: 310
Release phase duration: 50
Process phase duration: 130
BehaviourCore::schedule_many1
Prepare phase duration: 130
Acquire phase duration: 490
Exchange duration: 370
Release phase duration: 40
Process phase duration: 130
scheduler loop time: 1599207
thread id: 1 get work duration:780
Schedule work 0x7fbfe03ec420
thread id: 1 work duration: 2990
completed_count_last_batch: 3
thread id: 1 get work duration:460
Schedule work 0x7fbfe03ec3c0
thread id: 1 work duration: 1700
completed_count_last_batch: 2
thread id: 1 get work duration:400
Schedule work 0x7fbfe03ec060
thread id: 1 work duration: 2060
completed_count_last_batch: 1
thread id: 1 get work duration:480
Schedule work 0x7fbfe03ec000
thread id: 1 work duration: 1770
completed_count_last_batch: 0
get work: 0x7fbff7a04000
[Thread 0x7fbfdebe7640 (LWP 1052342) exited]
[Thread 0x7fbfdf3e8640 (LWP 1052341) exited]
No pending work!
Locking Scheduler.
Locking Scheduler done
Teardown beginning
Teardown: all threads stopped
cv_notify_all() for teardown
Unlock Scheduler lock
Pending unpause
Teardown: all threads beginning teardown
Destroying core 1
All threads stopped
All threads deallocated
[Thread 0x7fbfde3e6640 (LWP 1052343) exited]
[Inferior 1 (process 1052298) exited normally]
[?2004h[?2004l[?2004h(gdb) q
[?2004l