/users/Xuran/hash_rt/build/hash_rt --num_threads=11 --str_key_size=8 --str_value_size=100 --num_ops=1000000 --first_mode=true --work_usec=0
Harness starting.
 /users/Xuran/hash_rt/build/hash_rt --num_threads=11 --str_key_size=8 --str_value_size=100 --num_ops=1000000 --first_mode=true --work_usec=0 --seed 1198439908
Init time:904928277
Scheduler cores: 5
Pausing: active threads: 5
Pausing: active threads: 4
Pausing: active threads: 3
Pausing: active threads: 2
Pausing: active threads: 1
Teardown: all threads stopped
[report]: scheduler_run_time_ns : 11644601845
[report]: scheduler_total_when_schedules : 1000004
[report]: scheduler_total_when_time_ns : 9647979920
Teardown: all threads stopped
[report]: insert_overall_operation_number : 896633
[report]: insert_overall_throughput : 76999.884748
[report]: scheduler_avg_when_time_ns : 9647.941328
[report]: insert_avg_insert_time_ns : 12987.000000
terminate called without an active exception
