GNU gdb (Ubuntu 12.1-0ubuntu1~22.04) 12.1
Copyright (C) 2022 Free Software Foundation, Inc.
License GPLv3+: GNU GPL version 3 or later <http://gnu.org/licenses/gpl.html>
This is free software: you are free to change and redistribute it.
There is NO WARRANTY, to the extent permitted by law.
Type "show copying" and "show warranty" for details.
This GDB was configured as "x86_64-linux-gnu".
Type "show configuration" for configuration details.
For bug reporting instructions, please see:
<https://www.gnu.org/software/gdb/bugs/>.
Find the GDB manual and other documentation resources online at:
    <http://www.gnu.org/software/gdb/documentation/>.

For help, type "help".
Type "apropos word" to search for commands related to "word"...
Reading symbols from ./hash_rt...
[?2004h(gdb) r
[?2004lStarting program: /mnt/nvme0/home/gxr/Myhash_boc/Hash_rt/build/hash_rt 
[Thread debugging using libthread_db enabled]
Using host libthread_db library "/lib/x86_64-linux-gnu/libthread_db.so.1".
Set fair: 1
Init runtime
Scheduler Thread created
Scheduler Thread created
Runtime initialised
Init time:1828148753
[New Thread 0x7fbfdf3e8640 (LWP 1081694)]
Starting all threads
[New Thread 0x7fbfdebe7640 (LWP 1081695)]
[New Thread 0x7fbfde3e6640 (LWP 1081696)]
BehaviourCore::schedule_many1
Prepare phase duration: 810
Acquire phase duration: 530
Exchange duration: 180
Release phase duration: 90
Process phase duration: 720
BehaviourCore::schedule_many1
Prepare phase duration: 160
Acquire phase duration: 180
Exchange duration: 80
Release phase duration: 40
Process phase duration: 170
BehaviourCore::schedule_many1
Prepare phase duration: 130
Acquire phase duration: 410
Exchange duration: 300
Release phase duration: 50
Process phase duration: 160
BehaviourCore::schedule_many1
Prepare phase duration: 130
Acquire phase duration: 180
Exchange duration: 90
Release phase duration: 50
Process phase duration: 150
BehaviourCore::schedule_many1
Prepare phase duration: 150
Acquire phase duration: 310
Exchange duration: 170
Release phase duration: 60
Process phase duration: 180
BehaviourCore::schedule_many1
[New Thread 0x7fbfddbe5640 (LWP 1081697)]
Prepare phase duration: 140
Acquire phase duration: 170
Exchange duration: 70
Release phase duration: 60
Process phase duration: 140
BehaviourCore::schedule_many1
Prepare phase duration: 130
Acquire phase duration: 380
Exchange duration: 250
Release phase duration: 50
Process phase duration: 170
BehaviourCore::schedule_many1
Prepare phase duration: 140
Acquire phase duration: 360
Exchange duration: 250
Release phase duration: 40
Process phase duration: 150
Fast-steal work 0x7fbfe03ec060 from 1
Fast-steal work 0x7fbfe03ec000 from 2
get work duration: 183790
get work duration: 123850
thread id: 2 Schedule work 0x7fbfe03ec060
thread id: 1 Schedule work 0x7fbfe03ec000
thread id: 2 work duration: 115840
thread id: 1 work duration: 106070
completed_count_last_batch: 3
completed_count_last_batch: 2
get work duration: 320
get work duration: 300
thread id: 2 Schedule work 0x7fbfe03ec240
thread id: 1 Schedule work 0x7fbfe03ec2a0
thread id: 2 work duration: 2370
completed_count_last_batch: 1
thread id: 1 work duration: 2700
completed_count_last_batch: 0
get work duration: 260
get work duration: 150
thread id: 1 Schedule work 0x7fbfe03ec1e0
thread id: 2 Schedule work 0x7fbfe03ec180
BehaviourCore::schedule_many1
thread id: 1 work duration: 1860
Prepare phase duration: 140
completed_count_last_batch: 3
Acquire phase duration: 290
Exchange duration: 140
Release phase duration: 50
Process phase duration: 160
BehaviourCore::schedule_many1
thread id: 2 work duration: 2250
get work duration: 600
Prepare phase duration: 130
thread id: 1 Schedule work 0x7fbfe03ec120
Acquire phase duration: 270
Exchange duration: 160
thread id: 1 work duration: 5710
completed_count_last_batch: 2
Release phase duration: 890
get work duration: 800
thread id: 2 Schedule work 0x7fbfe03ec300
Process phase duration: 170
thread id: 2 work duration: 5949
completed_count_last_batch: 1
get work duration: 770
completed_count_last_batch: 0
BehaviourCore::schedule_many1
Prepare phase duration: 150
Acquire phase duration: 350
Exchange duration: 250
thread id: 2 Schedule work 0x7fbfe03ec0c0
Release phase duration: 50
Process phase duration: 140
BehaviourCore::schedule_many1
Prepare phase duration: 130
Acquire phase duration: 350
Exchange duration: 240
Release phase duration: 60
Process phase duration: 130
thread id: 2 work duration: 1890
scheduler loop time: get work duration: 800
thread id: 1 Schedule work 0x7fbfe03ec420
completed_count_last_batch: 3
thread id: 1 work duration: 2060
get work duration: 770
completed_count_last_batch: 2
thread id: 2 Schedule work 0x7fbfe03ec3c0
get work duration: 850
thread id: 1 Schedule work 0x7fbfe03ec360
thread id: 1 work duration: 2030
completed_count_last_batch: 1
1443376
thread id: 2 work duration: 1860
get work duration: 190
completed_count_last_batch: 0
thread id: 1 Schedule work 0x7fbff7a04020
thread id: 1 work duration: 660
completed_count_last_batch: 18446744073709551615
get work duration: 190
thread id: 2 Schedule work 0x7fbff7a04000
thread id: 2 work duration: 120
completed_count_last_batch: 18446744073709551614
[Thread 0x7fbfdebe7640 (LWP 1081695) exited]
[Thread 0x7fbfdf3e8640 (LWP 1081694) exited]
No pending work!
Locking Scheduler.
Locking Scheduler done
No pending work!
Pausing
Add to list of waiters
Unlock Scheduler lock
Sleep
Locking Scheduler.
Locking Scheduler done
Teardown beginning
Teardown: all threads stopped
cv_notify_all() for teardown
Unlock Scheduler lock
Pending unpause
Teardown: all threads beginning teardown
Awake!
Locking Scheduler.
Locking Scheduler done
Unpausing
Unlock Scheduler lock

Thread 1 "hash_rt" received signal SIGINT, Interrupt.
__futex_abstimed_wait_common64 (private=128, cancel=true, abstime=0x0, op=265, expected=1081696, futex_word=0x7fbfde3e6910) at ./nptl/futex-internal.c:57
57	./nptl/futex-internal.c: No such file or directory.
[?2004h[?2004l[?2004h(gdb) q
[?2004l[?2004hA debugging session is active.

	Inferior 1 [process 1081662] will be killed.

Quit anyway? (y or n) y
[?2004l