GNU gdb (Ubuntu 12.1-0ubuntu1~22.04) 12.1
Copyright (C) 2022 Free Software Foundation, Inc.
License GPLv3+: GNU GPL version 3 or later <http://gnu.org/licenses/gpl.html>
This is free software: you are free to change and redistribute it.
There is NO WARRANTY, to the extent permitted by law.
Type "show copying" and "show warranty" for details.
This GDB was configured as "x86_64-linux-gnu".
Type "show configuration" for configuration details.
For bug reporting instructions, please see:
<https://www.gnu.org/software/gdb/bugs/>.
Find the GDB manual and other documentation resources online at:
    <http://www.gnu.org/software/gdb/documentation/>.

For help, type "help".
Type "apropos word" to search for commands related to "word"...
Reading symbols from ./hash_rt...
[?2004h(gdb) 
[?2004l[?2004h(gdb) r
[?2004lStarting program: /mnt/nvme0/home/gxr/Myhash_boc/Hash_rt/build/hash_rt 
[Thread debugging using libthread_db enabled]
Using host libthread_db library "/lib/x86_64-linux-gnu/libthread_db.so.1".
Init time:1826749773
[New Thread 0x7fbfdf3e8640 (LWP 1226585)]
[New Thread 0x7fbfd73e5640 (LWP 1226586)]
[New Thread 0x7fbfd6be4640 (LWP 1226587)]
[New Thread 0x7fbfd63e3640 (LWP 1226588)]
[New Thread 0x7fbfd5be2640 (LWP 1226589)]
the total count of insert: the total count of insert: 00

the total count of insert: 0
the total count of insert: 0
the total count of insert: 0
the total count of insert: 0
the total count of insert: 0
the total count of insert: 0
the total count of insert: 0
the total count of insert: the total count of insert: 0
0
the total count of insert: 0
the total count of insert: 0
the total count of insert: 0
the total count of insert: 0
the total count of insert: 0
the total count of insert: 0
the total count of insert: 0
the total count of insert: the total count of insert: 00
the total count of insert: 0

the total count of insert: the total count of insert: the total count of insert: 0
0
0
the total count of insert: 0
scheduler loop time: the total count of insert: the total count of insert: the total count of insert: 013800270


the total count of insert: 0
0
the total count of insert: 0
[report]: overall_duration_ns : 1883649347
[report]: overall_operation_number : 29
[report]: overall_throughput : 15.395647
[report]: overall_avg_time_per_ops : 64953425.000000
[Thread 0x7fbfd5be2640 (LWP 1226589) exited]
[Thread 0x7fbfd63e3640 (LWP 1226588) exited]
[Thread 0x7fbfd6be4640 (LWP 1226587) exited]
[Thread 0x7fbfd73e5640 (LWP 1226586) exited]
[Thread 0x7fbfdf3e8640 (LWP 1226585) exited]
[Inferior 1 (process 1226543) exited normally]
[?2004h[?2004l[?2004h(gdb) q
[?2004l